[2025-06-01T17:16:52.049+0000] {taskinstance.py:1956} INFO - Dependencies all met for dep_context=non-requeueable deps ti=<TaskInstance: scraping_autopia_dag.trigger_entrenamiento manual__2025-06-01T17:14:00.950088+00:00 [queued]>
[2025-06-01T17:16:52.075+0000] {taskinstance.py:1956} INFO - Dependencies all met for dep_context=requeueable deps ti=<TaskInstance: scraping_autopia_dag.trigger_entrenamiento manual__2025-06-01T17:14:00.950088+00:00 [queued]>
[2025-06-01T17:16:52.076+0000] {taskinstance.py:2170} INFO - Starting attempt 1 of 1
[2025-06-01T17:16:52.108+0000] {taskinstance.py:2191} INFO - Executing <Task(TriggerDagRunOperator): trigger_entrenamiento> on 2025-06-01 17:14:00.950088+00:00
[2025-06-01T17:16:52.123+0000] {standard_task_runner.py:60} INFO - Started process 1408 to run task
[2025-06-01T17:16:52.135+0000] {standard_task_runner.py:87} INFO - Running: ['***', 'tasks', 'run', 'scraping_autopia_dag', 'trigger_entrenamiento', 'manual__2025-06-01T17:14:00.950088+00:00', '--job-id', '12', '--raw', '--subdir', 'DAGS_FOLDER/scraping_autopia_dag.py', '--cfg-path', '/tmp/tmp_c9swinl']
[2025-06-01T17:16:52.141+0000] {standard_task_runner.py:88} INFO - Job 12: Subtask trigger_entrenamiento
[2025-06-01T17:16:52.345+0000] {task_command.py:423} INFO - Running <TaskInstance: scraping_autopia_dag.trigger_entrenamiento manual__2025-06-01T17:14:00.950088+00:00 [running]> on host 29b9f1cfdb60
[2025-06-01T17:16:52.604+0000] {taskinstance.py:2480} INFO - Exporting env vars: AIRFLOW_CTX_DAG_OWNER='***' AIRFLOW_CTX_DAG_ID='scraping_autopia_dag' AIRFLOW_CTX_TASK_ID='trigger_entrenamiento' AIRFLOW_CTX_EXECUTION_DATE='2025-06-01T17:14:00.950088+00:00' AIRFLOW_CTX_TRY_NUMBER='1' AIRFLOW_CTX_DAG_RUN_ID='manual__2025-06-01T17:14:00.950088+00:00'
[2025-06-01T17:16:52.681+0000] {taskinstance.py:2698} ERROR - Task failed with exception
Traceback (most recent call last):
  File "/home/airflow/.local/lib/python3.8/site-packages/airflow/models/taskinstance.py", line 433, in _execute_task
    result = execute_callable(context=context, **execute_callable_kwargs)
  File "/home/airflow/.local/lib/python3.8/site-packages/airflow/operators/trigger_dagrun.py", line 165, in execute
    dag_run = trigger_dag(
  File "/home/airflow/.local/lib/python3.8/site-packages/airflow/api/common/trigger_dag.py", line 122, in trigger_dag
    raise DagNotFound(f"Dag id {dag_id} not found in DagModel")
airflow.exceptions.DagNotFound: Dag id entrenamiento_modelos_regresion_dag not found in DagModel
[2025-06-01T17:16:52.690+0000] {taskinstance.py:1138} INFO - Marking task as FAILED. dag_id=scraping_autopia_dag, task_id=trigger_entrenamiento, execution_date=20250601T171400, start_date=20250601T171652, end_date=20250601T171652
[2025-06-01T17:16:52.720+0000] {standard_task_runner.py:107} ERROR - Failed to execute job 12 for task trigger_entrenamiento (Dag id entrenamiento_modelos_regresion_dag not found in DagModel; 1408)
[2025-06-01T17:16:52.751+0000] {local_task_job_runner.py:234} INFO - Task exited with return code 1
[2025-06-01T17:16:52.807+0000] {taskinstance.py:3280} INFO - 0 downstream tasks scheduled from follow-on schedule check
