[2025-05-25T14:58:45.287+0000] {taskinstance.py:1956} INFO - Dependencies all met for dep_context=non-requeueable deps ti=<TaskInstance: entrenamiento_modelos_regresion.entrenar_y_promover manual__2025-05-25T14:58:44.223311+00:00 [queued]>
[2025-05-25T14:58:45.325+0000] {taskinstance.py:1956} INFO - Dependencies all met for dep_context=requeueable deps ti=<TaskInstance: entrenamiento_modelos_regresion.entrenar_y_promover manual__2025-05-25T14:58:44.223311+00:00 [queued]>
[2025-05-25T14:58:45.326+0000] {taskinstance.py:2170} INFO - Starting attempt 1 of 2
[2025-05-25T14:58:45.383+0000] {taskinstance.py:2191} INFO - Executing <Task(_PythonDecoratedOperator): entrenar_y_promover> on 2025-05-25 14:58:44.223311+00:00
[2025-05-25T14:58:45.393+0000] {standard_task_runner.py:60} INFO - Started process 272 to run task
[2025-05-25T14:58:45.402+0000] {standard_task_runner.py:87} INFO - Running: ['***', 'tasks', 'run', 'entrenamiento_modelos_regresion', 'entrenar_y_promover', 'manual__2025-05-25T14:58:44.223311+00:00', '--job-id', '3', '--raw', '--subdir', 'DAGS_FOLDER/entrenamiento_modelos_regresion_dag.py', '--cfg-path', '/tmp/tmpmc1zxm2s']
[2025-05-25T14:58:45.416+0000] {standard_task_runner.py:88} INFO - Job 3: Subtask entrenar_y_promover
[2025-05-25T14:58:45.573+0000] {task_command.py:423} INFO - Running <TaskInstance: entrenamiento_modelos_regresion.entrenar_y_promover manual__2025-05-25T14:58:44.223311+00:00 [running]> on host d0d6dccb390f
[2025-05-25T14:58:45.771+0000] {taskinstance.py:2480} INFO - Exporting env vars: AIRFLOW_CTX_DAG_OWNER='fede' AIRFLOW_CTX_DAG_ID='entrenamiento_modelos_regresion' AIRFLOW_CTX_TASK_ID='entrenar_y_promover' AIRFLOW_CTX_EXECUTION_DATE='2025-05-25T14:58:44.223311+00:00' AIRFLOW_CTX_TRY_NUMBER='1' AIRFLOW_CTX_DAG_RUN_ID='manual__2025-05-25T14:58:44.223311+00:00'
[2025-05-25T14:58:46.717+0000] {taskinstance.py:2698} ERROR - Task failed with exception
Traceback (most recent call last):
  File "/home/airflow/.local/lib/python3.8/site-packages/airflow/models/taskinstance.py", line 433, in _execute_task
    result = execute_callable(context=context, **execute_callable_kwargs)
  File "/home/airflow/.local/lib/python3.8/site-packages/airflow/decorators/base.py", line 241, in execute
    return_value = super().execute(context)
  File "/home/airflow/.local/lib/python3.8/site-packages/airflow/operators/python.py", line 199, in execute
    return_value = self.execute_callable()
  File "/home/airflow/.local/lib/python3.8/site-packages/airflow/operators/python.py", line 216, in execute_callable
    return self.python_callable(*self.op_args, **self.op_kwargs)
  File "/opt/airflow/dags/entrenamiento_modelos_regresion_dag.py", line 38, in entrenar_y_promover
    df['Año'] = df['Año'].str.replace(' ', '').astype(int)
  File "/home/airflow/.local/lib/python3.8/site-packages/pandas/core/generic.py", line 5989, in __getattr__
    return object.__getattribute__(self, name)
  File "/home/airflow/.local/lib/python3.8/site-packages/pandas/core/accessor.py", line 224, in __get__
    accessor_obj = self._accessor(obj)
  File "/home/airflow/.local/lib/python3.8/site-packages/pandas/core/strings/accessor.py", line 181, in __init__
    self._inferred_dtype = self._validate(data)
  File "/home/airflow/.local/lib/python3.8/site-packages/pandas/core/strings/accessor.py", line 235, in _validate
    raise AttributeError("Can only use .str accessor with string values!")
AttributeError: Can only use .str accessor with string values!
[2025-05-25T14:58:46.740+0000] {taskinstance.py:1138} INFO - Marking task as UP_FOR_RETRY. dag_id=entrenamiento_modelos_regresion, task_id=entrenar_y_promover, execution_date=20250525T145844, start_date=20250525T145845, end_date=20250525T145846
[2025-05-25T14:58:46.799+0000] {standard_task_runner.py:107} ERROR - Failed to execute job 3 for task entrenar_y_promover (Can only use .str accessor with string values!; 272)
[2025-05-25T14:58:46.837+0000] {local_task_job_runner.py:234} INFO - Task exited with return code 1
[2025-05-25T14:58:46.882+0000] {taskinstance.py:3280} INFO - 0 downstream tasks scheduled from follow-on schedule check
