[2025-06-21T12:55:24.451+0000] {taskinstance.py:1956} INFO - Dependencies all met for dep_context=non-requeueable deps ti=<TaskInstance: entrenamiento_modelos_regresion.trigger_prediccion scheduled__2025-06-19T21:00:00+00:00 [queued]>
[2025-06-21T12:55:24.471+0000] {taskinstance.py:1956} INFO - Dependencies all met for dep_context=requeueable deps ti=<TaskInstance: entrenamiento_modelos_regresion.trigger_prediccion scheduled__2025-06-19T21:00:00+00:00 [queued]>
[2025-06-21T12:55:24.472+0000] {taskinstance.py:2170} INFO - Starting attempt 1 of 2
[2025-06-21T12:55:24.493+0000] {taskinstance.py:2191} INFO - Executing <Task(TriggerDagRunOperator): trigger_prediccion> on 2025-06-19 21:00:00+00:00
[2025-06-21T12:55:24.502+0000] {standard_task_runner.py:60} INFO - Started process 442 to run task
[2025-06-21T12:55:24.508+0000] {standard_task_runner.py:87} INFO - Running: ['***', 'tasks', 'run', 'entrenamiento_modelos_regresion', 'trigger_prediccion', 'scheduled__2025-06-19T21:00:00+00:00', '--job-id', '26', '--raw', '--subdir', 'DAGS_FOLDER/entrenamiento_modelos_regresion_dag.py', '--cfg-path', '/tmp/tmpxet4q9fn']
[2025-06-21T12:55:24.515+0000] {standard_task_runner.py:88} INFO - Job 26: Subtask trigger_prediccion
[2025-06-21T12:55:24.626+0000] {task_command.py:423} INFO - Running <TaskInstance: entrenamiento_modelos_regresion.trigger_prediccion scheduled__2025-06-19T21:00:00+00:00 [running]> on host b043483ba5b8
[2025-06-21T12:55:24.813+0000] {taskinstance.py:2480} INFO - Exporting env vars: AIRFLOW_CTX_DAG_OWNER='fede' AIRFLOW_CTX_DAG_ID='entrenamiento_modelos_regresion' AIRFLOW_CTX_TASK_ID='trigger_prediccion' AIRFLOW_CTX_EXECUTION_DATE='2025-06-19T21:00:00+00:00' AIRFLOW_CTX_TRY_NUMBER='1' AIRFLOW_CTX_DAG_RUN_ID='scheduled__2025-06-19T21:00:00+00:00'
[2025-06-21T12:55:25.002+0000] {taskinstance.py:1138} INFO - Marking task as SUCCESS. dag_id=entrenamiento_modelos_regresion, task_id=trigger_prediccion, execution_date=20250619T210000, start_date=20250621T125524, end_date=20250621T125525
[2025-06-21T12:55:25.045+0000] {local_task_job_runner.py:234} INFO - Task exited with return code 0
[2025-06-21T12:55:25.075+0000] {taskinstance.py:3280} INFO - 0 downstream tasks scheduled from follow-on schedule check
[2025-06-21T14:41:05.560+0000] {taskinstance.py:1956} INFO - Dependencies all met for dep_context=non-requeueable deps ti=<TaskInstance: entrenamiento_modelos_regresion.trigger_prediccion scheduled__2025-06-19T21:00:00+00:00 [queued]>
[2025-06-21T14:41:05.570+0000] {taskinstance.py:1956} INFO - Dependencies all met for dep_context=requeueable deps ti=<TaskInstance: entrenamiento_modelos_regresion.trigger_prediccion scheduled__2025-06-19T21:00:00+00:00 [queued]>
[2025-06-21T14:41:05.571+0000] {taskinstance.py:2170} INFO - Starting attempt 1 of 2
[2025-06-21T14:41:05.585+0000] {taskinstance.py:2191} INFO - Executing <Task(TriggerDagRunOperator): trigger_prediccion> on 2025-06-19 21:00:00+00:00
[2025-06-21T14:41:05.590+0000] {standard_task_runner.py:60} INFO - Started process 343 to run task
[2025-06-21T14:41:05.594+0000] {standard_task_runner.py:87} INFO - Running: ['***', 'tasks', 'run', 'entrenamiento_modelos_regresion', 'trigger_prediccion', 'scheduled__2025-06-19T21:00:00+00:00', '--job-id', '14', '--raw', '--subdir', 'DAGS_FOLDER/entrenamiento_modelos_regresion_dag.py', '--cfg-path', '/tmp/tmpkcpog3tg']
[2025-06-21T14:41:05.596+0000] {standard_task_runner.py:88} INFO - Job 14: Subtask trigger_prediccion
[2025-06-21T14:41:05.668+0000] {task_command.py:423} INFO - Running <TaskInstance: entrenamiento_modelos_regresion.trigger_prediccion scheduled__2025-06-19T21:00:00+00:00 [running]> on host 1500838101db
[2025-06-21T14:41:05.770+0000] {taskinstance.py:2480} INFO - Exporting env vars: AIRFLOW_CTX_DAG_OWNER='fede' AIRFLOW_CTX_DAG_ID='entrenamiento_modelos_regresion' AIRFLOW_CTX_TASK_ID='trigger_prediccion' AIRFLOW_CTX_EXECUTION_DATE='2025-06-19T21:00:00+00:00' AIRFLOW_CTX_TRY_NUMBER='1' AIRFLOW_CTX_DAG_RUN_ID='scheduled__2025-06-19T21:00:00+00:00'
[2025-06-21T14:41:05.893+0000] {taskinstance.py:1138} INFO - Marking task as SUCCESS. dag_id=entrenamiento_modelos_regresion, task_id=trigger_prediccion, execution_date=20250619T210000, start_date=20250621T144105, end_date=20250621T144105
[2025-06-21T14:41:05.930+0000] {local_task_job_runner.py:234} INFO - Task exited with return code 0
[2025-06-21T14:41:05.954+0000] {taskinstance.py:3280} INFO - 0 downstream tasks scheduled from follow-on schedule check
