[2025-06-14T20:11:40.954+0000] {taskinstance.py:1956} INFO - Dependencies all met for dep_context=non-requeueable deps ti=<TaskInstance: scraping_autopia_dag.scrapear_datos_autopia manual__2025-06-14T20:11:38.684112+00:00 [queued]>
[2025-06-14T20:11:40.961+0000] {taskinstance.py:1956} INFO - Dependencies all met for dep_context=requeueable deps ti=<TaskInstance: scraping_autopia_dag.scrapear_datos_autopia manual__2025-06-14T20:11:38.684112+00:00 [queued]>
[2025-06-14T20:11:40.961+0000] {taskinstance.py:2170} INFO - Starting attempt 1 of 1
[2025-06-14T20:11:40.976+0000] {taskinstance.py:2191} INFO - Executing <Task(PythonOperator): scrapear_datos_autopia> on 2025-06-14 20:11:38.684112+00:00
[2025-06-14T20:11:40.983+0000] {standard_task_runner.py:60} INFO - Started process 240 to run task
[2025-06-14T20:11:40.987+0000] {standard_task_runner.py:87} INFO - Running: ['***', 'tasks', 'run', 'scraping_autopia_dag', 'scrapear_datos_autopia', 'manual__2025-06-14T20:11:38.684112+00:00', '--job-id', '3', '--raw', '--subdir', 'DAGS_FOLDER/scraping_autopia_dag.py', '--cfg-path', '/tmp/tmpcws7iu7z']
[2025-06-14T20:11:40.990+0000] {standard_task_runner.py:88} INFO - Job 3: Subtask scrapear_datos_autopia
[2025-06-14T20:11:41.070+0000] {task_command.py:423} INFO - Running <TaskInstance: scraping_autopia_dag.scrapear_datos_autopia manual__2025-06-14T20:11:38.684112+00:00 [running]> on host b32a9208912d
[2025-06-14T20:11:41.173+0000] {taskinstance.py:2480} INFO - Exporting env vars: AIRFLOW_CTX_DAG_OWNER='***' AIRFLOW_CTX_DAG_ID='scraping_autopia_dag' AIRFLOW_CTX_TASK_ID='scrapear_datos_autopia' AIRFLOW_CTX_EXECUTION_DATE='2025-06-14T20:11:38.684112+00:00' AIRFLOW_CTX_TRY_NUMBER='1' AIRFLOW_CTX_DAG_RUN_ID='manual__2025-06-14T20:11:38.684112+00:00'
[2025-06-14T20:11:47.050+0000] {logging_mixin.py:188} INFO - 🔁 Clic en 'Cargar más'
[2025-06-14T20:11:48.728+0000] {logging_mixin.py:188} INFO - ✅ Ya no se cargan más autos, detenemos los clics.
[2025-06-14T20:11:48.745+0000] {logging_mixin.py:188} INFO - ➡️ Total de publicaciones visibles: 47
[2025-06-14T20:11:53.014+0000] {logging_mixin.py:188} INFO - ✔️ Anuncio 1/47
[2025-06-14T20:11:55.357+0000] {logging_mixin.py:188} INFO - ✔️ Anuncio 2/47
[2025-06-14T20:11:57.675+0000] {logging_mixin.py:188} INFO - ✔️ Anuncio 3/47
[2025-06-14T20:12:01.625+0000] {logging_mixin.py:188} INFO - ✔️ Anuncio 4/47
[2025-06-14T20:12:05.939+0000] {logging_mixin.py:188} INFO - ✔️ Anuncio 5/47
[2025-06-14T20:12:09.869+0000] {logging_mixin.py:188} INFO - ✔️ Anuncio 6/47
[2025-06-14T20:12:12.409+0000] {logging_mixin.py:188} INFO - ✔️ Anuncio 7/47
[2025-06-14T20:12:14.760+0000] {logging_mixin.py:188} INFO - ✔️ Anuncio 8/47
[2025-06-14T20:12:17.010+0000] {logging_mixin.py:188} INFO - ✔️ Anuncio 9/47
[2025-06-14T20:12:20.686+0000] {logging_mixin.py:188} INFO - ✔️ Anuncio 10/47
[2025-06-14T20:12:24.634+0000] {logging_mixin.py:188} INFO - ✔️ Anuncio 11/47
[2025-06-14T20:12:26.969+0000] {logging_mixin.py:188} INFO - ✔️ Anuncio 12/47
[2025-06-14T20:12:29.216+0000] {logging_mixin.py:188} INFO - ✔️ Anuncio 13/47
[2025-06-14T20:12:31.503+0000] {logging_mixin.py:188} INFO - ✔️ Anuncio 14/47
[2025-06-14T20:12:35.655+0000] {logging_mixin.py:188} INFO - ✔️ Anuncio 15/47
[2025-06-14T20:12:39.813+0000] {logging_mixin.py:188} INFO - ✔️ Anuncio 16/47
[2025-06-14T20:12:42.089+0000] {logging_mixin.py:188} INFO - ✔️ Anuncio 17/47
[2025-06-14T20:12:46.100+0000] {logging_mixin.py:188} INFO - ✔️ Anuncio 18/47
[2025-06-14T20:12:50.224+0000] {logging_mixin.py:188} INFO - ✔️ Anuncio 19/47
[2025-06-14T20:12:52.519+0000] {logging_mixin.py:188} INFO - ✔️ Anuncio 20/47
[2025-06-14T20:12:54.691+0000] {logging_mixin.py:188} INFO - ✔️ Anuncio 21/47
[2025-06-14T20:12:56.918+0000] {logging_mixin.py:188} INFO - ✔️ Anuncio 22/47
[2025-06-14T20:13:00.865+0000] {logging_mixin.py:188} INFO - ✔️ Anuncio 23/47
[2025-06-14T20:13:04.847+0000] {logging_mixin.py:188} INFO - ✔️ Anuncio 24/47
[2025-06-14T20:13:07.129+0000] {logging_mixin.py:188} INFO - ✔️ Anuncio 25/47
[2025-06-14T20:13:11.616+0000] {logging_mixin.py:188} INFO - ✔️ Anuncio 26/47
[2025-06-14T20:13:13.859+0000] {logging_mixin.py:188} INFO - ✔️ Anuncio 27/47
[2025-06-14T20:13:17.793+0000] {logging_mixin.py:188} INFO - ✔️ Anuncio 28/47
[2025-06-14T20:13:21.776+0000] {logging_mixin.py:188} INFO - ✔️ Anuncio 29/47
[2025-06-14T20:13:25.906+0000] {logging_mixin.py:188} INFO - ✔️ Anuncio 30/47
[2025-06-14T20:13:30.076+0000] {logging_mixin.py:188} INFO - ✔️ Anuncio 31/47
[2025-06-14T20:13:32.480+0000] {logging_mixin.py:188} INFO - ✔️ Anuncio 32/47
[2025-06-14T20:13:34.916+0000] {logging_mixin.py:188} INFO - ✔️ Anuncio 33/47
[2025-06-14T20:13:37.265+0000] {logging_mixin.py:188} INFO - ✔️ Anuncio 34/47
[2025-06-14T20:13:41.404+0000] {logging_mixin.py:188} INFO - ✔️ Anuncio 35/47
[2025-06-14T20:13:45.295+0000] {logging_mixin.py:188} INFO - ✔️ Anuncio 36/47
[2025-06-14T20:13:47.448+0000] {logging_mixin.py:188} INFO - ✔️ Anuncio 37/47
[2025-06-14T20:13:51.435+0000] {logging_mixin.py:188} INFO - ✔️ Anuncio 38/47
[2025-06-14T20:13:53.711+0000] {logging_mixin.py:188} INFO - ✔️ Anuncio 39/47
[2025-06-14T20:13:56.000+0000] {logging_mixin.py:188} INFO - ✔️ Anuncio 40/47
[2025-06-14T20:13:59.895+0000] {logging_mixin.py:188} INFO - ✔️ Anuncio 41/47
[2025-06-14T20:14:02.217+0000] {logging_mixin.py:188} INFO - ✔️ Anuncio 42/47
[2025-06-14T20:14:06.726+0000] {logging_mixin.py:188} INFO - ✔️ Anuncio 43/47
[2025-06-14T20:14:10.713+0000] {logging_mixin.py:188} INFO - ✔️ Anuncio 44/47
[2025-06-14T20:14:12.988+0000] {logging_mixin.py:188} INFO - ✔️ Anuncio 45/47
[2025-06-14T20:14:16.952+0000] {logging_mixin.py:188} INFO - ✔️ Anuncio 46/47
[2025-06-14T20:14:19.237+0000] {logging_mixin.py:188} INFO - ✔️ Anuncio 47/47
[2025-06-14T20:14:19.265+0000] {logging_mixin.py:188} INFO - ✅ Guardado final: /opt/***/dags/data/raw/scraped_autopia_2025-06-14.csv con 47 registros.
[2025-06-14T20:14:19.404+0000] {logging_mixin.py:188} INFO - ✅ Scraping terminado. Guardado en /opt/***/dags/data/raw/scraped_autopia_2025-06-14.csv
[2025-06-14T20:14:19.404+0000] {python.py:201} INFO - Done. Returned value was: None
[2025-06-14T20:14:19.420+0000] {taskinstance.py:1138} INFO - Marking task as SUCCESS. dag_id=scraping_autopia_dag, task_id=scrapear_datos_autopia, execution_date=20250614T201138, start_date=20250614T201140, end_date=20250614T201419
[2025-06-14T20:14:19.454+0000] {local_task_job_runner.py:234} INFO - Task exited with return code 0
[2025-06-14T20:14:19.479+0000] {taskinstance.py:3280} INFO - 1 downstream tasks scheduled from follow-on schedule check
