[2025-06-14T19:48:31.402+0000] {taskinstance.py:1956} INFO - Dependencies all met for dep_context=non-requeueable deps ti=<TaskInstance: procesamiento_datos_autopia_dag.trigger_entrenamiento manual__2025-06-14T19:48:25.855260+00:00 [queued]>
[2025-06-14T19:48:31.422+0000] {taskinstance.py:1956} INFO - Dependencies all met for dep_context=requeueable deps ti=<TaskInstance: procesamiento_datos_autopia_dag.trigger_entrenamiento manual__2025-06-14T19:48:25.855260+00:00 [queued]>
[2025-06-14T19:48:31.423+0000] {taskinstance.py:2170} INFO - Starting attempt 1 of 2
[2025-06-14T19:48:31.457+0000] {taskinstance.py:2191} INFO - Executing <Task(TriggerDagRunOperator): trigger_entrenamiento> on 2025-06-14 19:48:25.855260+00:00
[2025-06-14T19:48:31.465+0000] {standard_task_runner.py:60} INFO - Started process 261 to run task
[2025-06-14T19:48:31.473+0000] {standard_task_runner.py:87} INFO - Running: ['***', 'tasks', 'run', 'procesamiento_datos_autopia_dag', 'trigger_entrenamiento', 'manual__2025-06-14T19:48:25.855260+00:00', '--job-id', '132', '--raw', '--subdir', 'DAGS_FOLDER/procesamiento_datos_autopia_dag.py', '--cfg-path', '/tmp/tmp0w9i2qm9']
[2025-06-14T19:48:31.476+0000] {standard_task_runner.py:88} INFO - Job 132: Subtask trigger_entrenamiento
[2025-06-14T19:48:31.578+0000] {task_command.py:423} INFO - Running <TaskInstance: procesamiento_datos_autopia_dag.trigger_entrenamiento manual__2025-06-14T19:48:25.855260+00:00 [running]> on host 15346582a165
[2025-06-14T19:48:31.737+0000] {taskinstance.py:2480} INFO - Exporting env vars: AIRFLOW_CTX_DAG_OWNER='fede' AIRFLOW_CTX_DAG_ID='procesamiento_datos_autopia_dag' AIRFLOW_CTX_TASK_ID='trigger_entrenamiento' AIRFLOW_CTX_EXECUTION_DATE='2025-06-14T19:48:25.855260+00:00' AIRFLOW_CTX_TRY_NUMBER='1' AIRFLOW_CTX_DAG_RUN_ID='manual__2025-06-14T19:48:25.855260+00:00'
[2025-06-14T19:48:33.696+0000] {logging_mixin.py:188} WARNING - /home/***/.local/lib/python3.8/site-packages/***/providers/google/cloud/links/dataproc.py:79 AirflowProviderDeprecationWarning: This DataprocLink is deprecated.
[2025-06-14T19:48:33.699+0000] {logging_mixin.py:188} WARNING - /home/***/.local/lib/python3.8/site-packages/***/providers/google/cloud/links/dataproc.py:128 AirflowProviderDeprecationWarning: This DataprocListLink is deprecated.
[2025-06-14T19:48:35.320+0000] {trigger_dagrun.py:210} INFO - Waiting for entrenamiento_modelos_regresion on 2025-06-14 19:48:31.738685+00:00 to become allowed state ['success'] ...
[2025-06-14T19:49:35.456+0000] {trigger_dagrun.py:210} INFO - Waiting for entrenamiento_modelos_regresion on 2025-06-14 19:48:31.738685+00:00 to become allowed state ['success'] ...
[2025-06-14T19:50:35.502+0000] {trigger_dagrun.py:210} INFO - Waiting for entrenamiento_modelos_regresion on 2025-06-14 19:48:31.738685+00:00 to become allowed state ['success'] ...
[2025-06-14T19:51:35.573+0000] {trigger_dagrun.py:210} INFO - Waiting for entrenamiento_modelos_regresion on 2025-06-14 19:48:31.738685+00:00 to become allowed state ['success'] ...
[2025-06-14T19:51:47.032+0000] {local_task_job_runner.py:121} ERROR - Received SIGTERM. Terminating subprocesses
[2025-06-14T19:51:47.091+0000] {process_utils.py:131} INFO - Sending 15 to group 261. PIDs of all processes in the group: [261]
[2025-06-14T19:51:47.092+0000] {process_utils.py:86} INFO - Sending the signal 15 to group 261
[2025-06-14T19:51:47.093+0000] {taskinstance.py:2450} ERROR - Received SIGTERM. Terminating subprocesses.
[2025-06-14T19:51:47.242+0000] {taskinstance.py:2698} ERROR - Task failed with exception
Traceback (most recent call last):
  File "/home/airflow/.local/lib/python3.8/site-packages/airflow/models/taskinstance.py", line 433, in _execute_task
    result = execute_callable(context=context, **execute_callable_kwargs)
  File "/home/airflow/.local/lib/python3.8/site-packages/airflow/operators/trigger_dagrun.py", line 216, in execute
    time.sleep(self.poke_interval)
  File "/home/airflow/.local/lib/python3.8/site-packages/airflow/models/taskinstance.py", line 2452, in signal_handler
    raise AirflowException("Task received SIGTERM signal")
airflow.exceptions.AirflowException: Task received SIGTERM signal
[2025-06-14T19:51:47.250+0000] {taskinstance.py:1138} INFO - Marking task as UP_FOR_RETRY. dag_id=procesamiento_datos_autopia_dag, task_id=trigger_entrenamiento, execution_date=20250614T194825, start_date=20250614T194831, end_date=20250614T195147
[2025-06-14T19:51:47.287+0000] {standard_task_runner.py:107} ERROR - Failed to execute job 132 for task trigger_entrenamiento (Task received SIGTERM signal; 261)
[2025-06-14T19:51:47.354+0000] {process_utils.py:79} INFO - Process psutil.Process(pid=261, status='terminated', exitcode=1, started='19:48:30') (261) terminated with exit code 1
[2025-06-14T19:51:47.356+0000] {local_task_job_runner.py:234} INFO - Task exited with return code 143
[2025-06-14T19:51:47.405+0000] {taskinstance.py:3280} INFO - 0 downstream tasks scheduled from follow-on schedule check
