[2025-06-18T00:56:03.478+0000] {taskinstance.py:1956} INFO - Dependencies all met for dep_context=non-requeueable deps ti=<TaskInstance: scraping_autopia_dag.scrapear_datos_autopia manual__2025-06-18T00:55:53.310049+00:00 [queued]>
[2025-06-18T00:56:03.490+0000] {taskinstance.py:1956} INFO - Dependencies all met for dep_context=requeueable deps ti=<TaskInstance: scraping_autopia_dag.scrapear_datos_autopia manual__2025-06-18T00:55:53.310049+00:00 [queued]>
[2025-06-18T00:56:03.490+0000] {taskinstance.py:2170} INFO - Starting attempt 1 of 1
[2025-06-18T00:56:03.856+0000] {taskinstance.py:2191} INFO - Executing <Task(PythonOperator): scrapear_datos_autopia> on 2025-06-18 00:55:53.310049+00:00
[2025-06-18T00:56:03.863+0000] {standard_task_runner.py:60} INFO - Started process 489 to run task
[2025-06-18T00:56:03.933+0000] {standard_task_runner.py:87} INFO - Running: ['***', 'tasks', 'run', 'scraping_autopia_dag', 'scrapear_datos_autopia', 'manual__2025-06-18T00:55:53.310049+00:00', '--job-id', '5', '--raw', '--subdir', 'DAGS_FOLDER/scraping_autopia_dag.py', '--cfg-path', '/tmp/tmpij53zbrw']
[2025-06-18T00:56:03.936+0000] {standard_task_runner.py:88} INFO - Job 5: Subtask scrapear_datos_autopia
[2025-06-18T00:56:04.741+0000] {task_command.py:423} INFO - Running <TaskInstance: scraping_autopia_dag.scrapear_datos_autopia manual__2025-06-18T00:55:53.310049+00:00 [running]> on host 7e38bae46728
[2025-06-18T00:56:05.080+0000] {taskinstance.py:2480} INFO - Exporting env vars: AIRFLOW_CTX_DAG_OWNER='***' AIRFLOW_CTX_DAG_ID='scraping_autopia_dag' AIRFLOW_CTX_TASK_ID='scrapear_datos_autopia' AIRFLOW_CTX_EXECUTION_DATE='2025-06-18T00:55:53.310049+00:00' AIRFLOW_CTX_TRY_NUMBER='1' AIRFLOW_CTX_DAG_RUN_ID='manual__2025-06-18T00:55:53.310049+00:00'
[2025-06-18T00:56:20.652+0000] {logging_mixin.py:188} INFO - 🔁 Clic en 'Cargar más'
[2025-06-18T00:56:22.249+0000] {logging_mixin.py:188} INFO - ✅ Ya no se cargan más autos, detenemos los clics.
[2025-06-18T00:56:22.257+0000] {logging_mixin.py:188} INFO - ➡️ Total de publicaciones visibles: 47
[2025-06-18T00:56:25.395+0000] {logging_mixin.py:188} INFO - ✔️ Anuncio 1/47
[2025-06-18T00:56:32.368+0000] {logging_mixin.py:188} INFO - ✔️ Anuncio 2/47
[2025-06-18T00:56:37.720+0000] {logging_mixin.py:188} INFO - ✔️ Anuncio 3/47
[2025-06-18T00:56:37.606+0000] {logging_mixin.py:188} INFO - ✔️ Anuncio 4/47
[2025-06-18T00:56:40.060+0000] {logging_mixin.py:188} INFO - ✔️ Anuncio 5/47
[2025-06-18T00:56:45.160+0000] {logging_mixin.py:188} INFO - ✔️ Anuncio 6/47
[2025-06-18T00:56:49.527+0000] {logging_mixin.py:188} INFO - ✔️ Anuncio 7/47
[2025-06-18T00:56:51.875+0000] {logging_mixin.py:188} INFO - ✔️ Anuncio 8/47
[2025-06-18T00:56:54.172+0000] {logging_mixin.py:188} INFO - ✔️ Anuncio 9/47
[2025-06-18T00:56:56.495+0000] {logging_mixin.py:188} INFO - ✔️ Anuncio 10/47
[2025-06-18T00:56:58.906+0000] {logging_mixin.py:188} INFO - ✔️ Anuncio 11/47
[2025-06-18T00:57:01.243+0000] {logging_mixin.py:188} INFO - ✔️ Anuncio 12/47
[2025-06-18T00:57:03.522+0000] {logging_mixin.py:188} INFO - ✔️ Anuncio 13/47
[2025-06-18T00:57:05.783+0000] {logging_mixin.py:188} INFO - ✔️ Anuncio 14/47
[2025-06-18T00:57:05.281+0000] {logging_mixin.py:188} INFO - ✔️ Anuncio 15/47
[2025-06-18T00:57:07.649+0000] {logging_mixin.py:188} INFO - ✔️ Anuncio 16/47
[2025-06-18T00:57:09.989+0000] {logging_mixin.py:188} INFO - ✔️ Anuncio 17/47
[2025-06-18T00:57:12.357+0000] {logging_mixin.py:188} INFO - ✔️ Anuncio 18/47
[2025-06-18T00:57:14.640+0000] {logging_mixin.py:188} INFO - ✔️ Anuncio 19/47
[2025-06-18T00:57:16.919+0000] {logging_mixin.py:188} INFO - ✔️ Anuncio 20/47
[2025-06-18T00:57:21.237+0000] {logging_mixin.py:188} INFO - ✔️ Anuncio 21/47
[2025-06-18T00:57:23.539+0000] {logging_mixin.py:188} INFO - ✔️ Anuncio 22/47
[2025-06-18T00:57:26.588+0000] {logging_mixin.py:188} INFO - ✔️ Anuncio 23/47
[2025-06-18T00:57:28.953+0000] {logging_mixin.py:188} INFO - ✔️ Anuncio 24/47
[2025-06-18T00:57:32.425+0000] {logging_mixin.py:188} INFO - ✔️ Anuncio 25/47
[2025-06-18T00:57:32.911+0000] {logging_mixin.py:188} INFO - ✔️ Anuncio 26/47
[2025-06-18T00:57:35.144+0000] {logging_mixin.py:188} INFO - ✔️ Anuncio 27/47
[2025-06-18T00:57:37.490+0000] {logging_mixin.py:188} INFO - ✔️ Anuncio 28/47
[2025-06-18T00:57:41.775+0000] {logging_mixin.py:188} INFO - ✔️ Anuncio 29/47
[2025-06-18T00:57:44.123+0000] {logging_mixin.py:188} INFO - ✔️ Anuncio 30/47
[2025-06-18T00:57:46.519+0000] {logging_mixin.py:188} INFO - ✔️ Anuncio 31/47
[2025-06-18T00:57:48.881+0000] {logging_mixin.py:188} INFO - ✔️ Anuncio 32/47
[2025-06-18T00:57:52.395+0000] {logging_mixin.py:188} INFO - ✔️ Anuncio 33/47
[2025-06-18T00:57:59.508+0000] {logging_mixin.py:188} INFO - ✔️ Anuncio 34/47
[2025-06-18T00:58:00.961+0000] {logging_mixin.py:188} INFO - ✔️ Anuncio 35/47
[2025-06-18T00:58:04.544+0000] {logging_mixin.py:188} INFO - ✔️ Anuncio 36/47
[2025-06-18T00:58:07.322+0000] {logging_mixin.py:188} INFO - ✔️ Anuncio 37/47
[2025-06-18T00:58:09.874+0000] {logging_mixin.py:188} INFO - ✔️ Anuncio 38/47
[2025-06-18T00:58:12.845+0000] {logging_mixin.py:188} INFO - ✔️ Anuncio 39/47
[2025-06-18T00:58:15.454+0000] {logging_mixin.py:188} INFO - ✔️ Anuncio 40/47
[2025-06-18T00:58:19.671+0000] {logging_mixin.py:188} INFO - ✔️ Anuncio 41/47
[2025-06-18T00:58:22.931+0000] {logging_mixin.py:188} INFO - ✔️ Anuncio 42/47
[2025-06-18T00:58:27.273+0000] {logging_mixin.py:188} INFO - ✔️ Anuncio 43/47
[2025-06-18T00:58:28.893+0000] {logging_mixin.py:188} INFO - ✔️ Anuncio 44/47
[2025-06-18T00:58:31.357+0000] {logging_mixin.py:188} INFO - ✔️ Anuncio 45/47
[2025-06-18T00:58:35.744+0000] {logging_mixin.py:188} INFO - ✔️ Anuncio 46/47
[2025-06-18T00:58:40.191+0000] {logging_mixin.py:188} INFO - ✔️ Anuncio 47/47
[2025-06-18T00:58:40.228+0000] {logging_mixin.py:188} INFO - ✅ Guardado final: /opt/***/dags/data/raw/scraped_autopia_2025-06-18.csv con 47 registros.
[2025-06-18T00:58:40.389+0000] {logging_mixin.py:188} INFO - ✅ Scraping terminado. Guardado en /opt/***/dags/data/raw/scraped_autopia_2025-06-18.csv
[2025-06-18T00:58:40.391+0000] {python.py:201} INFO - Done. Returned value was: None
[2025-06-18T00:58:40.420+0000] {taskinstance.py:1138} INFO - Marking task as SUCCESS. dag_id=scraping_autopia_dag, task_id=scrapear_datos_autopia, execution_date=20250618T005553, start_date=20250618T005603, end_date=20250618T005840
[2025-06-18T00:58:40.468+0000] {local_task_job_runner.py:234} INFO - Task exited with return code 0
[2025-06-18T00:58:40.515+0000] {taskinstance.py:3280} INFO - 1 downstream tasks scheduled from follow-on schedule check
