[2025-06-12T18:45:33.026+0000] {processor.py:161} INFO - Started process (PID=184) to work on /opt/airflow/dags/entrenamiento_modelos_regresion_dag.py
[2025-06-12T18:45:33.027+0000] {processor.py:830} INFO - Processing file /opt/airflow/dags/entrenamiento_modelos_regresion_dag.py for tasks to queue
[2025-06-12T18:45:33.029+0000] {logging_mixin.py:188} INFO - [2025-06-12T18:45:33.028+0000] {dagbag.py:538} INFO - Filling up the DagBag from /opt/airflow/dags/entrenamiento_modelos_regresion_dag.py
[2025-06-12T18:45:33.061+0000] {processor.py:840} INFO - DAG(s) 'entrenamiento_modelos_regresion' retrieved from /opt/airflow/dags/entrenamiento_modelos_regresion_dag.py
[2025-06-12T18:45:33.451+0000] {logging_mixin.py:188} INFO - [2025-06-12T18:45:33.451+0000] {dag.py:3036} INFO - Sync 1 DAGs
[2025-06-12T18:45:33.494+0000] {logging_mixin.py:188} INFO - [2025-06-12T18:45:33.494+0000] {dag.py:3823} INFO - Setting next_dagrun for entrenamiento_modelos_regresion to 2025-06-10 21:00:00+00:00, run_after=2025-06-11 21:00:00+00:00
[2025-06-12T18:45:33.549+0000] {processor.py:183} INFO - Processing /opt/airflow/dags/entrenamiento_modelos_regresion_dag.py took 0.528 seconds
[2025-06-12T18:49:27.097+0000] {processor.py:161} INFO - Started process (PID=190) to work on /opt/airflow/dags/entrenamiento_modelos_regresion_dag.py
[2025-06-12T18:49:27.100+0000] {processor.py:830} INFO - Processing file /opt/airflow/dags/entrenamiento_modelos_regresion_dag.py for tasks to queue
[2025-06-12T18:49:27.102+0000] {logging_mixin.py:188} INFO - [2025-06-12T18:49:27.102+0000] {dagbag.py:538} INFO - Filling up the DagBag from /opt/airflow/dags/entrenamiento_modelos_regresion_dag.py
[2025-06-12T18:49:27.128+0000] {processor.py:840} INFO - DAG(s) 'entrenamiento_modelos_regresion' retrieved from /opt/airflow/dags/entrenamiento_modelos_regresion_dag.py
[2025-06-12T18:49:27.294+0000] {logging_mixin.py:188} INFO - [2025-06-12T18:49:27.294+0000] {dag.py:3036} INFO - Sync 1 DAGs
[2025-06-12T18:49:27.332+0000] {logging_mixin.py:188} INFO - [2025-06-12T18:49:27.331+0000] {dag.py:3823} INFO - Setting next_dagrun for entrenamiento_modelos_regresion to 2025-06-11 21:00:00+00:00, run_after=2025-06-12 21:00:00+00:00
[2025-06-12T18:49:27.367+0000] {processor.py:183} INFO - Processing /opt/airflow/dags/entrenamiento_modelos_regresion_dag.py took 0.277 seconds
[2025-06-12T18:49:57.725+0000] {processor.py:161} INFO - Started process (PID=200) to work on /opt/airflow/dags/entrenamiento_modelos_regresion_dag.py
[2025-06-12T18:49:57.731+0000] {processor.py:830} INFO - Processing file /opt/airflow/dags/entrenamiento_modelos_regresion_dag.py for tasks to queue
[2025-06-12T18:49:57.734+0000] {logging_mixin.py:188} INFO - [2025-06-12T18:49:57.733+0000] {dagbag.py:538} INFO - Filling up the DagBag from /opt/airflow/dags/entrenamiento_modelos_regresion_dag.py
[2025-06-12T18:49:57.786+0000] {processor.py:840} INFO - DAG(s) 'entrenamiento_modelos_regresion' retrieved from /opt/airflow/dags/entrenamiento_modelos_regresion_dag.py
[2025-06-12T18:49:57.912+0000] {logging_mixin.py:188} INFO - [2025-06-12T18:49:57.910+0000] {dag.py:3036} INFO - Sync 1 DAGs
[2025-06-12T18:49:58.027+0000] {logging_mixin.py:188} INFO - [2025-06-12T18:49:58.027+0000] {dag.py:3823} INFO - Setting next_dagrun for entrenamiento_modelos_regresion to 2025-06-11 21:00:00+00:00, run_after=2025-06-12 21:00:00+00:00
[2025-06-12T18:49:58.110+0000] {processor.py:183} INFO - Processing /opt/airflow/dags/entrenamiento_modelos_regresion_dag.py took 0.403 seconds
[2025-06-12T18:50:28.502+0000] {processor.py:161} INFO - Started process (PID=233) to work on /opt/airflow/dags/entrenamiento_modelos_regresion_dag.py
[2025-06-12T18:50:28.512+0000] {processor.py:830} INFO - Processing file /opt/airflow/dags/entrenamiento_modelos_regresion_dag.py for tasks to queue
[2025-06-12T18:50:28.522+0000] {logging_mixin.py:188} INFO - [2025-06-12T18:50:28.519+0000] {dagbag.py:538} INFO - Filling up the DagBag from /opt/airflow/dags/entrenamiento_modelos_regresion_dag.py
[2025-06-12T18:50:28.622+0000] {processor.py:840} INFO - DAG(s) 'entrenamiento_modelos_regresion' retrieved from /opt/airflow/dags/entrenamiento_modelos_regresion_dag.py
[2025-06-12T18:50:28.669+0000] {logging_mixin.py:188} INFO - [2025-06-12T18:50:28.669+0000] {dag.py:3036} INFO - Sync 1 DAGs
[2025-06-12T18:50:28.729+0000] {logging_mixin.py:188} INFO - [2025-06-12T18:50:28.729+0000] {dag.py:3823} INFO - Setting next_dagrun for entrenamiento_modelos_regresion to 2025-06-11 21:00:00+00:00, run_after=2025-06-12 21:00:00+00:00
[2025-06-12T18:50:28.763+0000] {processor.py:183} INFO - Processing /opt/airflow/dags/entrenamiento_modelos_regresion_dag.py took 0.288 seconds
[2025-06-12T18:50:59.049+0000] {processor.py:161} INFO - Started process (PID=381) to work on /opt/airflow/dags/entrenamiento_modelos_regresion_dag.py
[2025-06-12T18:50:59.053+0000] {processor.py:830} INFO - Processing file /opt/airflow/dags/entrenamiento_modelos_regresion_dag.py for tasks to queue
[2025-06-12T18:50:59.057+0000] {logging_mixin.py:188} INFO - [2025-06-12T18:50:59.055+0000] {dagbag.py:538} INFO - Filling up the DagBag from /opt/airflow/dags/entrenamiento_modelos_regresion_dag.py
[2025-06-12T18:50:59.118+0000] {processor.py:840} INFO - DAG(s) 'entrenamiento_modelos_regresion' retrieved from /opt/airflow/dags/entrenamiento_modelos_regresion_dag.py
[2025-06-12T18:50:59.329+0000] {logging_mixin.py:188} INFO - [2025-06-12T18:50:59.328+0000] {dag.py:3036} INFO - Sync 1 DAGs
[2025-06-12T18:50:59.610+0000] {logging_mixin.py:188} INFO - [2025-06-12T18:50:59.609+0000] {dag.py:3823} INFO - Setting next_dagrun for entrenamiento_modelos_regresion to 2025-06-11 21:00:00+00:00, run_after=2025-06-12 21:00:00+00:00
[2025-06-12T18:50:59.698+0000] {processor.py:183} INFO - Processing /opt/airflow/dags/entrenamiento_modelos_regresion_dag.py took 0.659 seconds
[2025-06-12T18:51:30.122+0000] {processor.py:161} INFO - Started process (PID=545) to work on /opt/airflow/dags/entrenamiento_modelos_regresion_dag.py
[2025-06-12T18:51:30.133+0000] {processor.py:830} INFO - Processing file /opt/airflow/dags/entrenamiento_modelos_regresion_dag.py for tasks to queue
[2025-06-12T18:51:30.142+0000] {logging_mixin.py:188} INFO - [2025-06-12T18:51:30.138+0000] {dagbag.py:538} INFO - Filling up the DagBag from /opt/airflow/dags/entrenamiento_modelos_regresion_dag.py
[2025-06-12T18:51:30.192+0000] {processor.py:840} INFO - DAG(s) 'entrenamiento_modelos_regresion' retrieved from /opt/airflow/dags/entrenamiento_modelos_regresion_dag.py
[2025-06-12T18:51:30.251+0000] {logging_mixin.py:188} INFO - [2025-06-12T18:51:30.251+0000] {dag.py:3036} INFO - Sync 1 DAGs
[2025-06-12T18:51:30.312+0000] {logging_mixin.py:188} INFO - [2025-06-12T18:51:30.312+0000] {dag.py:3823} INFO - Setting next_dagrun for entrenamiento_modelos_regresion to 2025-06-11 21:00:00+00:00, run_after=2025-06-12 21:00:00+00:00
[2025-06-12T18:51:30.357+0000] {processor.py:183} INFO - Processing /opt/airflow/dags/entrenamiento_modelos_regresion_dag.py took 0.259 seconds
[2025-06-12T18:52:00.535+0000] {processor.py:161} INFO - Started process (PID=647) to work on /opt/airflow/dags/entrenamiento_modelos_regresion_dag.py
[2025-06-12T18:52:00.542+0000] {processor.py:830} INFO - Processing file /opt/airflow/dags/entrenamiento_modelos_regresion_dag.py for tasks to queue
[2025-06-12T18:52:00.546+0000] {logging_mixin.py:188} INFO - [2025-06-12T18:52:00.544+0000] {dagbag.py:538} INFO - Filling up the DagBag from /opt/airflow/dags/entrenamiento_modelos_regresion_dag.py
[2025-06-12T18:52:00.622+0000] {processor.py:840} INFO - DAG(s) 'entrenamiento_modelos_regresion' retrieved from /opt/airflow/dags/entrenamiento_modelos_regresion_dag.py
[2025-06-12T18:52:00.775+0000] {logging_mixin.py:188} INFO - [2025-06-12T18:52:00.774+0000] {dag.py:3036} INFO - Sync 1 DAGs
[2025-06-12T18:52:00.912+0000] {logging_mixin.py:188} INFO - [2025-06-12T18:52:00.911+0000] {dag.py:3823} INFO - Setting next_dagrun for entrenamiento_modelos_regresion to 2025-06-11 21:00:00+00:00, run_after=2025-06-12 21:00:00+00:00
[2025-06-12T18:52:01.037+0000] {processor.py:183} INFO - Processing /opt/airflow/dags/entrenamiento_modelos_regresion_dag.py took 0.524 seconds
[2025-06-12T18:52:31.645+0000] {processor.py:161} INFO - Started process (PID=769) to work on /opt/airflow/dags/entrenamiento_modelos_regresion_dag.py
[2025-06-12T18:52:31.650+0000] {processor.py:830} INFO - Processing file /opt/airflow/dags/entrenamiento_modelos_regresion_dag.py for tasks to queue
[2025-06-12T18:52:31.654+0000] {logging_mixin.py:188} INFO - [2025-06-12T18:52:31.652+0000] {dagbag.py:538} INFO - Filling up the DagBag from /opt/airflow/dags/entrenamiento_modelos_regresion_dag.py
[2025-06-12T18:52:31.706+0000] {processor.py:840} INFO - DAG(s) 'entrenamiento_modelos_regresion' retrieved from /opt/airflow/dags/entrenamiento_modelos_regresion_dag.py
[2025-06-12T18:52:31.847+0000] {logging_mixin.py:188} INFO - [2025-06-12T18:52:31.846+0000] {dag.py:3036} INFO - Sync 1 DAGs
[2025-06-12T18:52:31.967+0000] {logging_mixin.py:188} INFO - [2025-06-12T18:52:31.965+0000] {dag.py:3823} INFO - Setting next_dagrun for entrenamiento_modelos_regresion to 2025-06-11 21:00:00+00:00, run_after=2025-06-12 21:00:00+00:00
[2025-06-12T18:52:32.059+0000] {processor.py:183} INFO - Processing /opt/airflow/dags/entrenamiento_modelos_regresion_dag.py took 0.431 seconds
[2025-06-12T18:53:02.306+0000] {processor.py:161} INFO - Started process (PID=855) to work on /opt/airflow/dags/entrenamiento_modelos_regresion_dag.py
[2025-06-12T18:53:02.314+0000] {processor.py:830} INFO - Processing file /opt/airflow/dags/entrenamiento_modelos_regresion_dag.py for tasks to queue
[2025-06-12T18:53:02.321+0000] {logging_mixin.py:188} INFO - [2025-06-12T18:53:02.318+0000] {dagbag.py:538} INFO - Filling up the DagBag from /opt/airflow/dags/entrenamiento_modelos_regresion_dag.py
[2025-06-12T18:53:02.404+0000] {processor.py:840} INFO - DAG(s) 'entrenamiento_modelos_regresion' retrieved from /opt/airflow/dags/entrenamiento_modelos_regresion_dag.py
[2025-06-12T18:53:02.463+0000] {logging_mixin.py:188} INFO - [2025-06-12T18:53:02.462+0000] {dag.py:3036} INFO - Sync 1 DAGs
[2025-06-12T18:53:02.529+0000] {logging_mixin.py:188} INFO - [2025-06-12T18:53:02.528+0000] {dag.py:3823} INFO - Setting next_dagrun for entrenamiento_modelos_regresion to 2025-06-11 21:00:00+00:00, run_after=2025-06-12 21:00:00+00:00
[2025-06-12T18:53:02.573+0000] {processor.py:183} INFO - Processing /opt/airflow/dags/entrenamiento_modelos_regresion_dag.py took 0.296 seconds
[2025-06-12T18:53:33.059+0000] {processor.py:161} INFO - Started process (PID=962) to work on /opt/airflow/dags/entrenamiento_modelos_regresion_dag.py
[2025-06-12T18:53:33.067+0000] {processor.py:830} INFO - Processing file /opt/airflow/dags/entrenamiento_modelos_regresion_dag.py for tasks to queue
[2025-06-12T18:53:33.074+0000] {logging_mixin.py:188} INFO - [2025-06-12T18:53:33.072+0000] {dagbag.py:538} INFO - Filling up the DagBag from /opt/airflow/dags/entrenamiento_modelos_regresion_dag.py
[2025-06-12T18:53:33.181+0000] {processor.py:840} INFO - DAG(s) 'entrenamiento_modelos_regresion' retrieved from /opt/airflow/dags/entrenamiento_modelos_regresion_dag.py
[2025-06-12T18:53:33.263+0000] {logging_mixin.py:188} INFO - [2025-06-12T18:53:33.263+0000] {dag.py:3036} INFO - Sync 1 DAGs
[2025-06-12T18:53:33.303+0000] {logging_mixin.py:188} INFO - [2025-06-12T18:53:33.303+0000] {dag.py:3823} INFO - Setting next_dagrun for entrenamiento_modelos_regresion to 2025-06-11 21:00:00+00:00, run_after=2025-06-12 21:00:00+00:00
[2025-06-12T18:53:33.339+0000] {processor.py:183} INFO - Processing /opt/airflow/dags/entrenamiento_modelos_regresion_dag.py took 0.301 seconds
[2025-06-12T18:54:03.909+0000] {processor.py:161} INFO - Started process (PID=1053) to work on /opt/airflow/dags/entrenamiento_modelos_regresion_dag.py
[2025-06-12T18:54:03.917+0000] {processor.py:830} INFO - Processing file /opt/airflow/dags/entrenamiento_modelos_regresion_dag.py for tasks to queue
[2025-06-12T18:54:03.925+0000] {logging_mixin.py:188} INFO - [2025-06-12T18:54:03.923+0000] {dagbag.py:538} INFO - Filling up the DagBag from /opt/airflow/dags/entrenamiento_modelos_regresion_dag.py
[2025-06-12T18:54:03.969+0000] {processor.py:840} INFO - DAG(s) 'entrenamiento_modelos_regresion' retrieved from /opt/airflow/dags/entrenamiento_modelos_regresion_dag.py
[2025-06-12T18:54:04.018+0000] {logging_mixin.py:188} INFO - [2025-06-12T18:54:04.017+0000] {dag.py:3036} INFO - Sync 1 DAGs
[2025-06-12T18:54:04.061+0000] {logging_mixin.py:188} INFO - [2025-06-12T18:54:04.060+0000] {dag.py:3823} INFO - Setting next_dagrun for entrenamiento_modelos_regresion to 2025-06-11 21:00:00+00:00, run_after=2025-06-12 21:00:00+00:00
[2025-06-12T18:54:04.094+0000] {processor.py:183} INFO - Processing /opt/airflow/dags/entrenamiento_modelos_regresion_dag.py took 0.208 seconds
[2025-06-12T18:54:34.522+0000] {processor.py:161} INFO - Started process (PID=1113) to work on /opt/airflow/dags/entrenamiento_modelos_regresion_dag.py
[2025-06-12T18:54:34.529+0000] {processor.py:830} INFO - Processing file /opt/airflow/dags/entrenamiento_modelos_regresion_dag.py for tasks to queue
[2025-06-12T18:54:34.533+0000] {logging_mixin.py:188} INFO - [2025-06-12T18:54:34.532+0000] {dagbag.py:538} INFO - Filling up the DagBag from /opt/airflow/dags/entrenamiento_modelos_regresion_dag.py
[2025-06-12T18:54:34.607+0000] {processor.py:840} INFO - DAG(s) 'entrenamiento_modelos_regresion' retrieved from /opt/airflow/dags/entrenamiento_modelos_regresion_dag.py
[2025-06-12T18:54:34.752+0000] {logging_mixin.py:188} INFO - [2025-06-12T18:54:34.751+0000] {dag.py:3036} INFO - Sync 1 DAGs
[2025-06-12T18:54:34.914+0000] {logging_mixin.py:188} INFO - [2025-06-12T18:54:34.912+0000] {dag.py:3823} INFO - Setting next_dagrun for entrenamiento_modelos_regresion to 2025-06-11 21:00:00+00:00, run_after=2025-06-12 21:00:00+00:00
[2025-06-12T18:54:34.971+0000] {processor.py:183} INFO - Processing /opt/airflow/dags/entrenamiento_modelos_regresion_dag.py took 0.474 seconds
[2025-06-12T18:55:05.259+0000] {processor.py:161} INFO - Started process (PID=1129) to work on /opt/airflow/dags/entrenamiento_modelos_regresion_dag.py
[2025-06-12T18:55:05.265+0000] {processor.py:830} INFO - Processing file /opt/airflow/dags/entrenamiento_modelos_regresion_dag.py for tasks to queue
[2025-06-12T18:55:05.270+0000] {logging_mixin.py:188} INFO - [2025-06-12T18:55:05.269+0000] {dagbag.py:538} INFO - Filling up the DagBag from /opt/airflow/dags/entrenamiento_modelos_regresion_dag.py
[2025-06-12T18:55:05.348+0000] {processor.py:840} INFO - DAG(s) 'entrenamiento_modelos_regresion' retrieved from /opt/airflow/dags/entrenamiento_modelos_regresion_dag.py
[2025-06-12T18:55:05.467+0000] {logging_mixin.py:188} INFO - [2025-06-12T18:55:05.466+0000] {dag.py:3036} INFO - Sync 1 DAGs
[2025-06-12T18:55:05.585+0000] {logging_mixin.py:188} INFO - [2025-06-12T18:55:05.584+0000] {dag.py:3823} INFO - Setting next_dagrun for entrenamiento_modelos_regresion to 2025-06-11 21:00:00+00:00, run_after=2025-06-12 21:00:00+00:00
[2025-06-12T18:55:05.680+0000] {processor.py:183} INFO - Processing /opt/airflow/dags/entrenamiento_modelos_regresion_dag.py took 0.444 seconds
[2025-06-12T18:55:36.197+0000] {processor.py:161} INFO - Started process (PID=1160) to work on /opt/airflow/dags/entrenamiento_modelos_regresion_dag.py
[2025-06-12T18:55:36.203+0000] {processor.py:830} INFO - Processing file /opt/airflow/dags/entrenamiento_modelos_regresion_dag.py for tasks to queue
[2025-06-12T18:55:36.208+0000] {logging_mixin.py:188} INFO - [2025-06-12T18:55:36.206+0000] {dagbag.py:538} INFO - Filling up the DagBag from /opt/airflow/dags/entrenamiento_modelos_regresion_dag.py
[2025-06-12T18:55:36.283+0000] {processor.py:840} INFO - DAG(s) 'entrenamiento_modelos_regresion' retrieved from /opt/airflow/dags/entrenamiento_modelos_regresion_dag.py
[2025-06-12T18:55:36.472+0000] {logging_mixin.py:188} INFO - [2025-06-12T18:55:36.471+0000] {dag.py:3036} INFO - Sync 1 DAGs
[2025-06-12T18:55:36.554+0000] {logging_mixin.py:188} INFO - [2025-06-12T18:55:36.553+0000] {dag.py:3823} INFO - Setting next_dagrun for entrenamiento_modelos_regresion to 2025-06-11 21:00:00+00:00, run_after=2025-06-12 21:00:00+00:00
[2025-06-12T18:55:36.606+0000] {processor.py:183} INFO - Processing /opt/airflow/dags/entrenamiento_modelos_regresion_dag.py took 0.428 seconds
[2025-06-12T18:56:07.512+0000] {processor.py:161} INFO - Started process (PID=1176) to work on /opt/airflow/dags/entrenamiento_modelos_regresion_dag.py
[2025-06-12T18:56:07.517+0000] {processor.py:830} INFO - Processing file /opt/airflow/dags/entrenamiento_modelos_regresion_dag.py for tasks to queue
[2025-06-12T18:56:07.521+0000] {logging_mixin.py:188} INFO - [2025-06-12T18:56:07.519+0000] {dagbag.py:538} INFO - Filling up the DagBag from /opt/airflow/dags/entrenamiento_modelos_regresion_dag.py
[2025-06-12T18:56:07.569+0000] {processor.py:840} INFO - DAG(s) 'entrenamiento_modelos_regresion' retrieved from /opt/airflow/dags/entrenamiento_modelos_regresion_dag.py
[2025-06-12T18:56:07.685+0000] {logging_mixin.py:188} INFO - [2025-06-12T18:56:07.684+0000] {dag.py:3036} INFO - Sync 1 DAGs
[2025-06-12T18:56:07.788+0000] {logging_mixin.py:188} INFO - [2025-06-12T18:56:07.787+0000] {dag.py:3823} INFO - Setting next_dagrun for entrenamiento_modelos_regresion to 2025-06-11 21:00:00+00:00, run_after=2025-06-12 21:00:00+00:00
[2025-06-12T18:56:07.870+0000] {processor.py:183} INFO - Processing /opt/airflow/dags/entrenamiento_modelos_regresion_dag.py took 0.372 seconds
[2025-06-12T18:56:38.734+0000] {processor.py:161} INFO - Started process (PID=1207) to work on /opt/airflow/dags/entrenamiento_modelos_regresion_dag.py
[2025-06-12T18:56:38.738+0000] {processor.py:830} INFO - Processing file /opt/airflow/dags/entrenamiento_modelos_regresion_dag.py for tasks to queue
[2025-06-12T18:56:38.741+0000] {logging_mixin.py:188} INFO - [2025-06-12T18:56:38.740+0000] {dagbag.py:538} INFO - Filling up the DagBag from /opt/airflow/dags/entrenamiento_modelos_regresion_dag.py
[2025-06-12T18:56:38.767+0000] {processor.py:840} INFO - DAG(s) 'entrenamiento_modelos_regresion' retrieved from /opt/airflow/dags/entrenamiento_modelos_regresion_dag.py
[2025-06-12T18:56:38.806+0000] {logging_mixin.py:188} INFO - [2025-06-12T18:56:38.805+0000] {dag.py:3036} INFO - Sync 1 DAGs
[2025-06-12T18:56:38.834+0000] {logging_mixin.py:188} INFO - [2025-06-12T18:56:38.834+0000] {dag.py:3823} INFO - Setting next_dagrun for entrenamiento_modelos_regresion to 2025-06-11 21:00:00+00:00, run_after=2025-06-12 21:00:00+00:00
[2025-06-12T18:56:38.859+0000] {processor.py:183} INFO - Processing /opt/airflow/dags/entrenamiento_modelos_regresion_dag.py took 0.142 seconds
[2025-06-12T18:57:09.820+0000] {processor.py:161} INFO - Started process (PID=1223) to work on /opt/airflow/dags/entrenamiento_modelos_regresion_dag.py
[2025-06-12T18:57:09.827+0000] {processor.py:830} INFO - Processing file /opt/airflow/dags/entrenamiento_modelos_regresion_dag.py for tasks to queue
[2025-06-12T18:57:09.832+0000] {logging_mixin.py:188} INFO - [2025-06-12T18:57:09.830+0000] {dagbag.py:538} INFO - Filling up the DagBag from /opt/airflow/dags/entrenamiento_modelos_regresion_dag.py
[2025-06-12T18:57:09.538+0000] {processor.py:840} INFO - DAG(s) 'entrenamiento_modelos_regresion' retrieved from /opt/airflow/dags/entrenamiento_modelos_regresion_dag.py
[2025-06-12T18:57:09.667+0000] {logging_mixin.py:188} INFO - [2025-06-12T18:57:09.665+0000] {dag.py:3036} INFO - Sync 1 DAGs
[2025-06-12T18:57:09.779+0000] {logging_mixin.py:188} INFO - [2025-06-12T18:57:09.778+0000] {dag.py:3823} INFO - Setting next_dagrun for entrenamiento_modelos_regresion to 2025-06-11 21:00:00+00:00, run_after=2025-06-12 21:00:00+00:00
[2025-06-12T18:57:09.855+0000] {processor.py:183} INFO - Processing /opt/airflow/dags/entrenamiento_modelos_regresion_dag.py took 0.437 seconds
[2025-06-12T18:57:40.321+0000] {processor.py:161} INFO - Started process (PID=1255) to work on /opt/airflow/dags/entrenamiento_modelos_regresion_dag.py
[2025-06-12T18:57:40.327+0000] {processor.py:830} INFO - Processing file /opt/airflow/dags/entrenamiento_modelos_regresion_dag.py for tasks to queue
[2025-06-12T18:57:40.331+0000] {logging_mixin.py:188} INFO - [2025-06-12T18:57:40.329+0000] {dagbag.py:538} INFO - Filling up the DagBag from /opt/airflow/dags/entrenamiento_modelos_regresion_dag.py
[2025-06-12T18:57:40.422+0000] {processor.py:840} INFO - DAG(s) 'entrenamiento_modelos_regresion' retrieved from /opt/airflow/dags/entrenamiento_modelos_regresion_dag.py
[2025-06-12T18:57:40.524+0000] {logging_mixin.py:188} INFO - [2025-06-12T18:57:40.523+0000] {dag.py:3036} INFO - Sync 1 DAGs
[2025-06-12T18:57:40.570+0000] {logging_mixin.py:188} INFO - [2025-06-12T18:57:40.570+0000] {dag.py:3823} INFO - Setting next_dagrun for entrenamiento_modelos_regresion to 2025-06-11 21:00:00+00:00, run_after=2025-06-12 21:00:00+00:00
[2025-06-12T18:57:40.598+0000] {processor.py:183} INFO - Processing /opt/airflow/dags/entrenamiento_modelos_regresion_dag.py took 0.293 seconds
[2025-06-12T18:58:10.794+0000] {processor.py:161} INFO - Started process (PID=1271) to work on /opt/airflow/dags/entrenamiento_modelos_regresion_dag.py
[2025-06-12T18:58:10.797+0000] {processor.py:830} INFO - Processing file /opt/airflow/dags/entrenamiento_modelos_regresion_dag.py for tasks to queue
[2025-06-12T18:58:10.800+0000] {logging_mixin.py:188} INFO - [2025-06-12T18:58:10.799+0000] {dagbag.py:538} INFO - Filling up the DagBag from /opt/airflow/dags/entrenamiento_modelos_regresion_dag.py
[2025-06-12T18:58:10.827+0000] {processor.py:840} INFO - DAG(s) 'entrenamiento_modelos_regresion' retrieved from /opt/airflow/dags/entrenamiento_modelos_regresion_dag.py
[2025-06-12T18:58:10.868+0000] {logging_mixin.py:188} INFO - [2025-06-12T18:58:10.868+0000] {dag.py:3036} INFO - Sync 1 DAGs
[2025-06-12T18:58:10.902+0000] {logging_mixin.py:188} INFO - [2025-06-12T18:58:10.902+0000] {dag.py:3823} INFO - Setting next_dagrun for entrenamiento_modelos_regresion to 2025-06-11 21:00:00+00:00, run_after=2025-06-12 21:00:00+00:00
[2025-06-12T18:58:10.930+0000] {processor.py:183} INFO - Processing /opt/airflow/dags/entrenamiento_modelos_regresion_dag.py took 0.155 seconds
[2025-06-12T18:58:41.696+0000] {processor.py:161} INFO - Started process (PID=1302) to work on /opt/airflow/dags/entrenamiento_modelos_regresion_dag.py
[2025-06-12T18:58:41.702+0000] {processor.py:830} INFO - Processing file /opt/airflow/dags/entrenamiento_modelos_regresion_dag.py for tasks to queue
[2025-06-12T18:58:41.706+0000] {logging_mixin.py:188} INFO - [2025-06-12T18:58:41.704+0000] {dagbag.py:538} INFO - Filling up the DagBag from /opt/airflow/dags/entrenamiento_modelos_regresion_dag.py
[2025-06-12T18:58:41.766+0000] {processor.py:840} INFO - DAG(s) 'entrenamiento_modelos_regresion' retrieved from /opt/airflow/dags/entrenamiento_modelos_regresion_dag.py
[2025-06-12T18:58:41.886+0000] {logging_mixin.py:188} INFO - [2025-06-12T18:58:41.884+0000] {dag.py:3036} INFO - Sync 1 DAGs
[2025-06-12T18:58:42.017+0000] {logging_mixin.py:188} INFO - [2025-06-12T18:58:42.015+0000] {dag.py:3823} INFO - Setting next_dagrun for entrenamiento_modelos_regresion to 2025-06-11 21:00:00+00:00, run_after=2025-06-12 21:00:00+00:00
[2025-06-12T18:58:42.114+0000] {processor.py:183} INFO - Processing /opt/airflow/dags/entrenamiento_modelos_regresion_dag.py took 0.436 seconds
[2025-06-12T18:59:12.571+0000] {processor.py:161} INFO - Started process (PID=1318) to work on /opt/airflow/dags/entrenamiento_modelos_regresion_dag.py
[2025-06-12T18:59:12.585+0000] {processor.py:830} INFO - Processing file /opt/airflow/dags/entrenamiento_modelos_regresion_dag.py for tasks to queue
[2025-06-12T18:59:12.593+0000] {logging_mixin.py:188} INFO - [2025-06-12T18:59:12.590+0000] {dagbag.py:538} INFO - Filling up the DagBag from /opt/airflow/dags/entrenamiento_modelos_regresion_dag.py
[2025-06-12T18:59:12.639+0000] {processor.py:840} INFO - DAG(s) 'entrenamiento_modelos_regresion' retrieved from /opt/airflow/dags/entrenamiento_modelos_regresion_dag.py
[2025-06-12T18:59:12.682+0000] {logging_mixin.py:188} INFO - [2025-06-12T18:59:12.682+0000] {dag.py:3036} INFO - Sync 1 DAGs
[2025-06-12T18:59:12.712+0000] {logging_mixin.py:188} INFO - [2025-06-12T18:59:12.712+0000] {dag.py:3823} INFO - Setting next_dagrun for entrenamiento_modelos_regresion to 2025-06-11 21:00:00+00:00, run_after=2025-06-12 21:00:00+00:00
[2025-06-12T18:59:12.739+0000] {processor.py:183} INFO - Processing /opt/airflow/dags/entrenamiento_modelos_regresion_dag.py took 0.207 seconds
[2025-06-12T18:59:43.100+0000] {processor.py:161} INFO - Started process (PID=1378) to work on /opt/airflow/dags/entrenamiento_modelos_regresion_dag.py
[2025-06-12T18:59:43.104+0000] {processor.py:830} INFO - Processing file /opt/airflow/dags/entrenamiento_modelos_regresion_dag.py for tasks to queue
[2025-06-12T18:59:43.108+0000] {logging_mixin.py:188} INFO - [2025-06-12T18:59:43.107+0000] {dagbag.py:538} INFO - Filling up the DagBag from /opt/airflow/dags/entrenamiento_modelos_regresion_dag.py
[2025-06-12T18:59:43.173+0000] {processor.py:840} INFO - DAG(s) 'entrenamiento_modelos_regresion' retrieved from /opt/airflow/dags/entrenamiento_modelos_regresion_dag.py
[2025-06-12T18:59:43.300+0000] {logging_mixin.py:188} INFO - [2025-06-12T18:59:43.300+0000] {dag.py:3036} INFO - Sync 1 DAGs
[2025-06-12T18:59:43.376+0000] {logging_mixin.py:188} INFO - [2025-06-12T18:59:43.376+0000] {dag.py:3823} INFO - Setting next_dagrun for entrenamiento_modelos_regresion to 2025-06-11 21:00:00+00:00, run_after=2025-06-12 21:00:00+00:00
[2025-06-12T18:59:43.440+0000] {processor.py:183} INFO - Processing /opt/airflow/dags/entrenamiento_modelos_regresion_dag.py took 0.359 seconds
[2025-06-12T19:00:14.348+0000] {processor.py:161} INFO - Started process (PID=1394) to work on /opt/airflow/dags/entrenamiento_modelos_regresion_dag.py
[2025-06-12T19:00:14.354+0000] {processor.py:830} INFO - Processing file /opt/airflow/dags/entrenamiento_modelos_regresion_dag.py for tasks to queue
[2025-06-12T19:00:14.362+0000] {logging_mixin.py:188} INFO - [2025-06-12T19:00:14.359+0000] {dagbag.py:538} INFO - Filling up the DagBag from /opt/airflow/dags/entrenamiento_modelos_regresion_dag.py
[2025-06-12T19:00:14.428+0000] {processor.py:840} INFO - DAG(s) 'entrenamiento_modelos_regresion' retrieved from /opt/airflow/dags/entrenamiento_modelos_regresion_dag.py
[2025-06-12T19:00:14.561+0000] {logging_mixin.py:188} INFO - [2025-06-12T19:00:14.560+0000] {dag.py:3036} INFO - Sync 1 DAGs
[2025-06-12T19:00:14.695+0000] {logging_mixin.py:188} INFO - [2025-06-12T19:00:14.695+0000] {dag.py:3823} INFO - Setting next_dagrun for entrenamiento_modelos_regresion to 2025-06-11 21:00:00+00:00, run_after=2025-06-12 21:00:00+00:00
[2025-06-12T19:00:14.792+0000] {processor.py:183} INFO - Processing /opt/airflow/dags/entrenamiento_modelos_regresion_dag.py took 0.461 seconds
[2025-06-12T19:15:47.238+0000] {processor.py:161} INFO - Started process (PID=372) to work on /opt/airflow/dags/entrenamiento_modelos_regresion_dag.py
[2025-06-12T19:15:47.270+0000] {processor.py:830} INFO - Processing file /opt/airflow/dags/entrenamiento_modelos_regresion_dag.py for tasks to queue
[2025-06-12T19:15:47.274+0000] {logging_mixin.py:188} INFO - [2025-06-12T19:15:47.273+0000] {dagbag.py:538} INFO - Filling up the DagBag from /opt/airflow/dags/entrenamiento_modelos_regresion_dag.py
[2025-06-12T19:15:47.359+0000] {processor.py:840} INFO - DAG(s) 'entrenamiento_modelos_regresion' retrieved from /opt/airflow/dags/entrenamiento_modelos_regresion_dag.py
[2025-06-12T19:15:47.519+0000] {logging_mixin.py:188} INFO - [2025-06-12T19:15:47.518+0000] {dag.py:3036} INFO - Sync 1 DAGs
[2025-06-12T19:15:47.572+0000] {logging_mixin.py:188} INFO - [2025-06-12T19:15:47.572+0000] {dag.py:3823} INFO - Setting next_dagrun for entrenamiento_modelos_regresion to 2025-06-11 21:00:00+00:00, run_after=2025-06-12 21:00:00+00:00
[2025-06-12T19:15:47.626+0000] {processor.py:183} INFO - Processing /opt/airflow/dags/entrenamiento_modelos_regresion_dag.py took 0.402 seconds
[2025-06-12T19:16:18.091+0000] {processor.py:161} INFO - Started process (PID=400) to work on /opt/airflow/dags/entrenamiento_modelos_regresion_dag.py
[2025-06-12T19:16:18.098+0000] {processor.py:830} INFO - Processing file /opt/airflow/dags/entrenamiento_modelos_regresion_dag.py for tasks to queue
[2025-06-12T19:16:18.104+0000] {logging_mixin.py:188} INFO - [2025-06-12T19:16:18.102+0000] {dagbag.py:538} INFO - Filling up the DagBag from /opt/airflow/dags/entrenamiento_modelos_regresion_dag.py
[2025-06-12T19:16:18.170+0000] {processor.py:840} INFO - DAG(s) 'entrenamiento_modelos_regresion' retrieved from /opt/airflow/dags/entrenamiento_modelos_regresion_dag.py
[2025-06-12T19:16:18.432+0000] {logging_mixin.py:188} INFO - [2025-06-12T19:16:18.432+0000] {dag.py:3036} INFO - Sync 1 DAGs
[2025-06-12T19:16:18.482+0000] {logging_mixin.py:188} INFO - [2025-06-12T19:16:18.478+0000] {dag.py:3823} INFO - Setting next_dagrun for entrenamiento_modelos_regresion to 2025-06-11 21:00:00+00:00, run_after=2025-06-12 21:00:00+00:00
[2025-06-12T19:16:18.536+0000] {processor.py:183} INFO - Processing /opt/airflow/dags/entrenamiento_modelos_regresion_dag.py took 0.473 seconds
[2025-06-12T19:16:49.271+0000] {processor.py:161} INFO - Started process (PID=428) to work on /opt/airflow/dags/entrenamiento_modelos_regresion_dag.py
[2025-06-12T19:16:49.274+0000] {processor.py:830} INFO - Processing file /opt/airflow/dags/entrenamiento_modelos_regresion_dag.py for tasks to queue
[2025-06-12T19:16:49.277+0000] {logging_mixin.py:188} INFO - [2025-06-12T19:16:49.276+0000] {dagbag.py:538} INFO - Filling up the DagBag from /opt/airflow/dags/entrenamiento_modelos_regresion_dag.py
[2025-06-12T19:16:49.310+0000] {processor.py:840} INFO - DAG(s) 'entrenamiento_modelos_regresion' retrieved from /opt/airflow/dags/entrenamiento_modelos_regresion_dag.py
[2025-06-12T19:16:49.413+0000] {logging_mixin.py:188} INFO - [2025-06-12T19:16:49.412+0000] {dag.py:3036} INFO - Sync 1 DAGs
[2025-06-12T19:16:49.605+0000] {logging_mixin.py:188} INFO - [2025-06-12T19:16:49.603+0000] {dag.py:3823} INFO - Setting next_dagrun for entrenamiento_modelos_regresion to 2025-06-11 21:00:00+00:00, run_after=2025-06-12 21:00:00+00:00
[2025-06-12T19:16:49.703+0000] {processor.py:183} INFO - Processing /opt/airflow/dags/entrenamiento_modelos_regresion_dag.py took 0.447 seconds
[2025-06-12T19:17:20.046+0000] {processor.py:161} INFO - Started process (PID=491) to work on /opt/airflow/dags/entrenamiento_modelos_regresion_dag.py
[2025-06-12T19:17:20.052+0000] {processor.py:830} INFO - Processing file /opt/airflow/dags/entrenamiento_modelos_regresion_dag.py for tasks to queue
[2025-06-12T19:17:20.057+0000] {logging_mixin.py:188} INFO - [2025-06-12T19:17:20.055+0000] {dagbag.py:538} INFO - Filling up the DagBag from /opt/airflow/dags/entrenamiento_modelos_regresion_dag.py
[2025-06-12T19:17:20.125+0000] {processor.py:840} INFO - DAG(s) 'entrenamiento_modelos_regresion' retrieved from /opt/airflow/dags/entrenamiento_modelos_regresion_dag.py
[2025-06-12T19:17:20.257+0000] {logging_mixin.py:188} INFO - [2025-06-12T19:17:20.256+0000] {dag.py:3036} INFO - Sync 1 DAGs
[2025-06-12T19:17:20.373+0000] {logging_mixin.py:188} INFO - [2025-06-12T19:17:20.373+0000] {dag.py:3823} INFO - Setting next_dagrun for entrenamiento_modelos_regresion to 2025-06-11 21:00:00+00:00, run_after=2025-06-12 21:00:00+00:00
[2025-06-12T19:17:20.426+0000] {processor.py:183} INFO - Processing /opt/airflow/dags/entrenamiento_modelos_regresion_dag.py took 0.399 seconds
[2025-06-12T19:17:50.541+0000] {processor.py:161} INFO - Started process (PID=512) to work on /opt/airflow/dags/entrenamiento_modelos_regresion_dag.py
[2025-06-12T19:17:50.549+0000] {processor.py:830} INFO - Processing file /opt/airflow/dags/entrenamiento_modelos_regresion_dag.py for tasks to queue
[2025-06-12T19:17:50.553+0000] {logging_mixin.py:188} INFO - [2025-06-12T19:17:50.552+0000] {dagbag.py:538} INFO - Filling up the DagBag from /opt/airflow/dags/entrenamiento_modelos_regresion_dag.py
[2025-06-12T19:17:50.610+0000] {processor.py:840} INFO - DAG(s) 'entrenamiento_modelos_regresion' retrieved from /opt/airflow/dags/entrenamiento_modelos_regresion_dag.py
[2025-06-12T19:17:50.752+0000] {logging_mixin.py:188} INFO - [2025-06-12T19:17:50.752+0000] {dag.py:3036} INFO - Sync 1 DAGs
[2025-06-12T19:17:50.872+0000] {logging_mixin.py:188} INFO - [2025-06-12T19:17:50.872+0000] {dag.py:3823} INFO - Setting next_dagrun for entrenamiento_modelos_regresion to 2025-06-11 21:00:00+00:00, run_after=2025-06-12 21:00:00+00:00
[2025-06-12T19:17:50.983+0000] {processor.py:183} INFO - Processing /opt/airflow/dags/entrenamiento_modelos_regresion_dag.py took 0.459 seconds
[2025-06-12T19:18:21.568+0000] {processor.py:161} INFO - Started process (PID=548) to work on /opt/airflow/dags/entrenamiento_modelos_regresion_dag.py
[2025-06-12T19:18:21.575+0000] {processor.py:830} INFO - Processing file /opt/airflow/dags/entrenamiento_modelos_regresion_dag.py for tasks to queue
[2025-06-12T19:18:21.581+0000] {logging_mixin.py:188} INFO - [2025-06-12T19:18:21.579+0000] {dagbag.py:538} INFO - Filling up the DagBag from /opt/airflow/dags/entrenamiento_modelos_regresion_dag.py
[2025-06-12T19:18:21.648+0000] {processor.py:840} INFO - DAG(s) 'entrenamiento_modelos_regresion' retrieved from /opt/airflow/dags/entrenamiento_modelos_regresion_dag.py
[2025-06-12T19:18:21.787+0000] {logging_mixin.py:188} INFO - [2025-06-12T19:18:21.786+0000] {dag.py:3036} INFO - Sync 1 DAGs
[2025-06-12T19:18:21.956+0000] {logging_mixin.py:188} INFO - [2025-06-12T19:18:21.953+0000] {dag.py:3823} INFO - Setting next_dagrun for entrenamiento_modelos_regresion to 2025-06-11 21:00:00+00:00, run_after=2025-06-12 21:00:00+00:00
[2025-06-12T19:18:22.006+0000] {processor.py:183} INFO - Processing /opt/airflow/dags/entrenamiento_modelos_regresion_dag.py took 0.456 seconds
[2025-06-12T19:18:52.231+0000] {processor.py:161} INFO - Started process (PID=569) to work on /opt/airflow/dags/entrenamiento_modelos_regresion_dag.py
[2025-06-12T19:18:52.237+0000] {processor.py:830} INFO - Processing file /opt/airflow/dags/entrenamiento_modelos_regresion_dag.py for tasks to queue
[2025-06-12T19:18:52.241+0000] {logging_mixin.py:188} INFO - [2025-06-12T19:18:52.240+0000] {dagbag.py:538} INFO - Filling up the DagBag from /opt/airflow/dags/entrenamiento_modelos_regresion_dag.py
[2025-06-12T19:18:52.287+0000] {processor.py:840} INFO - DAG(s) 'entrenamiento_modelos_regresion' retrieved from /opt/airflow/dags/entrenamiento_modelos_regresion_dag.py
[2025-06-12T19:18:52.331+0000] {logging_mixin.py:188} INFO - [2025-06-12T19:18:52.331+0000] {dag.py:3036} INFO - Sync 1 DAGs
[2025-06-12T19:18:52.368+0000] {logging_mixin.py:188} INFO - [2025-06-12T19:18:52.367+0000] {dag.py:3823} INFO - Setting next_dagrun for entrenamiento_modelos_regresion to 2025-06-11 21:00:00+00:00, run_after=2025-06-12 21:00:00+00:00
[2025-06-12T19:18:52.411+0000] {processor.py:183} INFO - Processing /opt/airflow/dags/entrenamiento_modelos_regresion_dag.py took 0.198 seconds
[2025-06-12T19:19:22.681+0000] {processor.py:161} INFO - Started process (PID=605) to work on /opt/airflow/dags/entrenamiento_modelos_regresion_dag.py
[2025-06-12T19:19:22.687+0000] {processor.py:830} INFO - Processing file /opt/airflow/dags/entrenamiento_modelos_regresion_dag.py for tasks to queue
[2025-06-12T19:19:22.694+0000] {logging_mixin.py:188} INFO - [2025-06-12T19:19:22.691+0000] {dagbag.py:538} INFO - Filling up the DagBag from /opt/airflow/dags/entrenamiento_modelos_regresion_dag.py
[2025-06-12T19:19:22.773+0000] {processor.py:840} INFO - DAG(s) 'entrenamiento_modelos_regresion' retrieved from /opt/airflow/dags/entrenamiento_modelos_regresion_dag.py
[2025-06-12T19:19:22.915+0000] {logging_mixin.py:188} INFO - [2025-06-12T19:19:22.914+0000] {dag.py:3036} INFO - Sync 1 DAGs
[2025-06-12T19:19:23.021+0000] {logging_mixin.py:188} INFO - [2025-06-12T19:19:23.020+0000] {dag.py:3823} INFO - Setting next_dagrun for entrenamiento_modelos_regresion to 2025-06-11 21:00:00+00:00, run_after=2025-06-12 21:00:00+00:00
[2025-06-12T19:19:23.108+0000] {processor.py:183} INFO - Processing /opt/airflow/dags/entrenamiento_modelos_regresion_dag.py took 0.451 seconds
[2025-06-12T19:19:53.732+0000] {processor.py:161} INFO - Started process (PID=626) to work on /opt/airflow/dags/entrenamiento_modelos_regresion_dag.py
[2025-06-12T19:19:53.736+0000] {processor.py:830} INFO - Processing file /opt/airflow/dags/entrenamiento_modelos_regresion_dag.py for tasks to queue
[2025-06-12T19:19:53.739+0000] {logging_mixin.py:188} INFO - [2025-06-12T19:19:53.738+0000] {dagbag.py:538} INFO - Filling up the DagBag from /opt/airflow/dags/entrenamiento_modelos_regresion_dag.py
[2025-06-12T19:19:53.776+0000] {processor.py:840} INFO - DAG(s) 'entrenamiento_modelos_regresion' retrieved from /opt/airflow/dags/entrenamiento_modelos_regresion_dag.py
[2025-06-12T19:19:53.826+0000] {logging_mixin.py:188} INFO - [2025-06-12T19:19:53.825+0000] {dag.py:3036} INFO - Sync 1 DAGs
[2025-06-12T19:19:53.875+0000] {logging_mixin.py:188} INFO - [2025-06-12T19:19:53.875+0000] {dag.py:3823} INFO - Setting next_dagrun for entrenamiento_modelos_regresion to 2025-06-11 21:00:00+00:00, run_after=2025-06-12 21:00:00+00:00
[2025-06-12T19:19:53.930+0000] {processor.py:183} INFO - Processing /opt/airflow/dags/entrenamiento_modelos_regresion_dag.py took 0.226 seconds
[2025-06-12T19:20:24.523+0000] {processor.py:161} INFO - Started process (PID=752) to work on /opt/airflow/dags/entrenamiento_modelos_regresion_dag.py
[2025-06-12T19:20:24.526+0000] {processor.py:830} INFO - Processing file /opt/airflow/dags/entrenamiento_modelos_regresion_dag.py for tasks to queue
[2025-06-12T19:20:24.528+0000] {logging_mixin.py:188} INFO - [2025-06-12T19:20:24.527+0000] {dagbag.py:538} INFO - Filling up the DagBag from /opt/airflow/dags/entrenamiento_modelos_regresion_dag.py
[2025-06-12T19:20:24.558+0000] {processor.py:840} INFO - DAG(s) 'entrenamiento_modelos_regresion' retrieved from /opt/airflow/dags/entrenamiento_modelos_regresion_dag.py
[2025-06-12T19:20:24.615+0000] {logging_mixin.py:188} INFO - [2025-06-12T19:20:24.615+0000] {dag.py:3036} INFO - Sync 1 DAGs
[2025-06-12T19:20:24.659+0000] {logging_mixin.py:188} INFO - [2025-06-12T19:20:24.659+0000] {dag.py:3823} INFO - Setting next_dagrun for entrenamiento_modelos_regresion to 2025-06-11 21:00:00+00:00, run_after=2025-06-12 21:00:00+00:00
[2025-06-12T19:20:24.693+0000] {processor.py:183} INFO - Processing /opt/airflow/dags/entrenamiento_modelos_regresion_dag.py took 0.176 seconds
[2025-06-12T19:20:55.135+0000] {processor.py:161} INFO - Started process (PID=773) to work on /opt/airflow/dags/entrenamiento_modelos_regresion_dag.py
[2025-06-12T19:20:55.141+0000] {processor.py:830} INFO - Processing file /opt/airflow/dags/entrenamiento_modelos_regresion_dag.py for tasks to queue
[2025-06-12T19:20:55.148+0000] {logging_mixin.py:188} INFO - [2025-06-12T19:20:55.145+0000] {dagbag.py:538} INFO - Filling up the DagBag from /opt/airflow/dags/entrenamiento_modelos_regresion_dag.py
[2025-06-12T19:20:55.219+0000] {processor.py:840} INFO - DAG(s) 'entrenamiento_modelos_regresion' retrieved from /opt/airflow/dags/entrenamiento_modelos_regresion_dag.py
[2025-06-12T19:20:55.378+0000] {logging_mixin.py:188} INFO - [2025-06-12T19:20:55.378+0000] {dag.py:3036} INFO - Sync 1 DAGs
[2025-06-12T19:20:55.412+0000] {logging_mixin.py:188} INFO - [2025-06-12T19:20:55.412+0000] {dag.py:3823} INFO - Setting next_dagrun for entrenamiento_modelos_regresion to 2025-06-11 21:00:00+00:00, run_after=2025-06-12 21:00:00+00:00
[2025-06-12T19:20:55.440+0000] {processor.py:183} INFO - Processing /opt/airflow/dags/entrenamiento_modelos_regresion_dag.py took 0.325 seconds
[2025-06-12T19:21:25.729+0000] {processor.py:161} INFO - Started process (PID=809) to work on /opt/airflow/dags/entrenamiento_modelos_regresion_dag.py
[2025-06-12T19:21:25.731+0000] {processor.py:830} INFO - Processing file /opt/airflow/dags/entrenamiento_modelos_regresion_dag.py for tasks to queue
[2025-06-12T19:21:25.732+0000] {logging_mixin.py:188} INFO - [2025-06-12T19:21:25.732+0000] {dagbag.py:538} INFO - Filling up the DagBag from /opt/airflow/dags/entrenamiento_modelos_regresion_dag.py
[2025-06-12T19:21:25.755+0000] {processor.py:840} INFO - DAG(s) 'entrenamiento_modelos_regresion' retrieved from /opt/airflow/dags/entrenamiento_modelos_regresion_dag.py
[2025-06-12T19:21:25.801+0000] {logging_mixin.py:188} INFO - [2025-06-12T19:21:25.801+0000] {dag.py:3036} INFO - Sync 1 DAGs
[2025-06-12T19:21:25.839+0000] {logging_mixin.py:188} INFO - [2025-06-12T19:21:25.839+0000] {dag.py:3823} INFO - Setting next_dagrun for entrenamiento_modelos_regresion to 2025-06-11 21:00:00+00:00, run_after=2025-06-12 21:00:00+00:00
[2025-06-12T19:21:25.870+0000] {processor.py:183} INFO - Processing /opt/airflow/dags/entrenamiento_modelos_regresion_dag.py took 0.147 seconds
[2025-06-12T19:21:56.068+0000] {processor.py:161} INFO - Started process (PID=830) to work on /opt/airflow/dags/entrenamiento_modelos_regresion_dag.py
[2025-06-12T19:21:56.078+0000] {processor.py:830} INFO - Processing file /opt/airflow/dags/entrenamiento_modelos_regresion_dag.py for tasks to queue
[2025-06-12T19:21:56.083+0000] {logging_mixin.py:188} INFO - [2025-06-12T19:21:56.081+0000] {dagbag.py:538} INFO - Filling up the DagBag from /opt/airflow/dags/entrenamiento_modelos_regresion_dag.py
[2025-06-12T19:21:56.157+0000] {processor.py:840} INFO - DAG(s) 'entrenamiento_modelos_regresion' retrieved from /opt/airflow/dags/entrenamiento_modelos_regresion_dag.py
[2025-06-12T19:21:56.287+0000] {logging_mixin.py:188} INFO - [2025-06-12T19:21:56.286+0000] {dag.py:3036} INFO - Sync 1 DAGs
[2025-06-12T19:21:56.394+0000] {logging_mixin.py:188} INFO - [2025-06-12T19:21:56.393+0000] {dag.py:3823} INFO - Setting next_dagrun for entrenamiento_modelos_regresion to 2025-06-11 21:00:00+00:00, run_after=2025-06-12 21:00:00+00:00
[2025-06-12T19:21:56.464+0000] {processor.py:183} INFO - Processing /opt/airflow/dags/entrenamiento_modelos_regresion_dag.py took 0.419 seconds
[2025-06-12T19:22:27.064+0000] {processor.py:161} INFO - Started process (PID=895) to work on /opt/airflow/dags/entrenamiento_modelos_regresion_dag.py
[2025-06-12T19:22:27.069+0000] {processor.py:830} INFO - Processing file /opt/airflow/dags/entrenamiento_modelos_regresion_dag.py for tasks to queue
[2025-06-12T19:22:27.073+0000] {logging_mixin.py:188} INFO - [2025-06-12T19:22:27.071+0000] {dagbag.py:538} INFO - Filling up the DagBag from /opt/airflow/dags/entrenamiento_modelos_regresion_dag.py
[2025-06-12T19:22:27.126+0000] {processor.py:840} INFO - DAG(s) 'entrenamiento_modelos_regresion' retrieved from /opt/airflow/dags/entrenamiento_modelos_regresion_dag.py
[2025-06-12T19:22:27.238+0000] {logging_mixin.py:188} INFO - [2025-06-12T19:22:27.238+0000] {dag.py:3036} INFO - Sync 1 DAGs
[2025-06-12T19:22:27.341+0000] {logging_mixin.py:188} INFO - [2025-06-12T19:22:27.340+0000] {dag.py:3823} INFO - Setting next_dagrun for entrenamiento_modelos_regresion to 2025-06-11 21:00:00+00:00, run_after=2025-06-12 21:00:00+00:00
[2025-06-12T19:22:27.412+0000] {processor.py:183} INFO - Processing /opt/airflow/dags/entrenamiento_modelos_regresion_dag.py took 0.364 seconds
[2025-06-12T19:22:57.825+0000] {processor.py:161} INFO - Started process (PID=916) to work on /opt/airflow/dags/entrenamiento_modelos_regresion_dag.py
[2025-06-12T19:22:57.831+0000] {processor.py:830} INFO - Processing file /opt/airflow/dags/entrenamiento_modelos_regresion_dag.py for tasks to queue
[2025-06-12T19:22:57.835+0000] {logging_mixin.py:188} INFO - [2025-06-12T19:22:57.834+0000] {dagbag.py:538} INFO - Filling up the DagBag from /opt/airflow/dags/entrenamiento_modelos_regresion_dag.py
[2025-06-12T19:22:57.907+0000] {processor.py:840} INFO - DAG(s) 'entrenamiento_modelos_regresion' retrieved from /opt/airflow/dags/entrenamiento_modelos_regresion_dag.py
[2025-06-12T19:22:58.062+0000] {logging_mixin.py:188} INFO - [2025-06-12T19:22:58.060+0000] {dag.py:3036} INFO - Sync 1 DAGs
[2025-06-12T19:22:58.209+0000] {logging_mixin.py:188} INFO - [2025-06-12T19:22:58.208+0000] {dag.py:3823} INFO - Setting next_dagrun for entrenamiento_modelos_regresion to 2025-06-11 21:00:00+00:00, run_after=2025-06-12 21:00:00+00:00
[2025-06-12T19:22:58.317+0000] {processor.py:183} INFO - Processing /opt/airflow/dags/entrenamiento_modelos_regresion_dag.py took 0.511 seconds
[2025-06-12T19:23:28.966+0000] {processor.py:161} INFO - Started process (PID=952) to work on /opt/airflow/dags/entrenamiento_modelos_regresion_dag.py
[2025-06-12T19:23:28.971+0000] {processor.py:830} INFO - Processing file /opt/airflow/dags/entrenamiento_modelos_regresion_dag.py for tasks to queue
[2025-06-12T19:23:28.977+0000] {logging_mixin.py:188} INFO - [2025-06-12T19:23:28.975+0000] {dagbag.py:538} INFO - Filling up the DagBag from /opt/airflow/dags/entrenamiento_modelos_regresion_dag.py
[2025-06-12T19:23:29.048+0000] {processor.py:840} INFO - DAG(s) 'entrenamiento_modelos_regresion' retrieved from /opt/airflow/dags/entrenamiento_modelos_regresion_dag.py
[2025-06-12T19:23:29.197+0000] {logging_mixin.py:188} INFO - [2025-06-12T19:23:29.196+0000] {dag.py:3036} INFO - Sync 1 DAGs
[2025-06-12T19:23:29.323+0000] {logging_mixin.py:188} INFO - [2025-06-12T19:23:29.322+0000] {dag.py:3823} INFO - Setting next_dagrun for entrenamiento_modelos_regresion to 2025-06-11 21:00:00+00:00, run_after=2025-06-12 21:00:00+00:00
[2025-06-12T19:23:29.423+0000] {processor.py:183} INFO - Processing /opt/airflow/dags/entrenamiento_modelos_regresion_dag.py took 0.476 seconds
[2025-06-12T19:23:59.726+0000] {processor.py:161} INFO - Started process (PID=973) to work on /opt/airflow/dags/entrenamiento_modelos_regresion_dag.py
[2025-06-12T19:23:59.734+0000] {processor.py:830} INFO - Processing file /opt/airflow/dags/entrenamiento_modelos_regresion_dag.py for tasks to queue
[2025-06-12T19:23:59.741+0000] {logging_mixin.py:188} INFO - [2025-06-12T19:23:59.738+0000] {dagbag.py:538} INFO - Filling up the DagBag from /opt/airflow/dags/entrenamiento_modelos_regresion_dag.py
[2025-06-12T19:23:59.828+0000] {processor.py:840} INFO - DAG(s) 'entrenamiento_modelos_regresion' retrieved from /opt/airflow/dags/entrenamiento_modelos_regresion_dag.py
[2025-06-12T19:23:59.985+0000] {logging_mixin.py:188} INFO - [2025-06-12T19:23:59.984+0000] {dag.py:3036} INFO - Sync 1 DAGs
[2025-06-12T19:24:00.070+0000] {logging_mixin.py:188} INFO - [2025-06-12T19:24:00.069+0000] {dag.py:3823} INFO - Setting next_dagrun for entrenamiento_modelos_regresion to 2025-06-11 21:00:00+00:00, run_after=2025-06-12 21:00:00+00:00
[2025-06-12T19:24:00.129+0000] {processor.py:183} INFO - Processing /opt/airflow/dags/entrenamiento_modelos_regresion_dag.py took 0.426 seconds
[2025-06-12T19:24:30.422+0000] {processor.py:161} INFO - Started process (PID=1009) to work on /opt/airflow/dags/entrenamiento_modelos_regresion_dag.py
[2025-06-12T19:24:30.425+0000] {processor.py:830} INFO - Processing file /opt/airflow/dags/entrenamiento_modelos_regresion_dag.py for tasks to queue
[2025-06-12T19:24:30.428+0000] {logging_mixin.py:188} INFO - [2025-06-12T19:24:30.427+0000] {dagbag.py:538} INFO - Filling up the DagBag from /opt/airflow/dags/entrenamiento_modelos_regresion_dag.py
[2025-06-12T19:24:30.464+0000] {processor.py:840} INFO - DAG(s) 'entrenamiento_modelos_regresion' retrieved from /opt/airflow/dags/entrenamiento_modelos_regresion_dag.py
[2025-06-12T19:24:30.577+0000] {logging_mixin.py:188} INFO - [2025-06-12T19:24:30.576+0000] {dag.py:3036} INFO - Sync 1 DAGs
[2025-06-12T19:24:30.669+0000] {logging_mixin.py:188} INFO - [2025-06-12T19:24:30.669+0000] {dag.py:3823} INFO - Setting next_dagrun for entrenamiento_modelos_regresion to 2025-06-11 21:00:00+00:00, run_after=2025-06-12 21:00:00+00:00
[2025-06-12T19:24:30.727+0000] {processor.py:183} INFO - Processing /opt/airflow/dags/entrenamiento_modelos_regresion_dag.py took 0.317 seconds
[2025-06-12T19:25:00.936+0000] {processor.py:161} INFO - Started process (PID=1041) to work on /opt/airflow/dags/entrenamiento_modelos_regresion_dag.py
[2025-06-12T19:25:00.941+0000] {processor.py:830} INFO - Processing file /opt/airflow/dags/entrenamiento_modelos_regresion_dag.py for tasks to queue
[2025-06-12T19:25:00.944+0000] {logging_mixin.py:188} INFO - [2025-06-12T19:25:00.943+0000] {dagbag.py:538} INFO - Filling up the DagBag from /opt/airflow/dags/entrenamiento_modelos_regresion_dag.py
[2025-06-12T19:25:00.996+0000] {processor.py:840} INFO - DAG(s) 'entrenamiento_modelos_regresion' retrieved from /opt/airflow/dags/entrenamiento_modelos_regresion_dag.py
[2025-06-12T19:25:01.099+0000] {logging_mixin.py:188} INFO - [2025-06-12T19:25:01.098+0000] {dag.py:3036} INFO - Sync 1 DAGs
[2025-06-12T19:25:01.157+0000] {logging_mixin.py:188} INFO - [2025-06-12T19:25:01.156+0000] {dag.py:3823} INFO - Setting next_dagrun for entrenamiento_modelos_regresion to 2025-06-11 21:00:00+00:00, run_after=2025-06-12 21:00:00+00:00
[2025-06-12T19:25:01.194+0000] {processor.py:183} INFO - Processing /opt/airflow/dags/entrenamiento_modelos_regresion_dag.py took 0.274 seconds
[2025-06-12T19:25:31.458+0000] {processor.py:161} INFO - Started process (PID=1185) to work on /opt/airflow/dags/entrenamiento_modelos_regresion_dag.py
[2025-06-12T19:25:31.460+0000] {processor.py:830} INFO - Processing file /opt/airflow/dags/entrenamiento_modelos_regresion_dag.py for tasks to queue
[2025-06-12T19:25:31.462+0000] {logging_mixin.py:188} INFO - [2025-06-12T19:25:31.461+0000] {dagbag.py:538} INFO - Filling up the DagBag from /opt/airflow/dags/entrenamiento_modelos_regresion_dag.py
[2025-06-12T19:25:31.485+0000] {processor.py:840} INFO - DAG(s) 'entrenamiento_modelos_regresion' retrieved from /opt/airflow/dags/entrenamiento_modelos_regresion_dag.py
[2025-06-12T19:25:31.536+0000] {logging_mixin.py:188} INFO - [2025-06-12T19:25:31.536+0000] {dag.py:3036} INFO - Sync 1 DAGs
[2025-06-12T19:25:31.612+0000] {logging_mixin.py:188} INFO - [2025-06-12T19:25:31.612+0000] {dag.py:3823} INFO - Setting next_dagrun for entrenamiento_modelos_regresion to 2025-06-11 21:00:00+00:00, run_after=2025-06-12 21:00:00+00:00
[2025-06-12T19:25:31.645+0000] {processor.py:183} INFO - Processing /opt/airflow/dags/entrenamiento_modelos_regresion_dag.py took 0.195 seconds
[2025-06-12T19:26:48.042+0000] {processor.py:161} INFO - Started process (PID=183) to work on /opt/airflow/dags/entrenamiento_modelos_regresion_dag.py
[2025-06-12T19:26:48.045+0000] {processor.py:830} INFO - Processing file /opt/airflow/dags/entrenamiento_modelos_regresion_dag.py for tasks to queue
[2025-06-12T19:26:48.046+0000] {logging_mixin.py:188} INFO - [2025-06-12T19:26:48.045+0000] {dagbag.py:538} INFO - Filling up the DagBag from /opt/airflow/dags/entrenamiento_modelos_regresion_dag.py
[2025-06-12T19:26:48.060+0000] {processor.py:840} INFO - DAG(s) 'entrenamiento_modelos_regresion' retrieved from /opt/airflow/dags/entrenamiento_modelos_regresion_dag.py
[2025-06-12T19:26:48.306+0000] {logging_mixin.py:188} INFO - [2025-06-12T19:26:48.305+0000] {dag.py:3036} INFO - Sync 1 DAGs
[2025-06-12T19:26:48.335+0000] {logging_mixin.py:188} INFO - [2025-06-12T19:26:48.335+0000] {dag.py:3823} INFO - Setting next_dagrun for entrenamiento_modelos_regresion to 2025-06-11 21:00:00+00:00, run_after=2025-06-12 21:00:00+00:00
[2025-06-12T19:26:48.366+0000] {processor.py:183} INFO - Processing /opt/airflow/dags/entrenamiento_modelos_regresion_dag.py took 0.331 seconds
[2025-06-12T19:27:19.272+0000] {processor.py:161} INFO - Started process (PID=205) to work on /opt/airflow/dags/entrenamiento_modelos_regresion_dag.py
[2025-06-12T19:27:19.276+0000] {processor.py:830} INFO - Processing file /opt/airflow/dags/entrenamiento_modelos_regresion_dag.py for tasks to queue
[2025-06-12T19:27:19.280+0000] {logging_mixin.py:188} INFO - [2025-06-12T19:27:19.279+0000] {dagbag.py:538} INFO - Filling up the DagBag from /opt/airflow/dags/entrenamiento_modelos_regresion_dag.py
[2025-06-12T19:27:19.333+0000] {processor.py:840} INFO - DAG(s) 'entrenamiento_modelos_regresion' retrieved from /opt/airflow/dags/entrenamiento_modelos_regresion_dag.py
[2025-06-12T19:27:19.438+0000] {logging_mixin.py:188} INFO - [2025-06-12T19:27:19.437+0000] {dag.py:3036} INFO - Sync 1 DAGs
[2025-06-12T19:27:19.565+0000] {logging_mixin.py:188} INFO - [2025-06-12T19:27:19.564+0000] {dag.py:3823} INFO - Setting next_dagrun for entrenamiento_modelos_regresion to 2025-06-11 21:00:00+00:00, run_after=2025-06-12 21:00:00+00:00
[2025-06-12T19:27:19.612+0000] {processor.py:183} INFO - Processing /opt/airflow/dags/entrenamiento_modelos_regresion_dag.py took 0.357 seconds
[2025-06-12T19:27:50.275+0000] {processor.py:161} INFO - Started process (PID=283) to work on /opt/airflow/dags/entrenamiento_modelos_regresion_dag.py
[2025-06-12T19:27:50.276+0000] {processor.py:830} INFO - Processing file /opt/airflow/dags/entrenamiento_modelos_regresion_dag.py for tasks to queue
[2025-06-12T19:27:50.278+0000] {logging_mixin.py:188} INFO - [2025-06-12T19:27:50.277+0000] {dagbag.py:538} INFO - Filling up the DagBag from /opt/airflow/dags/entrenamiento_modelos_regresion_dag.py
[2025-06-12T19:27:50.315+0000] {processor.py:840} INFO - DAG(s) 'entrenamiento_modelos_regresion' retrieved from /opt/airflow/dags/entrenamiento_modelos_regresion_dag.py
[2025-06-12T19:27:50.368+0000] {logging_mixin.py:188} INFO - [2025-06-12T19:27:50.368+0000] {dag.py:3036} INFO - Sync 1 DAGs
[2025-06-12T19:27:50.467+0000] {logging_mixin.py:188} INFO - [2025-06-12T19:27:50.467+0000] {dag.py:3823} INFO - Setting next_dagrun for entrenamiento_modelos_regresion to 2025-06-11 21:00:00+00:00, run_after=2025-06-12 21:00:00+00:00
[2025-06-12T19:27:50.551+0000] {processor.py:183} INFO - Processing /opt/airflow/dags/entrenamiento_modelos_regresion_dag.py took 0.283 seconds
[2025-06-12T19:28:20.810+0000] {processor.py:161} INFO - Started process (PID=461) to work on /opt/airflow/dags/entrenamiento_modelos_regresion_dag.py
[2025-06-12T19:28:20.818+0000] {processor.py:830} INFO - Processing file /opt/airflow/dags/entrenamiento_modelos_regresion_dag.py for tasks to queue
[2025-06-12T19:28:20.822+0000] {logging_mixin.py:188} INFO - [2025-06-12T19:28:20.821+0000] {dagbag.py:538} INFO - Filling up the DagBag from /opt/airflow/dags/entrenamiento_modelos_regresion_dag.py
[2025-06-12T19:28:20.898+0000] {processor.py:840} INFO - DAG(s) 'entrenamiento_modelos_regresion' retrieved from /opt/airflow/dags/entrenamiento_modelos_regresion_dag.py
[2025-06-12T19:28:21.064+0000] {logging_mixin.py:188} INFO - [2025-06-12T19:28:21.062+0000] {dag.py:3036} INFO - Sync 1 DAGs
[2025-06-12T19:28:21.226+0000] {logging_mixin.py:188} INFO - [2025-06-12T19:28:21.225+0000] {dag.py:3823} INFO - Setting next_dagrun for entrenamiento_modelos_regresion to 2025-06-11 21:00:00+00:00, run_after=2025-06-12 21:00:00+00:00
[2025-06-12T19:28:21.324+0000] {processor.py:183} INFO - Processing /opt/airflow/dags/entrenamiento_modelos_regresion_dag.py took 0.543 seconds
[2025-06-12T19:28:51.667+0000] {processor.py:161} INFO - Started process (PID=497) to work on /opt/airflow/dags/entrenamiento_modelos_regresion_dag.py
[2025-06-12T19:28:51.672+0000] {processor.py:830} INFO - Processing file /opt/airflow/dags/entrenamiento_modelos_regresion_dag.py for tasks to queue
[2025-06-12T19:28:51.676+0000] {logging_mixin.py:188} INFO - [2025-06-12T19:28:51.675+0000] {dagbag.py:538} INFO - Filling up the DagBag from /opt/airflow/dags/entrenamiento_modelos_regresion_dag.py
[2025-06-12T19:28:51.737+0000] {processor.py:840} INFO - DAG(s) 'entrenamiento_modelos_regresion' retrieved from /opt/airflow/dags/entrenamiento_modelos_regresion_dag.py
[2025-06-12T19:28:51.848+0000] {logging_mixin.py:188} INFO - [2025-06-12T19:28:51.848+0000] {dag.py:3036} INFO - Sync 1 DAGs
[2025-06-12T19:28:51.921+0000] {logging_mixin.py:188} INFO - [2025-06-12T19:28:51.920+0000] {dag.py:3823} INFO - Setting next_dagrun for entrenamiento_modelos_regresion to 2025-06-11 21:00:00+00:00, run_after=2025-06-12 21:00:00+00:00
[2025-06-12T19:28:51.992+0000] {processor.py:183} INFO - Processing /opt/airflow/dags/entrenamiento_modelos_regresion_dag.py took 0.343 seconds
[2025-06-12T19:29:22.258+0000] {processor.py:161} INFO - Started process (PID=534) to work on /opt/airflow/dags/entrenamiento_modelos_regresion_dag.py
[2025-06-12T19:29:22.263+0000] {processor.py:830} INFO - Processing file /opt/airflow/dags/entrenamiento_modelos_regresion_dag.py for tasks to queue
[2025-06-12T19:29:22.266+0000] {logging_mixin.py:188} INFO - [2025-06-12T19:29:22.265+0000] {dagbag.py:538} INFO - Filling up the DagBag from /opt/airflow/dags/entrenamiento_modelos_regresion_dag.py
[2025-06-12T19:29:22.306+0000] {processor.py:840} INFO - DAG(s) 'entrenamiento_modelos_regresion' retrieved from /opt/airflow/dags/entrenamiento_modelos_regresion_dag.py
[2025-06-12T19:29:22.400+0000] {logging_mixin.py:188} INFO - [2025-06-12T19:29:22.399+0000] {dag.py:3036} INFO - Sync 1 DAGs
[2025-06-12T19:29:22.477+0000] {logging_mixin.py:188} INFO - [2025-06-12T19:29:22.476+0000] {dag.py:3823} INFO - Setting next_dagrun for entrenamiento_modelos_regresion to 2025-06-11 21:00:00+00:00, run_after=2025-06-12 21:00:00+00:00
[2025-06-12T19:29:22.547+0000] {processor.py:183} INFO - Processing /opt/airflow/dags/entrenamiento_modelos_regresion_dag.py took 0.298 seconds
[2025-06-12T19:29:52.829+0000] {processor.py:161} INFO - Started process (PID=658) to work on /opt/airflow/dags/entrenamiento_modelos_regresion_dag.py
[2025-06-12T19:29:52.835+0000] {processor.py:830} INFO - Processing file /opt/airflow/dags/entrenamiento_modelos_regresion_dag.py for tasks to queue
[2025-06-12T19:29:52.839+0000] {logging_mixin.py:188} INFO - [2025-06-12T19:29:52.837+0000] {dagbag.py:538} INFO - Filling up the DagBag from /opt/airflow/dags/entrenamiento_modelos_regresion_dag.py
[2025-06-12T19:29:52.908+0000] {processor.py:840} INFO - DAG(s) 'entrenamiento_modelos_regresion' retrieved from /opt/airflow/dags/entrenamiento_modelos_regresion_dag.py
[2025-06-12T19:29:53.059+0000] {logging_mixin.py:188} INFO - [2025-06-12T19:29:53.058+0000] {dag.py:3036} INFO - Sync 1 DAGs
[2025-06-12T19:29:53.150+0000] {logging_mixin.py:188} INFO - [2025-06-12T19:29:53.150+0000] {dag.py:3823} INFO - Setting next_dagrun for entrenamiento_modelos_regresion to 2025-06-11 21:00:00+00:00, run_after=2025-06-12 21:00:00+00:00
[2025-06-12T19:29:53.182+0000] {processor.py:183} INFO - Processing /opt/airflow/dags/entrenamiento_modelos_regresion_dag.py took 0.372 seconds
[2025-06-12T19:30:23.273+0000] {processor.py:161} INFO - Started process (PID=740) to work on /opt/airflow/dags/entrenamiento_modelos_regresion_dag.py
[2025-06-12T19:30:23.275+0000] {processor.py:830} INFO - Processing file /opt/airflow/dags/entrenamiento_modelos_regresion_dag.py for tasks to queue
[2025-06-12T19:30:23.276+0000] {logging_mixin.py:188} INFO - [2025-06-12T19:30:23.275+0000] {dagbag.py:538} INFO - Filling up the DagBag from /opt/airflow/dags/entrenamiento_modelos_regresion_dag.py
[2025-06-12T19:30:23.296+0000] {processor.py:840} INFO - DAG(s) 'entrenamiento_modelos_regresion' retrieved from /opt/airflow/dags/entrenamiento_modelos_regresion_dag.py
[2025-06-12T19:30:23.344+0000] {logging_mixin.py:188} INFO - [2025-06-12T19:30:23.344+0000] {dag.py:3036} INFO - Sync 1 DAGs
[2025-06-12T19:30:23.386+0000] {logging_mixin.py:188} INFO - [2025-06-12T19:30:23.385+0000] {dag.py:3823} INFO - Setting next_dagrun for entrenamiento_modelos_regresion to 2025-06-11 21:00:00+00:00, run_after=2025-06-12 21:00:00+00:00
[2025-06-12T19:30:23.419+0000] {processor.py:183} INFO - Processing /opt/airflow/dags/entrenamiento_modelos_regresion_dag.py took 0.153 seconds
[2025-06-12T19:30:53.983+0000] {processor.py:161} INFO - Started process (PID=814) to work on /opt/airflow/dags/entrenamiento_modelos_regresion_dag.py
[2025-06-12T19:30:53.984+0000] {processor.py:830} INFO - Processing file /opt/airflow/dags/entrenamiento_modelos_regresion_dag.py for tasks to queue
[2025-06-12T19:30:53.986+0000] {logging_mixin.py:188} INFO - [2025-06-12T19:30:53.985+0000] {dagbag.py:538} INFO - Filling up the DagBag from /opt/airflow/dags/entrenamiento_modelos_regresion_dag.py
[2025-06-12T19:30:54.014+0000] {processor.py:840} INFO - DAG(s) 'entrenamiento_modelos_regresion' retrieved from /opt/airflow/dags/entrenamiento_modelos_regresion_dag.py
[2025-06-12T19:30:54.060+0000] {logging_mixin.py:188} INFO - [2025-06-12T19:30:54.059+0000] {dag.py:3036} INFO - Sync 1 DAGs
[2025-06-12T19:30:54.102+0000] {logging_mixin.py:188} INFO - [2025-06-12T19:30:54.102+0000] {dag.py:3823} INFO - Setting next_dagrun for entrenamiento_modelos_regresion to 2025-06-11 21:00:00+00:00, run_after=2025-06-12 21:00:00+00:00
[2025-06-12T19:30:54.140+0000] {processor.py:183} INFO - Processing /opt/airflow/dags/entrenamiento_modelos_regresion_dag.py took 0.164 seconds
