[2025-06-12T18:45:33.601+0000] {processor.py:161} INFO - Started process (PID=189) to work on /opt/airflow/dags/prediccion_modelo_produccion_dag.py
[2025-06-12T18:45:33.603+0000] {processor.py:830} INFO - Processing file /opt/airflow/dags/prediccion_modelo_produccion_dag.py for tasks to queue
[2025-06-12T18:45:33.606+0000] {logging_mixin.py:188} INFO - [2025-06-12T18:45:33.605+0000] {dagbag.py:538} INFO - Filling up the DagBag from /opt/airflow/dags/prediccion_modelo_produccion_dag.py
[2025-06-12T18:45:33.625+0000] {processor.py:840} INFO - DAG(s) 'prediccion_modelo_produccion_dag' retrieved from /opt/airflow/dags/prediccion_modelo_produccion_dag.py
[2025-06-12T18:45:33.879+0000] {logging_mixin.py:188} INFO - [2025-06-12T18:45:33.878+0000] {dag.py:3036} INFO - Sync 1 DAGs
[2025-06-12T18:45:33.952+0000] {logging_mixin.py:188} INFO - [2025-06-12T18:45:33.951+0000] {dag.py:3823} INFO - Setting next_dagrun for prediccion_modelo_produccion_dag to 2025-06-10 22:00:00+00:00, run_after=2025-06-11 22:00:00+00:00
[2025-06-12T18:45:34.013+0000] {processor.py:183} INFO - Processing /opt/airflow/dags/prediccion_modelo_produccion_dag.py took 0.418 seconds
[2025-06-12T18:49:26.556+0000] {processor.py:161} INFO - Started process (PID=181) to work on /opt/airflow/dags/prediccion_modelo_produccion_dag.py
[2025-06-12T18:49:26.558+0000] {processor.py:830} INFO - Processing file /opt/airflow/dags/prediccion_modelo_produccion_dag.py for tasks to queue
[2025-06-12T18:49:26.560+0000] {logging_mixin.py:188} INFO - [2025-06-12T18:49:26.559+0000] {dagbag.py:538} INFO - Filling up the DagBag from /opt/airflow/dags/prediccion_modelo_produccion_dag.py
[2025-06-12T18:49:26.588+0000] {processor.py:840} INFO - DAG(s) 'prediccion_modelo_produccion_dag' retrieved from /opt/airflow/dags/prediccion_modelo_produccion_dag.py
[2025-06-12T18:49:26.980+0000] {logging_mixin.py:188} INFO - [2025-06-12T18:49:26.980+0000] {dag.py:3036} INFO - Sync 1 DAGs
[2025-06-12T18:49:27.009+0000] {logging_mixin.py:188} INFO - [2025-06-12T18:49:27.008+0000] {dag.py:3823} INFO - Setting next_dagrun for prediccion_modelo_produccion_dag to 2025-06-10 22:00:00+00:00, run_after=2025-06-11 22:00:00+00:00
[2025-06-12T18:49:27.049+0000] {processor.py:183} INFO - Processing /opt/airflow/dags/prediccion_modelo_produccion_dag.py took 0.499 seconds
[2025-06-12T18:49:57.685+0000] {processor.py:161} INFO - Started process (PID=197) to work on /opt/airflow/dags/prediccion_modelo_produccion_dag.py
[2025-06-12T18:49:57.693+0000] {processor.py:830} INFO - Processing file /opt/airflow/dags/prediccion_modelo_produccion_dag.py for tasks to queue
[2025-06-12T18:49:57.698+0000] {logging_mixin.py:188} INFO - [2025-06-12T18:49:57.696+0000] {dagbag.py:538} INFO - Filling up the DagBag from /opt/airflow/dags/prediccion_modelo_produccion_dag.py
[2025-06-12T18:49:57.747+0000] {processor.py:840} INFO - DAG(s) 'prediccion_modelo_produccion_dag' retrieved from /opt/airflow/dags/prediccion_modelo_produccion_dag.py
[2025-06-12T18:49:57.857+0000] {logging_mixin.py:188} INFO - [2025-06-12T18:49:57.856+0000] {dag.py:3036} INFO - Sync 1 DAGs
[2025-06-12T18:49:57.979+0000] {logging_mixin.py:188} INFO - [2025-06-12T18:49:57.977+0000] {dag.py:3823} INFO - Setting next_dagrun for prediccion_modelo_produccion_dag to 2025-06-10 22:00:00+00:00, run_after=2025-06-11 22:00:00+00:00
[2025-06-12T18:49:58.080+0000] {processor.py:183} INFO - Processing /opt/airflow/dags/prediccion_modelo_produccion_dag.py took 0.417 seconds
[2025-06-12T18:50:28.464+0000] {processor.py:161} INFO - Started process (PID=230) to work on /opt/airflow/dags/prediccion_modelo_produccion_dag.py
[2025-06-12T18:50:28.471+0000] {processor.py:830} INFO - Processing file /opt/airflow/dags/prediccion_modelo_produccion_dag.py for tasks to queue
[2025-06-12T18:50:28.475+0000] {logging_mixin.py:188} INFO - [2025-06-12T18:50:28.474+0000] {dagbag.py:538} INFO - Filling up the DagBag from /opt/airflow/dags/prediccion_modelo_produccion_dag.py
[2025-06-12T18:50:28.542+0000] {processor.py:840} INFO - DAG(s) 'prediccion_modelo_produccion_dag' retrieved from /opt/airflow/dags/prediccion_modelo_produccion_dag.py
[2025-06-12T18:50:28.647+0000] {logging_mixin.py:188} INFO - [2025-06-12T18:50:28.646+0000] {dag.py:3036} INFO - Sync 1 DAGs
[2025-06-12T18:50:28.691+0000] {logging_mixin.py:188} INFO - [2025-06-12T18:50:28.691+0000] {dag.py:3823} INFO - Setting next_dagrun for prediccion_modelo_produccion_dag to 2025-06-10 22:00:00+00:00, run_after=2025-06-11 22:00:00+00:00
[2025-06-12T18:50:28.744+0000] {processor.py:183} INFO - Processing /opt/airflow/dags/prediccion_modelo_produccion_dag.py took 0.307 seconds
[2025-06-12T18:50:59.025+0000] {processor.py:161} INFO - Started process (PID=378) to work on /opt/airflow/dags/prediccion_modelo_produccion_dag.py
[2025-06-12T18:50:59.031+0000] {processor.py:830} INFO - Processing file /opt/airflow/dags/prediccion_modelo_produccion_dag.py for tasks to queue
[2025-06-12T18:50:59.036+0000] {logging_mixin.py:188} INFO - [2025-06-12T18:50:59.035+0000] {dagbag.py:538} INFO - Filling up the DagBag from /opt/airflow/dags/prediccion_modelo_produccion_dag.py
[2025-06-12T18:50:59.093+0000] {processor.py:840} INFO - DAG(s) 'prediccion_modelo_produccion_dag' retrieved from /opt/airflow/dags/prediccion_modelo_produccion_dag.py
[2025-06-12T18:50:59.326+0000] {logging_mixin.py:188} INFO - [2025-06-12T18:50:59.325+0000] {dag.py:3036} INFO - Sync 1 DAGs
[2025-06-12T18:50:59.607+0000] {logging_mixin.py:188} INFO - [2025-06-12T18:50:59.607+0000] {dag.py:3823} INFO - Setting next_dagrun for prediccion_modelo_produccion_dag to 2025-06-10 22:00:00+00:00, run_after=2025-06-11 22:00:00+00:00
[2025-06-12T18:50:59.698+0000] {processor.py:183} INFO - Processing /opt/airflow/dags/prediccion_modelo_produccion_dag.py took 0.686 seconds
[2025-06-12T18:51:30.069+0000] {processor.py:161} INFO - Started process (PID=542) to work on /opt/airflow/dags/prediccion_modelo_produccion_dag.py
[2025-06-12T18:51:30.079+0000] {processor.py:830} INFO - Processing file /opt/airflow/dags/prediccion_modelo_produccion_dag.py for tasks to queue
[2025-06-12T18:51:30.096+0000] {logging_mixin.py:188} INFO - [2025-06-12T18:51:30.085+0000] {dagbag.py:538} INFO - Filling up the DagBag from /opt/airflow/dags/prediccion_modelo_produccion_dag.py
[2025-06-12T18:51:30.184+0000] {processor.py:840} INFO - DAG(s) 'prediccion_modelo_produccion_dag' retrieved from /opt/airflow/dags/prediccion_modelo_produccion_dag.py
[2025-06-12T18:51:30.249+0000] {logging_mixin.py:188} INFO - [2025-06-12T18:51:30.249+0000] {dag.py:3036} INFO - Sync 1 DAGs
[2025-06-12T18:51:30.312+0000] {logging_mixin.py:188} INFO - [2025-06-12T18:51:30.312+0000] {dag.py:3823} INFO - Setting next_dagrun for prediccion_modelo_produccion_dag to 2025-06-10 22:00:00+00:00, run_after=2025-06-11 22:00:00+00:00
[2025-06-12T18:51:30.359+0000] {processor.py:183} INFO - Processing /opt/airflow/dags/prediccion_modelo_produccion_dag.py took 0.317 seconds
[2025-06-12T18:52:00.482+0000] {processor.py:161} INFO - Started process (PID=644) to work on /opt/airflow/dags/prediccion_modelo_produccion_dag.py
[2025-06-12T18:52:00.500+0000] {processor.py:830} INFO - Processing file /opt/airflow/dags/prediccion_modelo_produccion_dag.py for tasks to queue
[2025-06-12T18:52:00.505+0000] {logging_mixin.py:188} INFO - [2025-06-12T18:52:00.504+0000] {dagbag.py:538} INFO - Filling up the DagBag from /opt/airflow/dags/prediccion_modelo_produccion_dag.py
[2025-06-12T18:52:00.567+0000] {processor.py:840} INFO - DAG(s) 'prediccion_modelo_produccion_dag' retrieved from /opt/airflow/dags/prediccion_modelo_produccion_dag.py
[2025-06-12T18:52:00.725+0000] {logging_mixin.py:188} INFO - [2025-06-12T18:52:00.724+0000] {dag.py:3036} INFO - Sync 1 DAGs
[2025-06-12T18:52:00.854+0000] {logging_mixin.py:188} INFO - [2025-06-12T18:52:00.853+0000] {dag.py:3823} INFO - Setting next_dagrun for prediccion_modelo_produccion_dag to 2025-06-10 22:00:00+00:00, run_after=2025-06-11 22:00:00+00:00
[2025-06-12T18:52:00.954+0000] {processor.py:183} INFO - Processing /opt/airflow/dags/prediccion_modelo_produccion_dag.py took 0.492 seconds
[2025-06-12T18:52:31.608+0000] {processor.py:161} INFO - Started process (PID=766) to work on /opt/airflow/dags/prediccion_modelo_produccion_dag.py
[2025-06-12T18:52:31.617+0000] {processor.py:830} INFO - Processing file /opt/airflow/dags/prediccion_modelo_produccion_dag.py for tasks to queue
[2025-06-12T18:52:31.621+0000] {logging_mixin.py:188} INFO - [2025-06-12T18:52:31.619+0000] {dagbag.py:538} INFO - Filling up the DagBag from /opt/airflow/dags/prediccion_modelo_produccion_dag.py
[2025-06-12T18:52:31.669+0000] {processor.py:840} INFO - DAG(s) 'prediccion_modelo_produccion_dag' retrieved from /opt/airflow/dags/prediccion_modelo_produccion_dag.py
[2025-06-12T18:52:31.800+0000] {logging_mixin.py:188} INFO - [2025-06-12T18:52:31.799+0000] {dag.py:3036} INFO - Sync 1 DAGs
[2025-06-12T18:52:31.923+0000] {logging_mixin.py:188} INFO - [2025-06-12T18:52:31.922+0000] {dag.py:3823} INFO - Setting next_dagrun for prediccion_modelo_produccion_dag to 2025-06-10 22:00:00+00:00, run_after=2025-06-11 22:00:00+00:00
[2025-06-12T18:52:32.019+0000] {processor.py:183} INFO - Processing /opt/airflow/dags/prediccion_modelo_produccion_dag.py took 0.428 seconds
[2025-06-12T18:53:02.245+0000] {processor.py:161} INFO - Started process (PID=852) to work on /opt/airflow/dags/prediccion_modelo_produccion_dag.py
[2025-06-12T18:53:02.254+0000] {processor.py:830} INFO - Processing file /opt/airflow/dags/prediccion_modelo_produccion_dag.py for tasks to queue
[2025-06-12T18:53:02.260+0000] {logging_mixin.py:188} INFO - [2025-06-12T18:53:02.257+0000] {dagbag.py:538} INFO - Filling up the DagBag from /opt/airflow/dags/prediccion_modelo_produccion_dag.py
[2025-06-12T18:53:02.352+0000] {processor.py:840} INFO - DAG(s) 'prediccion_modelo_produccion_dag' retrieved from /opt/airflow/dags/prediccion_modelo_produccion_dag.py
[2025-06-12T18:53:02.451+0000] {logging_mixin.py:188} INFO - [2025-06-12T18:53:02.450+0000] {dag.py:3036} INFO - Sync 1 DAGs
[2025-06-12T18:53:02.504+0000] {logging_mixin.py:188} INFO - [2025-06-12T18:53:02.504+0000] {dag.py:3823} INFO - Setting next_dagrun for prediccion_modelo_produccion_dag to 2025-06-10 22:00:00+00:00, run_after=2025-06-11 22:00:00+00:00
[2025-06-12T18:53:02.546+0000] {processor.py:183} INFO - Processing /opt/airflow/dags/prediccion_modelo_produccion_dag.py took 0.322 seconds
[2025-06-12T18:53:32.999+0000] {processor.py:161} INFO - Started process (PID=959) to work on /opt/airflow/dags/prediccion_modelo_produccion_dag.py
[2025-06-12T18:53:33.009+0000] {processor.py:830} INFO - Processing file /opt/airflow/dags/prediccion_modelo_produccion_dag.py for tasks to queue
[2025-06-12T18:53:33.025+0000] {logging_mixin.py:188} INFO - [2025-06-12T18:53:33.014+0000] {dagbag.py:538} INFO - Filling up the DagBag from /opt/airflow/dags/prediccion_modelo_produccion_dag.py
[2025-06-12T18:53:33.108+0000] {processor.py:840} INFO - DAG(s) 'prediccion_modelo_produccion_dag' retrieved from /opt/airflow/dags/prediccion_modelo_produccion_dag.py
[2025-06-12T18:53:33.251+0000] {logging_mixin.py:188} INFO - [2025-06-12T18:53:33.250+0000] {dag.py:3036} INFO - Sync 1 DAGs
[2025-06-12T18:53:33.293+0000] {logging_mixin.py:188} INFO - [2025-06-12T18:53:33.292+0000] {dag.py:3823} INFO - Setting next_dagrun for prediccion_modelo_produccion_dag to 2025-06-10 22:00:00+00:00, run_after=2025-06-11 22:00:00+00:00
[2025-06-12T18:53:33.319+0000] {processor.py:183} INFO - Processing /opt/airflow/dags/prediccion_modelo_produccion_dag.py took 0.351 seconds
[2025-06-12T18:54:03.851+0000] {processor.py:161} INFO - Started process (PID=1050) to work on /opt/airflow/dags/prediccion_modelo_produccion_dag.py
[2025-06-12T18:54:03.857+0000] {processor.py:830} INFO - Processing file /opt/airflow/dags/prediccion_modelo_produccion_dag.py for tasks to queue
[2025-06-12T18:54:03.864+0000] {logging_mixin.py:188} INFO - [2025-06-12T18:54:03.862+0000] {dagbag.py:538} INFO - Filling up the DagBag from /opt/airflow/dags/prediccion_modelo_produccion_dag.py
[2025-06-12T18:54:03.936+0000] {processor.py:840} INFO - DAG(s) 'prediccion_modelo_produccion_dag' retrieved from /opt/airflow/dags/prediccion_modelo_produccion_dag.py
[2025-06-12T18:54:03.999+0000] {logging_mixin.py:188} INFO - [2025-06-12T18:54:03.998+0000] {dag.py:3036} INFO - Sync 1 DAGs
[2025-06-12T18:54:04.034+0000] {logging_mixin.py:188} INFO - [2025-06-12T18:54:04.034+0000] {dag.py:3823} INFO - Setting next_dagrun for prediccion_modelo_produccion_dag to 2025-06-10 22:00:00+00:00, run_after=2025-06-11 22:00:00+00:00
[2025-06-12T18:54:04.067+0000] {processor.py:183} INFO - Processing /opt/airflow/dags/prediccion_modelo_produccion_dag.py took 0.239 seconds
[2025-06-12T18:54:34.484+0000] {processor.py:161} INFO - Started process (PID=1110) to work on /opt/airflow/dags/prediccion_modelo_produccion_dag.py
[2025-06-12T18:54:34.491+0000] {processor.py:830} INFO - Processing file /opt/airflow/dags/prediccion_modelo_produccion_dag.py for tasks to queue
[2025-06-12T18:54:34.497+0000] {logging_mixin.py:188} INFO - [2025-06-12T18:54:34.495+0000] {dagbag.py:538} INFO - Filling up the DagBag from /opt/airflow/dags/prediccion_modelo_produccion_dag.py
[2025-06-12T18:54:34.578+0000] {processor.py:840} INFO - DAG(s) 'prediccion_modelo_produccion_dag' retrieved from /opt/airflow/dags/prediccion_modelo_produccion_dag.py
[2025-06-12T18:54:34.733+0000] {logging_mixin.py:188} INFO - [2025-06-12T18:54:34.731+0000] {dag.py:3036} INFO - Sync 1 DAGs
[2025-06-12T18:54:34.906+0000] {logging_mixin.py:188} INFO - [2025-06-12T18:54:34.905+0000] {dag.py:3823} INFO - Setting next_dagrun for prediccion_modelo_produccion_dag to 2025-06-10 22:00:00+00:00, run_after=2025-06-11 22:00:00+00:00
[2025-06-12T18:54:34.970+0000] {processor.py:183} INFO - Processing /opt/airflow/dags/prediccion_modelo_produccion_dag.py took 0.513 seconds
[2025-06-12T18:55:05.206+0000] {processor.py:161} INFO - Started process (PID=1126) to work on /opt/airflow/dags/prediccion_modelo_produccion_dag.py
[2025-06-12T18:55:05.217+0000] {processor.py:830} INFO - Processing file /opt/airflow/dags/prediccion_modelo_produccion_dag.py for tasks to queue
[2025-06-12T18:55:05.224+0000] {logging_mixin.py:188} INFO - [2025-06-12T18:55:05.221+0000] {dagbag.py:538} INFO - Filling up the DagBag from /opt/airflow/dags/prediccion_modelo_produccion_dag.py
[2025-06-12T18:55:05.288+0000] {processor.py:840} INFO - DAG(s) 'prediccion_modelo_produccion_dag' retrieved from /opt/airflow/dags/prediccion_modelo_produccion_dag.py
[2025-06-12T18:55:05.417+0000] {logging_mixin.py:188} INFO - [2025-06-12T18:55:05.416+0000] {dag.py:3036} INFO - Sync 1 DAGs
[2025-06-12T18:55:05.532+0000] {logging_mixin.py:188} INFO - [2025-06-12T18:55:05.531+0000] {dag.py:3823} INFO - Setting next_dagrun for prediccion_modelo_produccion_dag to 2025-06-10 22:00:00+00:00, run_after=2025-06-11 22:00:00+00:00
[2025-06-12T18:55:05.631+0000] {processor.py:183} INFO - Processing /opt/airflow/dags/prediccion_modelo_produccion_dag.py took 0.450 seconds
[2025-06-12T18:55:36.148+0000] {processor.py:161} INFO - Started process (PID=1157) to work on /opt/airflow/dags/prediccion_modelo_produccion_dag.py
[2025-06-12T18:55:36.157+0000] {processor.py:830} INFO - Processing file /opt/airflow/dags/prediccion_modelo_produccion_dag.py for tasks to queue
[2025-06-12T18:55:36.163+0000] {logging_mixin.py:188} INFO - [2025-06-12T18:55:36.160+0000] {dagbag.py:538} INFO - Filling up the DagBag from /opt/airflow/dags/prediccion_modelo_produccion_dag.py
[2025-06-12T18:55:36.222+0000] {processor.py:840} INFO - DAG(s) 'prediccion_modelo_produccion_dag' retrieved from /opt/airflow/dags/prediccion_modelo_produccion_dag.py
[2025-06-12T18:55:36.420+0000] {logging_mixin.py:188} INFO - [2025-06-12T18:55:36.418+0000] {dag.py:3036} INFO - Sync 1 DAGs
[2025-06-12T18:55:36.524+0000] {logging_mixin.py:188} INFO - [2025-06-12T18:55:36.523+0000] {dag.py:3823} INFO - Setting next_dagrun for prediccion_modelo_produccion_dag to 2025-06-10 22:00:00+00:00, run_after=2025-06-11 22:00:00+00:00
[2025-06-12T18:55:36.578+0000] {processor.py:183} INFO - Processing /opt/airflow/dags/prediccion_modelo_produccion_dag.py took 0.448 seconds
[2025-06-12T18:56:07.485+0000] {processor.py:161} INFO - Started process (PID=1173) to work on /opt/airflow/dags/prediccion_modelo_produccion_dag.py
[2025-06-12T18:56:07.490+0000] {processor.py:830} INFO - Processing file /opt/airflow/dags/prediccion_modelo_produccion_dag.py for tasks to queue
[2025-06-12T18:56:07.495+0000] {logging_mixin.py:188} INFO - [2025-06-12T18:56:07.493+0000] {dagbag.py:538} INFO - Filling up the DagBag from /opt/airflow/dags/prediccion_modelo_produccion_dag.py
[2025-06-12T18:56:07.540+0000] {processor.py:840} INFO - DAG(s) 'prediccion_modelo_produccion_dag' retrieved from /opt/airflow/dags/prediccion_modelo_produccion_dag.py
[2025-06-12T18:56:07.652+0000] {logging_mixin.py:188} INFO - [2025-06-12T18:56:07.651+0000] {dag.py:3036} INFO - Sync 1 DAGs
[2025-06-12T18:56:07.749+0000] {logging_mixin.py:188} INFO - [2025-06-12T18:56:07.748+0000] {dag.py:3823} INFO - Setting next_dagrun for prediccion_modelo_produccion_dag to 2025-06-10 22:00:00+00:00, run_after=2025-06-11 22:00:00+00:00
[2025-06-12T18:56:07.831+0000] {processor.py:183} INFO - Processing /opt/airflow/dags/prediccion_modelo_produccion_dag.py took 0.370 seconds
[2025-06-12T18:56:38.700+0000] {processor.py:161} INFO - Started process (PID=1204) to work on /opt/airflow/dags/prediccion_modelo_produccion_dag.py
[2025-06-12T18:56:38.708+0000] {processor.py:830} INFO - Processing file /opt/airflow/dags/prediccion_modelo_produccion_dag.py for tasks to queue
[2025-06-12T18:56:38.712+0000] {logging_mixin.py:188} INFO - [2025-06-12T18:56:38.711+0000] {dagbag.py:538} INFO - Filling up the DagBag from /opt/airflow/dags/prediccion_modelo_produccion_dag.py
[2025-06-12T18:56:38.752+0000] {processor.py:840} INFO - DAG(s) 'prediccion_modelo_produccion_dag' retrieved from /opt/airflow/dags/prediccion_modelo_produccion_dag.py
[2025-06-12T18:56:38.798+0000] {logging_mixin.py:188} INFO - [2025-06-12T18:56:38.798+0000] {dag.py:3036} INFO - Sync 1 DAGs
[2025-06-12T18:56:38.827+0000] {logging_mixin.py:188} INFO - [2025-06-12T18:56:38.827+0000] {dag.py:3823} INFO - Setting next_dagrun for prediccion_modelo_produccion_dag to 2025-06-10 22:00:00+00:00, run_after=2025-06-11 22:00:00+00:00
[2025-06-12T18:56:38.850+0000] {processor.py:183} INFO - Processing /opt/airflow/dags/prediccion_modelo_produccion_dag.py took 0.169 seconds
[2025-06-12T18:57:09.747+0000] {processor.py:161} INFO - Started process (PID=1220) to work on /opt/airflow/dags/prediccion_modelo_produccion_dag.py
[2025-06-12T18:57:09.758+0000] {processor.py:830} INFO - Processing file /opt/airflow/dags/prediccion_modelo_produccion_dag.py for tasks to queue
[2025-06-12T18:57:09.771+0000] {logging_mixin.py:188} INFO - [2025-06-12T18:57:09.768+0000] {dagbag.py:538} INFO - Filling up the DagBag from /opt/airflow/dags/prediccion_modelo_produccion_dag.py
[2025-06-12T18:57:09.854+0000] {processor.py:840} INFO - DAG(s) 'prediccion_modelo_produccion_dag' retrieved from /opt/airflow/dags/prediccion_modelo_produccion_dag.py
[2025-06-12T18:57:09.630+0000] {logging_mixin.py:188} INFO - [2025-06-12T18:57:09.629+0000] {dag.py:3036} INFO - Sync 1 DAGs
[2025-06-12T18:57:09.737+0000] {logging_mixin.py:188} INFO - [2025-06-12T18:57:09.736+0000] {dag.py:3823} INFO - Setting next_dagrun for prediccion_modelo_produccion_dag to 2025-06-10 22:00:00+00:00, run_after=2025-06-11 22:00:00+00:00
[2025-06-12T18:57:09.820+0000] {processor.py:183} INFO - Processing /opt/airflow/dags/prediccion_modelo_produccion_dag.py took 0.457 seconds
[2025-06-12T18:57:40.286+0000] {processor.py:161} INFO - Started process (PID=1252) to work on /opt/airflow/dags/prediccion_modelo_produccion_dag.py
[2025-06-12T18:57:40.295+0000] {processor.py:830} INFO - Processing file /opt/airflow/dags/prediccion_modelo_produccion_dag.py for tasks to queue
[2025-06-12T18:57:40.299+0000] {logging_mixin.py:188} INFO - [2025-06-12T18:57:40.297+0000] {dagbag.py:538} INFO - Filling up the DagBag from /opt/airflow/dags/prediccion_modelo_produccion_dag.py
[2025-06-12T18:57:40.363+0000] {processor.py:840} INFO - DAG(s) 'prediccion_modelo_produccion_dag' retrieved from /opt/airflow/dags/prediccion_modelo_produccion_dag.py
[2025-06-12T18:57:40.508+0000] {logging_mixin.py:188} INFO - [2025-06-12T18:57:40.507+0000] {dag.py:3036} INFO - Sync 1 DAGs
[2025-06-12T18:57:40.561+0000] {logging_mixin.py:188} INFO - [2025-06-12T18:57:40.561+0000] {dag.py:3823} INFO - Setting next_dagrun for prediccion_modelo_produccion_dag to 2025-06-10 22:00:00+00:00, run_after=2025-06-11 22:00:00+00:00
[2025-06-12T18:57:40.588+0000] {processor.py:183} INFO - Processing /opt/airflow/dags/prediccion_modelo_produccion_dag.py took 0.325 seconds
[2025-06-12T18:58:10.749+0000] {processor.py:161} INFO - Started process (PID=1268) to work on /opt/airflow/dags/prediccion_modelo_produccion_dag.py
[2025-06-12T18:58:10.756+0000] {processor.py:830} INFO - Processing file /opt/airflow/dags/prediccion_modelo_produccion_dag.py for tasks to queue
[2025-06-12T18:58:10.762+0000] {logging_mixin.py:188} INFO - [2025-06-12T18:58:10.760+0000] {dagbag.py:538} INFO - Filling up the DagBag from /opt/airflow/dags/prediccion_modelo_produccion_dag.py
[2025-06-12T18:58:10.805+0000] {processor.py:840} INFO - DAG(s) 'prediccion_modelo_produccion_dag' retrieved from /opt/airflow/dags/prediccion_modelo_produccion_dag.py
[2025-06-12T18:58:10.855+0000] {logging_mixin.py:188} INFO - [2025-06-12T18:58:10.855+0000] {dag.py:3036} INFO - Sync 1 DAGs
[2025-06-12T18:58:10.888+0000] {logging_mixin.py:188} INFO - [2025-06-12T18:58:10.887+0000] {dag.py:3823} INFO - Setting next_dagrun for prediccion_modelo_produccion_dag to 2025-06-10 22:00:00+00:00, run_after=2025-06-11 22:00:00+00:00
[2025-06-12T18:58:10.915+0000] {processor.py:183} INFO - Processing /opt/airflow/dags/prediccion_modelo_produccion_dag.py took 0.183 seconds
[2025-06-12T18:58:41.656+0000] {processor.py:161} INFO - Started process (PID=1299) to work on /opt/airflow/dags/prediccion_modelo_produccion_dag.py
[2025-06-12T18:58:41.662+0000] {processor.py:830} INFO - Processing file /opt/airflow/dags/prediccion_modelo_produccion_dag.py for tasks to queue
[2025-06-12T18:58:41.667+0000] {logging_mixin.py:188} INFO - [2025-06-12T18:58:41.665+0000] {dagbag.py:538} INFO - Filling up the DagBag from /opt/airflow/dags/prediccion_modelo_produccion_dag.py
[2025-06-12T18:58:41.720+0000] {processor.py:840} INFO - DAG(s) 'prediccion_modelo_produccion_dag' retrieved from /opt/airflow/dags/prediccion_modelo_produccion_dag.py
[2025-06-12T18:58:41.845+0000] {logging_mixin.py:188} INFO - [2025-06-12T18:58:41.844+0000] {dag.py:3036} INFO - Sync 1 DAGs
[2025-06-12T18:58:41.962+0000] {logging_mixin.py:188} INFO - [2025-06-12T18:58:41.961+0000] {dag.py:3823} INFO - Setting next_dagrun for prediccion_modelo_produccion_dag to 2025-06-10 22:00:00+00:00, run_after=2025-06-11 22:00:00+00:00
[2025-06-12T18:58:42.067+0000] {processor.py:183} INFO - Processing /opt/airflow/dags/prediccion_modelo_produccion_dag.py took 0.431 seconds
[2025-06-12T18:59:12.500+0000] {processor.py:161} INFO - Started process (PID=1315) to work on /opt/airflow/dags/prediccion_modelo_produccion_dag.py
[2025-06-12T18:59:12.510+0000] {processor.py:830} INFO - Processing file /opt/airflow/dags/prediccion_modelo_produccion_dag.py for tasks to queue
[2025-06-12T18:59:12.518+0000] {logging_mixin.py:188} INFO - [2025-06-12T18:59:12.515+0000] {dagbag.py:538} INFO - Filling up the DagBag from /opt/airflow/dags/prediccion_modelo_produccion_dag.py
[2025-06-12T18:59:12.616+0000] {processor.py:840} INFO - DAG(s) 'prediccion_modelo_produccion_dag' retrieved from /opt/airflow/dags/prediccion_modelo_produccion_dag.py
[2025-06-12T18:59:12.669+0000] {logging_mixin.py:188} INFO - [2025-06-12T18:59:12.668+0000] {dag.py:3036} INFO - Sync 1 DAGs
[2025-06-12T18:59:12.698+0000] {logging_mixin.py:188} INFO - [2025-06-12T18:59:12.698+0000] {dag.py:3823} INFO - Setting next_dagrun for prediccion_modelo_produccion_dag to 2025-06-10 22:00:00+00:00, run_after=2025-06-11 22:00:00+00:00
[2025-06-12T18:59:12.723+0000] {processor.py:183} INFO - Processing /opt/airflow/dags/prediccion_modelo_produccion_dag.py took 0.252 seconds
[2025-06-12T18:59:43.055+0000] {processor.py:161} INFO - Started process (PID=1375) to work on /opt/airflow/dags/prediccion_modelo_produccion_dag.py
[2025-06-12T18:59:43.060+0000] {processor.py:830} INFO - Processing file /opt/airflow/dags/prediccion_modelo_produccion_dag.py for tasks to queue
[2025-06-12T18:59:43.064+0000] {logging_mixin.py:188} INFO - [2025-06-12T18:59:43.062+0000] {dagbag.py:538} INFO - Filling up the DagBag from /opt/airflow/dags/prediccion_modelo_produccion_dag.py
[2025-06-12T18:59:43.120+0000] {processor.py:840} INFO - DAG(s) 'prediccion_modelo_produccion_dag' retrieved from /opt/airflow/dags/prediccion_modelo_produccion_dag.py
[2025-06-12T18:59:43.247+0000] {logging_mixin.py:188} INFO - [2025-06-12T18:59:43.247+0000] {dag.py:3036} INFO - Sync 1 DAGs
[2025-06-12T18:59:43.339+0000] {logging_mixin.py:188} INFO - [2025-06-12T18:59:43.338+0000] {dag.py:3823} INFO - Setting next_dagrun for prediccion_modelo_produccion_dag to 2025-06-10 22:00:00+00:00, run_after=2025-06-11 22:00:00+00:00
[2025-06-12T18:59:43.407+0000] {processor.py:183} INFO - Processing /opt/airflow/dags/prediccion_modelo_produccion_dag.py took 0.370 seconds
[2025-06-12T19:00:14.306+0000] {processor.py:161} INFO - Started process (PID=1391) to work on /opt/airflow/dags/prediccion_modelo_produccion_dag.py
[2025-06-12T19:00:14.312+0000] {processor.py:830} INFO - Processing file /opt/airflow/dags/prediccion_modelo_produccion_dag.py for tasks to queue
[2025-06-12T19:00:14.318+0000] {logging_mixin.py:188} INFO - [2025-06-12T19:00:14.316+0000] {dagbag.py:538} INFO - Filling up the DagBag from /opt/airflow/dags/prediccion_modelo_produccion_dag.py
[2025-06-12T19:00:14.375+0000] {processor.py:840} INFO - DAG(s) 'prediccion_modelo_produccion_dag' retrieved from /opt/airflow/dags/prediccion_modelo_produccion_dag.py
[2025-06-12T19:00:14.507+0000] {logging_mixin.py:188} INFO - [2025-06-12T19:00:14.506+0000] {dag.py:3036} INFO - Sync 1 DAGs
[2025-06-12T19:00:14.620+0000] {logging_mixin.py:188} INFO - [2025-06-12T19:00:14.619+0000] {dag.py:3823} INFO - Setting next_dagrun for prediccion_modelo_produccion_dag to 2025-06-10 22:00:00+00:00, run_after=2025-06-11 22:00:00+00:00
[2025-06-12T19:00:14.717+0000] {processor.py:183} INFO - Processing /opt/airflow/dags/prediccion_modelo_produccion_dag.py took 0.432 seconds
[2025-06-12T19:15:47.957+0000] {processor.py:161} INFO - Started process (PID=382) to work on /opt/airflow/dags/prediccion_modelo_produccion_dag.py
[2025-06-12T19:15:47.960+0000] {processor.py:830} INFO - Processing file /opt/airflow/dags/prediccion_modelo_produccion_dag.py for tasks to queue
[2025-06-12T19:15:47.961+0000] {logging_mixin.py:188} INFO - [2025-06-12T19:15:47.961+0000] {dagbag.py:538} INFO - Filling up the DagBag from /opt/airflow/dags/prediccion_modelo_produccion_dag.py
[2025-06-12T19:15:47.981+0000] {processor.py:840} INFO - DAG(s) 'prediccion_modelo_produccion_dag' retrieved from /opt/airflow/dags/prediccion_modelo_produccion_dag.py
[2025-06-12T19:15:48.022+0000] {logging_mixin.py:188} INFO - [2025-06-12T19:15:48.022+0000] {dag.py:3036} INFO - Sync 1 DAGs
[2025-06-12T19:15:48.070+0000] {logging_mixin.py:188} INFO - [2025-06-12T19:15:48.069+0000] {dag.py:3823} INFO - Setting next_dagrun for prediccion_modelo_produccion_dag to 2025-06-10 22:00:00+00:00, run_after=2025-06-11 22:00:00+00:00
[2025-06-12T19:15:48.125+0000] {processor.py:183} INFO - Processing /opt/airflow/dags/prediccion_modelo_produccion_dag.py took 0.174 seconds
[2025-06-12T19:16:18.539+0000] {processor.py:161} INFO - Started process (PID=405) to work on /opt/airflow/dags/prediccion_modelo_produccion_dag.py
[2025-06-12T19:16:18.542+0000] {processor.py:830} INFO - Processing file /opt/airflow/dags/prediccion_modelo_produccion_dag.py for tasks to queue
[2025-06-12T19:16:18.544+0000] {logging_mixin.py:188} INFO - [2025-06-12T19:16:18.543+0000] {dagbag.py:538} INFO - Filling up the DagBag from /opt/airflow/dags/prediccion_modelo_produccion_dag.py
[2025-06-12T19:16:18.567+0000] {processor.py:840} INFO - DAG(s) 'prediccion_modelo_produccion_dag' retrieved from /opt/airflow/dags/prediccion_modelo_produccion_dag.py
[2025-06-12T19:16:18.766+0000] {logging_mixin.py:188} INFO - [2025-06-12T19:16:18.765+0000] {dag.py:3036} INFO - Sync 1 DAGs
[2025-06-12T19:16:18.845+0000] {logging_mixin.py:188} INFO - [2025-06-12T19:16:18.844+0000] {dag.py:3823} INFO - Setting next_dagrun for prediccion_modelo_produccion_dag to 2025-06-10 22:00:00+00:00, run_after=2025-06-11 22:00:00+00:00
[2025-06-12T19:16:18.947+0000] {processor.py:183} INFO - Processing /opt/airflow/dags/prediccion_modelo_produccion_dag.py took 0.416 seconds
[2025-06-12T19:16:49.766+0000] {processor.py:161} INFO - Started process (PID=439) to work on /opt/airflow/dags/prediccion_modelo_produccion_dag.py
[2025-06-12T19:16:49.773+0000] {processor.py:830} INFO - Processing file /opt/airflow/dags/prediccion_modelo_produccion_dag.py for tasks to queue
[2025-06-12T19:16:49.781+0000] {logging_mixin.py:188} INFO - [2025-06-12T19:16:49.777+0000] {dagbag.py:538} INFO - Filling up the DagBag from /opt/airflow/dags/prediccion_modelo_produccion_dag.py
[2025-06-12T19:16:49.844+0000] {processor.py:840} INFO - DAG(s) 'prediccion_modelo_produccion_dag' retrieved from /opt/airflow/dags/prediccion_modelo_produccion_dag.py
[2025-06-12T19:16:49.935+0000] {logging_mixin.py:188} INFO - [2025-06-12T19:16:49.934+0000] {dag.py:3036} INFO - Sync 1 DAGs
[2025-06-12T19:16:49.992+0000] {logging_mixin.py:188} INFO - [2025-06-12T19:16:49.991+0000] {dag.py:3823} INFO - Setting next_dagrun for prediccion_modelo_produccion_dag to 2025-06-10 22:00:00+00:00, run_after=2025-06-11 22:00:00+00:00
[2025-06-12T19:16:50.039+0000] {processor.py:183} INFO - Processing /opt/airflow/dags/prediccion_modelo_produccion_dag.py took 0.293 seconds
[2025-06-12T19:17:20.431+0000] {processor.py:161} INFO - Started process (PID=496) to work on /opt/airflow/dags/prediccion_modelo_produccion_dag.py
[2025-06-12T19:17:20.435+0000] {processor.py:830} INFO - Processing file /opt/airflow/dags/prediccion_modelo_produccion_dag.py for tasks to queue
[2025-06-12T19:17:20.438+0000] {logging_mixin.py:188} INFO - [2025-06-12T19:17:20.437+0000] {dagbag.py:538} INFO - Filling up the DagBag from /opt/airflow/dags/prediccion_modelo_produccion_dag.py
[2025-06-12T19:17:20.462+0000] {processor.py:840} INFO - DAG(s) 'prediccion_modelo_produccion_dag' retrieved from /opt/airflow/dags/prediccion_modelo_produccion_dag.py
[2025-06-12T19:17:20.519+0000] {logging_mixin.py:188} INFO - [2025-06-12T19:17:20.518+0000] {dag.py:3036} INFO - Sync 1 DAGs
[2025-06-12T19:17:20.566+0000] {logging_mixin.py:188} INFO - [2025-06-12T19:17:20.565+0000] {dag.py:3823} INFO - Setting next_dagrun for prediccion_modelo_produccion_dag to 2025-06-10 22:00:00+00:00, run_after=2025-06-11 22:00:00+00:00
[2025-06-12T19:17:20.663+0000] {processor.py:183} INFO - Processing /opt/airflow/dags/prediccion_modelo_produccion_dag.py took 0.242 seconds
[2025-06-12T19:17:50.974+0000] {processor.py:161} INFO - Started process (PID=517) to work on /opt/airflow/dags/prediccion_modelo_produccion_dag.py
[2025-06-12T19:17:50.980+0000] {processor.py:830} INFO - Processing file /opt/airflow/dags/prediccion_modelo_produccion_dag.py for tasks to queue
[2025-06-12T19:17:50.984+0000] {logging_mixin.py:188} INFO - [2025-06-12T19:17:50.982+0000] {dagbag.py:538} INFO - Filling up the DagBag from /opt/airflow/dags/prediccion_modelo_produccion_dag.py
[2025-06-12T19:17:51.052+0000] {processor.py:840} INFO - DAG(s) 'prediccion_modelo_produccion_dag' retrieved from /opt/airflow/dags/prediccion_modelo_produccion_dag.py
[2025-06-12T19:17:51.163+0000] {logging_mixin.py:188} INFO - [2025-06-12T19:17:51.162+0000] {dag.py:3036} INFO - Sync 1 DAGs
[2025-06-12T19:17:51.253+0000] {logging_mixin.py:188} INFO - [2025-06-12T19:17:51.253+0000] {dag.py:3823} INFO - Setting next_dagrun for prediccion_modelo_produccion_dag to 2025-06-10 22:00:00+00:00, run_after=2025-06-11 22:00:00+00:00
[2025-06-12T19:17:51.336+0000] {processor.py:183} INFO - Processing /opt/airflow/dags/prediccion_modelo_produccion_dag.py took 0.388 seconds
[2025-06-12T19:18:22.006+0000] {processor.py:161} INFO - Started process (PID=553) to work on /opt/airflow/dags/prediccion_modelo_produccion_dag.py
[2025-06-12T19:18:22.009+0000] {processor.py:830} INFO - Processing file /opt/airflow/dags/prediccion_modelo_produccion_dag.py for tasks to queue
[2025-06-12T19:18:22.011+0000] {logging_mixin.py:188} INFO - [2025-06-12T19:18:22.010+0000] {dagbag.py:538} INFO - Filling up the DagBag from /opt/airflow/dags/prediccion_modelo_produccion_dag.py
[2025-06-12T19:18:22.027+0000] {processor.py:840} INFO - DAG(s) 'prediccion_modelo_produccion_dag' retrieved from /opt/airflow/dags/prediccion_modelo_produccion_dag.py
[2025-06-12T19:18:22.060+0000] {logging_mixin.py:188} INFO - [2025-06-12T19:18:22.060+0000] {dag.py:3036} INFO - Sync 1 DAGs
[2025-06-12T19:18:22.090+0000] {logging_mixin.py:188} INFO - [2025-06-12T19:18:22.089+0000] {dag.py:3823} INFO - Setting next_dagrun for prediccion_modelo_produccion_dag to 2025-06-10 22:00:00+00:00, run_after=2025-06-11 22:00:00+00:00
[2025-06-12T19:18:22.130+0000] {processor.py:183} INFO - Processing /opt/airflow/dags/prediccion_modelo_produccion_dag.py took 0.130 seconds
[2025-06-12T19:18:52.413+0000] {processor.py:161} INFO - Started process (PID=574) to work on /opt/airflow/dags/prediccion_modelo_produccion_dag.py
[2025-06-12T19:18:52.419+0000] {processor.py:830} INFO - Processing file /opt/airflow/dags/prediccion_modelo_produccion_dag.py for tasks to queue
[2025-06-12T19:18:52.421+0000] {logging_mixin.py:188} INFO - [2025-06-12T19:18:52.420+0000] {dagbag.py:538} INFO - Filling up the DagBag from /opt/airflow/dags/prediccion_modelo_produccion_dag.py
[2025-06-12T19:18:52.440+0000] {processor.py:840} INFO - DAG(s) 'prediccion_modelo_produccion_dag' retrieved from /opt/airflow/dags/prediccion_modelo_produccion_dag.py
[2025-06-12T19:18:52.480+0000] {logging_mixin.py:188} INFO - [2025-06-12T19:18:52.480+0000] {dag.py:3036} INFO - Sync 1 DAGs
[2025-06-12T19:18:52.509+0000] {logging_mixin.py:188} INFO - [2025-06-12T19:18:52.509+0000] {dag.py:3823} INFO - Setting next_dagrun for prediccion_modelo_produccion_dag to 2025-06-10 22:00:00+00:00, run_after=2025-06-11 22:00:00+00:00
[2025-06-12T19:18:52.552+0000] {processor.py:183} INFO - Processing /opt/airflow/dags/prediccion_modelo_produccion_dag.py took 0.146 seconds
[2025-06-12T19:19:23.146+0000] {processor.py:161} INFO - Started process (PID=610) to work on /opt/airflow/dags/prediccion_modelo_produccion_dag.py
[2025-06-12T19:19:23.156+0000] {processor.py:830} INFO - Processing file /opt/airflow/dags/prediccion_modelo_produccion_dag.py for tasks to queue
[2025-06-12T19:19:23.162+0000] {logging_mixin.py:188} INFO - [2025-06-12T19:19:23.161+0000] {dagbag.py:538} INFO - Filling up the DagBag from /opt/airflow/dags/prediccion_modelo_produccion_dag.py
[2025-06-12T19:19:23.210+0000] {processor.py:840} INFO - DAG(s) 'prediccion_modelo_produccion_dag' retrieved from /opt/airflow/dags/prediccion_modelo_produccion_dag.py
[2025-06-12T19:19:23.327+0000] {logging_mixin.py:188} INFO - [2025-06-12T19:19:23.326+0000] {dag.py:3036} INFO - Sync 1 DAGs
[2025-06-12T19:19:23.417+0000] {logging_mixin.py:188} INFO - [2025-06-12T19:19:23.416+0000] {dag.py:3823} INFO - Setting next_dagrun for prediccion_modelo_produccion_dag to 2025-06-10 22:00:00+00:00, run_after=2025-06-11 22:00:00+00:00
[2025-06-12T19:19:23.471+0000] {processor.py:183} INFO - Processing /opt/airflow/dags/prediccion_modelo_produccion_dag.py took 0.352 seconds
[2025-06-12T19:19:53.977+0000] {processor.py:161} INFO - Started process (PID=633) to work on /opt/airflow/dags/prediccion_modelo_produccion_dag.py
[2025-06-12T19:19:53.980+0000] {processor.py:830} INFO - Processing file /opt/airflow/dags/prediccion_modelo_produccion_dag.py for tasks to queue
[2025-06-12T19:19:53.982+0000] {logging_mixin.py:188} INFO - [2025-06-12T19:19:53.982+0000] {dagbag.py:538} INFO - Filling up the DagBag from /opt/airflow/dags/prediccion_modelo_produccion_dag.py
[2025-06-12T19:19:54.007+0000] {processor.py:840} INFO - DAG(s) 'prediccion_modelo_produccion_dag' retrieved from /opt/airflow/dags/prediccion_modelo_produccion_dag.py
[2025-06-12T19:19:54.062+0000] {logging_mixin.py:188} INFO - [2025-06-12T19:19:54.061+0000] {dag.py:3036} INFO - Sync 1 DAGs
[2025-06-12T19:19:54.112+0000] {logging_mixin.py:188} INFO - [2025-06-12T19:19:54.112+0000] {dag.py:3823} INFO - Setting next_dagrun for prediccion_modelo_produccion_dag to 2025-06-11 22:00:00+00:00, run_after=2025-06-12 22:00:00+00:00
[2025-06-12T19:19:54.167+0000] {processor.py:183} INFO - Processing /opt/airflow/dags/prediccion_modelo_produccion_dag.py took 0.200 seconds
[2025-06-12T19:20:24.720+0000] {processor.py:161} INFO - Started process (PID=759) to work on /opt/airflow/dags/prediccion_modelo_produccion_dag.py
[2025-06-12T19:20:24.722+0000] {processor.py:830} INFO - Processing file /opt/airflow/dags/prediccion_modelo_produccion_dag.py for tasks to queue
[2025-06-12T19:20:24.725+0000] {logging_mixin.py:188} INFO - [2025-06-12T19:20:24.724+0000] {dagbag.py:538} INFO - Filling up the DagBag from /opt/airflow/dags/prediccion_modelo_produccion_dag.py
[2025-06-12T19:20:24.742+0000] {processor.py:840} INFO - DAG(s) 'prediccion_modelo_produccion_dag' retrieved from /opt/airflow/dags/prediccion_modelo_produccion_dag.py
[2025-06-12T19:20:24.782+0000] {logging_mixin.py:188} INFO - [2025-06-12T19:20:24.782+0000] {dag.py:3036} INFO - Sync 1 DAGs
[2025-06-12T19:20:24.814+0000] {logging_mixin.py:188} INFO - [2025-06-12T19:20:24.814+0000] {dag.py:3823} INFO - Setting next_dagrun for prediccion_modelo_produccion_dag to 2025-06-11 22:00:00+00:00, run_after=2025-06-12 22:00:00+00:00
[2025-06-12T19:20:24.845+0000] {processor.py:183} INFO - Processing /opt/airflow/dags/prediccion_modelo_produccion_dag.py took 0.130 seconds
[2025-06-12T19:20:55.450+0000] {processor.py:161} INFO - Started process (PID=778) to work on /opt/airflow/dags/prediccion_modelo_produccion_dag.py
[2025-06-12T19:20:55.454+0000] {processor.py:830} INFO - Processing file /opt/airflow/dags/prediccion_modelo_produccion_dag.py for tasks to queue
[2025-06-12T19:20:55.456+0000] {logging_mixin.py:188} INFO - [2025-06-12T19:20:55.455+0000] {dagbag.py:538} INFO - Filling up the DagBag from /opt/airflow/dags/prediccion_modelo_produccion_dag.py
[2025-06-12T19:20:55.474+0000] {processor.py:840} INFO - DAG(s) 'prediccion_modelo_produccion_dag' retrieved from /opt/airflow/dags/prediccion_modelo_produccion_dag.py
[2025-06-12T19:20:55.515+0000] {logging_mixin.py:188} INFO - [2025-06-12T19:20:55.514+0000] {dag.py:3036} INFO - Sync 1 DAGs
[2025-06-12T19:20:55.550+0000] {logging_mixin.py:188} INFO - [2025-06-12T19:20:55.550+0000] {dag.py:3823} INFO - Setting next_dagrun for prediccion_modelo_produccion_dag to 2025-06-11 22:00:00+00:00, run_after=2025-06-12 22:00:00+00:00
[2025-06-12T19:20:55.586+0000] {processor.py:183} INFO - Processing /opt/airflow/dags/prediccion_modelo_produccion_dag.py took 0.141 seconds
[2025-06-12T19:21:25.882+0000] {processor.py:161} INFO - Started process (PID=814) to work on /opt/airflow/dags/prediccion_modelo_produccion_dag.py
[2025-06-12T19:21:25.884+0000] {processor.py:830} INFO - Processing file /opt/airflow/dags/prediccion_modelo_produccion_dag.py for tasks to queue
[2025-06-12T19:21:25.885+0000] {logging_mixin.py:188} INFO - [2025-06-12T19:21:25.885+0000] {dagbag.py:538} INFO - Filling up the DagBag from /opt/airflow/dags/prediccion_modelo_produccion_dag.py
[2025-06-12T19:21:25.904+0000] {processor.py:840} INFO - DAG(s) 'prediccion_modelo_produccion_dag' retrieved from /opt/airflow/dags/prediccion_modelo_produccion_dag.py
[2025-06-12T19:21:25.942+0000] {logging_mixin.py:188} INFO - [2025-06-12T19:21:25.942+0000] {dag.py:3036} INFO - Sync 1 DAGs
[2025-06-12T19:21:26.045+0000] {logging_mixin.py:188} INFO - [2025-06-12T19:21:26.044+0000] {dag.py:3823} INFO - Setting next_dagrun for prediccion_modelo_produccion_dag to 2025-06-11 22:00:00+00:00, run_after=2025-06-12 22:00:00+00:00
[2025-06-12T19:21:26.129+0000] {processor.py:183} INFO - Processing /opt/airflow/dags/prediccion_modelo_produccion_dag.py took 0.254 seconds
[2025-06-12T19:21:56.478+0000] {processor.py:161} INFO - Started process (PID=835) to work on /opt/airflow/dags/prediccion_modelo_produccion_dag.py
[2025-06-12T19:21:56.482+0000] {processor.py:830} INFO - Processing file /opt/airflow/dags/prediccion_modelo_produccion_dag.py for tasks to queue
[2025-06-12T19:21:56.486+0000] {logging_mixin.py:188} INFO - [2025-06-12T19:21:56.484+0000] {dagbag.py:538} INFO - Filling up the DagBag from /opt/airflow/dags/prediccion_modelo_produccion_dag.py
[2025-06-12T19:21:56.528+0000] {processor.py:840} INFO - DAG(s) 'prediccion_modelo_produccion_dag' retrieved from /opt/airflow/dags/prediccion_modelo_produccion_dag.py
[2025-06-12T19:21:56.630+0000] {logging_mixin.py:188} INFO - [2025-06-12T19:21:56.629+0000] {dag.py:3036} INFO - Sync 1 DAGs
[2025-06-12T19:21:56.749+0000] {logging_mixin.py:188} INFO - [2025-06-12T19:21:56.748+0000] {dag.py:3823} INFO - Setting next_dagrun for prediccion_modelo_produccion_dag to 2025-06-11 22:00:00+00:00, run_after=2025-06-12 22:00:00+00:00
[2025-06-12T19:21:56.870+0000] {processor.py:183} INFO - Processing /opt/airflow/dags/prediccion_modelo_produccion_dag.py took 0.407 seconds
[2025-06-12T19:22:27.395+0000] {processor.py:161} INFO - Started process (PID=900) to work on /opt/airflow/dags/prediccion_modelo_produccion_dag.py
[2025-06-12T19:22:27.398+0000] {processor.py:830} INFO - Processing file /opt/airflow/dags/prediccion_modelo_produccion_dag.py for tasks to queue
[2025-06-12T19:22:27.402+0000] {logging_mixin.py:188} INFO - [2025-06-12T19:22:27.400+0000] {dagbag.py:538} INFO - Filling up the DagBag from /opt/airflow/dags/prediccion_modelo_produccion_dag.py
[2025-06-12T19:22:27.447+0000] {processor.py:840} INFO - DAG(s) 'prediccion_modelo_produccion_dag' retrieved from /opt/airflow/dags/prediccion_modelo_produccion_dag.py
[2025-06-12T19:22:27.526+0000] {logging_mixin.py:188} INFO - [2025-06-12T19:22:27.526+0000] {dag.py:3036} INFO - Sync 1 DAGs
[2025-06-12T19:22:27.593+0000] {logging_mixin.py:188} INFO - [2025-06-12T19:22:27.593+0000] {dag.py:3823} INFO - Setting next_dagrun for prediccion_modelo_produccion_dag to 2025-06-11 22:00:00+00:00, run_after=2025-06-12 22:00:00+00:00
[2025-06-12T19:22:27.648+0000] {processor.py:183} INFO - Processing /opt/airflow/dags/prediccion_modelo_produccion_dag.py took 0.266 seconds
[2025-06-12T19:22:58.354+0000] {processor.py:161} INFO - Started process (PID=921) to work on /opt/airflow/dags/prediccion_modelo_produccion_dag.py
[2025-06-12T19:22:58.364+0000] {processor.py:830} INFO - Processing file /opt/airflow/dags/prediccion_modelo_produccion_dag.py for tasks to queue
[2025-06-12T19:22:58.371+0000] {logging_mixin.py:188} INFO - [2025-06-12T19:22:58.369+0000] {dagbag.py:538} INFO - Filling up the DagBag from /opt/airflow/dags/prediccion_modelo_produccion_dag.py
[2025-06-12T19:22:58.429+0000] {processor.py:840} INFO - DAG(s) 'prediccion_modelo_produccion_dag' retrieved from /opt/airflow/dags/prediccion_modelo_produccion_dag.py
[2025-06-12T19:22:58.548+0000] {logging_mixin.py:188} INFO - [2025-06-12T19:22:58.548+0000] {dag.py:3036} INFO - Sync 1 DAGs
[2025-06-12T19:22:58.651+0000] {logging_mixin.py:188} INFO - [2025-06-12T19:22:58.650+0000] {dag.py:3823} INFO - Setting next_dagrun for prediccion_modelo_produccion_dag to 2025-06-11 22:00:00+00:00, run_after=2025-06-12 22:00:00+00:00
[2025-06-12T19:22:58.742+0000] {processor.py:183} INFO - Processing /opt/airflow/dags/prediccion_modelo_produccion_dag.py took 0.412 seconds
[2025-06-12T19:23:29.471+0000] {processor.py:161} INFO - Started process (PID=957) to work on /opt/airflow/dags/prediccion_modelo_produccion_dag.py
[2025-06-12T19:23:29.476+0000] {processor.py:830} INFO - Processing file /opt/airflow/dags/prediccion_modelo_produccion_dag.py for tasks to queue
[2025-06-12T19:23:29.481+0000] {logging_mixin.py:188} INFO - [2025-06-12T19:23:29.479+0000] {dagbag.py:538} INFO - Filling up the DagBag from /opt/airflow/dags/prediccion_modelo_produccion_dag.py
[2025-06-12T19:23:29.535+0000] {processor.py:840} INFO - DAG(s) 'prediccion_modelo_produccion_dag' retrieved from /opt/airflow/dags/prediccion_modelo_produccion_dag.py
[2025-06-12T19:23:29.652+0000] {logging_mixin.py:188} INFO - [2025-06-12T19:23:29.651+0000] {dag.py:3036} INFO - Sync 1 DAGs
[2025-06-12T19:23:29.758+0000] {logging_mixin.py:188} INFO - [2025-06-12T19:23:29.757+0000] {dag.py:3823} INFO - Setting next_dagrun for prediccion_modelo_produccion_dag to 2025-06-11 22:00:00+00:00, run_after=2025-06-12 22:00:00+00:00
[2025-06-12T19:23:29.862+0000] {processor.py:183} INFO - Processing /opt/airflow/dags/prediccion_modelo_produccion_dag.py took 0.409 seconds
[2025-06-12T19:24:00.216+0000] {processor.py:161} INFO - Started process (PID=980) to work on /opt/airflow/dags/prediccion_modelo_produccion_dag.py
[2025-06-12T19:24:00.219+0000] {processor.py:830} INFO - Processing file /opt/airflow/dags/prediccion_modelo_produccion_dag.py for tasks to queue
[2025-06-12T19:24:00.222+0000] {logging_mixin.py:188} INFO - [2025-06-12T19:24:00.221+0000] {dagbag.py:538} INFO - Filling up the DagBag from /opt/airflow/dags/prediccion_modelo_produccion_dag.py
[2025-06-12T19:24:00.259+0000] {processor.py:840} INFO - DAG(s) 'prediccion_modelo_produccion_dag' retrieved from /opt/airflow/dags/prediccion_modelo_produccion_dag.py
[2025-06-12T19:24:00.356+0000] {logging_mixin.py:188} INFO - [2025-06-12T19:24:00.356+0000] {dag.py:3036} INFO - Sync 1 DAGs
[2025-06-12T19:24:00.459+0000] {logging_mixin.py:188} INFO - [2025-06-12T19:24:00.458+0000] {dag.py:3823} INFO - Setting next_dagrun for prediccion_modelo_produccion_dag to 2025-06-11 22:00:00+00:00, run_after=2025-06-12 22:00:00+00:00
[2025-06-12T19:24:00.507+0000] {processor.py:183} INFO - Processing /opt/airflow/dags/prediccion_modelo_produccion_dag.py took 0.305 seconds
[2025-06-12T19:24:30.584+0000] {processor.py:161} INFO - Started process (PID=1014) to work on /opt/airflow/dags/prediccion_modelo_produccion_dag.py
[2025-06-12T19:24:30.588+0000] {processor.py:830} INFO - Processing file /opt/airflow/dags/prediccion_modelo_produccion_dag.py for tasks to queue
[2025-06-12T19:24:30.592+0000] {logging_mixin.py:188} INFO - [2025-06-12T19:24:30.591+0000] {dagbag.py:538} INFO - Filling up the DagBag from /opt/airflow/dags/prediccion_modelo_produccion_dag.py
[2025-06-12T19:24:30.645+0000] {processor.py:840} INFO - DAG(s) 'prediccion_modelo_produccion_dag' retrieved from /opt/airflow/dags/prediccion_modelo_produccion_dag.py
[2025-06-12T19:24:30.734+0000] {logging_mixin.py:188} INFO - [2025-06-12T19:24:30.733+0000] {dag.py:3036} INFO - Sync 1 DAGs
[2025-06-12T19:24:30.811+0000] {logging_mixin.py:188} INFO - [2025-06-12T19:24:30.811+0000] {dag.py:3823} INFO - Setting next_dagrun for prediccion_modelo_produccion_dag to 2025-06-11 22:00:00+00:00, run_after=2025-06-12 22:00:00+00:00
[2025-06-12T19:24:30.838+0000] {processor.py:183} INFO - Processing /opt/airflow/dags/prediccion_modelo_produccion_dag.py took 0.268 seconds
[2025-06-12T19:25:01.205+0000] {processor.py:161} INFO - Started process (PID=1046) to work on /opt/airflow/dags/prediccion_modelo_produccion_dag.py
[2025-06-12T19:25:01.207+0000] {processor.py:830} INFO - Processing file /opt/airflow/dags/prediccion_modelo_produccion_dag.py for tasks to queue
[2025-06-12T19:25:01.208+0000] {logging_mixin.py:188} INFO - [2025-06-12T19:25:01.208+0000] {dagbag.py:538} INFO - Filling up the DagBag from /opt/airflow/dags/prediccion_modelo_produccion_dag.py
[2025-06-12T19:25:01.224+0000] {processor.py:840} INFO - DAG(s) 'prediccion_modelo_produccion_dag' retrieved from /opt/airflow/dags/prediccion_modelo_produccion_dag.py
[2025-06-12T19:25:01.260+0000] {logging_mixin.py:188} INFO - [2025-06-12T19:25:01.259+0000] {dag.py:3036} INFO - Sync 1 DAGs
[2025-06-12T19:25:01.301+0000] {logging_mixin.py:188} INFO - [2025-06-12T19:25:01.301+0000] {dag.py:3823} INFO - Setting next_dagrun for prediccion_modelo_produccion_dag to 2025-06-11 22:00:00+00:00, run_after=2025-06-12 22:00:00+00:00
[2025-06-12T19:25:01.336+0000] {processor.py:183} INFO - Processing /opt/airflow/dags/prediccion_modelo_produccion_dag.py took 0.139 seconds
[2025-06-12T19:25:31.624+0000] {processor.py:161} INFO - Started process (PID=1190) to work on /opt/airflow/dags/prediccion_modelo_produccion_dag.py
[2025-06-12T19:25:31.626+0000] {processor.py:830} INFO - Processing file /opt/airflow/dags/prediccion_modelo_produccion_dag.py for tasks to queue
[2025-06-12T19:25:31.628+0000] {logging_mixin.py:188} INFO - [2025-06-12T19:25:31.627+0000] {dagbag.py:538} INFO - Filling up the DagBag from /opt/airflow/dags/prediccion_modelo_produccion_dag.py
[2025-06-12T19:25:31.653+0000] {processor.py:840} INFO - DAG(s) 'prediccion_modelo_produccion_dag' retrieved from /opt/airflow/dags/prediccion_modelo_produccion_dag.py
[2025-06-12T19:25:31.694+0000] {logging_mixin.py:188} INFO - [2025-06-12T19:25:31.693+0000] {dag.py:3036} INFO - Sync 1 DAGs
[2025-06-12T19:25:31.725+0000] {logging_mixin.py:188} INFO - [2025-06-12T19:25:31.725+0000] {dag.py:3823} INFO - Setting next_dagrun for prediccion_modelo_produccion_dag to 2025-06-11 22:00:00+00:00, run_after=2025-06-12 22:00:00+00:00
[2025-06-12T19:25:31.753+0000] {processor.py:183} INFO - Processing /opt/airflow/dags/prediccion_modelo_produccion_dag.py took 0.136 seconds
[2025-06-12T19:26:49.121+0000] {processor.py:161} INFO - Started process (PID=195) to work on /opt/airflow/dags/prediccion_modelo_produccion_dag.py
[2025-06-12T19:26:49.126+0000] {processor.py:830} INFO - Processing file /opt/airflow/dags/prediccion_modelo_produccion_dag.py for tasks to queue
[2025-06-12T19:26:49.127+0000] {logging_mixin.py:188} INFO - [2025-06-12T19:26:49.127+0000] {dagbag.py:538} INFO - Filling up the DagBag from /opt/airflow/dags/prediccion_modelo_produccion_dag.py
[2025-06-12T19:26:49.144+0000] {processor.py:840} INFO - DAG(s) 'prediccion_modelo_produccion_dag' retrieved from /opt/airflow/dags/prediccion_modelo_produccion_dag.py
[2025-06-12T19:26:49.298+0000] {logging_mixin.py:188} INFO - [2025-06-12T19:26:49.298+0000] {dag.py:3036} INFO - Sync 1 DAGs
[2025-06-12T19:26:49.329+0000] {logging_mixin.py:188} INFO - [2025-06-12T19:26:49.329+0000] {dag.py:3823} INFO - Setting next_dagrun for prediccion_modelo_produccion_dag to 2025-06-11 22:00:00+00:00, run_after=2025-06-12 22:00:00+00:00
[2025-06-12T19:26:49.353+0000] {processor.py:183} INFO - Processing /opt/airflow/dags/prediccion_modelo_produccion_dag.py took 0.239 seconds
[2025-06-12T19:27:19.684+0000] {processor.py:161} INFO - Started process (PID=215) to work on /opt/airflow/dags/prediccion_modelo_produccion_dag.py
[2025-06-12T19:27:19.687+0000] {processor.py:830} INFO - Processing file /opt/airflow/dags/prediccion_modelo_produccion_dag.py for tasks to queue
[2025-06-12T19:27:19.689+0000] {logging_mixin.py:188} INFO - [2025-06-12T19:27:19.689+0000] {dagbag.py:538} INFO - Filling up the DagBag from /opt/airflow/dags/prediccion_modelo_produccion_dag.py
[2025-06-12T19:27:19.714+0000] {processor.py:840} INFO - DAG(s) 'prediccion_modelo_produccion_dag' retrieved from /opt/airflow/dags/prediccion_modelo_produccion_dag.py
[2025-06-12T19:27:19.783+0000] {logging_mixin.py:188} INFO - [2025-06-12T19:27:19.783+0000] {dag.py:3036} INFO - Sync 1 DAGs
[2025-06-12T19:27:19.860+0000] {logging_mixin.py:188} INFO - [2025-06-12T19:27:19.860+0000] {dag.py:3823} INFO - Setting next_dagrun for prediccion_modelo_produccion_dag to 2025-06-11 22:00:00+00:00, run_after=2025-06-12 22:00:00+00:00
[2025-06-12T19:27:19.912+0000] {processor.py:183} INFO - Processing /opt/airflow/dags/prediccion_modelo_produccion_dag.py took 0.238 seconds
[2025-06-12T19:27:50.606+0000] {processor.py:161} INFO - Started process (PID=290) to work on /opt/airflow/dags/prediccion_modelo_produccion_dag.py
[2025-06-12T19:27:50.608+0000] {processor.py:830} INFO - Processing file /opt/airflow/dags/prediccion_modelo_produccion_dag.py for tasks to queue
[2025-06-12T19:27:50.610+0000] {logging_mixin.py:188} INFO - [2025-06-12T19:27:50.610+0000] {dagbag.py:538} INFO - Filling up the DagBag from /opt/airflow/dags/prediccion_modelo_produccion_dag.py
[2025-06-12T19:27:50.660+0000] {processor.py:840} INFO - DAG(s) 'prediccion_modelo_produccion_dag' retrieved from /opt/airflow/dags/prediccion_modelo_produccion_dag.py
[2025-06-12T19:27:50.703+0000] {logging_mixin.py:188} INFO - [2025-06-12T19:27:50.702+0000] {dag.py:3036} INFO - Sync 1 DAGs
[2025-06-12T19:27:50.766+0000] {logging_mixin.py:188} INFO - [2025-06-12T19:27:50.765+0000] {dag.py:3823} INFO - Setting next_dagrun for prediccion_modelo_produccion_dag to 2025-06-11 22:00:00+00:00, run_after=2025-06-12 22:00:00+00:00
[2025-06-12T19:27:50.798+0000] {processor.py:183} INFO - Processing /opt/airflow/dags/prediccion_modelo_produccion_dag.py took 0.204 seconds
[2025-06-12T19:28:21.339+0000] {processor.py:161} INFO - Started process (PID=466) to work on /opt/airflow/dags/prediccion_modelo_produccion_dag.py
[2025-06-12T19:28:21.344+0000] {processor.py:830} INFO - Processing file /opt/airflow/dags/prediccion_modelo_produccion_dag.py for tasks to queue
[2025-06-12T19:28:21.348+0000] {logging_mixin.py:188} INFO - [2025-06-12T19:28:21.347+0000] {dagbag.py:538} INFO - Filling up the DagBag from /opt/airflow/dags/prediccion_modelo_produccion_dag.py
[2025-06-12T19:28:21.404+0000] {processor.py:840} INFO - DAG(s) 'prediccion_modelo_produccion_dag' retrieved from /opt/airflow/dags/prediccion_modelo_produccion_dag.py
[2025-06-12T19:28:21.524+0000] {logging_mixin.py:188} INFO - [2025-06-12T19:28:21.523+0000] {dag.py:3036} INFO - Sync 1 DAGs
[2025-06-12T19:28:21.651+0000] {logging_mixin.py:188} INFO - [2025-06-12T19:28:21.649+0000] {dag.py:3823} INFO - Setting next_dagrun for prediccion_modelo_produccion_dag to 2025-06-11 22:00:00+00:00, run_after=2025-06-12 22:00:00+00:00
[2025-06-12T19:28:21.759+0000] {processor.py:183} INFO - Processing /opt/airflow/dags/prediccion_modelo_produccion_dag.py took 0.441 seconds
[2025-06-12T19:28:52.005+0000] {processor.py:161} INFO - Started process (PID=502) to work on /opt/airflow/dags/prediccion_modelo_produccion_dag.py
[2025-06-12T19:28:52.009+0000] {processor.py:830} INFO - Processing file /opt/airflow/dags/prediccion_modelo_produccion_dag.py for tasks to queue
[2025-06-12T19:28:52.012+0000] {logging_mixin.py:188} INFO - [2025-06-12T19:28:52.011+0000] {dagbag.py:538} INFO - Filling up the DagBag from /opt/airflow/dags/prediccion_modelo_produccion_dag.py
[2025-06-12T19:28:52.047+0000] {processor.py:840} INFO - DAG(s) 'prediccion_modelo_produccion_dag' retrieved from /opt/airflow/dags/prediccion_modelo_produccion_dag.py
[2025-06-12T19:28:52.125+0000] {logging_mixin.py:188} INFO - [2025-06-12T19:28:52.124+0000] {dag.py:3036} INFO - Sync 1 DAGs
[2025-06-12T19:28:52.195+0000] {logging_mixin.py:188} INFO - [2025-06-12T19:28:52.194+0000] {dag.py:3823} INFO - Setting next_dagrun for prediccion_modelo_produccion_dag to 2025-06-11 22:00:00+00:00, run_after=2025-06-12 22:00:00+00:00
[2025-06-12T19:28:52.258+0000] {processor.py:183} INFO - Processing /opt/airflow/dags/prediccion_modelo_produccion_dag.py took 0.267 seconds
[2025-06-12T19:29:22.558+0000] {processor.py:161} INFO - Started process (PID=539) to work on /opt/airflow/dags/prediccion_modelo_produccion_dag.py
[2025-06-12T19:29:22.560+0000] {processor.py:830} INFO - Processing file /opt/airflow/dags/prediccion_modelo_produccion_dag.py for tasks to queue
[2025-06-12T19:29:22.563+0000] {logging_mixin.py:188} INFO - [2025-06-12T19:29:22.562+0000] {dagbag.py:538} INFO - Filling up the DagBag from /opt/airflow/dags/prediccion_modelo_produccion_dag.py
[2025-06-12T19:29:22.589+0000] {processor.py:840} INFO - DAG(s) 'prediccion_modelo_produccion_dag' retrieved from /opt/airflow/dags/prediccion_modelo_produccion_dag.py
[2025-06-12T19:29:22.695+0000] {logging_mixin.py:188} INFO - [2025-06-12T19:29:22.694+0000] {dag.py:3036} INFO - Sync 1 DAGs
[2025-06-12T19:29:22.750+0000] {logging_mixin.py:188} INFO - [2025-06-12T19:29:22.749+0000] {dag.py:3823} INFO - Setting next_dagrun for prediccion_modelo_produccion_dag to 2025-06-11 22:00:00+00:00, run_after=2025-06-12 22:00:00+00:00
[2025-06-12T19:29:22.782+0000] {processor.py:183} INFO - Processing /opt/airflow/dags/prediccion_modelo_produccion_dag.py took 0.237 seconds
[2025-06-12T19:29:53.192+0000] {processor.py:161} INFO - Started process (PID=663) to work on /opt/airflow/dags/prediccion_modelo_produccion_dag.py
[2025-06-12T19:29:53.194+0000] {processor.py:830} INFO - Processing file /opt/airflow/dags/prediccion_modelo_produccion_dag.py for tasks to queue
[2025-06-12T19:29:53.196+0000] {logging_mixin.py:188} INFO - [2025-06-12T19:29:53.195+0000] {dagbag.py:538} INFO - Filling up the DagBag from /opt/airflow/dags/prediccion_modelo_produccion_dag.py
[2025-06-12T19:29:53.214+0000] {processor.py:840} INFO - DAG(s) 'prediccion_modelo_produccion_dag' retrieved from /opt/airflow/dags/prediccion_modelo_produccion_dag.py
[2025-06-12T19:29:53.268+0000] {logging_mixin.py:188} INFO - [2025-06-12T19:29:53.268+0000] {dag.py:3036} INFO - Sync 1 DAGs
[2025-06-12T19:29:53.336+0000] {logging_mixin.py:188} INFO - [2025-06-12T19:29:53.335+0000] {dag.py:3823} INFO - Setting next_dagrun for prediccion_modelo_produccion_dag to 2025-06-11 22:00:00+00:00, run_after=2025-06-12 22:00:00+00:00
[2025-06-12T19:29:53.393+0000] {processor.py:183} INFO - Processing /opt/airflow/dags/prediccion_modelo_produccion_dag.py took 0.208 seconds
[2025-06-12T19:30:23.462+0000] {processor.py:161} INFO - Started process (PID=747) to work on /opt/airflow/dags/prediccion_modelo_produccion_dag.py
[2025-06-12T19:30:23.464+0000] {processor.py:830} INFO - Processing file /opt/airflow/dags/prediccion_modelo_produccion_dag.py for tasks to queue
[2025-06-12T19:30:23.465+0000] {logging_mixin.py:188} INFO - [2025-06-12T19:30:23.465+0000] {dagbag.py:538} INFO - Filling up the DagBag from /opt/airflow/dags/prediccion_modelo_produccion_dag.py
[2025-06-12T19:30:23.484+0000] {processor.py:840} INFO - DAG(s) 'prediccion_modelo_produccion_dag' retrieved from /opt/airflow/dags/prediccion_modelo_produccion_dag.py
[2025-06-12T19:30:23.547+0000] {logging_mixin.py:188} INFO - [2025-06-12T19:30:23.547+0000] {dag.py:3036} INFO - Sync 1 DAGs
[2025-06-12T19:30:23.644+0000] {logging_mixin.py:188} INFO - [2025-06-12T19:30:23.643+0000] {dag.py:3823} INFO - Setting next_dagrun for prediccion_modelo_produccion_dag to 2025-06-11 22:00:00+00:00, run_after=2025-06-12 22:00:00+00:00
[2025-06-12T19:30:23.734+0000] {processor.py:183} INFO - Processing /opt/airflow/dags/prediccion_modelo_produccion_dag.py took 0.278 seconds
[2025-06-12T19:30:54.148+0000] {processor.py:161} INFO - Started process (PID=819) to work on /opt/airflow/dags/prediccion_modelo_produccion_dag.py
[2025-06-12T19:30:54.151+0000] {processor.py:830} INFO - Processing file /opt/airflow/dags/prediccion_modelo_produccion_dag.py for tasks to queue
[2025-06-12T19:30:54.153+0000] {logging_mixin.py:188} INFO - [2025-06-12T19:30:54.153+0000] {dagbag.py:538} INFO - Filling up the DagBag from /opt/airflow/dags/prediccion_modelo_produccion_dag.py
[2025-06-12T19:30:54.173+0000] {processor.py:840} INFO - DAG(s) 'prediccion_modelo_produccion_dag' retrieved from /opt/airflow/dags/prediccion_modelo_produccion_dag.py
[2025-06-12T19:30:54.211+0000] {logging_mixin.py:188} INFO - [2025-06-12T19:30:54.211+0000] {dag.py:3036} INFO - Sync 1 DAGs
[2025-06-12T19:30:54.244+0000] {logging_mixin.py:188} INFO - [2025-06-12T19:30:54.243+0000] {dag.py:3823} INFO - Setting next_dagrun for prediccion_modelo_produccion_dag to 2025-06-11 22:00:00+00:00, run_after=2025-06-12 22:00:00+00:00
[2025-06-12T19:30:54.277+0000] {processor.py:183} INFO - Processing /opt/airflow/dags/prediccion_modelo_produccion_dag.py took 0.137 seconds
