[2025-06-12T19:15:47.211+0000] {processor.py:161} INFO - Started process (PID=369) to work on /opt/airflow/dags/procesamiento_datos_autopia_dag.py
[2025-06-12T19:15:47.216+0000] {processor.py:830} INFO - Processing file /opt/airflow/dags/procesamiento_datos_autopia_dag.py for tasks to queue
[2025-06-12T19:15:47.219+0000] {logging_mixin.py:188} INFO - [2025-06-12T19:15:47.218+0000] {dagbag.py:538} INFO - Filling up the DagBag from /opt/airflow/dags/procesamiento_datos_autopia_dag.py
[2025-06-12T19:15:47.299+0000] {processor.py:840} INFO - DAG(s) 'procesamiento_datos_autopia_dag' retrieved from /opt/airflow/dags/procesamiento_datos_autopia_dag.py
[2025-06-12T19:15:47.811+0000] {logging_mixin.py:188} INFO - [2025-06-12T19:15:47.809+0000] {override.py:1769} INFO - Created Permission View: can delete on DAG:procesamiento_datos_autopia_dag
[2025-06-12T19:15:47.829+0000] {logging_mixin.py:188} INFO - [2025-06-12T19:15:47.828+0000] {override.py:1769} INFO - Created Permission View: can read on DAG:procesamiento_datos_autopia_dag
[2025-06-12T19:15:47.841+0000] {logging_mixin.py:188} INFO - [2025-06-12T19:15:47.840+0000] {override.py:1769} INFO - Created Permission View: can edit on DAG:procesamiento_datos_autopia_dag
[2025-06-12T19:15:47.842+0000] {logging_mixin.py:188} INFO - [2025-06-12T19:15:47.841+0000] {dag.py:3036} INFO - Sync 1 DAGs
[2025-06-12T19:15:47.868+0000] {logging_mixin.py:188} INFO - [2025-06-12T19:15:47.867+0000] {dag.py:3058} INFO - Creating ORM DAG for procesamiento_datos_autopia_dag
[2025-06-12T19:15:47.869+0000] {logging_mixin.py:188} INFO - [2025-06-12T19:15:47.869+0000] {dag.py:3823} INFO - Setting next_dagrun for procesamiento_datos_autopia_dag to None, run_after=None
[2025-06-12T19:15:47.908+0000] {processor.py:183} INFO - Processing /opt/airflow/dags/procesamiento_datos_autopia_dag.py took 0.708 seconds
[2025-06-12T19:16:18.035+0000] {processor.py:161} INFO - Started process (PID=397) to work on /opt/airflow/dags/procesamiento_datos_autopia_dag.py
[2025-06-12T19:16:18.045+0000] {processor.py:830} INFO - Processing file /opt/airflow/dags/procesamiento_datos_autopia_dag.py for tasks to queue
[2025-06-12T19:16:18.051+0000] {logging_mixin.py:188} INFO - [2025-06-12T19:16:18.049+0000] {dagbag.py:538} INFO - Filling up the DagBag from /opt/airflow/dags/procesamiento_datos_autopia_dag.py
[2025-06-12T19:16:18.108+0000] {processor.py:840} INFO - DAG(s) 'procesamiento_datos_autopia_dag' retrieved from /opt/airflow/dags/procesamiento_datos_autopia_dag.py
[2025-06-12T19:16:18.403+0000] {logging_mixin.py:188} INFO - [2025-06-12T19:16:18.402+0000] {dag.py:3036} INFO - Sync 1 DAGs
[2025-06-12T19:16:18.432+0000] {logging_mixin.py:188} INFO - [2025-06-12T19:16:18.432+0000] {dag.py:3823} INFO - Setting next_dagrun for procesamiento_datos_autopia_dag to None, run_after=None
[2025-06-12T19:16:18.476+0000] {processor.py:183} INFO - Processing /opt/airflow/dags/procesamiento_datos_autopia_dag.py took 0.462 seconds
[2025-06-12T19:16:49.198+0000] {processor.py:161} INFO - Started process (PID=425) to work on /opt/airflow/dags/procesamiento_datos_autopia_dag.py
[2025-06-12T19:16:49.218+0000] {processor.py:830} INFO - Processing file /opt/airflow/dags/procesamiento_datos_autopia_dag.py for tasks to queue
[2025-06-12T19:16:49.236+0000] {logging_mixin.py:188} INFO - [2025-06-12T19:16:49.232+0000] {dagbag.py:538} INFO - Filling up the DagBag from /opt/airflow/dags/procesamiento_datos_autopia_dag.py
[2025-06-12T19:16:49.281+0000] {processor.py:840} INFO - DAG(s) 'procesamiento_datos_autopia_dag' retrieved from /opt/airflow/dags/procesamiento_datos_autopia_dag.py
[2025-06-12T19:16:49.418+0000] {logging_mixin.py:188} INFO - [2025-06-12T19:16:49.417+0000] {dag.py:3036} INFO - Sync 1 DAGs
[2025-06-12T19:16:49.512+0000] {logging_mixin.py:188} INFO - [2025-06-12T19:16:49.509+0000] {dag.py:3823} INFO - Setting next_dagrun for procesamiento_datos_autopia_dag to None, run_after=None
[2025-06-12T19:16:49.627+0000] {processor.py:183} INFO - Processing /opt/airflow/dags/procesamiento_datos_autopia_dag.py took 0.463 seconds
[2025-06-12T19:17:20.000+0000] {processor.py:161} INFO - Started process (PID=488) to work on /opt/airflow/dags/procesamiento_datos_autopia_dag.py
[2025-06-12T19:17:20.008+0000] {processor.py:830} INFO - Processing file /opt/airflow/dags/procesamiento_datos_autopia_dag.py for tasks to queue
[2025-06-12T19:17:20.013+0000] {logging_mixin.py:188} INFO - [2025-06-12T19:17:20.011+0000] {dagbag.py:538} INFO - Filling up the DagBag from /opt/airflow/dags/procesamiento_datos_autopia_dag.py
[2025-06-12T19:17:20.064+0000] {processor.py:840} INFO - DAG(s) 'procesamiento_datos_autopia_dag' retrieved from /opt/airflow/dags/procesamiento_datos_autopia_dag.py
[2025-06-12T19:17:20.214+0000] {logging_mixin.py:188} INFO - [2025-06-12T19:17:20.212+0000] {dag.py:3036} INFO - Sync 1 DAGs
[2025-06-12T19:17:20.274+0000] {logging_mixin.py:188} INFO - [2025-06-12T19:17:20.273+0000] {dag.py:3823} INFO - Setting next_dagrun for procesamiento_datos_autopia_dag to None, run_after=None
[2025-06-12T19:17:20.360+0000] {processor.py:183} INFO - Processing /opt/airflow/dags/procesamiento_datos_autopia_dag.py took 0.380 seconds
[2025-06-12T19:17:50.468+0000] {processor.py:161} INFO - Started process (PID=509) to work on /opt/airflow/dags/procesamiento_datos_autopia_dag.py
[2025-06-12T19:17:50.473+0000] {processor.py:830} INFO - Processing file /opt/airflow/dags/procesamiento_datos_autopia_dag.py for tasks to queue
[2025-06-12T19:17:50.477+0000] {logging_mixin.py:188} INFO - [2025-06-12T19:17:50.475+0000] {dagbag.py:538} INFO - Filling up the DagBag from /opt/airflow/dags/procesamiento_datos_autopia_dag.py
[2025-06-12T19:17:50.524+0000] {processor.py:840} INFO - DAG(s) 'procesamiento_datos_autopia_dag' retrieved from /opt/airflow/dags/procesamiento_datos_autopia_dag.py
[2025-06-12T19:17:50.652+0000] {logging_mixin.py:188} INFO - [2025-06-12T19:17:50.651+0000] {dag.py:3036} INFO - Sync 1 DAGs
[2025-06-12T19:17:50.718+0000] {logging_mixin.py:188} INFO - [2025-06-12T19:17:50.717+0000] {dag.py:3823} INFO - Setting next_dagrun for procesamiento_datos_autopia_dag to None, run_after=None
[2025-06-12T19:17:50.814+0000] {processor.py:183} INFO - Processing /opt/airflow/dags/procesamiento_datos_autopia_dag.py took 0.364 seconds
[2025-06-12T19:18:21.532+0000] {processor.py:161} INFO - Started process (PID=545) to work on /opt/airflow/dags/procesamiento_datos_autopia_dag.py
[2025-06-12T19:18:21.542+0000] {processor.py:830} INFO - Processing file /opt/airflow/dags/procesamiento_datos_autopia_dag.py for tasks to queue
[2025-06-12T19:18:21.548+0000] {logging_mixin.py:188} INFO - [2025-06-12T19:18:21.546+0000] {dagbag.py:538} INFO - Filling up the DagBag from /opt/airflow/dags/procesamiento_datos_autopia_dag.py
[2025-06-12T19:18:21.603+0000] {processor.py:840} INFO - DAG(s) 'procesamiento_datos_autopia_dag' retrieved from /opt/airflow/dags/procesamiento_datos_autopia_dag.py
[2025-06-12T19:18:21.749+0000] {logging_mixin.py:188} INFO - [2025-06-12T19:18:21.749+0000] {dag.py:3036} INFO - Sync 1 DAGs
[2025-06-12T19:18:21.808+0000] {logging_mixin.py:188} INFO - [2025-06-12T19:18:21.807+0000] {dag.py:3823} INFO - Setting next_dagrun for procesamiento_datos_autopia_dag to None, run_after=None
[2025-06-12T19:18:21.921+0000] {processor.py:183} INFO - Processing /opt/airflow/dags/procesamiento_datos_autopia_dag.py took 0.414 seconds
[2025-06-12T19:18:52.185+0000] {processor.py:161} INFO - Started process (PID=566) to work on /opt/airflow/dags/procesamiento_datos_autopia_dag.py
[2025-06-12T19:18:52.192+0000] {processor.py:830} INFO - Processing file /opt/airflow/dags/procesamiento_datos_autopia_dag.py for tasks to queue
[2025-06-12T19:18:52.198+0000] {logging_mixin.py:188} INFO - [2025-06-12T19:18:52.195+0000] {dagbag.py:538} INFO - Filling up the DagBag from /opt/airflow/dags/procesamiento_datos_autopia_dag.py
[2025-06-12T19:18:52.243+0000] {processor.py:840} INFO - DAG(s) 'procesamiento_datos_autopia_dag' retrieved from /opt/airflow/dags/procesamiento_datos_autopia_dag.py
[2025-06-12T19:18:52.318+0000] {logging_mixin.py:188} INFO - [2025-06-12T19:18:52.318+0000] {dag.py:3036} INFO - Sync 1 DAGs
[2025-06-12T19:18:52.337+0000] {logging_mixin.py:188} INFO - [2025-06-12T19:18:52.337+0000] {dag.py:3823} INFO - Setting next_dagrun for procesamiento_datos_autopia_dag to None, run_after=None
[2025-06-12T19:18:52.369+0000] {processor.py:183} INFO - Processing /opt/airflow/dags/procesamiento_datos_autopia_dag.py took 0.203 seconds
[2025-06-12T19:19:22.629+0000] {processor.py:161} INFO - Started process (PID=602) to work on /opt/airflow/dags/procesamiento_datos_autopia_dag.py
[2025-06-12T19:19:22.639+0000] {processor.py:830} INFO - Processing file /opt/airflow/dags/procesamiento_datos_autopia_dag.py for tasks to queue
[2025-06-12T19:19:22.645+0000] {logging_mixin.py:188} INFO - [2025-06-12T19:19:22.643+0000] {dagbag.py:538} INFO - Filling up the DagBag from /opt/airflow/dags/procesamiento_datos_autopia_dag.py
[2025-06-12T19:19:22.704+0000] {processor.py:840} INFO - DAG(s) 'procesamiento_datos_autopia_dag' retrieved from /opt/airflow/dags/procesamiento_datos_autopia_dag.py
[2025-06-12T19:19:22.859+0000] {logging_mixin.py:188} INFO - [2025-06-12T19:19:22.858+0000] {dag.py:3036} INFO - Sync 1 DAGs
[2025-06-12T19:19:22.930+0000] {logging_mixin.py:188} INFO - [2025-06-12T19:19:22.929+0000] {dag.py:3823} INFO - Setting next_dagrun for procesamiento_datos_autopia_dag to None, run_after=None
[2025-06-12T19:19:23.017+0000] {processor.py:183} INFO - Processing /opt/airflow/dags/procesamiento_datos_autopia_dag.py took 0.410 seconds
[2025-06-12T19:19:53.666+0000] {processor.py:161} INFO - Started process (PID=623) to work on /opt/airflow/dags/procesamiento_datos_autopia_dag.py
[2025-06-12T19:19:53.685+0000] {processor.py:830} INFO - Processing file /opt/airflow/dags/procesamiento_datos_autopia_dag.py for tasks to queue
[2025-06-12T19:19:53.692+0000] {logging_mixin.py:188} INFO - [2025-06-12T19:19:53.690+0000] {dagbag.py:538} INFO - Filling up the DagBag from /opt/airflow/dags/procesamiento_datos_autopia_dag.py
[2025-06-12T19:19:53.746+0000] {processor.py:840} INFO - DAG(s) 'procesamiento_datos_autopia_dag' retrieved from /opt/airflow/dags/procesamiento_datos_autopia_dag.py
[2025-06-12T19:19:53.812+0000] {logging_mixin.py:188} INFO - [2025-06-12T19:19:53.812+0000] {dag.py:3036} INFO - Sync 1 DAGs
[2025-06-12T19:19:53.833+0000] {logging_mixin.py:188} INFO - [2025-06-12T19:19:53.832+0000] {dag.py:3823} INFO - Setting next_dagrun for procesamiento_datos_autopia_dag to None, run_after=None
[2025-06-12T19:19:53.895+0000] {processor.py:183} INFO - Processing /opt/airflow/dags/procesamiento_datos_autopia_dag.py took 0.268 seconds
[2025-06-12T19:20:24.493+0000] {processor.py:161} INFO - Started process (PID=749) to work on /opt/airflow/dags/procesamiento_datos_autopia_dag.py
[2025-06-12T19:20:24.502+0000] {processor.py:830} INFO - Processing file /opt/airflow/dags/procesamiento_datos_autopia_dag.py for tasks to queue
[2025-06-12T19:20:24.507+0000] {logging_mixin.py:188} INFO - [2025-06-12T19:20:24.506+0000] {dagbag.py:538} INFO - Filling up the DagBag from /opt/airflow/dags/procesamiento_datos_autopia_dag.py
[2025-06-12T19:20:24.545+0000] {processor.py:840} INFO - DAG(s) 'procesamiento_datos_autopia_dag' retrieved from /opt/airflow/dags/procesamiento_datos_autopia_dag.py
[2025-06-12T19:20:24.611+0000] {logging_mixin.py:188} INFO - [2025-06-12T19:20:24.611+0000] {dag.py:3036} INFO - Sync 1 DAGs
[2025-06-12T19:20:24.639+0000] {logging_mixin.py:188} INFO - [2025-06-12T19:20:24.639+0000] {dag.py:3823} INFO - Setting next_dagrun for procesamiento_datos_autopia_dag to None, run_after=None
[2025-06-12T19:20:24.672+0000] {processor.py:183} INFO - Processing /opt/airflow/dags/procesamiento_datos_autopia_dag.py took 0.229 seconds
[2025-06-12T19:20:55.097+0000] {processor.py:161} INFO - Started process (PID=770) to work on /opt/airflow/dags/procesamiento_datos_autopia_dag.py
[2025-06-12T19:20:55.105+0000] {processor.py:830} INFO - Processing file /opt/airflow/dags/procesamiento_datos_autopia_dag.py for tasks to queue
[2025-06-12T19:20:55.110+0000] {logging_mixin.py:188} INFO - [2025-06-12T19:20:55.108+0000] {dagbag.py:538} INFO - Filling up the DagBag from /opt/airflow/dags/procesamiento_datos_autopia_dag.py
[2025-06-12T19:20:55.166+0000] {processor.py:840} INFO - DAG(s) 'procesamiento_datos_autopia_dag' retrieved from /opt/airflow/dags/procesamiento_datos_autopia_dag.py
[2025-06-12T19:20:55.354+0000] {logging_mixin.py:188} INFO - [2025-06-12T19:20:55.354+0000] {dag.py:3036} INFO - Sync 1 DAGs
[2025-06-12T19:20:55.385+0000] {logging_mixin.py:188} INFO - [2025-06-12T19:20:55.385+0000] {dag.py:3823} INFO - Setting next_dagrun for procesamiento_datos_autopia_dag to None, run_after=None
[2025-06-12T19:20:55.413+0000] {processor.py:183} INFO - Processing /opt/airflow/dags/procesamiento_datos_autopia_dag.py took 0.337 seconds
[2025-06-12T19:21:25.717+0000] {processor.py:161} INFO - Started process (PID=806) to work on /opt/airflow/dags/procesamiento_datos_autopia_dag.py
[2025-06-12T19:21:25.720+0000] {processor.py:830} INFO - Processing file /opt/airflow/dags/procesamiento_datos_autopia_dag.py for tasks to queue
[2025-06-12T19:21:25.722+0000] {logging_mixin.py:188} INFO - [2025-06-12T19:21:25.721+0000] {dagbag.py:538} INFO - Filling up the DagBag from /opt/airflow/dags/procesamiento_datos_autopia_dag.py
[2025-06-12T19:21:25.739+0000] {processor.py:840} INFO - DAG(s) 'procesamiento_datos_autopia_dag' retrieved from /opt/airflow/dags/procesamiento_datos_autopia_dag.py
[2025-06-12T19:21:25.785+0000] {logging_mixin.py:188} INFO - [2025-06-12T19:21:25.784+0000] {dag.py:3036} INFO - Sync 1 DAGs
[2025-06-12T19:21:25.808+0000] {logging_mixin.py:188} INFO - [2025-06-12T19:21:25.807+0000] {dag.py:3823} INFO - Setting next_dagrun for procesamiento_datos_autopia_dag to None, run_after=None
[2025-06-12T19:21:25.838+0000] {processor.py:183} INFO - Processing /opt/airflow/dags/procesamiento_datos_autopia_dag.py took 0.130 seconds
[2025-06-12T19:21:56.019+0000] {processor.py:161} INFO - Started process (PID=827) to work on /opt/airflow/dags/procesamiento_datos_autopia_dag.py
[2025-06-12T19:21:56.029+0000] {processor.py:830} INFO - Processing file /opt/airflow/dags/procesamiento_datos_autopia_dag.py for tasks to queue
[2025-06-12T19:21:56.034+0000] {logging_mixin.py:188} INFO - [2025-06-12T19:21:56.032+0000] {dagbag.py:538} INFO - Filling up the DagBag from /opt/airflow/dags/procesamiento_datos_autopia_dag.py
[2025-06-12T19:21:56.091+0000] {processor.py:840} INFO - DAG(s) 'procesamiento_datos_autopia_dag' retrieved from /opt/airflow/dags/procesamiento_datos_autopia_dag.py
[2025-06-12T19:21:56.246+0000] {logging_mixin.py:188} INFO - [2025-06-12T19:21:56.245+0000] {dag.py:3036} INFO - Sync 1 DAGs
[2025-06-12T19:21:56.298+0000] {logging_mixin.py:188} INFO - [2025-06-12T19:21:56.297+0000] {dag.py:3823} INFO - Setting next_dagrun for procesamiento_datos_autopia_dag to None, run_after=None
[2025-06-12T19:21:56.380+0000] {processor.py:183} INFO - Processing /opt/airflow/dags/procesamiento_datos_autopia_dag.py took 0.379 seconds
[2025-06-12T19:22:27.023+0000] {processor.py:161} INFO - Started process (PID=892) to work on /opt/airflow/dags/procesamiento_datos_autopia_dag.py
[2025-06-12T19:22:27.026+0000] {processor.py:830} INFO - Processing file /opt/airflow/dags/procesamiento_datos_autopia_dag.py for tasks to queue
[2025-06-12T19:22:27.031+0000] {logging_mixin.py:188} INFO - [2025-06-12T19:22:27.029+0000] {dagbag.py:538} INFO - Filling up the DagBag from /opt/airflow/dags/procesamiento_datos_autopia_dag.py
[2025-06-12T19:22:27.068+0000] {processor.py:840} INFO - DAG(s) 'procesamiento_datos_autopia_dag' retrieved from /opt/airflow/dags/procesamiento_datos_autopia_dag.py
[2025-06-12T19:22:27.170+0000] {logging_mixin.py:188} INFO - [2025-06-12T19:22:27.170+0000] {dag.py:3036} INFO - Sync 1 DAGs
[2025-06-12T19:22:27.225+0000] {logging_mixin.py:188} INFO - [2025-06-12T19:22:27.224+0000] {dag.py:3823} INFO - Setting next_dagrun for procesamiento_datos_autopia_dag to None, run_after=None
[2025-06-12T19:22:27.292+0000] {processor.py:183} INFO - Processing /opt/airflow/dags/procesamiento_datos_autopia_dag.py took 0.289 seconds
[2025-06-12T19:22:57.786+0000] {processor.py:161} INFO - Started process (PID=913) to work on /opt/airflow/dags/procesamiento_datos_autopia_dag.py
[2025-06-12T19:22:57.796+0000] {processor.py:830} INFO - Processing file /opt/airflow/dags/procesamiento_datos_autopia_dag.py for tasks to queue
[2025-06-12T19:22:57.800+0000] {logging_mixin.py:188} INFO - [2025-06-12T19:22:57.798+0000] {dagbag.py:538} INFO - Filling up the DagBag from /opt/airflow/dags/procesamiento_datos_autopia_dag.py
[2025-06-12T19:22:57.851+0000] {processor.py:840} INFO - DAG(s) 'procesamiento_datos_autopia_dag' retrieved from /opt/airflow/dags/procesamiento_datos_autopia_dag.py
[2025-06-12T19:22:58.018+0000] {logging_mixin.py:188} INFO - [2025-06-12T19:22:58.016+0000] {dag.py:3036} INFO - Sync 1 DAGs
[2025-06-12T19:22:58.089+0000] {logging_mixin.py:188} INFO - [2025-06-12T19:22:58.088+0000] {dag.py:3823} INFO - Setting next_dagrun for procesamiento_datos_autopia_dag to None, run_after=None
[2025-06-12T19:22:58.203+0000] {processor.py:183} INFO - Processing /opt/airflow/dags/procesamiento_datos_autopia_dag.py took 0.439 seconds
[2025-06-12T19:23:28.927+0000] {processor.py:161} INFO - Started process (PID=949) to work on /opt/airflow/dags/procesamiento_datos_autopia_dag.py
[2025-06-12T19:23:28.932+0000] {processor.py:830} INFO - Processing file /opt/airflow/dags/procesamiento_datos_autopia_dag.py for tasks to queue
[2025-06-12T19:23:28.938+0000] {logging_mixin.py:188} INFO - [2025-06-12T19:23:28.936+0000] {dagbag.py:538} INFO - Filling up the DagBag from /opt/airflow/dags/procesamiento_datos_autopia_dag.py
[2025-06-12T19:23:28.988+0000] {processor.py:840} INFO - DAG(s) 'procesamiento_datos_autopia_dag' retrieved from /opt/airflow/dags/procesamiento_datos_autopia_dag.py
[2025-06-12T19:23:29.147+0000] {logging_mixin.py:188} INFO - [2025-06-12T19:23:29.146+0000] {dag.py:3036} INFO - Sync 1 DAGs
[2025-06-12T19:23:29.239+0000] {logging_mixin.py:188} INFO - [2025-06-12T19:23:29.238+0000] {dag.py:3823} INFO - Setting next_dagrun for procesamiento_datos_autopia_dag to None, run_after=None
[2025-06-12T19:23:29.337+0000] {processor.py:183} INFO - Processing /opt/airflow/dags/procesamiento_datos_autopia_dag.py took 0.438 seconds
[2025-06-12T19:23:59.681+0000] {processor.py:161} INFO - Started process (PID=970) to work on /opt/airflow/dags/procesamiento_datos_autopia_dag.py
[2025-06-12T19:23:59.691+0000] {processor.py:830} INFO - Processing file /opt/airflow/dags/procesamiento_datos_autopia_dag.py for tasks to queue
[2025-06-12T19:23:59.699+0000] {logging_mixin.py:188} INFO - [2025-06-12T19:23:59.696+0000] {dagbag.py:538} INFO - Filling up the DagBag from /opt/airflow/dags/procesamiento_datos_autopia_dag.py
[2025-06-12T19:23:59.772+0000] {processor.py:840} INFO - DAG(s) 'procesamiento_datos_autopia_dag' retrieved from /opt/airflow/dags/procesamiento_datos_autopia_dag.py
[2025-06-12T19:23:59.932+0000] {logging_mixin.py:188} INFO - [2025-06-12T19:23:59.931+0000] {dag.py:3036} INFO - Sync 1 DAGs
[2025-06-12T19:24:00.072+0000] {logging_mixin.py:188} INFO - [2025-06-12T19:24:00.072+0000] {dag.py:3823} INFO - Setting next_dagrun for procesamiento_datos_autopia_dag to None, run_after=None
[2025-06-12T19:24:00.127+0000] {processor.py:183} INFO - Processing /opt/airflow/dags/procesamiento_datos_autopia_dag.py took 0.471 seconds
[2025-06-12T19:24:30.241+0000] {processor.py:161} INFO - Started process (PID=1006) to work on /opt/airflow/dags/procesamiento_datos_autopia_dag.py
[2025-06-12T19:24:30.245+0000] {processor.py:830} INFO - Processing file /opt/airflow/dags/procesamiento_datos_autopia_dag.py for tasks to queue
[2025-06-12T19:24:30.249+0000] {logging_mixin.py:188} INFO - [2025-06-12T19:24:30.247+0000] {dagbag.py:538} INFO - Filling up the DagBag from /opt/airflow/dags/procesamiento_datos_autopia_dag.py
[2025-06-12T19:24:30.291+0000] {processor.py:840} INFO - DAG(s) 'procesamiento_datos_autopia_dag' retrieved from /opt/airflow/dags/procesamiento_datos_autopia_dag.py
[2025-06-12T19:24:30.377+0000] {logging_mixin.py:188} INFO - [2025-06-12T19:24:30.376+0000] {dag.py:3036} INFO - Sync 1 DAGs
[2025-06-12T19:24:30.423+0000] {logging_mixin.py:188} INFO - [2025-06-12T19:24:30.422+0000] {dag.py:3823} INFO - Setting next_dagrun for procesamiento_datos_autopia_dag to None, run_after=None
[2025-06-12T19:24:30.481+0000] {processor.py:183} INFO - Processing /opt/airflow/dags/procesamiento_datos_autopia_dag.py took 0.256 seconds
[2025-06-12T19:25:00.900+0000] {processor.py:161} INFO - Started process (PID=1038) to work on /opt/airflow/dags/procesamiento_datos_autopia_dag.py
[2025-06-12T19:25:00.908+0000] {processor.py:830} INFO - Processing file /opt/airflow/dags/procesamiento_datos_autopia_dag.py for tasks to queue
[2025-06-12T19:25:00.912+0000] {logging_mixin.py:188} INFO - [2025-06-12T19:25:00.911+0000] {dagbag.py:538} INFO - Filling up the DagBag from /opt/airflow/dags/procesamiento_datos_autopia_dag.py
[2025-06-12T19:25:00.952+0000] {processor.py:840} INFO - DAG(s) 'procesamiento_datos_autopia_dag' retrieved from /opt/airflow/dags/procesamiento_datos_autopia_dag.py
[2025-06-12T19:25:01.080+0000] {logging_mixin.py:188} INFO - [2025-06-12T19:25:01.080+0000] {dag.py:3036} INFO - Sync 1 DAGs
[2025-06-12T19:25:01.111+0000] {logging_mixin.py:188} INFO - [2025-06-12T19:25:01.111+0000] {dag.py:3823} INFO - Setting next_dagrun for procesamiento_datos_autopia_dag to None, run_after=None
[2025-06-12T19:25:01.154+0000] {processor.py:183} INFO - Processing /opt/airflow/dags/procesamiento_datos_autopia_dag.py took 0.267 seconds
[2025-06-12T19:25:31.438+0000] {processor.py:161} INFO - Started process (PID=1182) to work on /opt/airflow/dags/procesamiento_datos_autopia_dag.py
[2025-06-12T19:25:31.440+0000] {processor.py:830} INFO - Processing file /opt/airflow/dags/procesamiento_datos_autopia_dag.py for tasks to queue
[2025-06-12T19:25:31.443+0000] {logging_mixin.py:188} INFO - [2025-06-12T19:25:31.442+0000] {dagbag.py:538} INFO - Filling up the DagBag from /opt/airflow/dags/procesamiento_datos_autopia_dag.py
[2025-06-12T19:25:31.461+0000] {processor.py:840} INFO - DAG(s) 'procesamiento_datos_autopia_dag' retrieved from /opt/airflow/dags/procesamiento_datos_autopia_dag.py
[2025-06-12T19:25:31.507+0000] {logging_mixin.py:188} INFO - [2025-06-12T19:25:31.507+0000] {dag.py:3036} INFO - Sync 1 DAGs
[2025-06-12T19:25:31.531+0000] {logging_mixin.py:188} INFO - [2025-06-12T19:25:31.530+0000] {dag.py:3823} INFO - Setting next_dagrun for procesamiento_datos_autopia_dag to None, run_after=None
[2025-06-12T19:25:31.567+0000] {processor.py:183} INFO - Processing /opt/airflow/dags/procesamiento_datos_autopia_dag.py took 0.136 seconds
[2025-06-12T19:26:48.027+0000] {processor.py:161} INFO - Started process (PID=180) to work on /opt/airflow/dags/procesamiento_datos_autopia_dag.py
[2025-06-12T19:26:48.030+0000] {processor.py:830} INFO - Processing file /opt/airflow/dags/procesamiento_datos_autopia_dag.py for tasks to queue
[2025-06-12T19:26:48.032+0000] {logging_mixin.py:188} INFO - [2025-06-12T19:26:48.031+0000] {dagbag.py:538} INFO - Filling up the DagBag from /opt/airflow/dags/procesamiento_datos_autopia_dag.py
[2025-06-12T19:26:48.052+0000] {processor.py:840} INFO - DAG(s) 'procesamiento_datos_autopia_dag' retrieved from /opt/airflow/dags/procesamiento_datos_autopia_dag.py
[2025-06-12T19:26:48.321+0000] {logging_mixin.py:188} INFO - [2025-06-12T19:26:48.321+0000] {dag.py:3036} INFO - Sync 1 DAGs
[2025-06-12T19:26:48.335+0000] {logging_mixin.py:188} INFO - [2025-06-12T19:26:48.334+0000] {dag.py:3823} INFO - Setting next_dagrun for procesamiento_datos_autopia_dag to None, run_after=None
[2025-06-12T19:26:48.364+0000] {processor.py:183} INFO - Processing /opt/airflow/dags/procesamiento_datos_autopia_dag.py took 0.344 seconds
[2025-06-12T19:27:19.244+0000] {processor.py:161} INFO - Started process (PID=202) to work on /opt/airflow/dags/procesamiento_datos_autopia_dag.py
[2025-06-12T19:27:19.254+0000] {processor.py:830} INFO - Processing file /opt/airflow/dags/procesamiento_datos_autopia_dag.py for tasks to queue
[2025-06-12T19:27:19.258+0000] {logging_mixin.py:188} INFO - [2025-06-12T19:27:19.257+0000] {dagbag.py:538} INFO - Filling up the DagBag from /opt/airflow/dags/procesamiento_datos_autopia_dag.py
[2025-06-12T19:27:19.299+0000] {processor.py:840} INFO - DAG(s) 'procesamiento_datos_autopia_dag' retrieved from /opt/airflow/dags/procesamiento_datos_autopia_dag.py
[2025-06-12T19:27:19.414+0000] {logging_mixin.py:188} INFO - [2025-06-12T19:27:19.414+0000] {dag.py:3036} INFO - Sync 1 DAGs
[2025-06-12T19:27:19.481+0000] {logging_mixin.py:188} INFO - [2025-06-12T19:27:19.479+0000] {dag.py:3823} INFO - Setting next_dagrun for procesamiento_datos_autopia_dag to None, run_after=None
[2025-06-12T19:27:19.569+0000] {processor.py:183} INFO - Processing /opt/airflow/dags/procesamiento_datos_autopia_dag.py took 0.347 seconds
[2025-06-12T19:27:50.261+0000] {processor.py:161} INFO - Started process (PID=280) to work on /opt/airflow/dags/procesamiento_datos_autopia_dag.py
[2025-06-12T19:27:50.264+0000] {processor.py:830} INFO - Processing file /opt/airflow/dags/procesamiento_datos_autopia_dag.py for tasks to queue
[2025-06-12T19:27:50.265+0000] {logging_mixin.py:188} INFO - [2025-06-12T19:27:50.265+0000] {dagbag.py:538} INFO - Filling up the DagBag from /opt/airflow/dags/procesamiento_datos_autopia_dag.py
[2025-06-12T19:27:50.287+0000] {processor.py:840} INFO - DAG(s) 'procesamiento_datos_autopia_dag' retrieved from /opt/airflow/dags/procesamiento_datos_autopia_dag.py
[2025-06-12T19:27:50.344+0000] {logging_mixin.py:188} INFO - [2025-06-12T19:27:50.344+0000] {dag.py:3036} INFO - Sync 1 DAGs
[2025-06-12T19:27:50.433+0000] {logging_mixin.py:188} INFO - [2025-06-12T19:27:50.433+0000] {dag.py:3823} INFO - Setting next_dagrun for procesamiento_datos_autopia_dag to None, run_after=None
[2025-06-12T19:27:50.549+0000] {processor.py:183} INFO - Processing /opt/airflow/dags/procesamiento_datos_autopia_dag.py took 0.296 seconds
[2025-06-12T19:28:20.755+0000] {processor.py:161} INFO - Started process (PID=458) to work on /opt/airflow/dags/procesamiento_datos_autopia_dag.py
[2025-06-12T19:28:20.765+0000] {processor.py:830} INFO - Processing file /opt/airflow/dags/procesamiento_datos_autopia_dag.py for tasks to queue
[2025-06-12T19:28:20.769+0000] {logging_mixin.py:188} INFO - [2025-06-12T19:28:20.768+0000] {dagbag.py:538} INFO - Filling up the DagBag from /opt/airflow/dags/procesamiento_datos_autopia_dag.py
[2025-06-12T19:28:20.836+0000] {processor.py:840} INFO - DAG(s) 'procesamiento_datos_autopia_dag' retrieved from /opt/airflow/dags/procesamiento_datos_autopia_dag.py
[2025-06-12T19:28:20.993+0000] {logging_mixin.py:188} INFO - [2025-06-12T19:28:20.992+0000] {dag.py:3036} INFO - Sync 1 DAGs
[2025-06-12T19:28:21.105+0000] {logging_mixin.py:188} INFO - [2025-06-12T19:28:21.104+0000] {dag.py:3823} INFO - Setting next_dagrun for procesamiento_datos_autopia_dag to None, run_after=None
[2025-06-12T19:28:21.208+0000] {processor.py:183} INFO - Processing /opt/airflow/dags/procesamiento_datos_autopia_dag.py took 0.482 seconds
[2025-06-12T19:28:51.633+0000] {processor.py:161} INFO - Started process (PID=494) to work on /opt/airflow/dags/procesamiento_datos_autopia_dag.py
[2025-06-12T19:28:51.637+0000] {processor.py:830} INFO - Processing file /opt/airflow/dags/procesamiento_datos_autopia_dag.py for tasks to queue
[2025-06-12T19:28:51.641+0000] {logging_mixin.py:188} INFO - [2025-06-12T19:28:51.640+0000] {dagbag.py:538} INFO - Filling up the DagBag from /opt/airflow/dags/procesamiento_datos_autopia_dag.py
[2025-06-12T19:28:51.683+0000] {processor.py:840} INFO - DAG(s) 'procesamiento_datos_autopia_dag' retrieved from /opt/airflow/dags/procesamiento_datos_autopia_dag.py
[2025-06-12T19:28:51.809+0000] {logging_mixin.py:188} INFO - [2025-06-12T19:28:51.808+0000] {dag.py:3036} INFO - Sync 1 DAGs
[2025-06-12T19:28:51.852+0000] {logging_mixin.py:188} INFO - [2025-06-12T19:28:51.851+0000] {dag.py:3823} INFO - Setting next_dagrun for procesamiento_datos_autopia_dag to None, run_after=None
[2025-06-12T19:28:51.912+0000] {processor.py:183} INFO - Processing /opt/airflow/dags/procesamiento_datos_autopia_dag.py took 0.302 seconds
[2025-06-12T19:29:22.223+0000] {processor.py:161} INFO - Started process (PID=531) to work on /opt/airflow/dags/procesamiento_datos_autopia_dag.py
[2025-06-12T19:29:22.231+0000] {processor.py:830} INFO - Processing file /opt/airflow/dags/procesamiento_datos_autopia_dag.py for tasks to queue
[2025-06-12T19:29:22.234+0000] {logging_mixin.py:188} INFO - [2025-06-12T19:29:22.233+0000] {dagbag.py:538} INFO - Filling up the DagBag from /opt/airflow/dags/procesamiento_datos_autopia_dag.py
[2025-06-12T19:29:22.269+0000] {processor.py:840} INFO - DAG(s) 'procesamiento_datos_autopia_dag' retrieved from /opt/airflow/dags/procesamiento_datos_autopia_dag.py
[2025-06-12T19:29:22.365+0000] {logging_mixin.py:188} INFO - [2025-06-12T19:29:22.364+0000] {dag.py:3036} INFO - Sync 1 DAGs
[2025-06-12T19:29:22.408+0000] {logging_mixin.py:188} INFO - [2025-06-12T19:29:22.407+0000] {dag.py:3823} INFO - Setting next_dagrun for procesamiento_datos_autopia_dag to None, run_after=None
[2025-06-12T19:29:22.478+0000] {processor.py:183} INFO - Processing /opt/airflow/dags/procesamiento_datos_autopia_dag.py took 0.267 seconds
[2025-06-12T19:29:52.790+0000] {processor.py:161} INFO - Started process (PID=655) to work on /opt/airflow/dags/procesamiento_datos_autopia_dag.py
[2025-06-12T19:29:52.795+0000] {processor.py:830} INFO - Processing file /opt/airflow/dags/procesamiento_datos_autopia_dag.py for tasks to queue
[2025-06-12T19:29:52.801+0000] {logging_mixin.py:188} INFO - [2025-06-12T19:29:52.799+0000] {dagbag.py:538} INFO - Filling up the DagBag from /opt/airflow/dags/procesamiento_datos_autopia_dag.py
[2025-06-12T19:29:52.847+0000] {processor.py:840} INFO - DAG(s) 'procesamiento_datos_autopia_dag' retrieved from /opt/airflow/dags/procesamiento_datos_autopia_dag.py
[2025-06-12T19:29:53.003+0000] {logging_mixin.py:188} INFO - [2025-06-12T19:29:53.002+0000] {dag.py:3036} INFO - Sync 1 DAGs
[2025-06-12T19:29:53.072+0000] {logging_mixin.py:188} INFO - [2025-06-12T19:29:53.071+0000] {dag.py:3823} INFO - Setting next_dagrun for procesamiento_datos_autopia_dag to None, run_after=None
[2025-06-12T19:29:53.142+0000] {processor.py:183} INFO - Processing /opt/airflow/dags/procesamiento_datos_autopia_dag.py took 0.372 seconds
[2025-06-12T19:30:23.259+0000] {processor.py:161} INFO - Started process (PID=737) to work on /opt/airflow/dags/procesamiento_datos_autopia_dag.py
[2025-06-12T19:30:23.264+0000] {processor.py:830} INFO - Processing file /opt/airflow/dags/procesamiento_datos_autopia_dag.py for tasks to queue
[2025-06-12T19:30:23.266+0000] {logging_mixin.py:188} INFO - [2025-06-12T19:30:23.265+0000] {dagbag.py:538} INFO - Filling up the DagBag from /opt/airflow/dags/procesamiento_datos_autopia_dag.py
[2025-06-12T19:30:23.283+0000] {processor.py:840} INFO - DAG(s) 'procesamiento_datos_autopia_dag' retrieved from /opt/airflow/dags/procesamiento_datos_autopia_dag.py
[2025-06-12T19:30:23.335+0000] {logging_mixin.py:188} INFO - [2025-06-12T19:30:23.335+0000] {dag.py:3036} INFO - Sync 1 DAGs
[2025-06-12T19:30:23.358+0000] {logging_mixin.py:188} INFO - [2025-06-12T19:30:23.358+0000] {dag.py:3823} INFO - Setting next_dagrun for procesamiento_datos_autopia_dag to None, run_after=None
[2025-06-12T19:30:23.390+0000] {processor.py:183} INFO - Processing /opt/airflow/dags/procesamiento_datos_autopia_dag.py took 0.138 seconds
[2025-06-12T19:30:53.966+0000] {processor.py:161} INFO - Started process (PID=811) to work on /opt/airflow/dags/procesamiento_datos_autopia_dag.py
[2025-06-12T19:30:53.967+0000] {processor.py:830} INFO - Processing file /opt/airflow/dags/procesamiento_datos_autopia_dag.py for tasks to queue
[2025-06-12T19:30:53.969+0000] {logging_mixin.py:188} INFO - [2025-06-12T19:30:53.968+0000] {dagbag.py:538} INFO - Filling up the DagBag from /opt/airflow/dags/procesamiento_datos_autopia_dag.py
[2025-06-12T19:30:53.988+0000] {processor.py:840} INFO - DAG(s) 'procesamiento_datos_autopia_dag' retrieved from /opt/airflow/dags/procesamiento_datos_autopia_dag.py
[2025-06-12T19:30:54.041+0000] {logging_mixin.py:188} INFO - [2025-06-12T19:30:54.041+0000] {dag.py:3036} INFO - Sync 1 DAGs
[2025-06-12T19:30:54.062+0000] {logging_mixin.py:188} INFO - [2025-06-12T19:30:54.061+0000] {dag.py:3823} INFO - Setting next_dagrun for procesamiento_datos_autopia_dag to None, run_after=None
[2025-06-12T19:30:54.102+0000] {processor.py:183} INFO - Processing /opt/airflow/dags/procesamiento_datos_autopia_dag.py took 0.144 seconds
