[2025-06-12T18:45:32.940+0000] {processor.py:161} INFO - Started process (PID=181) to work on /opt/airflow/dags/scraping_autopia_dag.py
[2025-06-12T18:45:32.942+0000] {processor.py:830} INFO - Processing file /opt/airflow/dags/scraping_autopia_dag.py for tasks to queue
[2025-06-12T18:45:32.946+0000] {logging_mixin.py:188} INFO - [2025-06-12T18:45:32.944+0000] {dagbag.py:538} INFO - Filling up the DagBag from /opt/airflow/dags/scraping_autopia_dag.py
[2025-06-12T18:45:36.275+0000] {processor.py:840} INFO - DAG(s) 'scraping_autopia_dag' retrieved from /opt/airflow/dags/scraping_autopia_dag.py
[2025-06-12T18:45:36.486+0000] {logging_mixin.py:188} INFO - [2025-06-12T18:45:36.484+0000] {dag.py:3036} INFO - Sync 1 DAGs
[2025-06-12T18:45:36.504+0000] {logging_mixin.py:188} INFO - [2025-06-12T18:45:36.503+0000] {dag.py:3823} INFO - Setting next_dagrun for scraping_autopia_dag to None, run_after=None
[2025-06-12T18:45:36.538+0000] {processor.py:183} INFO - Processing /opt/airflow/dags/scraping_autopia_dag.py took 3.613 seconds
[2025-06-12T18:49:26.607+0000] {processor.py:161} INFO - Started process (PID=184) to work on /opt/airflow/dags/scraping_autopia_dag.py
[2025-06-12T18:49:26.609+0000] {processor.py:830} INFO - Processing file /opt/airflow/dags/scraping_autopia_dag.py for tasks to queue
[2025-06-12T18:49:26.611+0000] {logging_mixin.py:188} INFO - [2025-06-12T18:49:26.611+0000] {dagbag.py:538} INFO - Filling up the DagBag from /opt/airflow/dags/scraping_autopia_dag.py
[2025-06-12T18:49:29.119+0000] {processor.py:840} INFO - DAG(s) 'scraping_autopia_dag' retrieved from /opt/airflow/dags/scraping_autopia_dag.py
[2025-06-12T18:49:29.541+0000] {logging_mixin.py:188} INFO - [2025-06-12T18:49:29.539+0000] {dag.py:3036} INFO - Sync 1 DAGs
[2025-06-12T18:49:29.575+0000] {logging_mixin.py:188} INFO - [2025-06-12T18:49:29.574+0000] {dag.py:3823} INFO - Setting next_dagrun for scraping_autopia_dag to None, run_after=None
[2025-06-12T18:49:29.649+0000] {processor.py:183} INFO - Processing /opt/airflow/dags/scraping_autopia_dag.py took 3.049 seconds
[2025-06-12T18:50:00.209+0000] {processor.py:161} INFO - Started process (PID=207) to work on /opt/airflow/dags/scraping_autopia_dag.py
[2025-06-12T18:50:00.218+0000] {processor.py:830} INFO - Processing file /opt/airflow/dags/scraping_autopia_dag.py for tasks to queue
[2025-06-12T18:50:00.222+0000] {logging_mixin.py:188} INFO - [2025-06-12T18:50:00.220+0000] {dagbag.py:538} INFO - Filling up the DagBag from /opt/airflow/dags/scraping_autopia_dag.py
[2025-06-12T18:50:01.253+0000] {processor.py:840} INFO - DAG(s) 'scraping_autopia_dag' retrieved from /opt/airflow/dags/scraping_autopia_dag.py
[2025-06-12T18:50:01.303+0000] {logging_mixin.py:188} INFO - [2025-06-12T18:50:01.302+0000] {dag.py:3036} INFO - Sync 1 DAGs
[2025-06-12T18:50:01.333+0000] {logging_mixin.py:188} INFO - [2025-06-12T18:50:01.333+0000] {dag.py:3823} INFO - Setting next_dagrun for scraping_autopia_dag to None, run_after=None
[2025-06-12T18:50:01.385+0000] {processor.py:183} INFO - Processing /opt/airflow/dags/scraping_autopia_dag.py took 1.191 seconds
[2025-06-12T18:50:31.899+0000] {processor.py:161} INFO - Started process (PID=254) to work on /opt/airflow/dags/scraping_autopia_dag.py
[2025-06-12T18:50:31.910+0000] {processor.py:830} INFO - Processing file /opt/airflow/dags/scraping_autopia_dag.py for tasks to queue
[2025-06-12T18:50:31.916+0000] {logging_mixin.py:188} INFO - [2025-06-12T18:50:31.913+0000] {dagbag.py:538} INFO - Filling up the DagBag from /opt/airflow/dags/scraping_autopia_dag.py
[2025-06-12T18:50:35.522+0000] {processor.py:840} INFO - DAG(s) 'scraping_autopia_dag' retrieved from /opt/airflow/dags/scraping_autopia_dag.py
[2025-06-12T18:50:35.569+0000] {logging_mixin.py:188} INFO - [2025-06-12T18:50:35.568+0000] {dag.py:3036} INFO - Sync 1 DAGs
[2025-06-12T18:50:35.596+0000] {logging_mixin.py:188} INFO - [2025-06-12T18:50:35.596+0000] {dag.py:3823} INFO - Setting next_dagrun for scraping_autopia_dag to None, run_after=None
[2025-06-12T18:50:35.638+0000] {processor.py:183} INFO - Processing /opt/airflow/dags/scraping_autopia_dag.py took 3.778 seconds
[2025-06-12T18:51:05.792+0000] {processor.py:161} INFO - Started process (PID=433) to work on /opt/airflow/dags/scraping_autopia_dag.py
[2025-06-12T18:51:05.796+0000] {processor.py:830} INFO - Processing file /opt/airflow/dags/scraping_autopia_dag.py for tasks to queue
[2025-06-12T18:51:05.800+0000] {logging_mixin.py:188} INFO - [2025-06-12T18:51:05.799+0000] {dagbag.py:538} INFO - Filling up the DagBag from /opt/airflow/dags/scraping_autopia_dag.py
[2025-06-12T18:51:07.688+0000] {processor.py:840} INFO - DAG(s) 'scraping_autopia_dag' retrieved from /opt/airflow/dags/scraping_autopia_dag.py
[2025-06-12T18:51:07.749+0000] {logging_mixin.py:188} INFO - [2025-06-12T18:51:07.748+0000] {dag.py:3036} INFO - Sync 1 DAGs
[2025-06-12T18:51:07.770+0000] {logging_mixin.py:188} INFO - [2025-06-12T18:51:07.769+0000] {dag.py:3823} INFO - Setting next_dagrun for scraping_autopia_dag to None, run_after=None
[2025-06-12T18:51:07.815+0000] {processor.py:183} INFO - Processing /opt/airflow/dags/scraping_autopia_dag.py took 2.051 seconds
[2025-06-12T18:51:38.159+0000] {processor.py:161} INFO - Started process (PID=575) to work on /opt/airflow/dags/scraping_autopia_dag.py
[2025-06-12T18:51:38.168+0000] {processor.py:830} INFO - Processing file /opt/airflow/dags/scraping_autopia_dag.py for tasks to queue
[2025-06-12T18:51:38.173+0000] {logging_mixin.py:188} INFO - [2025-06-12T18:51:38.171+0000] {dagbag.py:538} INFO - Filling up the DagBag from /opt/airflow/dags/scraping_autopia_dag.py
[2025-06-12T18:51:40.979+0000] {processor.py:840} INFO - DAG(s) 'scraping_autopia_dag' retrieved from /opt/airflow/dags/scraping_autopia_dag.py
[2025-06-12T18:51:41.017+0000] {logging_mixin.py:188} INFO - [2025-06-12T18:51:41.017+0000] {dag.py:3036} INFO - Sync 1 DAGs
[2025-06-12T18:51:41.033+0000] {logging_mixin.py:188} INFO - [2025-06-12T18:51:41.032+0000] {dag.py:3823} INFO - Setting next_dagrun for scraping_autopia_dag to None, run_after=None
[2025-06-12T18:51:41.059+0000] {processor.py:183} INFO - Processing /opt/airflow/dags/scraping_autopia_dag.py took 2.919 seconds
[2025-06-12T18:52:11.263+0000] {processor.py:161} INFO - Started process (PID=685) to work on /opt/airflow/dags/scraping_autopia_dag.py
[2025-06-12T18:52:11.286+0000] {processor.py:830} INFO - Processing file /opt/airflow/dags/scraping_autopia_dag.py for tasks to queue
[2025-06-12T18:52:11.290+0000] {logging_mixin.py:188} INFO - [2025-06-12T18:52:11.288+0000] {dagbag.py:538} INFO - Filling up the DagBag from /opt/airflow/dags/scraping_autopia_dag.py
[2025-06-12T18:52:12.409+0000] {processor.py:840} INFO - DAG(s) 'scraping_autopia_dag' retrieved from /opt/airflow/dags/scraping_autopia_dag.py
[2025-06-12T18:52:12.463+0000] {logging_mixin.py:188} INFO - [2025-06-12T18:52:12.462+0000] {dag.py:3036} INFO - Sync 1 DAGs
[2025-06-12T18:52:12.519+0000] {logging_mixin.py:188} INFO - [2025-06-12T18:52:12.518+0000] {dag.py:3823} INFO - Setting next_dagrun for scraping_autopia_dag to None, run_after=None
[2025-06-12T18:52:12.601+0000] {processor.py:183} INFO - Processing /opt/airflow/dags/scraping_autopia_dag.py took 1.364 seconds
[2025-06-12T18:52:43.256+0000] {processor.py:161} INFO - Started process (PID=802) to work on /opt/airflow/dags/scraping_autopia_dag.py
[2025-06-12T18:52:43.264+0000] {processor.py:830} INFO - Processing file /opt/airflow/dags/scraping_autopia_dag.py for tasks to queue
[2025-06-12T18:52:43.270+0000] {logging_mixin.py:188} INFO - [2025-06-12T18:52:43.266+0000] {dagbag.py:538} INFO - Filling up the DagBag from /opt/airflow/dags/scraping_autopia_dag.py
[2025-06-12T18:52:44.598+0000] {processor.py:840} INFO - DAG(s) 'scraping_autopia_dag' retrieved from /opt/airflow/dags/scraping_autopia_dag.py
[2025-06-12T18:52:44.675+0000] {logging_mixin.py:188} INFO - [2025-06-12T18:52:44.673+0000] {dag.py:3036} INFO - Sync 1 DAGs
[2025-06-12T18:52:44.712+0000] {logging_mixin.py:188} INFO - [2025-06-12T18:52:44.711+0000] {dag.py:3823} INFO - Setting next_dagrun for scraping_autopia_dag to None, run_after=None
[2025-06-12T18:52:44.886+0000] {processor.py:183} INFO - Processing /opt/airflow/dags/scraping_autopia_dag.py took 1.644 seconds
[2025-06-12T18:53:15.738+0000] {processor.py:161} INFO - Started process (PID=906) to work on /opt/airflow/dags/scraping_autopia_dag.py
[2025-06-12T18:53:15.743+0000] {processor.py:830} INFO - Processing file /opt/airflow/dags/scraping_autopia_dag.py for tasks to queue
[2025-06-12T18:53:15.744+0000] {logging_mixin.py:188} INFO - [2025-06-12T18:53:15.744+0000] {dagbag.py:538} INFO - Filling up the DagBag from /opt/airflow/dags/scraping_autopia_dag.py
[2025-06-12T18:53:16.716+0000] {processor.py:840} INFO - DAG(s) 'scraping_autopia_dag' retrieved from /opt/airflow/dags/scraping_autopia_dag.py
[2025-06-12T18:53:16.749+0000] {logging_mixin.py:188} INFO - [2025-06-12T18:53:16.748+0000] {dag.py:3036} INFO - Sync 1 DAGs
[2025-06-12T18:53:16.762+0000] {logging_mixin.py:188} INFO - [2025-06-12T18:53:16.762+0000] {dag.py:3823} INFO - Setting next_dagrun for scraping_autopia_dag to None, run_after=None
[2025-06-12T18:53:16.794+0000] {processor.py:183} INFO - Processing /opt/airflow/dags/scraping_autopia_dag.py took 1.062 seconds
[2025-06-12T18:53:47.574+0000] {processor.py:161} INFO - Started process (PID=1005) to work on /opt/airflow/dags/scraping_autopia_dag.py
[2025-06-12T18:53:47.579+0000] {processor.py:830} INFO - Processing file /opt/airflow/dags/scraping_autopia_dag.py for tasks to queue
[2025-06-12T18:53:47.583+0000] {logging_mixin.py:188} INFO - [2025-06-12T18:53:47.582+0000] {dagbag.py:538} INFO - Filling up the DagBag from /opt/airflow/dags/scraping_autopia_dag.py
[2025-06-12T18:53:48.847+0000] {processor.py:840} INFO - DAG(s) 'scraping_autopia_dag' retrieved from /opt/airflow/dags/scraping_autopia_dag.py
[2025-06-12T18:53:48.884+0000] {logging_mixin.py:188} INFO - [2025-06-12T18:53:48.884+0000] {dag.py:3036} INFO - Sync 1 DAGs
[2025-06-12T18:53:48.900+0000] {logging_mixin.py:188} INFO - [2025-06-12T18:53:48.899+0000] {dag.py:3823} INFO - Setting next_dagrun for scraping_autopia_dag to None, run_after=None
[2025-06-12T18:53:48.942+0000] {processor.py:183} INFO - Processing /opt/airflow/dags/scraping_autopia_dag.py took 1.384 seconds
[2025-06-12T18:54:19.254+0000] {processor.py:161} INFO - Started process (PID=1086) to work on /opt/airflow/dags/scraping_autopia_dag.py
[2025-06-12T18:54:19.256+0000] {processor.py:830} INFO - Processing file /opt/airflow/dags/scraping_autopia_dag.py for tasks to queue
[2025-06-12T18:54:19.261+0000] {logging_mixin.py:188} INFO - [2025-06-12T18:54:19.257+0000] {dagbag.py:538} INFO - Filling up the DagBag from /opt/airflow/dags/scraping_autopia_dag.py
[2025-06-12T18:54:21.269+0000] {processor.py:840} INFO - DAG(s) 'scraping_autopia_dag' retrieved from /opt/airflow/dags/scraping_autopia_dag.py
[2025-06-12T18:54:21.314+0000] {logging_mixin.py:188} INFO - [2025-06-12T18:54:21.313+0000] {dag.py:3036} INFO - Sync 1 DAGs
[2025-06-12T18:54:21.349+0000] {logging_mixin.py:188} INFO - [2025-06-12T18:54:21.348+0000] {dag.py:3823} INFO - Setting next_dagrun for scraping_autopia_dag to None, run_after=None
[2025-06-12T18:54:21.427+0000] {processor.py:183} INFO - Processing /opt/airflow/dags/scraping_autopia_dag.py took 4.233 seconds
[2025-06-12T18:54:51.996+0000] {processor.py:161} INFO - Started process (PID=1120) to work on /opt/airflow/dags/scraping_autopia_dag.py
[2025-06-12T18:54:52.007+0000] {processor.py:830} INFO - Processing file /opt/airflow/dags/scraping_autopia_dag.py for tasks to queue
[2025-06-12T18:54:52.012+0000] {logging_mixin.py:188} INFO - [2025-06-12T18:54:52.010+0000] {dagbag.py:538} INFO - Filling up the DagBag from /opt/airflow/dags/scraping_autopia_dag.py
[2025-06-12T18:54:53.714+0000] {processor.py:840} INFO - DAG(s) 'scraping_autopia_dag' retrieved from /opt/airflow/dags/scraping_autopia_dag.py
[2025-06-12T18:54:53.797+0000] {logging_mixin.py:188} INFO - [2025-06-12T18:54:53.795+0000] {dag.py:3036} INFO - Sync 1 DAGs
[2025-06-12T18:54:53.838+0000] {logging_mixin.py:188} INFO - [2025-06-12T18:54:53.838+0000] {dag.py:3823} INFO - Setting next_dagrun for scraping_autopia_dag to None, run_after=None
[2025-06-12T18:54:53.904+0000] {processor.py:183} INFO - Processing /opt/airflow/dags/scraping_autopia_dag.py took 1.926 seconds
[2025-06-12T18:55:24.130+0000] {processor.py:161} INFO - Started process (PID=1151) to work on /opt/airflow/dags/scraping_autopia_dag.py
[2025-06-12T18:55:24.136+0000] {processor.py:830} INFO - Processing file /opt/airflow/dags/scraping_autopia_dag.py for tasks to queue
[2025-06-12T18:55:24.139+0000] {logging_mixin.py:188} INFO - [2025-06-12T18:55:24.138+0000] {dagbag.py:538} INFO - Filling up the DagBag from /opt/airflow/dags/scraping_autopia_dag.py
[2025-06-12T18:55:24.838+0000] {processor.py:840} INFO - DAG(s) 'scraping_autopia_dag' retrieved from /opt/airflow/dags/scraping_autopia_dag.py
[2025-06-12T18:55:24.869+0000] {logging_mixin.py:188} INFO - [2025-06-12T18:55:24.869+0000] {dag.py:3036} INFO - Sync 1 DAGs
[2025-06-12T18:55:24.883+0000] {logging_mixin.py:188} INFO - [2025-06-12T18:55:24.883+0000] {dag.py:3823} INFO - Setting next_dagrun for scraping_autopia_dag to None, run_after=None
[2025-06-12T18:55:24.913+0000] {processor.py:183} INFO - Processing /opt/airflow/dags/scraping_autopia_dag.py took 0.793 seconds
[2025-06-12T18:55:55.287+0000] {processor.py:161} INFO - Started process (PID=1167) to work on /opt/airflow/dags/scraping_autopia_dag.py
[2025-06-12T18:55:55.319+0000] {processor.py:830} INFO - Processing file /opt/airflow/dags/scraping_autopia_dag.py for tasks to queue
[2025-06-12T18:55:55.324+0000] {logging_mixin.py:188} INFO - [2025-06-12T18:55:55.322+0000] {dagbag.py:538} INFO - Filling up the DagBag from /opt/airflow/dags/scraping_autopia_dag.py
[2025-06-12T18:55:56.088+0000] {processor.py:840} INFO - DAG(s) 'scraping_autopia_dag' retrieved from /opt/airflow/dags/scraping_autopia_dag.py
[2025-06-12T18:55:56.150+0000] {logging_mixin.py:188} INFO - [2025-06-12T18:55:56.149+0000] {dag.py:3036} INFO - Sync 1 DAGs
[2025-06-12T18:55:56.188+0000] {logging_mixin.py:188} INFO - [2025-06-12T18:55:56.187+0000] {dag.py:3823} INFO - Setting next_dagrun for scraping_autopia_dag to None, run_after=None
[2025-06-12T18:55:56.253+0000] {processor.py:183} INFO - Processing /opt/airflow/dags/scraping_autopia_dag.py took 0.983 seconds
[2025-06-12T18:56:26.534+0000] {processor.py:161} INFO - Started process (PID=1198) to work on /opt/airflow/dags/scraping_autopia_dag.py
[2025-06-12T18:56:26.541+0000] {processor.py:830} INFO - Processing file /opt/airflow/dags/scraping_autopia_dag.py for tasks to queue
[2025-06-12T18:56:26.545+0000] {logging_mixin.py:188} INFO - [2025-06-12T18:56:26.544+0000] {dagbag.py:538} INFO - Filling up the DagBag from /opt/airflow/dags/scraping_autopia_dag.py
[2025-06-12T18:56:27.337+0000] {processor.py:840} INFO - DAG(s) 'scraping_autopia_dag' retrieved from /opt/airflow/dags/scraping_autopia_dag.py
[2025-06-12T18:56:27.367+0000] {logging_mixin.py:188} INFO - [2025-06-12T18:56:27.367+0000] {dag.py:3036} INFO - Sync 1 DAGs
[2025-06-12T18:56:27.385+0000] {logging_mixin.py:188} INFO - [2025-06-12T18:56:27.384+0000] {dag.py:3823} INFO - Setting next_dagrun for scraping_autopia_dag to None, run_after=None
[2025-06-12T18:56:27.431+0000] {processor.py:183} INFO - Processing /opt/airflow/dags/scraping_autopia_dag.py took 0.911 seconds
[2025-06-12T18:56:57.541+0000] {processor.py:161} INFO - Started process (PID=1214) to work on /opt/airflow/dags/scraping_autopia_dag.py
[2025-06-12T18:56:57.549+0000] {processor.py:830} INFO - Processing file /opt/airflow/dags/scraping_autopia_dag.py for tasks to queue
[2025-06-12T18:56:57.554+0000] {logging_mixin.py:188} INFO - [2025-06-12T18:56:57.551+0000] {dagbag.py:538} INFO - Filling up the DagBag from /opt/airflow/dags/scraping_autopia_dag.py
[2025-06-12T18:56:58.487+0000] {processor.py:840} INFO - DAG(s) 'scraping_autopia_dag' retrieved from /opt/airflow/dags/scraping_autopia_dag.py
[2025-06-12T18:56:58.533+0000] {logging_mixin.py:188} INFO - [2025-06-12T18:56:58.532+0000] {dag.py:3036} INFO - Sync 1 DAGs
[2025-06-12T18:56:58.552+0000] {logging_mixin.py:188} INFO - [2025-06-12T18:56:58.552+0000] {dag.py:3823} INFO - Setting next_dagrun for scraping_autopia_dag to None, run_after=None
[2025-06-12T18:56:58.585+0000] {processor.py:183} INFO - Processing /opt/airflow/dags/scraping_autopia_dag.py took 1.062 seconds
[2025-06-12T18:57:28.733+0000] {processor.py:161} INFO - Started process (PID=1246) to work on /opt/airflow/dags/scraping_autopia_dag.py
[2025-06-12T18:57:28.740+0000] {processor.py:830} INFO - Processing file /opt/airflow/dags/scraping_autopia_dag.py for tasks to queue
[2025-06-12T18:57:28.745+0000] {logging_mixin.py:188} INFO - [2025-06-12T18:57:28.743+0000] {dagbag.py:538} INFO - Filling up the DagBag from /opt/airflow/dags/scraping_autopia_dag.py
[2025-06-12T18:57:29.569+0000] {processor.py:840} INFO - DAG(s) 'scraping_autopia_dag' retrieved from /opt/airflow/dags/scraping_autopia_dag.py
[2025-06-12T18:57:29.605+0000] {logging_mixin.py:188} INFO - [2025-06-12T18:57:29.604+0000] {dag.py:3036} INFO - Sync 1 DAGs
[2025-06-12T18:57:29.626+0000] {logging_mixin.py:188} INFO - [2025-06-12T18:57:29.625+0000] {dag.py:3823} INFO - Setting next_dagrun for scraping_autopia_dag to None, run_after=None
[2025-06-12T18:57:29.674+0000] {processor.py:183} INFO - Processing /opt/airflow/dags/scraping_autopia_dag.py took 0.956 seconds
[2025-06-12T18:57:59.879+0000] {processor.py:161} INFO - Started process (PID=1262) to work on /opt/airflow/dags/scraping_autopia_dag.py
[2025-06-12T18:57:59.883+0000] {processor.py:830} INFO - Processing file /opt/airflow/dags/scraping_autopia_dag.py for tasks to queue
[2025-06-12T18:57:59.887+0000] {logging_mixin.py:188} INFO - [2025-06-12T18:57:59.886+0000] {dagbag.py:538} INFO - Filling up the DagBag from /opt/airflow/dags/scraping_autopia_dag.py
[2025-06-12T18:58:00.935+0000] {processor.py:840} INFO - DAG(s) 'scraping_autopia_dag' retrieved from /opt/airflow/dags/scraping_autopia_dag.py
[2025-06-12T18:58:00.999+0000] {logging_mixin.py:188} INFO - [2025-06-12T18:58:00.998+0000] {dag.py:3036} INFO - Sync 1 DAGs
[2025-06-12T18:58:01.034+0000] {logging_mixin.py:188} INFO - [2025-06-12T18:58:01.033+0000] {dag.py:3823} INFO - Setting next_dagrun for scraping_autopia_dag to None, run_after=None
[2025-06-12T18:58:01.091+0000] {processor.py:183} INFO - Processing /opt/airflow/dags/scraping_autopia_dag.py took 1.225 seconds
[2025-06-12T18:58:32.217+0000] {processor.py:161} INFO - Started process (PID=1293) to work on /opt/airflow/dags/scraping_autopia_dag.py
[2025-06-12T18:58:32.227+0000] {processor.py:830} INFO - Processing file /opt/airflow/dags/scraping_autopia_dag.py for tasks to queue
[2025-06-12T18:58:32.231+0000] {logging_mixin.py:188} INFO - [2025-06-12T18:58:32.230+0000] {dagbag.py:538} INFO - Filling up the DagBag from /opt/airflow/dags/scraping_autopia_dag.py
[2025-06-12T18:58:33.109+0000] {processor.py:840} INFO - DAG(s) 'scraping_autopia_dag' retrieved from /opt/airflow/dags/scraping_autopia_dag.py
[2025-06-12T18:58:33.172+0000] {logging_mixin.py:188} INFO - [2025-06-12T18:58:33.171+0000] {dag.py:3036} INFO - Sync 1 DAGs
[2025-06-12T18:58:33.216+0000] {logging_mixin.py:188} INFO - [2025-06-12T18:58:33.216+0000] {dag.py:3823} INFO - Setting next_dagrun for scraping_autopia_dag to None, run_after=None
[2025-06-12T18:58:33.281+0000] {processor.py:183} INFO - Processing /opt/airflow/dags/scraping_autopia_dag.py took 1.080 seconds
[2025-06-12T18:59:03.819+0000] {processor.py:161} INFO - Started process (PID=1309) to work on /opt/airflow/dags/scraping_autopia_dag.py
[2025-06-12T18:59:03.826+0000] {processor.py:830} INFO - Processing file /opt/airflow/dags/scraping_autopia_dag.py for tasks to queue
[2025-06-12T18:59:03.834+0000] {logging_mixin.py:188} INFO - [2025-06-12T18:59:03.832+0000] {dagbag.py:538} INFO - Filling up the DagBag from /opt/airflow/dags/scraping_autopia_dag.py
[2025-06-12T18:59:05.214+0000] {processor.py:840} INFO - DAG(s) 'scraping_autopia_dag' retrieved from /opt/airflow/dags/scraping_autopia_dag.py
[2025-06-12T18:59:05.247+0000] {logging_mixin.py:188} INFO - [2025-06-12T18:59:05.246+0000] {dag.py:3036} INFO - Sync 1 DAGs
[2025-06-12T18:59:05.261+0000] {logging_mixin.py:188} INFO - [2025-06-12T18:59:05.260+0000] {dag.py:3823} INFO - Setting next_dagrun for scraping_autopia_dag to None, run_after=None
[2025-06-12T18:59:05.285+0000] {processor.py:183} INFO - Processing /opt/airflow/dags/scraping_autopia_dag.py took 1.497 seconds
[2025-06-12T18:59:36.315+0000] {processor.py:161} INFO - Started process (PID=1369) to work on /opt/airflow/dags/scraping_autopia_dag.py
[2025-06-12T18:59:36.320+0000] {processor.py:830} INFO - Processing file /opt/airflow/dags/scraping_autopia_dag.py for tasks to queue
[2025-06-12T18:59:36.324+0000] {logging_mixin.py:188} INFO - [2025-06-12T18:59:36.322+0000] {dagbag.py:538} INFO - Filling up the DagBag from /opt/airflow/dags/scraping_autopia_dag.py
[2025-06-12T18:59:37.786+0000] {processor.py:840} INFO - DAG(s) 'scraping_autopia_dag' retrieved from /opt/airflow/dags/scraping_autopia_dag.py
[2025-06-12T18:59:37.817+0000] {logging_mixin.py:188} INFO - [2025-06-12T18:59:37.817+0000] {dag.py:3036} INFO - Sync 1 DAGs
[2025-06-12T18:59:37.835+0000] {logging_mixin.py:188} INFO - [2025-06-12T18:59:37.835+0000] {dag.py:3823} INFO - Setting next_dagrun for scraping_autopia_dag to None, run_after=None
[2025-06-12T18:59:37.873+0000] {processor.py:183} INFO - Processing /opt/airflow/dags/scraping_autopia_dag.py took 1.573 seconds
[2025-06-12T19:00:08.158+0000] {processor.py:161} INFO - Started process (PID=1385) to work on /opt/airflow/dags/scraping_autopia_dag.py
[2025-06-12T19:00:08.162+0000] {processor.py:830} INFO - Processing file /opt/airflow/dags/scraping_autopia_dag.py for tasks to queue
[2025-06-12T19:00:08.168+0000] {logging_mixin.py:188} INFO - [2025-06-12T19:00:08.164+0000] {dagbag.py:538} INFO - Filling up the DagBag from /opt/airflow/dags/scraping_autopia_dag.py
[2025-06-12T19:00:09.146+0000] {processor.py:840} INFO - DAG(s) 'scraping_autopia_dag' retrieved from /opt/airflow/dags/scraping_autopia_dag.py
[2025-06-12T19:00:09.183+0000] {logging_mixin.py:188} INFO - [2025-06-12T19:00:09.182+0000] {dag.py:3036} INFO - Sync 1 DAGs
[2025-06-12T19:00:09.199+0000] {logging_mixin.py:188} INFO - [2025-06-12T19:00:09.198+0000] {dag.py:3823} INFO - Setting next_dagrun for scraping_autopia_dag to None, run_after=None
[2025-06-12T19:00:09.231+0000] {processor.py:183} INFO - Processing /opt/airflow/dags/scraping_autopia_dag.py took 1.088 seconds
[2025-06-12T19:15:47.688+0000] {processor.py:161} INFO - Started process (PID=377) to work on /opt/airflow/dags/scraping_autopia_dag.py
[2025-06-12T19:15:47.694+0000] {processor.py:830} INFO - Processing file /opt/airflow/dags/scraping_autopia_dag.py for tasks to queue
[2025-06-12T19:15:47.697+0000] {logging_mixin.py:188} INFO - [2025-06-12T19:15:47.695+0000] {dagbag.py:538} INFO - Filling up the DagBag from /opt/airflow/dags/scraping_autopia_dag.py
[2025-06-12T19:15:49.277+0000] {processor.py:840} INFO - DAG(s) 'scraping_autopia_dag' retrieved from /opt/airflow/dags/scraping_autopia_dag.py
[2025-06-12T19:15:49.587+0000] {logging_mixin.py:188} INFO - [2025-06-12T19:15:49.587+0000] {dag.py:3036} INFO - Sync 1 DAGs
[2025-06-12T19:15:49.603+0000] {logging_mixin.py:188} INFO - [2025-06-12T19:15:49.602+0000] {dag.py:3823} INFO - Setting next_dagrun for scraping_autopia_dag to None, run_after=None
[2025-06-12T19:15:49.640+0000] {processor.py:183} INFO - Processing /opt/airflow/dags/scraping_autopia_dag.py took 1.968 seconds
[2025-06-12T19:16:20.064+0000] {processor.py:161} INFO - Started process (PID=412) to work on /opt/airflow/dags/scraping_autopia_dag.py
[2025-06-12T19:16:20.070+0000] {processor.py:830} INFO - Processing file /opt/airflow/dags/scraping_autopia_dag.py for tasks to queue
[2025-06-12T19:16:20.073+0000] {logging_mixin.py:188} INFO - [2025-06-12T19:16:20.072+0000] {dagbag.py:538} INFO - Filling up the DagBag from /opt/airflow/dags/scraping_autopia_dag.py
[2025-06-12T19:16:20.901+0000] {processor.py:840} INFO - DAG(s) 'scraping_autopia_dag' retrieved from /opt/airflow/dags/scraping_autopia_dag.py
[2025-06-12T19:16:21.127+0000] {logging_mixin.py:188} INFO - [2025-06-12T19:16:21.126+0000] {dag.py:3036} INFO - Sync 1 DAGs
[2025-06-12T19:16:21.151+0000] {logging_mixin.py:188} INFO - [2025-06-12T19:16:21.150+0000] {dag.py:3823} INFO - Setting next_dagrun for scraping_autopia_dag to None, run_after=None
[2025-06-12T19:16:21.208+0000] {processor.py:183} INFO - Processing /opt/airflow/dags/scraping_autopia_dag.py took 1.160 seconds
[2025-06-12T19:16:51.876+0000] {processor.py:161} INFO - Started process (PID=449) to work on /opt/airflow/dags/scraping_autopia_dag.py
[2025-06-12T19:16:51.981+0000] {processor.py:830} INFO - Processing file /opt/airflow/dags/scraping_autopia_dag.py for tasks to queue
[2025-06-12T19:16:51.986+0000] {logging_mixin.py:188} INFO - [2025-06-12T19:16:51.984+0000] {dagbag.py:538} INFO - Filling up the DagBag from /opt/airflow/dags/scraping_autopia_dag.py
[2025-06-12T19:16:55.964+0000] {processor.py:840} INFO - DAG(s) 'scraping_autopia_dag' retrieved from /opt/airflow/dags/scraping_autopia_dag.py
[2025-06-12T19:16:56.005+0000] {logging_mixin.py:188} INFO - [2025-06-12T19:16:56.005+0000] {dag.py:3036} INFO - Sync 1 DAGs
[2025-06-12T19:16:56.023+0000] {logging_mixin.py:188} INFO - [2025-06-12T19:16:56.023+0000] {dag.py:3823} INFO - Setting next_dagrun for scraping_autopia_dag to None, run_after=None
[2025-06-12T19:16:56.051+0000] {processor.py:183} INFO - Processing /opt/airflow/dags/scraping_autopia_dag.py took 4.191 seconds
[2025-06-12T19:17:26.601+0000] {processor.py:161} INFO - Started process (PID=503) to work on /opt/airflow/dags/scraping_autopia_dag.py
[2025-06-12T19:17:26.614+0000] {processor.py:830} INFO - Processing file /opt/airflow/dags/scraping_autopia_dag.py for tasks to queue
[2025-06-12T19:17:26.623+0000] {logging_mixin.py:188} INFO - [2025-06-12T19:17:26.621+0000] {dagbag.py:538} INFO - Filling up the DagBag from /opt/airflow/dags/scraping_autopia_dag.py
[2025-06-12T19:17:28.504+0000] {processor.py:840} INFO - DAG(s) 'scraping_autopia_dag' retrieved from /opt/airflow/dags/scraping_autopia_dag.py
[2025-06-12T19:17:28.562+0000] {logging_mixin.py:188} INFO - [2025-06-12T19:17:28.561+0000] {dag.py:3036} INFO - Sync 1 DAGs
[2025-06-12T19:17:28.582+0000] {logging_mixin.py:188} INFO - [2025-06-12T19:17:28.581+0000] {dag.py:3823} INFO - Setting next_dagrun for scraping_autopia_dag to None, run_after=None
[2025-06-12T19:17:28.615+0000] {processor.py:183} INFO - Processing /opt/airflow/dags/scraping_autopia_dag.py took 2.044 seconds
[2025-06-12T19:17:59.211+0000] {processor.py:161} INFO - Started process (PID=532) to work on /opt/airflow/dags/scraping_autopia_dag.py
[2025-06-12T19:17:59.223+0000] {processor.py:830} INFO - Processing file /opt/airflow/dags/scraping_autopia_dag.py for tasks to queue
[2025-06-12T19:17:59.229+0000] {logging_mixin.py:188} INFO - [2025-06-12T19:17:59.226+0000] {dagbag.py:538} INFO - Filling up the DagBag from /opt/airflow/dags/scraping_autopia_dag.py
[2025-06-12T19:17:59.305+0000] {processor.py:840} INFO - DAG(s) 'scraping_autopia_dag' retrieved from /opt/airflow/dags/scraping_autopia_dag.py
[2025-06-12T19:17:59.428+0000] {logging_mixin.py:188} INFO - [2025-06-12T19:17:59.427+0000] {dag.py:3036} INFO - Sync 1 DAGs
[2025-06-12T19:17:59.473+0000] {logging_mixin.py:188} INFO - [2025-06-12T19:17:59.472+0000] {dag.py:3823} INFO - Setting next_dagrun for scraping_autopia_dag to None, run_after=None
[2025-06-12T19:17:59.542+0000] {processor.py:183} INFO - Processing /opt/airflow/dags/scraping_autopia_dag.py took 1.628 seconds
[2025-06-12T19:18:29.919+0000] {processor.py:161} INFO - Started process (PID=560) to work on /opt/airflow/dags/scraping_autopia_dag.py
[2025-06-12T19:18:29.934+0000] {processor.py:830} INFO - Processing file /opt/airflow/dags/scraping_autopia_dag.py for tasks to queue
[2025-06-12T19:18:29.938+0000] {logging_mixin.py:188} INFO - [2025-06-12T19:18:29.937+0000] {dagbag.py:538} INFO - Filling up the DagBag from /opt/airflow/dags/scraping_autopia_dag.py
[2025-06-12T19:18:30.754+0000] {processor.py:840} INFO - DAG(s) 'scraping_autopia_dag' retrieved from /opt/airflow/dags/scraping_autopia_dag.py
[2025-06-12T19:18:30.786+0000] {logging_mixin.py:188} INFO - [2025-06-12T19:18:30.785+0000] {dag.py:3036} INFO - Sync 1 DAGs
[2025-06-12T19:18:30.799+0000] {logging_mixin.py:188} INFO - [2025-06-12T19:18:30.798+0000] {dag.py:3823} INFO - Setting next_dagrun for scraping_autopia_dag to None, run_after=None
[2025-06-12T19:18:30.826+0000] {processor.py:183} INFO - Processing /opt/airflow/dags/scraping_autopia_dag.py took 0.924 seconds
[2025-06-12T19:19:01.408+0000] {processor.py:161} INFO - Started process (PID=588) to work on /opt/airflow/dags/scraping_autopia_dag.py
[2025-06-12T19:19:01.418+0000] {processor.py:830} INFO - Processing file /opt/airflow/dags/scraping_autopia_dag.py for tasks to queue
[2025-06-12T19:19:01.424+0000] {logging_mixin.py:188} INFO - [2025-06-12T19:19:01.422+0000] {dagbag.py:538} INFO - Filling up the DagBag from /opt/airflow/dags/scraping_autopia_dag.py
[2025-06-12T19:19:02.192+0000] {processor.py:840} INFO - DAG(s) 'scraping_autopia_dag' retrieved from /opt/airflow/dags/scraping_autopia_dag.py
[2025-06-12T19:19:02.233+0000] {logging_mixin.py:188} INFO - [2025-06-12T19:19:02.232+0000] {dag.py:3036} INFO - Sync 1 DAGs
[2025-06-12T19:19:02.250+0000] {logging_mixin.py:188} INFO - [2025-06-12T19:19:02.249+0000] {dag.py:3823} INFO - Setting next_dagrun for scraping_autopia_dag to None, run_after=None
[2025-06-12T19:19:02.283+0000] {processor.py:183} INFO - Processing /opt/airflow/dags/scraping_autopia_dag.py took 0.893 seconds
[2025-06-12T19:19:32.404+0000] {processor.py:161} INFO - Started process (PID=617) to work on /opt/airflow/dags/scraping_autopia_dag.py
[2025-06-12T19:19:32.411+0000] {processor.py:830} INFO - Processing file /opt/airflow/dags/scraping_autopia_dag.py for tasks to queue
[2025-06-12T19:19:32.416+0000] {logging_mixin.py:188} INFO - [2025-06-12T19:19:32.415+0000] {dagbag.py:538} INFO - Filling up the DagBag from /opt/airflow/dags/scraping_autopia_dag.py
[2025-06-12T19:19:33.343+0000] {processor.py:840} INFO - DAG(s) 'scraping_autopia_dag' retrieved from /opt/airflow/dags/scraping_autopia_dag.py
[2025-06-12T19:19:33.393+0000] {logging_mixin.py:188} INFO - [2025-06-12T19:19:33.392+0000] {dag.py:3036} INFO - Sync 1 DAGs
[2025-06-12T19:19:33.415+0000] {logging_mixin.py:188} INFO - [2025-06-12T19:19:33.415+0000] {dag.py:3823} INFO - Setting next_dagrun for scraping_autopia_dag to None, run_after=None
[2025-06-12T19:19:33.451+0000] {processor.py:183} INFO - Processing /opt/airflow/dags/scraping_autopia_dag.py took 1.067 seconds
[2025-06-12T19:20:04.094+0000] {processor.py:161} INFO - Started process (PID=665) to work on /opt/airflow/dags/scraping_autopia_dag.py
[2025-06-12T19:20:04.106+0000] {processor.py:830} INFO - Processing file /opt/airflow/dags/scraping_autopia_dag.py for tasks to queue
[2025-06-12T19:20:04.120+0000] {logging_mixin.py:188} INFO - [2025-06-12T19:20:04.116+0000] {dagbag.py:538} INFO - Filling up the DagBag from /opt/airflow/dags/scraping_autopia_dag.py
[2025-06-12T19:20:09.717+0000] {processor.py:840} INFO - DAG(s) 'scraping_autopia_dag' retrieved from /opt/airflow/dags/scraping_autopia_dag.py
[2025-06-12T19:20:09.780+0000] {logging_mixin.py:188} INFO - [2025-06-12T19:20:09.779+0000] {dag.py:3036} INFO - Sync 1 DAGs
[2025-06-12T19:20:09.808+0000] {logging_mixin.py:188} INFO - [2025-06-12T19:20:09.807+0000] {dag.py:3823} INFO - Setting next_dagrun for scraping_autopia_dag to None, run_after=None
[2025-06-12T19:20:09.845+0000] {processor.py:183} INFO - Processing /opt/airflow/dags/scraping_autopia_dag.py took 5.800 seconds
[2025-06-12T19:20:39.981+0000] {processor.py:161} INFO - Started process (PID=764) to work on /opt/airflow/dags/scraping_autopia_dag.py
[2025-06-12T19:20:39.987+0000] {processor.py:830} INFO - Processing file /opt/airflow/dags/scraping_autopia_dag.py for tasks to queue
[2025-06-12T19:20:39.991+0000] {logging_mixin.py:188} INFO - [2025-06-12T19:20:39.989+0000] {dagbag.py:538} INFO - Filling up the DagBag from /opt/airflow/dags/scraping_autopia_dag.py
[2025-06-12T19:20:42.326+0000] {processor.py:840} INFO - DAG(s) 'scraping_autopia_dag' retrieved from /opt/airflow/dags/scraping_autopia_dag.py
[2025-06-12T19:20:42.369+0000] {logging_mixin.py:188} INFO - [2025-06-12T19:20:42.368+0000] {dag.py:3036} INFO - Sync 1 DAGs
[2025-06-12T19:20:42.390+0000] {logging_mixin.py:188} INFO - [2025-06-12T19:20:42.390+0000] {dag.py:3823} INFO - Setting next_dagrun for scraping_autopia_dag to None, run_after=None
[2025-06-12T19:20:42.439+0000] {processor.py:183} INFO - Processing /opt/airflow/dags/scraping_autopia_dag.py took 2.478 seconds
[2025-06-12T19:21:12.766+0000] {processor.py:161} INFO - Started process (PID=785) to work on /opt/airflow/dags/scraping_autopia_dag.py
[2025-06-12T19:21:12.769+0000] {processor.py:830} INFO - Processing file /opt/airflow/dags/scraping_autopia_dag.py for tasks to queue
[2025-06-12T19:21:12.772+0000] {logging_mixin.py:188} INFO - [2025-06-12T19:21:12.771+0000] {dagbag.py:538} INFO - Filling up the DagBag from /opt/airflow/dags/scraping_autopia_dag.py
[2025-06-12T19:21:13.795+0000] {processor.py:840} INFO - DAG(s) 'scraping_autopia_dag' retrieved from /opt/airflow/dags/scraping_autopia_dag.py
[2025-06-12T19:21:13.870+0000] {logging_mixin.py:188} INFO - [2025-06-12T19:21:13.868+0000] {dag.py:3036} INFO - Sync 1 DAGs
[2025-06-12T19:21:13.906+0000] {logging_mixin.py:188} INFO - [2025-06-12T19:21:13.905+0000] {dag.py:3823} INFO - Setting next_dagrun for scraping_autopia_dag to None, run_after=None
[2025-06-12T19:21:13.966+0000] {processor.py:183} INFO - Processing /opt/airflow/dags/scraping_autopia_dag.py took 1.215 seconds
[2025-06-12T19:21:44.173+0000] {processor.py:161} INFO - Started process (PID=821) to work on /opt/airflow/dags/scraping_autopia_dag.py
[2025-06-12T19:21:44.177+0000] {processor.py:830} INFO - Processing file /opt/airflow/dags/scraping_autopia_dag.py for tasks to queue
[2025-06-12T19:21:44.182+0000] {logging_mixin.py:188} INFO - [2025-06-12T19:21:44.180+0000] {dagbag.py:538} INFO - Filling up the DagBag from /opt/airflow/dags/scraping_autopia_dag.py
[2025-06-12T19:21:44.992+0000] {processor.py:840} INFO - DAG(s) 'scraping_autopia_dag' retrieved from /opt/airflow/dags/scraping_autopia_dag.py
[2025-06-12T19:21:45.031+0000] {logging_mixin.py:188} INFO - [2025-06-12T19:21:45.030+0000] {dag.py:3036} INFO - Sync 1 DAGs
[2025-06-12T19:21:45.053+0000] {logging_mixin.py:188} INFO - [2025-06-12T19:21:45.053+0000] {dag.py:3823} INFO - Setting next_dagrun for scraping_autopia_dag to None, run_after=None
[2025-06-12T19:21:45.104+0000] {processor.py:183} INFO - Processing /opt/airflow/dags/scraping_autopia_dag.py took 0.954 seconds
[2025-06-12T19:22:15.754+0000] {processor.py:161} INFO - Started process (PID=850) to work on /opt/airflow/dags/scraping_autopia_dag.py
[2025-06-12T19:22:15.759+0000] {processor.py:830} INFO - Processing file /opt/airflow/dags/scraping_autopia_dag.py for tasks to queue
[2025-06-12T19:22:15.763+0000] {logging_mixin.py:188} INFO - [2025-06-12T19:22:15.762+0000] {dagbag.py:538} INFO - Filling up the DagBag from /opt/airflow/dags/scraping_autopia_dag.py
[2025-06-12T19:22:16.480+0000] {processor.py:840} INFO - DAG(s) 'scraping_autopia_dag' retrieved from /opt/airflow/dags/scraping_autopia_dag.py
[2025-06-12T19:22:16.511+0000] {logging_mixin.py:188} INFO - [2025-06-12T19:22:16.510+0000] {dag.py:3036} INFO - Sync 1 DAGs
[2025-06-12T19:22:16.530+0000] {logging_mixin.py:188} INFO - [2025-06-12T19:22:16.530+0000] {dag.py:3823} INFO - Setting next_dagrun for scraping_autopia_dag to None, run_after=None
[2025-06-12T19:22:16.554+0000] {processor.py:183} INFO - Processing /opt/airflow/dags/scraping_autopia_dag.py took 0.816 seconds
[2025-06-12T19:22:46.807+0000] {processor.py:161} INFO - Started process (PID=907) to work on /opt/airflow/dags/scraping_autopia_dag.py
[2025-06-12T19:22:46.811+0000] {processor.py:830} INFO - Processing file /opt/airflow/dags/scraping_autopia_dag.py for tasks to queue
[2025-06-12T19:22:46.816+0000] {logging_mixin.py:188} INFO - [2025-06-12T19:22:46.814+0000] {dagbag.py:538} INFO - Filling up the DagBag from /opt/airflow/dags/scraping_autopia_dag.py
[2025-06-12T19:22:46.644+0000] {processor.py:840} INFO - DAG(s) 'scraping_autopia_dag' retrieved from /opt/airflow/dags/scraping_autopia_dag.py
[2025-06-12T19:22:46.679+0000] {logging_mixin.py:188} INFO - [2025-06-12T19:22:46.679+0000] {dag.py:3036} INFO - Sync 1 DAGs
[2025-06-12T19:22:46.696+0000] {logging_mixin.py:188} INFO - [2025-06-12T19:22:46.696+0000] {dag.py:3823} INFO - Setting next_dagrun for scraping_autopia_dag to None, run_after=None
[2025-06-12T19:22:46.732+0000] {processor.py:183} INFO - Processing /opt/airflow/dags/scraping_autopia_dag.py took 1.256 seconds
[2025-06-12T19:23:17.404+0000] {processor.py:161} INFO - Started process (PID=935) to work on /opt/airflow/dags/scraping_autopia_dag.py
[2025-06-12T19:23:17.411+0000] {processor.py:830} INFO - Processing file /opt/airflow/dags/scraping_autopia_dag.py for tasks to queue
[2025-06-12T19:23:17.416+0000] {logging_mixin.py:188} INFO - [2025-06-12T19:23:17.414+0000] {dagbag.py:538} INFO - Filling up the DagBag from /opt/airflow/dags/scraping_autopia_dag.py
[2025-06-12T19:23:18.669+0000] {processor.py:840} INFO - DAG(s) 'scraping_autopia_dag' retrieved from /opt/airflow/dags/scraping_autopia_dag.py
[2025-06-12T19:23:18.756+0000] {logging_mixin.py:188} INFO - [2025-06-12T19:23:18.755+0000] {dag.py:3036} INFO - Sync 1 DAGs
[2025-06-12T19:23:18.801+0000] {logging_mixin.py:188} INFO - [2025-06-12T19:23:18.800+0000] {dag.py:3823} INFO - Setting next_dagrun for scraping_autopia_dag to None, run_after=None
[2025-06-12T19:23:18.879+0000] {processor.py:183} INFO - Processing /opt/airflow/dags/scraping_autopia_dag.py took 1.503 seconds
[2025-06-12T19:23:49.518+0000] {processor.py:161} INFO - Started process (PID=964) to work on /opt/airflow/dags/scraping_autopia_dag.py
[2025-06-12T19:23:49.520+0000] {processor.py:830} INFO - Processing file /opt/airflow/dags/scraping_autopia_dag.py for tasks to queue
[2025-06-12T19:23:49.522+0000] {logging_mixin.py:188} INFO - [2025-06-12T19:23:49.521+0000] {dagbag.py:538} INFO - Filling up the DagBag from /opt/airflow/dags/scraping_autopia_dag.py
[2025-06-12T19:23:50.748+0000] {processor.py:840} INFO - DAG(s) 'scraping_autopia_dag' retrieved from /opt/airflow/dags/scraping_autopia_dag.py
[2025-06-12T19:23:50.794+0000] {logging_mixin.py:188} INFO - [2025-06-12T19:23:50.794+0000] {dag.py:3036} INFO - Sync 1 DAGs
[2025-06-12T19:23:50.814+0000] {logging_mixin.py:188} INFO - [2025-06-12T19:23:50.813+0000] {dag.py:3823} INFO - Setting next_dagrun for scraping_autopia_dag to None, run_after=None
[2025-06-12T19:23:50.844+0000] {processor.py:183} INFO - Processing /opt/airflow/dags/scraping_autopia_dag.py took 1.332 seconds
[2025-06-12T19:24:21.131+0000] {processor.py:161} INFO - Started process (PID=985) to work on /opt/airflow/dags/scraping_autopia_dag.py
[2025-06-12T19:24:21.138+0000] {processor.py:830} INFO - Processing file /opt/airflow/dags/scraping_autopia_dag.py for tasks to queue
[2025-06-12T19:24:21.145+0000] {logging_mixin.py:188} INFO - [2025-06-12T19:24:21.142+0000] {dagbag.py:538} INFO - Filling up the DagBag from /opt/airflow/dags/scraping_autopia_dag.py
[2025-06-12T19:24:22.189+0000] {processor.py:840} INFO - DAG(s) 'scraping_autopia_dag' retrieved from /opt/airflow/dags/scraping_autopia_dag.py
[2025-06-12T19:24:22.216+0000] {logging_mixin.py:188} INFO - [2025-06-12T19:24:22.216+0000] {dag.py:3036} INFO - Sync 1 DAGs
[2025-06-12T19:24:22.228+0000] {logging_mixin.py:188} INFO - [2025-06-12T19:24:22.228+0000] {dag.py:3823} INFO - Setting next_dagrun for scraping_autopia_dag to None, run_after=None
[2025-06-12T19:24:22.253+0000] {processor.py:183} INFO - Processing /opt/airflow/dags/scraping_autopia_dag.py took 1.144 seconds
[2025-06-12T19:24:52.849+0000] {processor.py:161} INFO - Started process (PID=1021) to work on /opt/airflow/dags/scraping_autopia_dag.py
[2025-06-12T19:24:52.855+0000] {processor.py:830} INFO - Processing file /opt/airflow/dags/scraping_autopia_dag.py for tasks to queue
[2025-06-12T19:24:52.857+0000] {logging_mixin.py:188} INFO - [2025-06-12T19:24:52.856+0000] {dagbag.py:538} INFO - Filling up the DagBag from /opt/airflow/dags/scraping_autopia_dag.py
[2025-06-12T19:24:53.651+0000] {processor.py:840} INFO - DAG(s) 'scraping_autopia_dag' retrieved from /opt/airflow/dags/scraping_autopia_dag.py
[2025-06-12T19:24:53.691+0000] {logging_mixin.py:188} INFO - [2025-06-12T19:24:53.690+0000] {dag.py:3036} INFO - Sync 1 DAGs
[2025-06-12T19:24:53.713+0000] {logging_mixin.py:188} INFO - [2025-06-12T19:24:53.712+0000] {dag.py:3823} INFO - Setting next_dagrun for scraping_autopia_dag to None, run_after=None
[2025-06-12T19:24:53.746+0000] {processor.py:183} INFO - Processing /opt/airflow/dags/scraping_autopia_dag.py took 0.905 seconds
[2025-06-12T19:25:24.420+0000] {processor.py:161} INFO - Started process (PID=1161) to work on /opt/airflow/dags/scraping_autopia_dag.py
[2025-06-12T19:25:24.435+0000] {processor.py:830} INFO - Processing file /opt/airflow/dags/scraping_autopia_dag.py for tasks to queue
[2025-06-12T19:25:24.474+0000] {logging_mixin.py:188} INFO - [2025-06-12T19:25:24.457+0000] {dagbag.py:538} INFO - Filling up the DagBag from /opt/airflow/dags/scraping_autopia_dag.py
[2025-06-12T19:25:28.184+0000] {processor.py:840} INFO - DAG(s) 'scraping_autopia_dag' retrieved from /opt/airflow/dags/scraping_autopia_dag.py
[2025-06-12T19:25:28.233+0000] {logging_mixin.py:188} INFO - [2025-06-12T19:25:28.232+0000] {dag.py:3036} INFO - Sync 1 DAGs
[2025-06-12T19:25:28.260+0000] {logging_mixin.py:188} INFO - [2025-06-12T19:25:28.259+0000] {dag.py:3823} INFO - Setting next_dagrun for scraping_autopia_dag to None, run_after=None
[2025-06-12T19:25:28.312+0000] {processor.py:183} INFO - Processing /opt/airflow/dags/scraping_autopia_dag.py took 4.150 seconds
[2025-06-12T19:26:48.403+0000] {processor.py:161} INFO - Started process (PID=191) to work on /opt/airflow/dags/scraping_autopia_dag.py
[2025-06-12T19:26:48.404+0000] {processor.py:830} INFO - Processing file /opt/airflow/dags/scraping_autopia_dag.py for tasks to queue
[2025-06-12T19:26:48.406+0000] {logging_mixin.py:188} INFO - [2025-06-12T19:26:48.405+0000] {dagbag.py:538} INFO - Filling up the DagBag from /opt/airflow/dags/scraping_autopia_dag.py
[2025-06-12T19:26:48.979+0000] {processor.py:840} INFO - DAG(s) 'scraping_autopia_dag' retrieved from /opt/airflow/dags/scraping_autopia_dag.py
[2025-06-12T19:26:49.111+0000] {logging_mixin.py:188} INFO - [2025-06-12T19:26:49.111+0000] {dag.py:3036} INFO - Sync 1 DAGs
[2025-06-12T19:26:49.126+0000] {logging_mixin.py:188} INFO - [2025-06-12T19:26:49.126+0000] {dag.py:3823} INFO - Setting next_dagrun for scraping_autopia_dag to None, run_after=None
[2025-06-12T19:26:49.158+0000] {processor.py:183} INFO - Processing /opt/airflow/dags/scraping_autopia_dag.py took 0.760 seconds
[2025-06-12T19:27:19.636+0000] {processor.py:161} INFO - Started process (PID=210) to work on /opt/airflow/dags/scraping_autopia_dag.py
[2025-06-12T19:27:19.638+0000] {processor.py:830} INFO - Processing file /opt/airflow/dags/scraping_autopia_dag.py for tasks to queue
[2025-06-12T19:27:19.640+0000] {logging_mixin.py:188} INFO - [2025-06-12T19:27:19.639+0000] {dagbag.py:538} INFO - Filling up the DagBag from /opt/airflow/dags/scraping_autopia_dag.py
[2025-06-12T19:27:20.431+0000] {processor.py:840} INFO - DAG(s) 'scraping_autopia_dag' retrieved from /opt/airflow/dags/scraping_autopia_dag.py
[2025-06-12T19:27:20.472+0000] {logging_mixin.py:188} INFO - [2025-06-12T19:27:20.472+0000] {dag.py:3036} INFO - Sync 1 DAGs
[2025-06-12T19:27:20.493+0000] {logging_mixin.py:188} INFO - [2025-06-12T19:27:20.493+0000] {dag.py:3823} INFO - Setting next_dagrun for scraping_autopia_dag to None, run_after=None
[2025-06-12T19:27:20.545+0000] {processor.py:183} INFO - Processing /opt/airflow/dags/scraping_autopia_dag.py took 0.917 seconds
[2025-06-12T19:27:50.841+0000] {processor.py:161} INFO - Started process (PID=295) to work on /opt/airflow/dags/scraping_autopia_dag.py
[2025-06-12T19:27:50.844+0000] {processor.py:830} INFO - Processing file /opt/airflow/dags/scraping_autopia_dag.py for tasks to queue
[2025-06-12T19:27:50.845+0000] {logging_mixin.py:188} INFO - [2025-06-12T19:27:50.844+0000] {dagbag.py:538} INFO - Filling up the DagBag from /opt/airflow/dags/scraping_autopia_dag.py
[2025-06-12T19:27:51.812+0000] {processor.py:840} INFO - DAG(s) 'scraping_autopia_dag' retrieved from /opt/airflow/dags/scraping_autopia_dag.py
[2025-06-12T19:27:51.872+0000] {logging_mixin.py:188} INFO - [2025-06-12T19:27:51.871+0000] {dag.py:3036} INFO - Sync 1 DAGs
[2025-06-12T19:27:51.899+0000] {logging_mixin.py:188} INFO - [2025-06-12T19:27:51.899+0000] {dag.py:3823} INFO - Setting next_dagrun for scraping_autopia_dag to None, run_after=None
[2025-06-12T19:27:51.951+0000] {processor.py:183} INFO - Processing /opt/airflow/dags/scraping_autopia_dag.py took 1.116 seconds
[2025-06-12T19:28:22.478+0000] {processor.py:161} INFO - Started process (PID=473) to work on /opt/airflow/dags/scraping_autopia_dag.py
[2025-06-12T19:28:22.482+0000] {processor.py:830} INFO - Processing file /opt/airflow/dags/scraping_autopia_dag.py for tasks to queue
[2025-06-12T19:28:22.486+0000] {logging_mixin.py:188} INFO - [2025-06-12T19:28:22.484+0000] {dagbag.py:538} INFO - Filling up the DagBag from /opt/airflow/dags/scraping_autopia_dag.py
[2025-06-12T19:28:23.556+0000] {processor.py:840} INFO - DAG(s) 'scraping_autopia_dag' retrieved from /opt/airflow/dags/scraping_autopia_dag.py
[2025-06-12T19:28:23.625+0000] {logging_mixin.py:188} INFO - [2025-06-12T19:28:23.624+0000] {dag.py:3036} INFO - Sync 1 DAGs
[2025-06-12T19:28:23.658+0000] {logging_mixin.py:188} INFO - [2025-06-12T19:28:23.657+0000] {dag.py:3823} INFO - Setting next_dagrun for scraping_autopia_dag to None, run_after=None
[2025-06-12T19:28:23.716+0000] {processor.py:183} INFO - Processing /opt/airflow/dags/scraping_autopia_dag.py took 1.257 seconds
[2025-06-12T19:28:54.129+0000] {processor.py:161} INFO - Started process (PID=509) to work on /opt/airflow/dags/scraping_autopia_dag.py
[2025-06-12T19:28:54.138+0000] {processor.py:830} INFO - Processing file /opt/airflow/dags/scraping_autopia_dag.py for tasks to queue
[2025-06-12T19:28:54.142+0000] {logging_mixin.py:188} INFO - [2025-06-12T19:28:54.141+0000] {dagbag.py:538} INFO - Filling up the DagBag from /opt/airflow/dags/scraping_autopia_dag.py
[2025-06-12T19:28:55.205+0000] {processor.py:840} INFO - DAG(s) 'scraping_autopia_dag' retrieved from /opt/airflow/dags/scraping_autopia_dag.py
[2025-06-12T19:28:55.253+0000] {logging_mixin.py:188} INFO - [2025-06-12T19:28:55.252+0000] {dag.py:3036} INFO - Sync 1 DAGs
[2025-06-12T19:28:55.280+0000] {logging_mixin.py:188} INFO - [2025-06-12T19:28:55.279+0000] {dag.py:3823} INFO - Setting next_dagrun for scraping_autopia_dag to None, run_after=None
[2025-06-12T19:28:55.330+0000] {processor.py:183} INFO - Processing /opt/airflow/dags/scraping_autopia_dag.py took 1.221 seconds
[2025-06-12T19:29:25.686+0000] {processor.py:161} INFO - Started process (PID=547) to work on /opt/airflow/dags/scraping_autopia_dag.py
[2025-06-12T19:29:25.691+0000] {processor.py:830} INFO - Processing file /opt/airflow/dags/scraping_autopia_dag.py for tasks to queue
[2025-06-12T19:29:25.695+0000] {logging_mixin.py:188} INFO - [2025-06-12T19:29:25.694+0000] {dagbag.py:538} INFO - Filling up the DagBag from /opt/airflow/dags/scraping_autopia_dag.py
[2025-06-12T19:29:27.097+0000] {processor.py:840} INFO - DAG(s) 'scraping_autopia_dag' retrieved from /opt/airflow/dags/scraping_autopia_dag.py
[2025-06-12T19:29:27.144+0000] {logging_mixin.py:188} INFO - [2025-06-12T19:29:27.143+0000] {dag.py:3036} INFO - Sync 1 DAGs
[2025-06-12T19:29:27.163+0000] {logging_mixin.py:188} INFO - [2025-06-12T19:29:27.163+0000] {dag.py:3823} INFO - Setting next_dagrun for scraping_autopia_dag to None, run_after=None
[2025-06-12T19:29:27.199+0000] {processor.py:183} INFO - Processing /opt/airflow/dags/scraping_autopia_dag.py took 1.532 seconds
[2025-06-12T19:29:57.806+0000] {processor.py:161} INFO - Started process (PID=670) to work on /opt/airflow/dags/scraping_autopia_dag.py
[2025-06-12T19:29:57.811+0000] {processor.py:830} INFO - Processing file /opt/airflow/dags/scraping_autopia_dag.py for tasks to queue
[2025-06-12T19:29:57.812+0000] {logging_mixin.py:188} INFO - [2025-06-12T19:29:57.812+0000] {dagbag.py:538} INFO - Filling up the DagBag from /opt/airflow/dags/scraping_autopia_dag.py
[2025-06-12T19:29:58.499+0000] {processor.py:840} INFO - DAG(s) 'scraping_autopia_dag' retrieved from /opt/airflow/dags/scraping_autopia_dag.py
[2025-06-12T19:29:58.565+0000] {logging_mixin.py:188} INFO - [2025-06-12T19:29:58.564+0000] {dag.py:3036} INFO - Sync 1 DAGs
[2025-06-12T19:29:58.597+0000] {logging_mixin.py:188} INFO - [2025-06-12T19:29:58.596+0000] {dag.py:3823} INFO - Setting next_dagrun for scraping_autopia_dag to None, run_after=None
[2025-06-12T19:29:58.651+0000] {processor.py:183} INFO - Processing /opt/airflow/dags/scraping_autopia_dag.py took 0.850 seconds
[2025-06-12T19:30:28.952+0000] {processor.py:161} INFO - Started process (PID=772) to work on /opt/airflow/dags/scraping_autopia_dag.py
[2025-06-12T19:30:28.957+0000] {processor.py:830} INFO - Processing file /opt/airflow/dags/scraping_autopia_dag.py for tasks to queue
[2025-06-12T19:30:28.960+0000] {logging_mixin.py:188} INFO - [2025-06-12T19:30:28.959+0000] {dagbag.py:538} INFO - Filling up the DagBag from /opt/airflow/dags/scraping_autopia_dag.py
[2025-06-12T19:30:30.105+0000] {processor.py:840} INFO - DAG(s) 'scraping_autopia_dag' retrieved from /opt/airflow/dags/scraping_autopia_dag.py
[2025-06-12T19:30:30.191+0000] {logging_mixin.py:188} INFO - [2025-06-12T19:30:30.190+0000] {dag.py:3036} INFO - Sync 1 DAGs
[2025-06-12T19:30:30.231+0000] {logging_mixin.py:188} INFO - [2025-06-12T19:30:30.231+0000] {dag.py:3823} INFO - Setting next_dagrun for scraping_autopia_dag to None, run_after=None
[2025-06-12T19:30:30.313+0000] {processor.py:183} INFO - Processing /opt/airflow/dags/scraping_autopia_dag.py took 1.376 seconds
[2025-06-12T19:31:01.276+0000] {processor.py:161} INFO - Started process (PID=826) to work on /opt/airflow/dags/scraping_autopia_dag.py
[2025-06-12T19:31:01.279+0000] {processor.py:830} INFO - Processing file /opt/airflow/dags/scraping_autopia_dag.py for tasks to queue
[2025-06-12T19:31:01.280+0000] {logging_mixin.py:188} INFO - [2025-06-12T19:31:01.280+0000] {dagbag.py:538} INFO - Filling up the DagBag from /opt/airflow/dags/scraping_autopia_dag.py
[2025-06-12T19:31:02.169+0000] {processor.py:840} INFO - DAG(s) 'scraping_autopia_dag' retrieved from /opt/airflow/dags/scraping_autopia_dag.py
[2025-06-12T19:31:02.204+0000] {logging_mixin.py:188} INFO - [2025-06-12T19:31:02.204+0000] {dag.py:3036} INFO - Sync 1 DAGs
[2025-06-12T19:31:02.227+0000] {logging_mixin.py:188} INFO - [2025-06-12T19:31:02.227+0000] {dag.py:3823} INFO - Setting next_dagrun for scraping_autopia_dag to None, run_after=None
[2025-06-12T19:31:02.253+0000] {processor.py:183} INFO - Processing /opt/airflow/dags/scraping_autopia_dag.py took 0.985 seconds
