[2025-06-15T13:11:19.973+0000] {taskinstance.py:1956} INFO - Dependencies all met for dep_context=non-requeueable deps ti=<TaskInstance: entrenamiento_modelos_regresion.entrenar_y_promover manual__2025-06-15T13:11:15.283610+00:00 [queued]>
[2025-06-15T13:11:19.983+0000] {taskinstance.py:1956} INFO - Dependencies all met for dep_context=requeueable deps ti=<TaskInstance: entrenamiento_modelos_regresion.entrenar_y_promover manual__2025-06-15T13:11:15.283610+00:00 [queued]>
[2025-06-15T13:11:19.983+0000] {taskinstance.py:2170} INFO - Starting attempt 1 of 2
[2025-06-15T13:11:20.002+0000] {taskinstance.py:2191} INFO - Executing <Task(_PythonDecoratedOperator): entrenar_y_promover> on 2025-06-15 13:11:15.283610+00:00
[2025-06-15T13:11:20.009+0000] {standard_task_runner.py:60} INFO - Started process 1846 to run task
[2025-06-15T13:11:20.013+0000] {standard_task_runner.py:87} INFO - Running: ['***', 'tasks', 'run', 'entrenamiento_modelos_regresion', 'entrenar_y_promover', 'manual__2025-06-15T13:11:15.283610+00:00', '--job-id', '205', '--raw', '--subdir', 'DAGS_FOLDER/entrenamiento_modelos_regresion_dag.py', '--cfg-path', '/tmp/tmpdmhdk312']
[2025-06-15T13:11:20.015+0000] {standard_task_runner.py:88} INFO - Job 205: Subtask entrenar_y_promover
[2025-06-15T13:11:20.090+0000] {task_command.py:423} INFO - Running <TaskInstance: entrenamiento_modelos_regresion.entrenar_y_promover manual__2025-06-15T13:11:15.283610+00:00 [running]> on host 88e9b978eb97
[2025-06-15T13:11:20.834+0000] {taskinstance.py:2480} INFO - Exporting env vars: AIRFLOW_CTX_DAG_OWNER='fede' AIRFLOW_CTX_DAG_ID='entrenamiento_modelos_regresion' AIRFLOW_CTX_TASK_ID='entrenar_y_promover' AIRFLOW_CTX_EXECUTION_DATE='2025-06-15T13:11:15.283610+00:00' AIRFLOW_CTX_TRY_NUMBER='1' AIRFLOW_CTX_DAG_RUN_ID='manual__2025-06-15T13:11:15.283610+00:00'
[2025-06-15T13:11:30.253+0000] {logging_mixin.py:188} WARNING - /opt/***/dags/entrenamiento_modelos_regresion_dag.py:53 SettingWithCopyWarning:
A value is trying to be set on a copy of a slice from a DataFrame.
Try using .loc[row_indexer,col_indexer] = value instead

See the caveats in the documentation: https://pandas.pydata.org/pandas-docs/stable/user_guide/indexing.html#returning-a-view-versus-a-copy
[2025-06-15T13:11:30.265+0000] {logging_mixin.py:188} WARNING - /opt/***/dags/entrenamiento_modelos_regresion_dag.py:56 SettingWithCopyWarning:
A value is trying to be set on a copy of a slice from a DataFrame.
Try using .loc[row_indexer,col_indexer] = value instead

See the caveats in the documentation: https://pandas.pydata.org/pandas-docs/stable/user_guide/indexing.html#returning-a-view-versus-a-copy
[2025-06-15T13:11:30.267+0000] {logging_mixin.py:188} WARNING - /opt/***/dags/entrenamiento_modelos_regresion_dag.py:58 SettingWithCopyWarning:
A value is trying to be set on a copy of a slice from a DataFrame.
Try using .loc[row_indexer,col_indexer] = value instead

See the caveats in the documentation: https://pandas.pydata.org/pandas-docs/stable/user_guide/indexing.html#returning-a-view-versus-a-copy
[2025-06-15T13:11:30.269+0000] {logging_mixin.py:188} WARNING - /opt/***/dags/entrenamiento_modelos_regresion_dag.py:59 SettingWithCopyWarning:
A value is trying to be set on a copy of a slice from a DataFrame

See the caveats in the documentation: https://pandas.pydata.org/pandas-docs/stable/user_guide/indexing.html#returning-a-view-versus-a-copy
[2025-06-15T13:11:30.498+0000] {logging_mixin.py:188} WARNING - 2025/06/15 13:11:30 WARNING mlflow.utils.git_utils: Failed to import Git (the Git executable is probably not on your PATH), so Git SHA is not available. Error: Failed to initialize: Bad git executable.
The git executable must be specified in one of the following ways:
    - be included in your $PATH
    - be set via $GIT_PYTHON_GIT_EXECUTABLE
    - explicitly set via git.refresh(<full-path-to-git-executable>)

All git commands will error until this is rectified.

This initial message can be silenced or aggravated in the future by setting the
$GIT_PYTHON_REFRESH environment variable. Use one of the following values:
    - quiet|q|silence|s|silent|none|n|0: for no message or exception
    - warn|w|warning|log|l|1: for a warning message (logging level CRITICAL, displayed by default)
    - error|e|exception|raise|r|2: for a raised exception

Example:
    export GIT_PYTHON_REFRESH=quiet
[2025-06-15T13:11:36.878+0000] {logging_mixin.py:188} WARNING - 2025/06/15 13:11:36 WARNING mlflow.models.model: Model logged without a signature and input example. Please set `input_example` parameter when logging the model to auto infer the model signature.
[2025-06-15T13:11:37.107+0000] {logging_mixin.py:188} WARNING - 2025/06/15 13:11:37 INFO mlflow.tracking._tracking_service.client: 🏃 View run RandomForest at: http://mlflow:5000/#/experiments/1/runs/c697e70973d346d88aa22eeda54217e3.
[2025-06-15T13:11:37.107+0000] {logging_mixin.py:188} WARNING - 2025/06/15 13:11:37 INFO mlflow.tracking._tracking_service.client: 🧪 View experiment at: http://mlflow:5000/#/experiments/1.
[2025-06-15T13:11:37.846+0000] {logging_mixin.py:188} WARNING - 2025/06/15 13:11:37 WARNING mlflow.models.model: Model logged without a signature and input example. Please set `input_example` parameter when logging the model to auto infer the model signature.
[2025-06-15T13:11:37.932+0000] {logging_mixin.py:188} WARNING - 2025/06/15 13:11:37 INFO mlflow.tracking._tracking_service.client: 🏃 View run GradientBoosting at: http://mlflow:5000/#/experiments/1/runs/f353446e8ae74fceb3ed52fc527e9517.
[2025-06-15T13:11:37.932+0000] {logging_mixin.py:188} WARNING - 2025/06/15 13:11:37 INFO mlflow.tracking._tracking_service.client: 🧪 View experiment at: http://mlflow:5000/#/experiments/1.
[2025-06-15T13:11:40.166+0000] {logging_mixin.py:188} WARNING - 2025/06/15 13:11:40 WARNING mlflow.models.model: Model logged without a signature and input example. Please set `input_example` parameter when logging the model to auto infer the model signature.
[2025-06-15T13:11:40.752+0000] {logging_mixin.py:188} WARNING - 2025/06/15 13:11:40 INFO mlflow.tracking._tracking_service.client: 🏃 View run SVR at: http://mlflow:5000/#/experiments/1/runs/48bea78a14444ba0af37c92fc6529efe.
[2025-06-15T13:11:40.753+0000] {logging_mixin.py:188} WARNING - 2025/06/15 13:11:40 INFO mlflow.tracking._tracking_service.client: 🧪 View experiment at: http://mlflow:5000/#/experiments/1.
[2025-06-15T13:11:40.859+0000] {logging_mixin.py:188} WARNING - Registered model 'mejor_modelo_orquestado' already exists. Creating a new version of this model...
[2025-06-15T13:11:40.930+0000] {logging_mixin.py:188} WARNING - 2025/06/15 13:11:40 INFO mlflow.store.model_registry.abstract_store: Waiting up to 300 seconds for model version to finish creation. Model name: mejor_modelo_orquestado, version 12
[2025-06-15T13:11:40.930+0000] {logging_mixin.py:188} WARNING - Created version '12' of model 'mejor_modelo_orquestado'.
[2025-06-15T13:11:40.932+0000] {logging_mixin.py:188} WARNING - /opt/***/dags/entrenamiento_modelos_regresion_dag.py:105 FutureWarning: ``mlflow.tracking.client.MlflowClient.get_latest_versions`` is deprecated since 2.9.0. Model registry stages will be removed in a future major release. To learn more about the deprecation of model registry stages, see our migration guide here: https://mlflow.org/docs/latest/model-registry.html#migrating-from-stages
[2025-06-15T13:11:40.946+0000] {logging_mixin.py:188} WARNING - /opt/***/dags/entrenamiento_modelos_regresion_dag.py:116 FutureWarning: ``mlflow.tracking.client.MlflowClient.transition_model_version_stage`` is deprecated since 2.9.0. Model registry stages will be removed in a future major release. To learn more about the deprecation of model registry stages, see our migration guide here: https://mlflow.org/docs/latest/model-registry.html#migrating-from-stages
[2025-06-15T13:11:41.014+0000] {logging_mixin.py:188} WARNING - /opt/***/dags/entrenamiento_modelos_regresion_dag.py:109 FutureWarning: ``mlflow.tracking.client.MlflowClient.transition_model_version_stage`` is deprecated since 2.9.0. Model registry stages will be removed in a future major release. To learn more about the deprecation of model registry stages, see our migration guide here: https://mlflow.org/docs/latest/model-registry.html#migrating-from-stages
[2025-06-15T13:11:41.074+0000] {python.py:201} INFO - Done. Returned value was: None
[2025-06-15T13:11:41.092+0000] {taskinstance.py:1138} INFO - Marking task as SUCCESS. dag_id=entrenamiento_modelos_regresion, task_id=entrenar_y_promover, execution_date=20250615T131115, start_date=20250615T131119, end_date=20250615T131141
[2025-06-15T13:11:41.163+0000] {local_task_job_runner.py:234} INFO - Task exited with return code 0
[2025-06-15T13:11:41.194+0000] {taskinstance.py:3280} INFO - 1 downstream tasks scheduled from follow-on schedule check
