[2025-06-18T01:19:35.033+0000] {taskinstance.py:1956} INFO - Dependencies all met for dep_context=non-requeueable deps ti=<TaskInstance: procesamiento_datos_autopia_dag.trigger_entrenamiento manual__2025-06-18T00:58:44.085278+00:00 [queued]>
[2025-06-18T01:19:35.046+0000] {taskinstance.py:1956} INFO - Dependencies all met for dep_context=requeueable deps ti=<TaskInstance: procesamiento_datos_autopia_dag.trigger_entrenamiento manual__2025-06-18T00:58:44.085278+00:00 [queued]>
[2025-06-18T01:19:35.047+0000] {taskinstance.py:2170} INFO - Starting attempt 2 of 2
[2025-06-18T01:19:35.069+0000] {taskinstance.py:2191} INFO - Executing <Task(TriggerDagRunOperator): trigger_entrenamiento> on 2025-06-18 00:58:44.085278+00:00
[2025-06-18T01:19:35.076+0000] {standard_task_runner.py:60} INFO - Started process 196 to run task
[2025-06-18T01:19:35.082+0000] {standard_task_runner.py:87} INFO - Running: ['***', 'tasks', 'run', 'procesamiento_datos_autopia_dag', 'trigger_entrenamiento', 'manual__2025-06-18T00:58:44.085278+00:00', '--job-id', '13', '--raw', '--subdir', 'DAGS_FOLDER/procesamiento_datos_autopia_dag.py', '--cfg-path', '/tmp/tmp7zn2tuz9']
[2025-06-18T01:19:35.085+0000] {standard_task_runner.py:88} INFO - Job 13: Subtask trigger_entrenamiento
[2025-06-18T01:19:35.200+0000] {task_command.py:423} INFO - Running <TaskInstance: procesamiento_datos_autopia_dag.trigger_entrenamiento manual__2025-06-18T00:58:44.085278+00:00 [running]> on host 7e38bae46728
[2025-06-18T01:19:35.339+0000] {taskinstance.py:2480} INFO - Exporting env vars: AIRFLOW_CTX_DAG_OWNER='fede' AIRFLOW_CTX_DAG_ID='procesamiento_datos_autopia_dag' AIRFLOW_CTX_TASK_ID='trigger_entrenamiento' AIRFLOW_CTX_EXECUTION_DATE='2025-06-18T00:58:44.085278+00:00' AIRFLOW_CTX_TRY_NUMBER='2' AIRFLOW_CTX_DAG_RUN_ID='manual__2025-06-18T00:58:44.085278+00:00'
[2025-06-18T01:19:37.722+0000] {logging_mixin.py:188} WARNING - /home/***/.local/lib/python3.8/site-packages/***/providers/google/cloud/links/dataproc.py:79 AirflowProviderDeprecationWarning: This DataprocLink is deprecated.
[2025-06-18T01:19:37.724+0000] {logging_mixin.py:188} WARNING - /home/***/.local/lib/python3.8/site-packages/***/providers/google/cloud/links/dataproc.py:128 AirflowProviderDeprecationWarning: This DataprocListLink is deprecated.
[2025-06-18T01:19:39.239+0000] {trigger_dagrun.py:210} INFO - Waiting for entrenamiento_modelos_regresion on 2025-06-18 01:19:35.340643+00:00 to become allowed state ['success'] ...
[2025-06-18T01:20:35.854+0000] {trigger_dagrun.py:210} INFO - Waiting for entrenamiento_modelos_regresion on 2025-06-18 01:19:35.340643+00:00 to become allowed state ['success'] ...
[2025-06-18T01:21:32.289+0000] {trigger_dagrun.py:210} INFO - Waiting for entrenamiento_modelos_regresion on 2025-06-18 01:19:35.340643+00:00 to become allowed state ['success'] ...
[2025-06-18T01:22:27.666+0000] {trigger_dagrun.py:210} INFO - Waiting for entrenamiento_modelos_regresion on 2025-06-18 01:19:35.340643+00:00 to become allowed state ['success'] ...
[2025-06-18T01:23:23.418+0000] {trigger_dagrun.py:210} INFO - Waiting for entrenamiento_modelos_regresion on 2025-06-18 01:19:35.340643+00:00 to become allowed state ['success'] ...
[2025-06-18T01:24:18.900+0000] {trigger_dagrun.py:210} INFO - Waiting for entrenamiento_modelos_regresion on 2025-06-18 01:19:35.340643+00:00 to become allowed state ['success'] ...
[2025-06-18T01:25:14.373+0000] {trigger_dagrun.py:210} INFO - Waiting for entrenamiento_modelos_regresion on 2025-06-18 01:19:35.340643+00:00 to become allowed state ['success'] ...
[2025-06-18T01:25:56.993+0000] {local_task_job_runner.py:121} ERROR - Received SIGTERM. Terminating subprocesses
[2025-06-18T01:25:57.019+0000] {process_utils.py:131} INFO - Sending 15 to group 196. PIDs of all processes in the group: [196]
[2025-06-18T01:25:57.029+0000] {process_utils.py:86} INFO - Sending the signal 15 to group 196
[2025-06-18T01:25:57.042+0000] {taskinstance.py:2450} ERROR - Received SIGTERM. Terminating subprocesses.
[2025-06-18T01:25:57.131+0000] {taskinstance.py:2698} ERROR - Task failed with exception
Traceback (most recent call last):
  File "/home/airflow/.local/lib/python3.8/site-packages/airflow/models/taskinstance.py", line 433, in _execute_task
    result = execute_callable(context=context, **execute_callable_kwargs)
  File "/home/airflow/.local/lib/python3.8/site-packages/airflow/operators/trigger_dagrun.py", line 216, in execute
    time.sleep(self.poke_interval)
  File "/home/airflow/.local/lib/python3.8/site-packages/airflow/models/taskinstance.py", line 2452, in signal_handler
    raise AirflowException("Task received SIGTERM signal")
airflow.exceptions.AirflowException: Task received SIGTERM signal
[2025-06-18T01:25:57.151+0000] {taskinstance.py:1138} INFO - Marking task as FAILED. dag_id=procesamiento_datos_autopia_dag, task_id=trigger_entrenamiento, execution_date=20250618T005844, start_date=20250618T011935, end_date=20250618T012557
[2025-06-18T01:25:57.233+0000] {standard_task_runner.py:107} ERROR - Failed to execute job 13 for task trigger_entrenamiento (Task received SIGTERM signal; 196)
[2025-06-18T01:25:57.349+0000] {process_utils.py:79} INFO - Process psutil.Process(pid=196, status='terminated', exitcode=1, started='01:19:34') (196) terminated with exit code 1
[2025-06-18T01:25:57.350+0000] {local_task_job_runner.py:234} INFO - Task exited with return code 143
[2025-06-18T01:25:57.407+0000] {taskinstance.py:3280} INFO - 0 downstream tasks scheduled from follow-on schedule check
