[2025-06-15T12:10:33.890+0000] {taskinstance.py:1956} INFO - Dependencies all met for dep_context=non-requeueable deps ti=<TaskInstance: procesamiento_datos_autopia_dag.trigger_entrenamiento manual__2025-06-15T12:04:22.072338+00:00 [queued]>
[2025-06-15T12:10:33.907+0000] {taskinstance.py:1956} INFO - Dependencies all met for dep_context=requeueable deps ti=<TaskInstance: procesamiento_datos_autopia_dag.trigger_entrenamiento manual__2025-06-15T12:04:22.072338+00:00 [queued]>
[2025-06-15T12:10:33.908+0000] {taskinstance.py:2170} INFO - Starting attempt 2 of 2
[2025-06-15T12:10:33.935+0000] {taskinstance.py:2191} INFO - Executing <Task(TriggerDagRunOperator): trigger_entrenamiento> on 2025-06-15 12:04:22.072338+00:00
[2025-06-15T12:10:33.944+0000] {standard_task_runner.py:60} INFO - Started process 392 to run task
[2025-06-15T12:10:33.952+0000] {standard_task_runner.py:87} INFO - Running: ['***', 'tasks', 'run', 'procesamiento_datos_autopia_dag', 'trigger_entrenamiento', 'manual__2025-06-15T12:04:22.072338+00:00', '--job-id', '189', '--raw', '--subdir', 'DAGS_FOLDER/procesamiento_datos_autopia_dag.py', '--cfg-path', '/tmp/tmpqwcgb01e']
[2025-06-15T12:10:33.955+0000] {standard_task_runner.py:88} INFO - Job 189: Subtask trigger_entrenamiento
[2025-06-15T12:10:34.059+0000] {task_command.py:423} INFO - Running <TaskInstance: procesamiento_datos_autopia_dag.trigger_entrenamiento manual__2025-06-15T12:04:22.072338+00:00 [running]> on host 36fee6ca92d5
[2025-06-15T12:10:34.330+0000] {taskinstance.py:2480} INFO - Exporting env vars: AIRFLOW_CTX_DAG_OWNER='fede' AIRFLOW_CTX_DAG_ID='procesamiento_datos_autopia_dag' AIRFLOW_CTX_TASK_ID='trigger_entrenamiento' AIRFLOW_CTX_EXECUTION_DATE='2025-06-15T12:04:22.072338+00:00' AIRFLOW_CTX_TRY_NUMBER='2' AIRFLOW_CTX_DAG_RUN_ID='manual__2025-06-15T12:04:22.072338+00:00'
[2025-06-15T12:10:37.373+0000] {logging_mixin.py:188} WARNING - /home/***/.local/lib/python3.8/site-packages/***/providers/google/cloud/links/dataproc.py:79 AirflowProviderDeprecationWarning: This DataprocLink is deprecated.
[2025-06-15T12:10:37.376+0000] {logging_mixin.py:188} WARNING - /home/***/.local/lib/python3.8/site-packages/***/providers/google/cloud/links/dataproc.py:128 AirflowProviderDeprecationWarning: This DataprocListLink is deprecated.
[2025-06-15T12:10:40.521+0000] {trigger_dagrun.py:210} INFO - Waiting for entrenamiento_modelos_regresion on 2025-06-15 12:10:34.331925+00:00 to become allowed state ['success'] ...
[2025-06-15T12:17:08.839+0000] {local_task_job_runner.py:211} ERROR - Heartbeat time limit exceeded!
[2025-06-15T12:17:08.895+0000] {process_utils.py:131} INFO - Sending 15 to group 392. PIDs of all processes in the group: [392]
[2025-06-15T12:17:08.896+0000] {process_utils.py:86} INFO - Sending the signal 15 to group 392
[2025-06-15T12:17:08.898+0000] {taskinstance.py:2450} ERROR - Received SIGTERM. Terminating subprocesses.
[2025-06-15T12:17:09.626+0000] {taskinstance.py:2698} ERROR - Task failed with exception
Traceback (most recent call last):
  File "/home/airflow/.local/lib/python3.8/site-packages/airflow/models/taskinstance.py", line 433, in _execute_task
    result = execute_callable(context=context, **execute_callable_kwargs)
  File "/home/airflow/.local/lib/python3.8/site-packages/airflow/operators/trigger_dagrun.py", line 216, in execute
    time.sleep(self.poke_interval)
  File "/home/airflow/.local/lib/python3.8/site-packages/airflow/models/taskinstance.py", line 2452, in signal_handler
    raise AirflowException("Task received SIGTERM signal")
airflow.exceptions.AirflowException: Task received SIGTERM signal
[2025-06-15T12:17:09.803+0000] {taskinstance.py:1138} INFO - Marking task as FAILED. dag_id=procesamiento_datos_autopia_dag, task_id=trigger_entrenamiento, execution_date=20250615T120422, start_date=20250615T121033, end_date=20250615T121709
[2025-06-15T12:17:10.534+0000] {standard_task_runner.py:107} ERROR - Failed to execute job 189 for task trigger_entrenamiento (Task received SIGTERM signal; 392)
[2025-06-15T12:17:10.944+0000] {process_utils.py:79} INFO - Process psutil.Process(pid=392, status='terminated', exitcode=1, started='12:10:33') (392) terminated with exit code 1
