[2025-06-14T20:23:45.401+0000] {taskinstance.py:1956} INFO - Dependencies all met for dep_context=non-requeueable deps ti=<TaskInstance: prediccion_modelo_produccion_dag.predecir manual__2025-06-14T20:23:44.386964+00:00 [queued]>
[2025-06-14T20:23:45.410+0000] {taskinstance.py:1956} INFO - Dependencies all met for dep_context=requeueable deps ti=<TaskInstance: prediccion_modelo_produccion_dag.predecir manual__2025-06-14T20:23:44.386964+00:00 [queued]>
[2025-06-14T20:23:45.410+0000] {taskinstance.py:2170} INFO - Starting attempt 1 of 2
[2025-06-14T20:23:45.427+0000] {taskinstance.py:2191} INFO - Executing <Task(_PythonDecoratedOperator): predecir> on 2025-06-14 20:23:44.386964+00:00
[2025-06-14T20:23:45.436+0000] {standard_task_runner.py:60} INFO - Started process 294 to run task
[2025-06-14T20:23:45.444+0000] {standard_task_runner.py:87} INFO - Running: ['***', 'tasks', 'run', 'prediccion_modelo_produccion_dag', 'predecir', 'manual__2025-06-14T20:23:44.386964+00:00', '--job-id', '17', '--raw', '--subdir', 'DAGS_FOLDER/prediccion_modelo_produccion_dag.py', '--cfg-path', '/tmp/tmpkelhavim']
[2025-06-14T20:23:45.447+0000] {standard_task_runner.py:88} INFO - Job 17: Subtask predecir
[2025-06-14T20:23:45.513+0000] {task_command.py:423} INFO - Running <TaskInstance: prediccion_modelo_produccion_dag.predecir manual__2025-06-14T20:23:44.386964+00:00 [running]> on host b32a9208912d
[2025-06-14T20:23:45.620+0000] {taskinstance.py:2480} INFO - Exporting env vars: AIRFLOW_CTX_DAG_OWNER='fede' AIRFLOW_CTX_DAG_ID='prediccion_modelo_produccion_dag' AIRFLOW_CTX_TASK_ID='predecir' AIRFLOW_CTX_EXECUTION_DATE='2025-06-14T20:23:44.386964+00:00' AIRFLOW_CTX_TRY_NUMBER='1' AIRFLOW_CTX_DAG_RUN_ID='manual__2025-06-14T20:23:44.386964+00:00'
[2025-06-14T20:23:46.550+0000] {logging_mixin.py:188} WARNING - /home/***/.local/lib/python3.8/site-packages/mlflow/store/artifact/utils/models.py:31 FutureWarning: ``mlflow.tracking.client.MlflowClient.get_latest_versions`` is deprecated since 2.9.0. Model registry stages will be removed in a future major release. To learn more about the deprecation of model registry stages, see our migration guide here: https://mlflow.org/docs/latest/model-registry.html#migrating-from-stages
[2025-06-14T20:23:47.208+0000] {taskinstance.py:2698} ERROR - Task failed with exception
Traceback (most recent call last):
  File "/home/airflow/.local/lib/python3.8/site-packages/airflow/models/taskinstance.py", line 433, in _execute_task
    result = execute_callable(context=context, **execute_callable_kwargs)
  File "/home/airflow/.local/lib/python3.8/site-packages/airflow/decorators/base.py", line 241, in execute
    return_value = super().execute(context)
  File "/home/airflow/.local/lib/python3.8/site-packages/airflow/operators/python.py", line 199, in execute
    return_value = self.execute_callable()
  File "/home/airflow/.local/lib/python3.8/site-packages/airflow/operators/python.py", line 216, in execute_callable
    return self.python_callable(*self.op_args, **self.op_kwargs)
  File "/opt/airflow/dags/prediccion_modelo_produccion_dag.py", line 57, in predecir
    predicciones = model.predict(nuevos_datos)
  File "/home/airflow/.local/lib/python3.8/site-packages/sklearn/ensemble/_forest.py", line 984, in predict
    X = self._validate_X_predict(X)
  File "/home/airflow/.local/lib/python3.8/site-packages/sklearn/ensemble/_forest.py", line 599, in _validate_X_predict
    X = self._validate_data(X, dtype=DTYPE, accept_sparse="csr", reset=False)
  File "/home/airflow/.local/lib/python3.8/site-packages/sklearn/base.py", line 580, in _validate_data
    self._check_feature_names(X, reset=reset)
  File "/home/airflow/.local/lib/python3.8/site-packages/sklearn/base.py", line 507, in _check_feature_names
    raise ValueError(message)
ValueError: The feature names should match those that were passed during fit.
Feature names unseen at fit time:
- puertas

[2025-06-14T20:23:47.222+0000] {taskinstance.py:1138} INFO - Marking task as UP_FOR_RETRY. dag_id=prediccion_modelo_produccion_dag, task_id=predecir, execution_date=20250614T202344, start_date=20250614T202345, end_date=20250614T202347
[2025-06-14T20:23:47.238+0000] {standard_task_runner.py:107} ERROR - Failed to execute job 17 for task predecir (The feature names should match those that were passed during fit.
Feature names unseen at fit time:
- puertas
; 294)
[2025-06-14T20:23:47.263+0000] {local_task_job_runner.py:234} INFO - Task exited with return code 1
[2025-06-14T20:23:47.284+0000] {taskinstance.py:3280} INFO - 0 downstream tasks scheduled from follow-on schedule check
