[2025-06-21T14:35:06.411+0000] {taskinstance.py:1956} INFO - Dependencies all met for dep_context=non-requeueable deps ti=<TaskInstance: procesamiento_datos_autopia_dag.trigger_entrenamiento manual__2025-06-21T14:35:00.650775+00:00 [queued]>
[2025-06-21T14:35:06.420+0000] {taskinstance.py:1956} INFO - Dependencies all met for dep_context=requeueable deps ti=<TaskInstance: procesamiento_datos_autopia_dag.trigger_entrenamiento manual__2025-06-21T14:35:00.650775+00:00 [queued]>
[2025-06-21T14:35:06.420+0000] {taskinstance.py:2170} INFO - Starting attempt 1 of 2
[2025-06-21T14:35:06.433+0000] {taskinstance.py:2191} INFO - Executing <Task(TriggerDagRunOperator): trigger_entrenamiento> on 2025-06-21 14:35:00.650775+00:00
[2025-06-21T14:35:06.439+0000] {standard_task_runner.py:60} INFO - Started process 1094 to run task
[2025-06-21T14:35:06.443+0000] {standard_task_runner.py:87} INFO - Running: ['***', 'tasks', 'run', 'procesamiento_datos_autopia_dag', 'trigger_entrenamiento', 'manual__2025-06-21T14:35:00.650775+00:00', '--job-id', '8', '--raw', '--subdir', 'DAGS_FOLDER/procesamiento_datos_autopia_dag.py', '--cfg-path', '/tmp/tmpebye_h16']
[2025-06-21T14:35:06.446+0000] {standard_task_runner.py:88} INFO - Job 8: Subtask trigger_entrenamiento
[2025-06-21T14:35:06.514+0000] {task_command.py:423} INFO - Running <TaskInstance: procesamiento_datos_autopia_dag.trigger_entrenamiento manual__2025-06-21T14:35:00.650775+00:00 [running]> on host 1500838101db
[2025-06-21T14:35:06.636+0000] {taskinstance.py:2480} INFO - Exporting env vars: AIRFLOW_CTX_DAG_OWNER='fede' AIRFLOW_CTX_DAG_ID='procesamiento_datos_autopia_dag' AIRFLOW_CTX_TASK_ID='trigger_entrenamiento' AIRFLOW_CTX_EXECUTION_DATE='2025-06-21T14:35:00.650775+00:00' AIRFLOW_CTX_TRY_NUMBER='1' AIRFLOW_CTX_DAG_RUN_ID='manual__2025-06-21T14:35:00.650775+00:00'
[2025-06-21T14:35:07.512+0000] {logging_mixin.py:188} WARNING - /home/***/.local/lib/python3.8/site-packages/***/providers/google/cloud/links/dataproc.py:79 AirflowProviderDeprecationWarning: This DataprocLink is deprecated.
[2025-06-21T14:35:07.513+0000] {logging_mixin.py:188} WARNING - /home/***/.local/lib/python3.8/site-packages/***/providers/google/cloud/links/dataproc.py:128 AirflowProviderDeprecationWarning: This DataprocListLink is deprecated.
[2025-06-21T14:35:08.080+0000] {trigger_dagrun.py:210} INFO - Waiting for entrenamiento_modelos_regresion on 2025-06-21 14:35:06.637735+00:00 to become allowed state ['success'] ...
[2025-06-21T14:36:03.265+0000] {trigger_dagrun.py:210} INFO - Waiting for entrenamiento_modelos_regresion on 2025-06-21 14:35:06.637735+00:00 to become allowed state ['success'] ...
[2025-06-21T14:36:16.428+0000] {local_task_job_runner.py:121} ERROR - Received SIGTERM. Terminating subprocesses
[2025-06-21T14:36:16.449+0000] {process_utils.py:131} INFO - Sending 15 to group 1094. PIDs of all processes in the group: [1094]
[2025-06-21T14:36:16.450+0000] {process_utils.py:86} INFO - Sending the signal 15 to group 1094
[2025-06-21T14:36:16.451+0000] {taskinstance.py:2450} ERROR - Received SIGTERM. Terminating subprocesses.
[2025-06-21T14:36:16.529+0000] {taskinstance.py:2698} ERROR - Task failed with exception
Traceback (most recent call last):
  File "/home/airflow/.local/lib/python3.8/site-packages/airflow/models/taskinstance.py", line 433, in _execute_task
    result = execute_callable(context=context, **execute_callable_kwargs)
  File "/home/airflow/.local/lib/python3.8/site-packages/airflow/operators/trigger_dagrun.py", line 216, in execute
    time.sleep(self.poke_interval)
  File "/home/airflow/.local/lib/python3.8/site-packages/airflow/models/taskinstance.py", line 2452, in signal_handler
    raise AirflowException("Task received SIGTERM signal")
airflow.exceptions.AirflowException: Task received SIGTERM signal
[2025-06-21T14:36:16.593+0000] {taskinstance.py:1138} INFO - Marking task as UP_FOR_RETRY. dag_id=procesamiento_datos_autopia_dag, task_id=trigger_entrenamiento, execution_date=20250621T143500, start_date=20250621T143506, end_date=20250621T143616
[2025-06-21T14:36:16.663+0000] {standard_task_runner.py:107} ERROR - Failed to execute job 8 for task trigger_entrenamiento (Task received SIGTERM signal; 1094)
[2025-06-21T14:36:16.754+0000] {process_utils.py:79} INFO - Process psutil.Process(pid=1094, status='terminated', exitcode=1, started='14:35:06') (1094) terminated with exit code 1
[2025-06-21T14:36:16.755+0000] {local_task_job_runner.py:234} INFO - Task exited with return code 143
[2025-06-21T14:36:16.804+0000] {taskinstance.py:3280} INFO - 0 downstream tasks scheduled from follow-on schedule check
[2025-06-21T14:36:20.678+0000] {local_task_job_runner.py:121} ERROR - Received SIGTERM. Terminating subprocesses
[2025-06-21T14:36:20.679+0000] {local_task_job_runner.py:234} INFO - Task exited with return code 143
