[2025-06-14T21:06:39.538+0000] {taskinstance.py:1956} INFO - Dependencies all met for dep_context=non-requeueable deps ti=<TaskInstance: entrenamiento_modelos_regresion.entrenar_y_promover manual__2025-06-14T21:06:38.275764+00:00 [queued]>
[2025-06-14T21:06:39.554+0000] {taskinstance.py:1956} INFO - Dependencies all met for dep_context=requeueable deps ti=<TaskInstance: entrenamiento_modelos_regresion.entrenar_y_promover manual__2025-06-14T21:06:38.275764+00:00 [queued]>
[2025-06-14T21:06:39.554+0000] {taskinstance.py:2170} INFO - Starting attempt 1 of 2
[2025-06-14T21:06:39.575+0000] {taskinstance.py:2191} INFO - Executing <Task(_PythonDecoratedOperator): entrenar_y_promover> on 2025-06-14 21:06:38.275764+00:00
[2025-06-14T21:06:39.583+0000] {standard_task_runner.py:60} INFO - Started process 204 to run task
[2025-06-14T21:06:39.589+0000] {standard_task_runner.py:87} INFO - Running: ['***', 'tasks', 'run', 'entrenamiento_modelos_regresion', 'entrenar_y_promover', 'manual__2025-06-14T21:06:38.275764+00:00', '--job-id', '134', '--raw', '--subdir', 'DAGS_FOLDER/entrenamiento_modelos_regresion_dag.py', '--cfg-path', '/tmp/tmp676f30c4']
[2025-06-14T21:06:39.592+0000] {standard_task_runner.py:88} INFO - Job 134: Subtask entrenar_y_promover
[2025-06-14T21:06:39.684+0000] {task_command.py:423} INFO - Running <TaskInstance: entrenamiento_modelos_regresion.entrenar_y_promover manual__2025-06-14T21:06:38.275764+00:00 [running]> on host e0d496ebcdc0
[2025-06-14T21:06:39.918+0000] {taskinstance.py:2480} INFO - Exporting env vars: AIRFLOW_CTX_DAG_OWNER='fede' AIRFLOW_CTX_DAG_ID='entrenamiento_modelos_regresion' AIRFLOW_CTX_TASK_ID='entrenar_y_promover' AIRFLOW_CTX_EXECUTION_DATE='2025-06-14T21:06:38.275764+00:00' AIRFLOW_CTX_TRY_NUMBER='1' AIRFLOW_CTX_DAG_RUN_ID='manual__2025-06-14T21:06:38.275764+00:00'
[2025-06-14T21:06:42.746+0000] {logging_mixin.py:188} WARNING - /opt/***/dags/entrenamiento_modelos_regresion_dag.py:53 SettingWithCopyWarning:
A value is trying to be set on a copy of a slice from a DataFrame.
Try using .loc[row_indexer,col_indexer] = value instead

See the caveats in the documentation: https://pandas.pydata.org/pandas-docs/stable/user_guide/indexing.html#returning-a-view-versus-a-copy
[2025-06-14T21:06:42.768+0000] {logging_mixin.py:188} WARNING - /opt/***/dags/entrenamiento_modelos_regresion_dag.py:56 SettingWithCopyWarning:
A value is trying to be set on a copy of a slice from a DataFrame.
Try using .loc[row_indexer,col_indexer] = value instead

See the caveats in the documentation: https://pandas.pydata.org/pandas-docs/stable/user_guide/indexing.html#returning-a-view-versus-a-copy
[2025-06-14T21:06:42.772+0000] {logging_mixin.py:188} WARNING - /opt/***/dags/entrenamiento_modelos_regresion_dag.py:58 SettingWithCopyWarning:
A value is trying to be set on a copy of a slice from a DataFrame.
Try using .loc[row_indexer,col_indexer] = value instead

See the caveats in the documentation: https://pandas.pydata.org/pandas-docs/stable/user_guide/indexing.html#returning-a-view-versus-a-copy
[2025-06-14T21:06:42.776+0000] {logging_mixin.py:188} WARNING - /opt/***/dags/entrenamiento_modelos_regresion_dag.py:59 SettingWithCopyWarning:
A value is trying to be set on a copy of a slice from a DataFrame

See the caveats in the documentation: https://pandas.pydata.org/pandas-docs/stable/user_guide/indexing.html#returning-a-view-versus-a-copy
[2025-06-14T21:06:44.504+0000] {logging_mixin.py:188} WARNING - 2025/06/14 21:06:44 WARNING mlflow.utils.git_utils: Failed to import Git (the Git executable is probably not on your PATH), so Git SHA is not available. Error: Failed to initialize: Bad git executable.
The git executable must be specified in one of the following ways:
    - be included in your $PATH
    - be set via $GIT_PYTHON_GIT_EXECUTABLE
    - explicitly set via git.refresh(<full-path-to-git-executable>)

All git commands will error until this is rectified.

This initial message can be silenced or aggravated in the future by setting the
$GIT_PYTHON_REFRESH environment variable. Use one of the following values:
    - quiet|q|silence|s|silent|none|n|0: for no message or exception
    - warn|w|warning|log|l|1: for a warning message (logging level CRITICAL, displayed by default)
    - error|e|exception|raise|r|2: for a raised exception

Example:
    export GIT_PYTHON_REFRESH=quiet
[2025-06-14T21:06:52.711+0000] {logging_mixin.py:188} WARNING - 2025/06/14 21:06:52 WARNING mlflow.models.model: Model logged without a signature and input example. Please set `input_example` parameter when logging the model to auto infer the model signature.
[2025-06-14T21:06:53.028+0000] {logging_mixin.py:188} WARNING - 2025/06/14 21:06:53 INFO mlflow.tracking._tracking_service.client: 🏃 View run RandomForest at: http://mlflow:5000/#/experiments/1/runs/0177aa33bb9a410a9df1c2a33bda2dc1.
[2025-06-14T21:06:53.029+0000] {logging_mixin.py:188} WARNING - 2025/06/14 21:06:53 INFO mlflow.tracking._tracking_service.client: 🧪 View experiment at: http://mlflow:5000/#/experiments/1.
[2025-06-14T21:06:59.884+0000] {logging_mixin.py:188} WARNING - 2025/06/14 21:06:59 WARNING mlflow.models.model: Model logged without a signature and input example. Please set `input_example` parameter when logging the model to auto infer the model signature.
[2025-06-14T21:07:00.696+0000] {logging_mixin.py:188} WARNING - 2025/06/14 21:07:00 INFO mlflow.tracking._tracking_service.client: 🏃 View run GradientBoosting at: http://mlflow:5000/#/experiments/1/runs/c7dabde3dc9346eeb3e4123dda1e6e38.
[2025-06-14T21:07:00.696+0000] {logging_mixin.py:188} WARNING - 2025/06/14 21:07:00 INFO mlflow.tracking._tracking_service.client: 🧪 View experiment at: http://mlflow:5000/#/experiments/1.
[2025-06-14T21:07:05.507+0000] {logging_mixin.py:188} WARNING - 2025/06/14 21:07:05 WARNING mlflow.models.model: Model logged without a signature and input example. Please set `input_example` parameter when logging the model to auto infer the model signature.
[2025-06-14T21:07:05.620+0000] {logging_mixin.py:188} WARNING - 2025/06/14 21:07:05 INFO mlflow.tracking._tracking_service.client: 🏃 View run SVR at: http://mlflow:5000/#/experiments/1/runs/636c8dd8e6cb4372b7a6036d1e6d5f44.
[2025-06-14T21:07:05.621+0000] {logging_mixin.py:188} WARNING - 2025/06/14 21:07:05 INFO mlflow.tracking._tracking_service.client: 🧪 View experiment at: http://mlflow:5000/#/experiments/1.
[2025-06-14T21:07:05.874+0000] {logging_mixin.py:188} WARNING - Registered model 'mejor_modelo_orquestado' already exists. Creating a new version of this model...
[2025-06-14T21:07:05.938+0000] {logging_mixin.py:188} WARNING - 2025/06/14 21:07:05 INFO mlflow.store.model_registry.abstract_store: Waiting up to 300 seconds for model version to finish creation. Model name: mejor_modelo_orquestado, version 5
[2025-06-14T21:07:05.938+0000] {logging_mixin.py:188} WARNING - Created version '5' of model 'mejor_modelo_orquestado'.
[2025-06-14T21:07:05.940+0000] {logging_mixin.py:188} WARNING - /opt/***/dags/entrenamiento_modelos_regresion_dag.py:105 FutureWarning: ``mlflow.tracking.client.MlflowClient.get_latest_versions`` is deprecated since 2.9.0. Model registry stages will be removed in a future major release. To learn more about the deprecation of model registry stages, see our migration guide here: https://mlflow.org/docs/latest/model-registry.html#migrating-from-stages
[2025-06-14T21:07:06.014+0000] {logging_mixin.py:188} WARNING - /opt/***/dags/entrenamiento_modelos_regresion_dag.py:116 FutureWarning: ``mlflow.tracking.client.MlflowClient.transition_model_version_stage`` is deprecated since 2.9.0. Model registry stages will be removed in a future major release. To learn more about the deprecation of model registry stages, see our migration guide here: https://mlflow.org/docs/latest/model-registry.html#migrating-from-stages
[2025-06-14T21:07:06.168+0000] {logging_mixin.py:188} WARNING - /opt/***/dags/entrenamiento_modelos_regresion_dag.py:109 FutureWarning: ``mlflow.tracking.client.MlflowClient.transition_model_version_stage`` is deprecated since 2.9.0. Model registry stages will be removed in a future major release. To learn more about the deprecation of model registry stages, see our migration guide here: https://mlflow.org/docs/latest/model-registry.html#migrating-from-stages
[2025-06-14T21:07:06.312+0000] {python.py:201} INFO - Done. Returned value was: None
[2025-06-14T21:07:06.358+0000] {taskinstance.py:1138} INFO - Marking task as SUCCESS. dag_id=entrenamiento_modelos_regresion, task_id=entrenar_y_promover, execution_date=20250614T210638, start_date=20250614T210639, end_date=20250614T210706
[2025-06-14T21:07:06.504+0000] {local_task_job_runner.py:234} INFO - Task exited with return code 0
[2025-06-14T21:07:06.592+0000] {taskinstance.py:3280} INFO - 1 downstream tasks scheduled from follow-on schedule check
