[2025-06-17T23:00:10.147+0000] {taskinstance.py:1956} INFO - Dependencies all met for dep_context=non-requeueable deps ti=<TaskInstance: prediccion_modelo_produccion_dag.predecir scheduled__2025-06-16T22:00:00+00:00 [queued]>
[2025-06-17T23:00:10.159+0000] {taskinstance.py:1956} INFO - Dependencies all met for dep_context=requeueable deps ti=<TaskInstance: prediccion_modelo_produccion_dag.predecir scheduled__2025-06-16T22:00:00+00:00 [queued]>
[2025-06-17T23:00:10.159+0000] {taskinstance.py:2170} INFO - Starting attempt 2 of 2
[2025-06-17T23:00:10.176+0000] {taskinstance.py:2191} INFO - Executing <Task(_PythonDecoratedOperator): predecir> on 2025-06-16 22:00:00+00:00
[2025-06-17T23:00:10.184+0000] {standard_task_runner.py:60} INFO - Started process 204 to run task
[2025-06-17T23:00:10.189+0000] {standard_task_runner.py:87} INFO - Running: ['***', 'tasks', 'run', 'prediccion_modelo_produccion_dag', 'predecir', 'scheduled__2025-06-16T22:00:00+00:00', '--job-id', '215', '--raw', '--subdir', 'DAGS_FOLDER/prediccion_modelo_produccion_dag.py', '--cfg-path', '/tmp/tmpynaki8_m']
[2025-06-17T23:00:10.192+0000] {standard_task_runner.py:88} INFO - Job 215: Subtask predecir
[2025-06-17T23:00:10.284+0000] {task_command.py:423} INFO - Running <TaskInstance: prediccion_modelo_produccion_dag.predecir scheduled__2025-06-16T22:00:00+00:00 [running]> on host cdfb22e6be80
[2025-06-17T23:00:10.424+0000] {taskinstance.py:2480} INFO - Exporting env vars: AIRFLOW_CTX_DAG_OWNER='fede' AIRFLOW_CTX_DAG_ID='prediccion_modelo_produccion_dag' AIRFLOW_CTX_TASK_ID='predecir' AIRFLOW_CTX_EXECUTION_DATE='2025-06-16T22:00:00+00:00' AIRFLOW_CTX_TRY_NUMBER='2' AIRFLOW_CTX_DAG_RUN_ID='scheduled__2025-06-16T22:00:00+00:00'
[2025-06-17T23:00:13.189+0000] {logging_mixin.py:188} WARNING - /home/***/.local/lib/python3.8/site-packages/mlflow/store/artifact/utils/models.py:31 FutureWarning: ``mlflow.tracking.client.MlflowClient.get_latest_versions`` is deprecated since 2.9.0. Model registry stages will be removed in a future major release. To learn more about the deprecation of model registry stages, see our migration guide here: https://mlflow.org/docs/latest/model-registry.html#migrating-from-stages
[2025-06-17T23:00:16.600+0000] {logging_mixin.py:188} INFO - ✅ Predicciones guardadas en /opt/***/dags/data/prediccion/predicciones_resultados.csv
[2025-06-17T23:00:16.600+0000] {python.py:201} INFO - Done. Returned value was: None
[2025-06-17T23:00:16.630+0000] {taskinstance.py:1138} INFO - Marking task as SUCCESS. dag_id=prediccion_modelo_produccion_dag, task_id=predecir, execution_date=20250616T220000, start_date=20250617T230010, end_date=20250617T230016
[2025-06-17T23:00:16.700+0000] {local_task_job_runner.py:234} INFO - Task exited with return code 0
[2025-06-17T23:00:16.759+0000] {taskinstance.py:3280} INFO - 0 downstream tasks scheduled from follow-on schedule check
[2025-06-18T01:00:51.864+0000] {taskinstance.py:1956} INFO - Dependencies all met for dep_context=non-requeueable deps ti=<TaskInstance: prediccion_modelo_produccion_dag.predecir scheduled__2025-06-16T22:00:00+00:00 [queued]>
[2025-06-18T01:00:51.879+0000] {taskinstance.py:1956} INFO - Dependencies all met for dep_context=requeueable deps ti=<TaskInstance: prediccion_modelo_produccion_dag.predecir scheduled__2025-06-16T22:00:00+00:00 [queued]>
[2025-06-18T01:00:51.879+0000] {taskinstance.py:2170} INFO - Starting attempt 2 of 2
[2025-06-18T01:00:51.897+0000] {taskinstance.py:2191} INFO - Executing <Task(_PythonDecoratedOperator): predecir> on 2025-06-16 22:00:00+00:00
[2025-06-18T01:00:51.903+0000] {standard_task_runner.py:60} INFO - Started process 1457 to run task
[2025-06-18T01:00:51.911+0000] {standard_task_runner.py:87} INFO - Running: ['***', 'tasks', 'run', 'prediccion_modelo_produccion_dag', 'predecir', 'scheduled__2025-06-16T22:00:00+00:00', '--job-id', '10', '--raw', '--subdir', 'DAGS_FOLDER/prediccion_modelo_produccion_dag.py', '--cfg-path', '/tmp/tmpgd0w4wr6']
[2025-06-18T01:00:51.914+0000] {standard_task_runner.py:88} INFO - Job 10: Subtask predecir
[2025-06-18T01:00:52.007+0000] {task_command.py:423} INFO - Running <TaskInstance: prediccion_modelo_produccion_dag.predecir scheduled__2025-06-16T22:00:00+00:00 [running]> on host 7e38bae46728
[2025-06-18T01:00:52.140+0000] {taskinstance.py:2480} INFO - Exporting env vars: AIRFLOW_CTX_DAG_OWNER='fede' AIRFLOW_CTX_DAG_ID='prediccion_modelo_produccion_dag' AIRFLOW_CTX_TASK_ID='predecir' AIRFLOW_CTX_EXECUTION_DATE='2025-06-16T22:00:00+00:00' AIRFLOW_CTX_TRY_NUMBER='2' AIRFLOW_CTX_DAG_RUN_ID='scheduled__2025-06-16T22:00:00+00:00'
[2025-06-18T01:00:53.253+0000] {logging_mixin.py:188} WARNING - /home/***/.local/lib/python3.8/site-packages/mlflow/store/artifact/utils/models.py:31 FutureWarning: ``mlflow.tracking.client.MlflowClient.get_latest_versions`` is deprecated since 2.9.0. Model registry stages will be removed in a future major release. To learn more about the deprecation of model registry stages, see our migration guide here: https://mlflow.org/docs/latest/model-registry.html#migrating-from-stages
[2025-06-18T01:00:53.308+0000] {taskinstance.py:2698} ERROR - Task failed with exception
Traceback (most recent call last):
  File "/home/airflow/.local/lib/python3.8/site-packages/airflow/models/taskinstance.py", line 433, in _execute_task
    result = execute_callable(context=context, **execute_callable_kwargs)
  File "/home/airflow/.local/lib/python3.8/site-packages/airflow/decorators/base.py", line 241, in execute
    return_value = super().execute(context)
  File "/home/airflow/.local/lib/python3.8/site-packages/airflow/operators/python.py", line 199, in execute
    return_value = self.execute_callable()
  File "/home/airflow/.local/lib/python3.8/site-packages/airflow/operators/python.py", line 216, in execute_callable
    return self.python_callable(*self.op_args, **self.op_kwargs)
  File "/opt/airflow/dags/prediccion_modelo_produccion_dag.py", line 53, in predecir
    model = mlflow.sklearn.load_model(f"models:/{model_name}/{stage}")
  File "/home/airflow/.local/lib/python3.8/site-packages/mlflow/sklearn/__init__.py", line 633, in load_model
    local_model_path = _download_artifact_from_uri(artifact_uri=model_uri, output_path=dst_path)
  File "/home/airflow/.local/lib/python3.8/site-packages/mlflow/tracking/artifact_utils.py", line 108, in _download_artifact_from_uri
    repo = get_artifact_repository(artifact_uri=root_uri)
  File "/home/airflow/.local/lib/python3.8/site-packages/mlflow/store/artifact/artifact_repository_registry.py", line 132, in get_artifact_repository
    return _artifact_repository_registry.get_artifact_repository(artifact_uri)
  File "/home/airflow/.local/lib/python3.8/site-packages/mlflow/store/artifact/artifact_repository_registry.py", line 77, in get_artifact_repository
    return repository(artifact_uri)
  File "/home/airflow/.local/lib/python3.8/site-packages/mlflow/store/artifact/models_artifact_repo.py", line 69, in __init__
    ) = ModelsArtifactRepository._get_model_uri_infos(artifact_uri)
  File "/home/airflow/.local/lib/python3.8/site-packages/mlflow/store/artifact/models_artifact_repo.py", line 103, in _get_model_uri_infos
    name, version = get_model_name_and_version(client, uri)
  File "/home/airflow/.local/lib/python3.8/site-packages/mlflow/store/artifact/utils/models.py", line 93, in get_model_name_and_version
    return model_name, str(_get_latest_model_version(client, model_name, model_stage))
  File "/home/airflow/.local/lib/python3.8/site-packages/mlflow/store/artifact/utils/models.py", line 31, in _get_latest_model_version
    latest = client.get_latest_versions(name, None if stage is None else [stage])
  File "/home/airflow/.local/lib/python3.8/site-packages/mlflow/utils/annotations.py", line 145, in deprecated_func
    return func(*args, **kwargs)
  File "/home/airflow/.local/lib/python3.8/site-packages/mlflow/tracking/client.py", line 3487, in get_latest_versions
    return self._get_registry_client().get_latest_versions(name, stages)
  File "/home/airflow/.local/lib/python3.8/site-packages/mlflow/tracking/_model_registry/client.py", line 153, in get_latest_versions
    return self.store.get_latest_versions(name, stages)
  File "/home/airflow/.local/lib/python3.8/site-packages/mlflow/store/model_registry/rest_store.py", line 193, in get_latest_versions
    response_proto = self._call_endpoint(GetLatestVersions, req_body, call_all_endpoints=True)
  File "/home/airflow/.local/lib/python3.8/site-packages/mlflow/store/model_registry/base_rest_store.py", line 39, in _call_endpoint
    return call_endpoints(
  File "/home/airflow/.local/lib/python3.8/site-packages/mlflow/utils/rest_utils.py", line 387, in call_endpoints
    raise e
  File "/home/airflow/.local/lib/python3.8/site-packages/mlflow/utils/rest_utils.py", line 382, in call_endpoints
    return call_endpoint(
  File "/home/airflow/.local/lib/python3.8/site-packages/mlflow/utils/rest_utils.py", line 370, in call_endpoint
    response = verify_rest_response(response, endpoint)
  File "/home/airflow/.local/lib/python3.8/site-packages/mlflow/utils/rest_utils.py", line 240, in verify_rest_response
    raise RestException(json.loads(response.text))
mlflow.exceptions.RestException: RESOURCE_DOES_NOT_EXIST: Registered Model with name=mejor_modelo_orquestado not found
[2025-06-18T01:00:53.341+0000] {taskinstance.py:1138} INFO - Marking task as FAILED. dag_id=prediccion_modelo_produccion_dag, task_id=predecir, execution_date=20250616T220000, start_date=20250618T010051, end_date=20250618T010053
[2025-06-18T01:00:53.356+0000] {standard_task_runner.py:107} ERROR - Failed to execute job 10 for task predecir (RESOURCE_DOES_NOT_EXIST: Registered Model with name=mejor_modelo_orquestado not found; 1457)
[2025-06-18T01:00:53.424+0000] {local_task_job_runner.py:234} INFO - Task exited with return code 1
[2025-06-18T01:00:53.453+0000] {taskinstance.py:3280} INFO - 0 downstream tasks scheduled from follow-on schedule check
