[2025-06-21T12:53:43.632+0000] {taskinstance.py:1956} INFO - Dependencies all met for dep_context=non-requeueable deps ti=<TaskInstance: prediccion_modelo_produccion_dag.predecir scheduled__2025-06-17T22:00:00+00:00 [queued]>
[2025-06-21T12:53:43.656+0000] {taskinstance.py:1956} INFO - Dependencies all met for dep_context=requeueable deps ti=<TaskInstance: prediccion_modelo_produccion_dag.predecir scheduled__2025-06-17T22:00:00+00:00 [queued]>
[2025-06-21T12:53:43.657+0000] {taskinstance.py:2170} INFO - Starting attempt 1 of 2
[2025-06-21T12:53:43.743+0000] {taskinstance.py:2191} INFO - Executing <Task(_PythonDecoratedOperator): predecir> on 2025-06-17 22:00:00+00:00
[2025-06-21T12:53:43.759+0000] {standard_task_runner.py:60} INFO - Started process 205 to run task
[2025-06-21T12:53:43.768+0000] {standard_task_runner.py:87} INFO - Running: ['***', 'tasks', 'run', 'prediccion_modelo_produccion_dag', 'predecir', 'scheduled__2025-06-17T22:00:00+00:00', '--job-id', '21', '--raw', '--subdir', 'DAGS_FOLDER/prediccion_modelo_produccion_dag.py', '--cfg-path', '/tmp/tmpr0u4d5co']
[2025-06-21T12:53:43.774+0000] {standard_task_runner.py:88} INFO - Job 21: Subtask predecir
[2025-06-21T12:53:43.996+0000] {task_command.py:423} INFO - Running <TaskInstance: prediccion_modelo_produccion_dag.predecir scheduled__2025-06-17T22:00:00+00:00 [running]> on host b043483ba5b8
[2025-06-21T12:53:44.710+0000] {taskinstance.py:2480} INFO - Exporting env vars: AIRFLOW_CTX_DAG_OWNER='fede' AIRFLOW_CTX_DAG_ID='prediccion_modelo_produccion_dag' AIRFLOW_CTX_TASK_ID='predecir' AIRFLOW_CTX_EXECUTION_DATE='2025-06-17T22:00:00+00:00' AIRFLOW_CTX_TRY_NUMBER='1' AIRFLOW_CTX_DAG_RUN_ID='scheduled__2025-06-17T22:00:00+00:00'
[2025-06-21T12:53:51.696+0000] {logging_mixin.py:188} WARNING - /home/***/.local/lib/python3.8/site-packages/mlflow/store/artifact/utils/models.py:31 FutureWarning: ``mlflow.tracking.client.MlflowClient.get_latest_versions`` is deprecated since 2.9.0. Model registry stages will be removed in a future major release. To learn more about the deprecation of model registry stages, see our migration guide here: https://mlflow.org/docs/latest/model-registry.html#migrating-from-stages
[2025-06-21T12:53:55.515+0000] {connectionpool.py:824} WARNING - Retrying (JitteredRetry(total=4, connect=4, read=5, redirect=5, status=5)) after connection broken by 'NewConnectionError('<urllib3.connection.HTTPConnection object at 0x726d54c6f730>: Failed to establish a new connection: [Errno -2] Name or service not known')': /api/2.0/mlflow/registered-models/get-latest-versions
[2025-06-21T12:54:03.136+0000] {connectionpool.py:824} WARNING - Retrying (JitteredRetry(total=3, connect=3, read=5, redirect=5, status=5)) after connection broken by 'NewConnectionError('<urllib3.connection.HTTPConnection object at 0x726d54c6f700>: Failed to establish a new connection: [Errno -2] Name or service not known')': /api/2.0/mlflow/registered-models/get-latest-versions
[2025-06-21T12:54:12.619+0000] {connectionpool.py:824} WARNING - Retrying (JitteredRetry(total=2, connect=2, read=5, redirect=5, status=5)) after connection broken by 'NewConnectionError('<urllib3.connection.HTTPConnection object at 0x726d54c237c0>: Failed to establish a new connection: [Errno -2] Name or service not known')': /api/2.0/mlflow/registered-models/get-latest-versions
[2025-06-21T12:54:30.049+0000] {connectionpool.py:824} WARNING - Retrying (JitteredRetry(total=1, connect=1, read=5, redirect=5, status=5)) after connection broken by 'NewConnectionError('<urllib3.connection.HTTPConnection object at 0x726d54c23940>: Failed to establish a new connection: [Errno -2] Name or service not known')': /api/2.0/mlflow/registered-models/get-latest-versions
[2025-06-21T12:54:59.771+0000] {connectionpool.py:824} WARNING - Retrying (JitteredRetry(total=0, connect=0, read=5, redirect=5, status=5)) after connection broken by 'NewConnectionError('<urllib3.connection.HTTPConnection object at 0x726d54c23df0>: Failed to establish a new connection: [Errno 111] Connection refused')': /api/2.0/mlflow/registered-models/get-latest-versions
[2025-06-21T12:55:02.935+0000] {logging_mixin.py:188} INFO - ✅ Predicciones guardadas en /opt/***/dags/data/prediccion/predicciones_resultados.csv
[2025-06-21T12:55:02.936+0000] {python.py:201} INFO - Done. Returned value was: None
[2025-06-21T12:55:02.953+0000] {taskinstance.py:1138} INFO - Marking task as SUCCESS. dag_id=prediccion_modelo_produccion_dag, task_id=predecir, execution_date=20250617T220000, start_date=20250621T125343, end_date=20250621T125502
[2025-06-21T12:55:03.039+0000] {local_task_job_runner.py:234} INFO - Task exited with return code 0
[2025-06-21T12:55:03.060+0000] {taskinstance.py:3280} INFO - 0 downstream tasks scheduled from follow-on schedule check
