[2025-06-12T19:27:48.403+0000] {taskinstance.py:1956} INFO - Dependencies all met for dep_context=non-requeueable deps ti=<TaskInstance: entrenamiento_modelos_regresion.entrenar_y_promover manual__2025-06-12T19:27:46.064365+00:00 [queued]>
[2025-06-12T19:27:48.415+0000] {taskinstance.py:1956} INFO - Dependencies all met for dep_context=requeueable deps ti=<TaskInstance: entrenamiento_modelos_regresion.entrenar_y_promover manual__2025-06-12T19:27:46.064365+00:00 [queued]>
[2025-06-12T19:27:48.415+0000] {taskinstance.py:2170} INFO - Starting attempt 1 of 2
[2025-06-12T19:27:48.435+0000] {taskinstance.py:2191} INFO - Executing <Task(_PythonDecoratedOperator): entrenar_y_promover> on 2025-06-12 19:27:46.064365+00:00
[2025-06-12T19:27:48.441+0000] {standard_task_runner.py:60} INFO - Started process 264 to run task
[2025-06-12T19:27:48.449+0000] {standard_task_runner.py:87} INFO - Running: ['***', 'tasks', 'run', 'entrenamiento_modelos_regresion', 'entrenar_y_promover', 'manual__2025-06-12T19:27:46.064365+00:00', '--job-id', '90', '--raw', '--subdir', 'DAGS_FOLDER/entrenamiento_modelos_regresion_dag.py', '--cfg-path', '/tmp/tmpcx2mkd5w']
[2025-06-12T19:27:48.454+0000] {standard_task_runner.py:88} INFO - Job 90: Subtask entrenar_y_promover
[2025-06-12T19:27:48.556+0000] {task_command.py:423} INFO - Running <TaskInstance: entrenamiento_modelos_regresion.entrenar_y_promover manual__2025-06-12T19:27:46.064365+00:00 [running]> on host 24edc8b790cf
[2025-06-12T19:27:48.729+0000] {taskinstance.py:2480} INFO - Exporting env vars: AIRFLOW_CTX_DAG_OWNER='fede' AIRFLOW_CTX_DAG_ID='entrenamiento_modelos_regresion' AIRFLOW_CTX_TASK_ID='entrenar_y_promover' AIRFLOW_CTX_EXECUTION_DATE='2025-06-12T19:27:46.064365+00:00' AIRFLOW_CTX_TRY_NUMBER='1' AIRFLOW_CTX_DAG_RUN_ID='manual__2025-06-12T19:27:46.064365+00:00'
[2025-06-12T19:27:51.431+0000] {logging_mixin.py:188} WARNING - /opt/***/dags/entrenamiento_modelos_regresion_dag.py:55 SettingWithCopyWarning:
A value is trying to be set on a copy of a slice from a DataFrame.
Try using .loc[row_indexer,col_indexer] = value instead

See the caveats in the documentation: https://pandas.pydata.org/pandas-docs/stable/user_guide/indexing.html#returning-a-view-versus-a-copy
[2025-06-12T19:27:51.447+0000] {logging_mixin.py:188} WARNING - /opt/***/dags/entrenamiento_modelos_regresion_dag.py:58 SettingWithCopyWarning:
A value is trying to be set on a copy of a slice from a DataFrame.
Try using .loc[row_indexer,col_indexer] = value instead

See the caveats in the documentation: https://pandas.pydata.org/pandas-docs/stable/user_guide/indexing.html#returning-a-view-versus-a-copy
[2025-06-12T19:27:51.450+0000] {logging_mixin.py:188} WARNING - /opt/***/dags/entrenamiento_modelos_regresion_dag.py:60 SettingWithCopyWarning:
A value is trying to be set on a copy of a slice from a DataFrame.
Try using .loc[row_indexer,col_indexer] = value instead

See the caveats in the documentation: https://pandas.pydata.org/pandas-docs/stable/user_guide/indexing.html#returning-a-view-versus-a-copy
[2025-06-12T19:27:51.453+0000] {logging_mixin.py:188} WARNING - /opt/***/dags/entrenamiento_modelos_regresion_dag.py:61 SettingWithCopyWarning:
A value is trying to be set on a copy of a slice from a DataFrame

See the caveats in the documentation: https://pandas.pydata.org/pandas-docs/stable/user_guide/indexing.html#returning-a-view-versus-a-copy
[2025-06-12T19:27:51.603+0000] {logging_mixin.py:188} WARNING - 2025/06/12 19:27:51 WARNING mlflow.utils.git_utils: Failed to import Git (the Git executable is probably not on your PATH), so Git SHA is not available. Error: Failed to initialize: Bad git executable.
The git executable must be specified in one of the following ways:
    - be included in your $PATH
    - be set via $GIT_PYTHON_GIT_EXECUTABLE
    - explicitly set via git.refresh(<full-path-to-git-executable>)

All git commands will error until this is rectified.

This initial message can be silenced or aggravated in the future by setting the
$GIT_PYTHON_REFRESH environment variable. Use one of the following values:
    - quiet|q|silence|s|silent|none|n|0: for no message or exception
    - warn|w|warning|log|l|1: for a warning message (logging level CRITICAL, displayed by default)
    - error|e|exception|raise|r|2: for a raised exception

Example:
    export GIT_PYTHON_REFRESH=quiet
[2025-06-12T19:27:58.106+0000] {logging_mixin.py:188} WARNING - 2025/06/12 19:27:58 WARNING mlflow.models.model: Model logged without a signature and input example. Please set `input_example` parameter when logging the model to auto infer the model signature.
[2025-06-12T19:27:58.271+0000] {logging_mixin.py:188} WARNING - 2025/06/12 19:27:58 INFO mlflow.tracking._tracking_service.client: 🏃 View run RandomForest at: http://mlflow:5000/#/experiments/1/runs/bf7b946254514068947cbc261b650475.
[2025-06-12T19:27:58.271+0000] {logging_mixin.py:188} WARNING - 2025/06/12 19:27:58 INFO mlflow.tracking._tracking_service.client: 🧪 View experiment at: http://mlflow:5000/#/experiments/1.
[2025-06-12T19:28:01.115+0000] {logging_mixin.py:188} WARNING - 2025/06/12 19:28:01 WARNING mlflow.models.model: Model logged without a signature and input example. Please set `input_example` parameter when logging the model to auto infer the model signature.
[2025-06-12T19:28:01.313+0000] {logging_mixin.py:188} WARNING - 2025/06/12 19:28:01 INFO mlflow.tracking._tracking_service.client: 🏃 View run CatBoost at: http://mlflow:5000/#/experiments/1/runs/bba7bdba9eed42a4b5f47d39cab6dff7.
[2025-06-12T19:28:01.315+0000] {logging_mixin.py:188} WARNING - 2025/06/12 19:28:01 INFO mlflow.tracking._tracking_service.client: 🧪 View experiment at: http://mlflow:5000/#/experiments/1.
[2025-06-12T19:28:07.184+0000] {logging_mixin.py:188} WARNING - 2025/06/12 19:28:07 WARNING mlflow.models.model: Model logged without a signature and input example. Please set `input_example` parameter when logging the model to auto infer the model signature.
[2025-06-12T19:28:07.397+0000] {logging_mixin.py:188} WARNING - 2025/06/12 19:28:07 INFO mlflow.tracking._tracking_service.client: 🏃 View run SVR at: http://mlflow:5000/#/experiments/1/runs/f3e26c6cd4a64e6589e4b101cf35ae80.
[2025-06-12T19:28:07.399+0000] {logging_mixin.py:188} WARNING - 2025/06/12 19:28:07 INFO mlflow.tracking._tracking_service.client: 🧪 View experiment at: http://mlflow:5000/#/experiments/1.
[2025-06-12T19:28:07.761+0000] {logging_mixin.py:188} WARNING - Registered model 'mejor_modelo_orquestado' already exists. Creating a new version of this model...
[2025-06-12T19:28:07.846+0000] {logging_mixin.py:188} WARNING - 2025/06/12 19:28:07 INFO mlflow.store.model_registry.abstract_store: Waiting up to 300 seconds for model version to finish creation. Model name: mejor_modelo_orquestado, version 2
[2025-06-12T19:28:07.846+0000] {logging_mixin.py:188} WARNING - Created version '2' of model 'mejor_modelo_orquestado'.
[2025-06-12T19:28:07.848+0000] {logging_mixin.py:188} WARNING - /opt/***/dags/entrenamiento_modelos_regresion_dag.py:98 FutureWarning: ``mlflow.tracking.client.MlflowClient.get_latest_versions`` is deprecated since 2.9.0. Model registry stages will be removed in a future major release. To learn more about the deprecation of model registry stages, see our migration guide here: https://mlflow.org/docs/latest/model-registry.html#migrating-from-stages
[2025-06-12T19:28:07.917+0000] {logging_mixin.py:188} WARNING - /opt/***/dags/entrenamiento_modelos_regresion_dag.py:109 FutureWarning: ``mlflow.tracking.client.MlflowClient.transition_model_version_stage`` is deprecated since 2.9.0. Model registry stages will be removed in a future major release. To learn more about the deprecation of model registry stages, see our migration guide here: https://mlflow.org/docs/latest/model-registry.html#migrating-from-stages
[2025-06-12T19:28:07.943+0000] {logging_mixin.py:188} WARNING - /opt/***/dags/entrenamiento_modelos_regresion_dag.py:102 FutureWarning: ``mlflow.tracking.client.MlflowClient.transition_model_version_stage`` is deprecated since 2.9.0. Model registry stages will be removed in a future major release. To learn more about the deprecation of model registry stages, see our migration guide here: https://mlflow.org/docs/latest/model-registry.html#migrating-from-stages
[2025-06-12T19:28:07.978+0000] {python.py:201} INFO - Done. Returned value was: None
[2025-06-12T19:28:08.008+0000] {taskinstance.py:1138} INFO - Marking task as SUCCESS. dag_id=entrenamiento_modelos_regresion, task_id=entrenar_y_promover, execution_date=20250612T192746, start_date=20250612T192748, end_date=20250612T192808
[2025-06-12T19:28:08.116+0000] {local_task_job_runner.py:234} INFO - Task exited with return code 0
[2025-06-12T19:28:08.160+0000] {taskinstance.py:3280} INFO - 1 downstream tasks scheduled from follow-on schedule check
