[2025-06-21T12:58:57.664+0000] {taskinstance.py:1956} INFO - Dependencies all met for dep_context=non-requeueable deps ti=<TaskInstance: scraping_autopia_dag.scrapear_datos_autopia manual__2025-06-21T12:58:54.659001+00:00 [queued]>
[2025-06-21T12:58:57.678+0000] {taskinstance.py:1956} INFO - Dependencies all met for dep_context=requeueable deps ti=<TaskInstance: scraping_autopia_dag.scrapear_datos_autopia manual__2025-06-21T12:58:54.659001+00:00 [queued]>
[2025-06-21T12:58:57.679+0000] {taskinstance.py:2170} INFO - Starting attempt 1 of 1
[2025-06-21T12:58:57.699+0000] {taskinstance.py:2191} INFO - Executing <Task(PythonOperator): scrapear_datos_autopia> on 2025-06-21 12:58:54.659001+00:00
[2025-06-21T12:58:57.709+0000] {standard_task_runner.py:60} INFO - Started process 657 to run task
[2025-06-21T12:58:57.716+0000] {standard_task_runner.py:87} INFO - Running: ['***', 'tasks', 'run', 'scraping_autopia_dag', 'scrapear_datos_autopia', 'manual__2025-06-21T12:58:54.659001+00:00', '--job-id', '29', '--raw', '--subdir', 'DAGS_FOLDER/scraping_autopia_dag.py', '--cfg-path', '/tmp/tmpf3t4sgv1']
[2025-06-21T12:58:57.721+0000] {standard_task_runner.py:88} INFO - Job 29: Subtask scrapear_datos_autopia
[2025-06-21T12:58:58.642+0000] {task_command.py:423} INFO - Running <TaskInstance: scraping_autopia_dag.scrapear_datos_autopia manual__2025-06-21T12:58:54.659001+00:00 [running]> on host b043483ba5b8
[2025-06-21T12:58:58.770+0000] {taskinstance.py:2480} INFO - Exporting env vars: AIRFLOW_CTX_DAG_OWNER='***' AIRFLOW_CTX_DAG_ID='scraping_autopia_dag' AIRFLOW_CTX_TASK_ID='scrapear_datos_autopia' AIRFLOW_CTX_EXECUTION_DATE='2025-06-21T12:58:54.659001+00:00' AIRFLOW_CTX_TRY_NUMBER='1' AIRFLOW_CTX_DAG_RUN_ID='manual__2025-06-21T12:58:54.659001+00:00'
[2025-06-21T12:59:08.792+0000] {logging_mixin.py:188} INFO - 🔁 Clic en 'Cargar más'
[2025-06-21T12:59:10.399+0000] {logging_mixin.py:188} INFO - ✅ Ya no se cargan más autos, detenemos los clics.
[2025-06-21T12:59:10.408+0000] {logging_mixin.py:188} INFO - ➡️ Total de publicaciones visibles: 47
[2025-06-21T12:59:12.869+0000] {logging_mixin.py:188} INFO - ✔️ Anuncio 1/47
[2025-06-21T12:59:15.193+0000] {logging_mixin.py:188} INFO - ✔️ Anuncio 2/47
[2025-06-21T12:59:19.356+0000] {logging_mixin.py:188} INFO - ✔️ Anuncio 3/47
[2025-06-21T12:59:23.497+0000] {logging_mixin.py:188} INFO - ✔️ Anuncio 4/47
[2025-06-21T12:59:25.973+0000] {logging_mixin.py:188} INFO - ✔️ Anuncio 5/47
[2025-06-21T12:59:28.677+0000] {logging_mixin.py:188} INFO - ✔️ Anuncio 6/47
[2025-06-21T12:59:33.055+0000] {logging_mixin.py:188} INFO - ✔️ Anuncio 7/47
[2025-06-21T12:59:35.295+0000] {logging_mixin.py:188} INFO - ✔️ Anuncio 8/47
[2025-06-21T12:59:37.364+0000] {logging_mixin.py:188} INFO - ✔️ Anuncio 9/47
[2025-06-21T12:59:41.690+0000] {logging_mixin.py:188} INFO - ✔️ Anuncio 10/47
[2025-06-21T12:59:44.082+0000] {logging_mixin.py:188} INFO - ✔️ Anuncio 11/47
[2025-06-21T12:59:46.333+0000] {logging_mixin.py:188} INFO - ✔️ Anuncio 12/47
[2025-06-21T12:59:48.776+0000] {logging_mixin.py:188} INFO - ✔️ Anuncio 13/47
[2025-06-21T12:59:53.187+0000] {logging_mixin.py:188} INFO - ✔️ Anuncio 14/47
[2025-06-21T12:59:55.417+0000] {logging_mixin.py:188} INFO - ✔️ Anuncio 15/47
[2025-06-21T12:59:59.521+0000] {logging_mixin.py:188} INFO - ✔️ Anuncio 16/47
[2025-06-21T13:00:03.801+0000] {logging_mixin.py:188} INFO - ✔️ Anuncio 17/47
[2025-06-21T13:00:06.496+0000] {logging_mixin.py:188} INFO - ✔️ Anuncio 18/47
[2025-06-21T13:00:11.159+0000] {logging_mixin.py:188} INFO - ✔️ Anuncio 19/47
[2025-06-21T13:00:15.927+0000] {logging_mixin.py:188} INFO - ✔️ Anuncio 20/47
[2025-06-21T13:00:18.680+0000] {logging_mixin.py:188} INFO - ✔️ Anuncio 21/47
[2025-06-21T13:00:21.304+0000] {logging_mixin.py:188} INFO - ✔️ Anuncio 22/47
[2025-06-21T13:00:24.718+0000] {logging_mixin.py:188} INFO - ✔️ Anuncio 23/47
[2025-06-21T13:00:27.533+0000] {logging_mixin.py:188} INFO - ✔️ Anuncio 24/47
[2025-06-21T13:00:31.925+0000] {logging_mixin.py:188} INFO - ✔️ Anuncio 25/47
[2025-06-21T13:00:33.264+0000] {logging_mixin.py:188} INFO - ✔️ Anuncio 26/47
[2025-06-21T13:00:36.309+0000] {logging_mixin.py:188} INFO - ✔️ Anuncio 27/47
[2025-06-21T13:00:38.706+0000] {logging_mixin.py:188} INFO - ✔️ Anuncio 28/47
[2025-06-21T13:00:45.249+0000] {logging_mixin.py:188} INFO - ✔️ Anuncio 29/47
[2025-06-21T13:00:49.418+0000] {logging_mixin.py:188} INFO - ✔️ Anuncio 30/47
[2025-06-21T13:00:53.436+0000] {logging_mixin.py:188} INFO - ✔️ Anuncio 31/47
[2025-06-21T13:00:57.537+0000] {logging_mixin.py:188} INFO - ✔️ Anuncio 32/47
[2025-06-21T13:01:01.555+0000] {logging_mixin.py:188} INFO - ✔️ Anuncio 33/47
[2025-06-21T13:01:01.719+0000] {logging_mixin.py:188} INFO - ✔️ Anuncio 34/47
[2025-06-21T13:01:04.008+0000] {logging_mixin.py:188} INFO - ✔️ Anuncio 35/47
[2025-06-21T13:01:08.634+0000] {logging_mixin.py:188} INFO - ✔️ Anuncio 36/47
[2025-06-21T13:01:13.014+0000] {logging_mixin.py:188} INFO - ✔️ Anuncio 37/47
[2025-06-21T13:01:17.494+0000] {logging_mixin.py:188} INFO - ✔️ Anuncio 38/47
[2025-06-21T13:01:21.490+0000] {logging_mixin.py:188} INFO - ✔️ Anuncio 39/47
[2025-06-21T13:01:26.111+0000] {logging_mixin.py:188} INFO - ✔️ Anuncio 40/47
[2025-06-21T13:01:27.892+0000] {logging_mixin.py:188} INFO - ✔️ Anuncio 41/47
[2025-06-21T13:01:31.889+0000] {logging_mixin.py:188} INFO - ✔️ Anuncio 42/47
[2025-06-21T13:01:36.429+0000] {logging_mixin.py:188} INFO - ✔️ Anuncio 43/47
[2025-06-21T13:01:40.566+0000] {logging_mixin.py:188} INFO - ✔️ Anuncio 44/47
[2025-06-21T13:01:44.833+0000] {logging_mixin.py:188} INFO - ✔️ Anuncio 45/47
[2025-06-21T13:01:49.295+0000] {logging_mixin.py:188} INFO - ✔️ Anuncio 46/47
[2025-06-21T13:01:53.488+0000] {logging_mixin.py:188} INFO - ✔️ Anuncio 47/47
[2025-06-21T13:01:53.508+0000] {logging_mixin.py:188} INFO - ✅ Guardado final: /opt/***/dags/data/raw/scraped_autopia_2025-06-21.csv con 47 registros.
[2025-06-21T13:01:53.658+0000] {logging_mixin.py:188} INFO - ✅ Scraping terminado. Guardado en /opt/***/dags/data/raw/scraped_autopia_2025-06-21.csv
[2025-06-21T13:01:53.658+0000] {python.py:201} INFO - Done. Returned value was: None
[2025-06-21T13:01:53.676+0000] {taskinstance.py:1138} INFO - Marking task as SUCCESS. dag_id=scraping_autopia_dag, task_id=scrapear_datos_autopia, execution_date=20250621T125854, start_date=20250621T125857, end_date=20250621T130153
[2025-06-21T13:01:53.724+0000] {local_task_job_runner.py:234} INFO - Task exited with return code 0
[2025-06-21T13:01:53.747+0000] {taskinstance.py:3280} INFO - 1 downstream tasks scheduled from follow-on schedule check
