[2025-06-07T14:43:22.260+0000] {taskinstance.py:1956} INFO - Dependencies all met for dep_context=non-requeueable deps ti=<TaskInstance: entrenamiento_modelos_regresion.entrenar_y_promover scheduled__2025-05-31T21:00:00+00:00 [queued]>
[2025-06-07T14:43:22.279+0000] {taskinstance.py:1956} INFO - Dependencies all met for dep_context=requeueable deps ti=<TaskInstance: entrenamiento_modelos_regresion.entrenar_y_promover scheduled__2025-05-31T21:00:00+00:00 [queued]>
[2025-06-07T14:43:22.280+0000] {taskinstance.py:2170} INFO - Starting attempt 2 of 2
[2025-06-07T14:43:22.309+0000] {taskinstance.py:2191} INFO - Executing <Task(_PythonDecoratedOperator): entrenar_y_promover> on 2025-05-31 21:00:00+00:00
[2025-06-07T14:43:22.320+0000] {standard_task_runner.py:60} INFO - Started process 930 to run task
[2025-06-07T14:43:22.330+0000] {standard_task_runner.py:87} INFO - Running: ['***', 'tasks', 'run', 'entrenamiento_modelos_regresion', 'entrenar_y_promover', 'scheduled__2025-05-31T21:00:00+00:00', '--job-id', '25', '--raw', '--subdir', 'DAGS_FOLDER/entrenamiento_modelos_regresion_dag.py', '--cfg-path', '/tmp/tmp4er06uoz']
[2025-06-07T14:43:22.335+0000] {standard_task_runner.py:88} INFO - Job 25: Subtask entrenar_y_promover
[2025-06-07T14:43:22.466+0000] {task_command.py:423} INFO - Running <TaskInstance: entrenamiento_modelos_regresion.entrenar_y_promover scheduled__2025-05-31T21:00:00+00:00 [running]> on host 2f8338b0b2ef
[2025-06-07T14:43:22.713+0000] {taskinstance.py:2480} INFO - Exporting env vars: AIRFLOW_CTX_DAG_OWNER='fede' AIRFLOW_CTX_DAG_ID='entrenamiento_modelos_regresion' AIRFLOW_CTX_TASK_ID='entrenar_y_promover' AIRFLOW_CTX_EXECUTION_DATE='2025-05-31T21:00:00+00:00' AIRFLOW_CTX_TRY_NUMBER='2' AIRFLOW_CTX_DAG_RUN_ID='scheduled__2025-05-31T21:00:00+00:00'
[2025-06-07T14:43:28.514+0000] {logging_mixin.py:188} WARNING - /opt/***/dags/entrenamiento_modelos_regresion_dag.py:47 SettingWithCopyWarning:
A value is trying to be set on a copy of a slice from a DataFrame.
Try using .loc[row_indexer,col_indexer] = value instead

See the caveats in the documentation: https://pandas.pydata.org/pandas-docs/stable/user_guide/indexing.html#returning-a-view-versus-a-copy
[2025-06-07T14:43:28.534+0000] {logging_mixin.py:188} WARNING - /opt/***/dags/entrenamiento_modelos_regresion_dag.py:50 SettingWithCopyWarning:
A value is trying to be set on a copy of a slice from a DataFrame.
Try using .loc[row_indexer,col_indexer] = value instead

See the caveats in the documentation: https://pandas.pydata.org/pandas-docs/stable/user_guide/indexing.html#returning-a-view-versus-a-copy
[2025-06-07T14:43:28.536+0000] {logging_mixin.py:188} WARNING - /opt/***/dags/entrenamiento_modelos_regresion_dag.py:52 SettingWithCopyWarning:
A value is trying to be set on a copy of a slice from a DataFrame.
Try using .loc[row_indexer,col_indexer] = value instead

See the caveats in the documentation: https://pandas.pydata.org/pandas-docs/stable/user_guide/indexing.html#returning-a-view-versus-a-copy
[2025-06-07T14:43:28.538+0000] {logging_mixin.py:188} WARNING - /opt/***/dags/entrenamiento_modelos_regresion_dag.py:54 SettingWithCopyWarning:
A value is trying to be set on a copy of a slice from a DataFrame

See the caveats in the documentation: https://pandas.pydata.org/pandas-docs/stable/user_guide/indexing.html#returning-a-view-versus-a-copy
[2025-06-07T14:43:30.504+0000] {logging_mixin.py:188} WARNING - 2025/06/07 14:43:30 WARNING mlflow.utils.git_utils: Failed to import Git (the Git executable is probably not on your PATH), so Git SHA is not available. Error: Failed to initialize: Bad git executable.
The git executable must be specified in one of the following ways:
    - be included in your $PATH
    - be set via $GIT_PYTHON_GIT_EXECUTABLE
    - explicitly set via git.refresh(<full-path-to-git-executable>)

All git commands will error until this is rectified.

This initial message can be silenced or aggravated in the future by setting the
$GIT_PYTHON_REFRESH environment variable. Use one of the following values:
    - quiet|q|silence|s|silent|none|n|0: for no message or exception
    - warn|w|warning|log|l|1: for a warning message (logging level CRITICAL, displayed by default)
    - error|e|exception|raise|r|2: for a raised exception

Example:
    export GIT_PYTHON_REFRESH=quiet
[2025-06-07T14:43:37.662+0000] {logging_mixin.py:188} WARNING - 2025/06/07 14:43:37 WARNING mlflow.models.model: Model logged without a signature and input example. Please set `input_example` parameter when logging the model to auto infer the model signature.
[2025-06-07T14:43:37.791+0000] {logging_mixin.py:188} WARNING - 2025/06/07 14:43:37 INFO mlflow.tracking._tracking_service.client: 🏃 View run RandomForest at: http://mlflow:5000/#/experiments/1/runs/749e73a1b7b04a8b81d73c9e421c0d07.
[2025-06-07T14:43:37.792+0000] {logging_mixin.py:188} WARNING - 2025/06/07 14:43:37 INFO mlflow.tracking._tracking_service.client: 🧪 View experiment at: http://mlflow:5000/#/experiments/1.
[2025-06-07T14:43:41.714+0000] {logging_mixin.py:188} WARNING - 2025/06/07 14:43:41 WARNING mlflow.models.model: Model logged without a signature and input example. Please set `input_example` parameter when logging the model to auto infer the model signature.
[2025-06-07T14:43:41.848+0000] {logging_mixin.py:188} WARNING - 2025/06/07 14:43:41 INFO mlflow.tracking._tracking_service.client: 🏃 View run CatBoost at: http://mlflow:5000/#/experiments/1/runs/ac1eaa113b9041da92645c78a6cb3be0.
[2025-06-07T14:43:41.849+0000] {logging_mixin.py:188} WARNING - 2025/06/07 14:43:41 INFO mlflow.tracking._tracking_service.client: 🧪 View experiment at: http://mlflow:5000/#/experiments/1.
[2025-06-07T14:43:45.011+0000] {logging_mixin.py:188} WARNING - 2025/06/07 14:43:45 WARNING mlflow.models.model: Model logged without a signature and input example. Please set `input_example` parameter when logging the model to auto infer the model signature.
[2025-06-07T14:43:45.102+0000] {logging_mixin.py:188} WARNING - 2025/06/07 14:43:45 INFO mlflow.tracking._tracking_service.client: 🏃 View run SVR at: http://mlflow:5000/#/experiments/1/runs/f514f1f290564becba5e805a8ecb48b6.
[2025-06-07T14:43:45.102+0000] {logging_mixin.py:188} WARNING - 2025/06/07 14:43:45 INFO mlflow.tracking._tracking_service.client: 🧪 View experiment at: http://mlflow:5000/#/experiments/1.
[2025-06-07T14:43:45.213+0000] {logging_mixin.py:188} WARNING - Registered model 'mejor_modelo_orquestado' already exists. Creating a new version of this model...
[2025-06-07T14:43:45.269+0000] {logging_mixin.py:188} WARNING - 2025/06/07 14:43:45 INFO mlflow.store.model_registry.abstract_store: Waiting up to 300 seconds for model version to finish creation. Model name: mejor_modelo_orquestado, version 7
[2025-06-07T14:43:45.270+0000] {logging_mixin.py:188} WARNING - Created version '7' of model 'mejor_modelo_orquestado'.
[2025-06-07T14:43:45.274+0000] {logging_mixin.py:188} WARNING - /opt/***/dags/entrenamiento_modelos_regresion_dag.py:88 FutureWarning: ``mlflow.tracking.client.MlflowClient.get_latest_versions`` is deprecated since 2.9.0. Model registry stages will be removed in a future major release. To learn more about the deprecation of model registry stages, see our migration guide here: https://mlflow.org/docs/latest/model-registry.html#migrating-from-stages
[2025-06-07T14:43:45.319+0000] {logging_mixin.py:188} WARNING - /opt/***/dags/entrenamiento_modelos_regresion_dag.py:98 FutureWarning: ``mlflow.tracking.client.MlflowClient.transition_model_version_stage`` is deprecated since 2.9.0. Model registry stages will be removed in a future major release. To learn more about the deprecation of model registry stages, see our migration guide here: https://mlflow.org/docs/latest/model-registry.html#migrating-from-stages
[2025-06-07T14:43:45.402+0000] {logging_mixin.py:188} WARNING - /opt/***/dags/entrenamiento_modelos_regresion_dag.py:91 FutureWarning: ``mlflow.tracking.client.MlflowClient.transition_model_version_stage`` is deprecated since 2.9.0. Model registry stages will be removed in a future major release. To learn more about the deprecation of model registry stages, see our migration guide here: https://mlflow.org/docs/latest/model-registry.html#migrating-from-stages
[2025-06-07T14:43:45.458+0000] {python.py:201} INFO - Done. Returned value was: None
[2025-06-07T14:43:45.478+0000] {taskinstance.py:1138} INFO - Marking task as SUCCESS. dag_id=entrenamiento_modelos_regresion, task_id=entrenar_y_promover, execution_date=20250531T210000, start_date=20250607T144322, end_date=20250607T144345
[2025-06-07T14:43:45.562+0000] {local_task_job_runner.py:234} INFO - Task exited with return code 0
[2025-06-07T14:43:45.595+0000] {taskinstance.py:3280} INFO - 1 downstream tasks scheduled from follow-on schedule check
