[2025-05-25T17:47:00.647+0000] {processor.py:161} INFO - Started process (PID=180) to work on /opt/airflow/dags/prediccion_modelo_produccion_dag.py
[2025-05-25T17:47:00.650+0000] {processor.py:830} INFO - Processing file /opt/airflow/dags/prediccion_modelo_produccion_dag.py for tasks to queue
[2025-05-25T17:47:00.653+0000] {logging_mixin.py:188} INFO - [2025-05-25T17:47:00.652+0000] {dagbag.py:538} INFO - Filling up the DagBag from /opt/airflow/dags/prediccion_modelo_produccion_dag.py
[2025-05-25T17:47:01.033+0000] {processor.py:840} INFO - DAG(s) 'prediccion_modelo_produccion_dag' retrieved from /opt/airflow/dags/prediccion_modelo_produccion_dag.py
[2025-05-25T17:47:02.319+0000] {logging_mixin.py:188} INFO - [2025-05-25T17:47:02.318+0000] {override.py:1769} INFO - Created Permission View: can edit on DAG:prediccion_modelo_produccion_dag
[2025-05-25T17:47:02.354+0000] {logging_mixin.py:188} INFO - [2025-05-25T17:47:02.353+0000] {override.py:1769} INFO - Created Permission View: can read on DAG:prediccion_modelo_produccion_dag
[2025-05-25T17:47:02.372+0000] {logging_mixin.py:188} INFO - [2025-05-25T17:47:02.371+0000] {override.py:1769} INFO - Created Permission View: can delete on DAG:prediccion_modelo_produccion_dag
[2025-05-25T17:47:02.374+0000] {logging_mixin.py:188} INFO - [2025-05-25T17:47:02.373+0000] {dag.py:3036} INFO - Sync 1 DAGs
[2025-05-25T17:47:02.404+0000] {logging_mixin.py:188} INFO - [2025-05-25T17:47:02.403+0000] {dag.py:3058} INFO - Creating ORM DAG for prediccion_modelo_produccion_dag
[2025-05-25T17:47:02.433+0000] {logging_mixin.py:188} INFO - [2025-05-25T17:47:02.432+0000] {dag.py:3823} INFO - Setting next_dagrun for prediccion_modelo_produccion_dag to 2025-05-23 22:00:00+00:00, run_after=2025-05-24 22:00:00+00:00
[2025-05-25T17:47:02.486+0000] {processor.py:183} INFO - Processing /opt/airflow/dags/prediccion_modelo_produccion_dag.py took 1.845 seconds
[2025-05-25T17:47:33.711+0000] {processor.py:161} INFO - Started process (PID=191) to work on /opt/airflow/dags/prediccion_modelo_produccion_dag.py
[2025-05-25T17:47:33.727+0000] {processor.py:830} INFO - Processing file /opt/airflow/dags/prediccion_modelo_produccion_dag.py for tasks to queue
[2025-05-25T17:47:33.742+0000] {logging_mixin.py:188} INFO - [2025-05-25T17:47:33.739+0000] {dagbag.py:538} INFO - Filling up the DagBag from /opt/airflow/dags/prediccion_modelo_produccion_dag.py
[2025-05-25T17:47:33.887+0000] {processor.py:840} INFO - DAG(s) 'prediccion_modelo_produccion_dag' retrieved from /opt/airflow/dags/prediccion_modelo_produccion_dag.py
[2025-05-25T17:47:34.090+0000] {logging_mixin.py:188} INFO - [2025-05-25T17:47:34.089+0000] {dag.py:3036} INFO - Sync 1 DAGs
[2025-05-25T17:47:35.614+0000] {logging_mixin.py:188} INFO - [2025-05-25T17:47:35.613+0000] {dag.py:3823} INFO - Setting next_dagrun for prediccion_modelo_produccion_dag to 2025-05-23 22:00:00+00:00, run_after=2025-05-24 22:00:00+00:00
[2025-05-25T17:47:35.742+0000] {processor.py:183} INFO - Processing /opt/airflow/dags/prediccion_modelo_produccion_dag.py took 2.062 seconds
[2025-05-25T17:48:06.422+0000] {processor.py:161} INFO - Started process (PID=216) to work on /opt/airflow/dags/prediccion_modelo_produccion_dag.py
[2025-05-25T17:48:06.427+0000] {processor.py:830} INFO - Processing file /opt/airflow/dags/prediccion_modelo_produccion_dag.py for tasks to queue
[2025-05-25T17:48:06.432+0000] {logging_mixin.py:188} INFO - [2025-05-25T17:48:06.430+0000] {dagbag.py:538} INFO - Filling up the DagBag from /opt/airflow/dags/prediccion_modelo_produccion_dag.py
[2025-05-25T17:48:06.490+0000] {processor.py:840} INFO - DAG(s) 'prediccion_modelo_produccion_dag' retrieved from /opt/airflow/dags/prediccion_modelo_produccion_dag.py
[2025-05-25T17:48:06.671+0000] {logging_mixin.py:188} INFO - [2025-05-25T17:48:06.669+0000] {dag.py:3036} INFO - Sync 1 DAGs
[2025-05-25T17:48:06.845+0000] {logging_mixin.py:188} INFO - [2025-05-25T17:48:06.844+0000] {dag.py:3823} INFO - Setting next_dagrun for prediccion_modelo_produccion_dag to 2025-05-23 22:00:00+00:00, run_after=2025-05-24 22:00:00+00:00
[2025-05-25T17:48:06.914+0000] {processor.py:183} INFO - Processing /opt/airflow/dags/prediccion_modelo_produccion_dag.py took 0.514 seconds
[2025-05-25T17:48:37.620+0000] {processor.py:161} INFO - Started process (PID=228) to work on /opt/airflow/dags/prediccion_modelo_produccion_dag.py
[2025-05-25T17:48:37.656+0000] {processor.py:830} INFO - Processing file /opt/airflow/dags/prediccion_modelo_produccion_dag.py for tasks to queue
[2025-05-25T17:48:37.657+0000] {logging_mixin.py:188} INFO - [2025-05-25T17:48:37.657+0000] {dagbag.py:538} INFO - Filling up the DagBag from /opt/airflow/dags/prediccion_modelo_produccion_dag.py
[2025-05-25T17:48:37.682+0000] {processor.py:840} INFO - DAG(s) 'prediccion_modelo_produccion_dag' retrieved from /opt/airflow/dags/prediccion_modelo_produccion_dag.py
[2025-05-25T17:48:37.747+0000] {logging_mixin.py:188} INFO - [2025-05-25T17:48:37.747+0000] {dag.py:3036} INFO - Sync 1 DAGs
[2025-05-25T17:48:37.790+0000] {logging_mixin.py:188} INFO - [2025-05-25T17:48:37.790+0000] {dag.py:3823} INFO - Setting next_dagrun for prediccion_modelo_produccion_dag to 2025-05-24 22:00:00+00:00, run_after=2025-05-25 22:00:00+00:00
[2025-05-25T17:48:37.828+0000] {processor.py:183} INFO - Processing /opt/airflow/dags/prediccion_modelo_produccion_dag.py took 0.219 seconds
[2025-05-25T17:49:08.543+0000] {processor.py:161} INFO - Started process (PID=271) to work on /opt/airflow/dags/prediccion_modelo_produccion_dag.py
[2025-05-25T17:49:08.553+0000] {processor.py:830} INFO - Processing file /opt/airflow/dags/prediccion_modelo_produccion_dag.py for tasks to queue
[2025-05-25T17:49:08.557+0000] {logging_mixin.py:188} INFO - [2025-05-25T17:49:08.556+0000] {dagbag.py:538} INFO - Filling up the DagBag from /opt/airflow/dags/prediccion_modelo_produccion_dag.py
[2025-05-25T17:49:08.645+0000] {processor.py:840} INFO - DAG(s) 'prediccion_modelo_produccion_dag' retrieved from /opt/airflow/dags/prediccion_modelo_produccion_dag.py
[2025-05-25T17:49:08.752+0000] {logging_mixin.py:188} INFO - [2025-05-25T17:49:08.751+0000] {dag.py:3036} INFO - Sync 1 DAGs
[2025-05-25T17:49:08.822+0000] {logging_mixin.py:188} INFO - [2025-05-25T17:49:08.821+0000] {dag.py:3823} INFO - Setting next_dagrun for prediccion_modelo_produccion_dag to 2025-05-24 22:00:00+00:00, run_after=2025-05-25 22:00:00+00:00
[2025-05-25T17:49:08.881+0000] {processor.py:183} INFO - Processing /opt/airflow/dags/prediccion_modelo_produccion_dag.py took 0.363 seconds
[2025-05-25T17:49:39.541+0000] {processor.py:161} INFO - Started process (PID=284) to work on /opt/airflow/dags/prediccion_modelo_produccion_dag.py
[2025-05-25T17:49:39.547+0000] {processor.py:830} INFO - Processing file /opt/airflow/dags/prediccion_modelo_produccion_dag.py for tasks to queue
[2025-05-25T17:49:39.550+0000] {logging_mixin.py:188} INFO - [2025-05-25T17:49:39.549+0000] {dagbag.py:538} INFO - Filling up the DagBag from /opt/airflow/dags/prediccion_modelo_produccion_dag.py
[2025-05-25T17:49:39.577+0000] {processor.py:840} INFO - DAG(s) 'prediccion_modelo_produccion_dag' retrieved from /opt/airflow/dags/prediccion_modelo_produccion_dag.py
[2025-05-25T17:49:39.638+0000] {logging_mixin.py:188} INFO - [2025-05-25T17:49:39.638+0000] {dag.py:3036} INFO - Sync 1 DAGs
[2025-05-25T17:49:39.691+0000] {logging_mixin.py:188} INFO - [2025-05-25T17:49:39.691+0000] {dag.py:3823} INFO - Setting next_dagrun for prediccion_modelo_produccion_dag to 2025-05-24 22:00:00+00:00, run_after=2025-05-25 22:00:00+00:00
[2025-05-25T17:49:39.727+0000] {processor.py:183} INFO - Processing /opt/airflow/dags/prediccion_modelo_produccion_dag.py took 0.207 seconds
[2025-05-25T17:50:10.023+0000] {processor.py:161} INFO - Started process (PID=335) to work on /opt/airflow/dags/prediccion_modelo_produccion_dag.py
[2025-05-25T17:50:10.051+0000] {processor.py:830} INFO - Processing file /opt/airflow/dags/prediccion_modelo_produccion_dag.py for tasks to queue
[2025-05-25T17:50:10.083+0000] {logging_mixin.py:188} INFO - [2025-05-25T17:50:10.055+0000] {dagbag.py:538} INFO - Filling up the DagBag from /opt/airflow/dags/prediccion_modelo_produccion_dag.py
[2025-05-25T17:50:10.468+0000] {processor.py:840} INFO - DAG(s) 'prediccion_modelo_produccion_dag' retrieved from /opt/airflow/dags/prediccion_modelo_produccion_dag.py
[2025-05-25T17:50:14.228+0000] {logging_mixin.py:188} INFO - [2025-05-25T17:50:14.226+0000] {dag.py:3036} INFO - Sync 1 DAGs
[2025-05-25T17:50:14.390+0000] {logging_mixin.py:188} INFO - [2025-05-25T17:50:14.389+0000] {dag.py:3823} INFO - Setting next_dagrun for prediccion_modelo_produccion_dag to 2025-05-24 22:00:00+00:00, run_after=2025-05-25 22:00:00+00:00
[2025-05-25T17:50:14.554+0000] {processor.py:183} INFO - Processing /opt/airflow/dags/prediccion_modelo_produccion_dag.py took 4.590 seconds
[2025-05-25T17:50:45.134+0000] {processor.py:161} INFO - Started process (PID=345) to work on /opt/airflow/dags/prediccion_modelo_produccion_dag.py
[2025-05-25T17:50:45.141+0000] {processor.py:830} INFO - Processing file /opt/airflow/dags/prediccion_modelo_produccion_dag.py for tasks to queue
[2025-05-25T17:50:45.149+0000] {logging_mixin.py:188} INFO - [2025-05-25T17:50:45.145+0000] {dagbag.py:538} INFO - Filling up the DagBag from /opt/airflow/dags/prediccion_modelo_produccion_dag.py
[2025-05-25T17:50:45.246+0000] {processor.py:840} INFO - DAG(s) 'prediccion_modelo_produccion_dag' retrieved from /opt/airflow/dags/prediccion_modelo_produccion_dag.py
[2025-05-25T17:50:45.367+0000] {logging_mixin.py:188} INFO - [2025-05-25T17:50:45.367+0000] {dag.py:3036} INFO - Sync 1 DAGs
[2025-05-25T17:50:45.480+0000] {logging_mixin.py:188} INFO - [2025-05-25T17:50:45.479+0000] {dag.py:3823} INFO - Setting next_dagrun for prediccion_modelo_produccion_dag to 2025-05-24 22:00:00+00:00, run_after=2025-05-25 22:00:00+00:00
[2025-05-25T17:50:45.569+0000] {processor.py:183} INFO - Processing /opt/airflow/dags/prediccion_modelo_produccion_dag.py took 0.457 seconds
[2025-05-25T17:51:15.888+0000] {processor.py:161} INFO - Started process (PID=370) to work on /opt/airflow/dags/prediccion_modelo_produccion_dag.py
[2025-05-25T17:51:15.893+0000] {processor.py:830} INFO - Processing file /opt/airflow/dags/prediccion_modelo_produccion_dag.py for tasks to queue
[2025-05-25T17:51:15.897+0000] {logging_mixin.py:188} INFO - [2025-05-25T17:51:15.896+0000] {dagbag.py:538} INFO - Filling up the DagBag from /opt/airflow/dags/prediccion_modelo_produccion_dag.py
[2025-05-25T17:51:15.953+0000] {processor.py:840} INFO - DAG(s) 'prediccion_modelo_produccion_dag' retrieved from /opt/airflow/dags/prediccion_modelo_produccion_dag.py
[2025-05-25T17:51:16.113+0000] {logging_mixin.py:188} INFO - [2025-05-25T17:51:16.112+0000] {dag.py:3036} INFO - Sync 1 DAGs
[2025-05-25T17:51:16.241+0000] {logging_mixin.py:188} INFO - [2025-05-25T17:51:16.240+0000] {dag.py:3823} INFO - Setting next_dagrun for prediccion_modelo_produccion_dag to 2025-05-24 22:00:00+00:00, run_after=2025-05-25 22:00:00+00:00
[2025-05-25T17:51:16.340+0000] {processor.py:183} INFO - Processing /opt/airflow/dags/prediccion_modelo_produccion_dag.py took 0.469 seconds
[2025-05-25T17:51:46.925+0000] {processor.py:161} INFO - Started process (PID=380) to work on /opt/airflow/dags/prediccion_modelo_produccion_dag.py
[2025-05-25T17:51:46.927+0000] {processor.py:830} INFO - Processing file /opt/airflow/dags/prediccion_modelo_produccion_dag.py for tasks to queue
[2025-05-25T17:51:46.930+0000] {logging_mixin.py:188} INFO - [2025-05-25T17:51:46.929+0000] {dagbag.py:538} INFO - Filling up the DagBag from /opt/airflow/dags/prediccion_modelo_produccion_dag.py
[2025-05-25T17:51:46.956+0000] {processor.py:840} INFO - DAG(s) 'prediccion_modelo_produccion_dag' retrieved from /opt/airflow/dags/prediccion_modelo_produccion_dag.py
[2025-05-25T17:51:47.028+0000] {logging_mixin.py:188} INFO - [2025-05-25T17:51:47.027+0000] {dag.py:3036} INFO - Sync 1 DAGs
[2025-05-25T17:51:47.109+0000] {logging_mixin.py:188} INFO - [2025-05-25T17:51:47.108+0000] {dag.py:3823} INFO - Setting next_dagrun for prediccion_modelo_produccion_dag to 2025-05-24 22:00:00+00:00, run_after=2025-05-25 22:00:00+00:00
[2025-05-25T17:51:47.142+0000] {processor.py:183} INFO - Processing /opt/airflow/dags/prediccion_modelo_produccion_dag.py took 0.249 seconds
[2025-05-25T17:52:17.886+0000] {processor.py:161} INFO - Started process (PID=406) to work on /opt/airflow/dags/prediccion_modelo_produccion_dag.py
[2025-05-25T17:52:17.891+0000] {processor.py:830} INFO - Processing file /opt/airflow/dags/prediccion_modelo_produccion_dag.py for tasks to queue
[2025-05-25T17:52:17.893+0000] {logging_mixin.py:188} INFO - [2025-05-25T17:52:17.893+0000] {dagbag.py:538} INFO - Filling up the DagBag from /opt/airflow/dags/prediccion_modelo_produccion_dag.py
[2025-05-25T17:52:17.910+0000] {processor.py:840} INFO - DAG(s) 'prediccion_modelo_produccion_dag' retrieved from /opt/airflow/dags/prediccion_modelo_produccion_dag.py
[2025-05-25T17:52:17.963+0000] {logging_mixin.py:188} INFO - [2025-05-25T17:52:17.962+0000] {dag.py:3036} INFO - Sync 1 DAGs
[2025-05-25T17:52:18.000+0000] {logging_mixin.py:188} INFO - [2025-05-25T17:52:17.999+0000] {dag.py:3823} INFO - Setting next_dagrun for prediccion_modelo_produccion_dag to 2025-05-24 22:00:00+00:00, run_after=2025-05-25 22:00:00+00:00
[2025-05-25T17:52:18.028+0000] {processor.py:183} INFO - Processing /opt/airflow/dags/prediccion_modelo_produccion_dag.py took 0.149 seconds
[2025-05-25T17:52:48.447+0000] {processor.py:161} INFO - Started process (PID=416) to work on /opt/airflow/dags/prediccion_modelo_produccion_dag.py
[2025-05-25T17:52:48.457+0000] {processor.py:830} INFO - Processing file /opt/airflow/dags/prediccion_modelo_produccion_dag.py for tasks to queue
[2025-05-25T17:52:48.469+0000] {logging_mixin.py:188} INFO - [2025-05-25T17:52:48.467+0000] {dagbag.py:538} INFO - Filling up the DagBag from /opt/airflow/dags/prediccion_modelo_produccion_dag.py
[2025-05-25T17:52:48.541+0000] {processor.py:840} INFO - DAG(s) 'prediccion_modelo_produccion_dag' retrieved from /opt/airflow/dags/prediccion_modelo_produccion_dag.py
[2025-05-25T17:52:48.593+0000] {logging_mixin.py:188} INFO - [2025-05-25T17:52:48.593+0000] {dag.py:3036} INFO - Sync 1 DAGs
[2025-05-25T17:52:48.636+0000] {logging_mixin.py:188} INFO - [2025-05-25T17:52:48.636+0000] {dag.py:3823} INFO - Setting next_dagrun for prediccion_modelo_produccion_dag to 2025-05-24 22:00:00+00:00, run_after=2025-05-25 22:00:00+00:00
[2025-05-25T17:52:48.699+0000] {processor.py:183} INFO - Processing /opt/airflow/dags/prediccion_modelo_produccion_dag.py took 0.281 seconds
[2025-05-25T17:53:19.286+0000] {processor.py:161} INFO - Started process (PID=441) to work on /opt/airflow/dags/prediccion_modelo_produccion_dag.py
[2025-05-25T17:53:19.291+0000] {processor.py:830} INFO - Processing file /opt/airflow/dags/prediccion_modelo_produccion_dag.py for tasks to queue
[2025-05-25T17:53:19.298+0000] {logging_mixin.py:188} INFO - [2025-05-25T17:53:19.295+0000] {dagbag.py:538} INFO - Filling up the DagBag from /opt/airflow/dags/prediccion_modelo_produccion_dag.py
[2025-05-25T17:53:19.372+0000] {processor.py:840} INFO - DAG(s) 'prediccion_modelo_produccion_dag' retrieved from /opt/airflow/dags/prediccion_modelo_produccion_dag.py
[2025-05-25T17:53:19.553+0000] {logging_mixin.py:188} INFO - [2025-05-25T17:53:19.552+0000] {dag.py:3036} INFO - Sync 1 DAGs
[2025-05-25T17:53:19.614+0000] {logging_mixin.py:188} INFO - [2025-05-25T17:53:19.614+0000] {dag.py:3823} INFO - Setting next_dagrun for prediccion_modelo_produccion_dag to 2025-05-24 22:00:00+00:00, run_after=2025-05-25 22:00:00+00:00
[2025-05-25T17:53:19.654+0000] {processor.py:183} INFO - Processing /opt/airflow/dags/prediccion_modelo_produccion_dag.py took 0.396 seconds
[2025-05-25T17:53:50.360+0000] {processor.py:161} INFO - Started process (PID=457) to work on /opt/airflow/dags/prediccion_modelo_produccion_dag.py
[2025-05-25T17:53:50.373+0000] {processor.py:830} INFO - Processing file /opt/airflow/dags/prediccion_modelo_produccion_dag.py for tasks to queue
[2025-05-25T17:53:50.387+0000] {logging_mixin.py:188} INFO - [2025-05-25T17:53:50.379+0000] {dagbag.py:538} INFO - Filling up the DagBag from /opt/airflow/dags/prediccion_modelo_produccion_dag.py
[2025-05-25T17:53:50.474+0000] {processor.py:840} INFO - DAG(s) 'prediccion_modelo_produccion_dag' retrieved from /opt/airflow/dags/prediccion_modelo_produccion_dag.py
[2025-05-25T17:53:50.678+0000] {logging_mixin.py:188} INFO - [2025-05-25T17:53:50.677+0000] {dag.py:3036} INFO - Sync 1 DAGs
[2025-05-25T17:53:50.790+0000] {logging_mixin.py:188} INFO - [2025-05-25T17:53:50.789+0000] {dag.py:3823} INFO - Setting next_dagrun for prediccion_modelo_produccion_dag to 2025-05-24 22:00:00+00:00, run_after=2025-05-25 22:00:00+00:00
[2025-05-25T17:53:50.925+0000] {processor.py:183} INFO - Processing /opt/airflow/dags/prediccion_modelo_produccion_dag.py took 0.595 seconds
[2025-05-25T17:54:21.121+0000] {processor.py:161} INFO - Started process (PID=490) to work on /opt/airflow/dags/prediccion_modelo_produccion_dag.py
[2025-05-25T17:54:21.127+0000] {processor.py:830} INFO - Processing file /opt/airflow/dags/prediccion_modelo_produccion_dag.py for tasks to queue
[2025-05-25T17:54:21.134+0000] {logging_mixin.py:188} INFO - [2025-05-25T17:54:21.132+0000] {dagbag.py:538} INFO - Filling up the DagBag from /opt/airflow/dags/prediccion_modelo_produccion_dag.py
[2025-05-25T17:54:21.229+0000] {processor.py:840} INFO - DAG(s) 'prediccion_modelo_produccion_dag' retrieved from /opt/airflow/dags/prediccion_modelo_produccion_dag.py
[2025-05-25T17:54:21.450+0000] {logging_mixin.py:188} INFO - [2025-05-25T17:54:21.449+0000] {dag.py:3036} INFO - Sync 1 DAGs
[2025-05-25T17:54:21.569+0000] {logging_mixin.py:188} INFO - [2025-05-25T17:54:21.568+0000] {dag.py:3823} INFO - Setting next_dagrun for prediccion_modelo_produccion_dag to 2025-05-24 22:00:00+00:00, run_after=2025-05-25 22:00:00+00:00
[2025-05-25T17:54:21.607+0000] {processor.py:183} INFO - Processing /opt/airflow/dags/prediccion_modelo_produccion_dag.py took 0.503 seconds
[2025-05-25T17:54:52.150+0000] {processor.py:161} INFO - Started process (PID=517) to work on /opt/airflow/dags/prediccion_modelo_produccion_dag.py
[2025-05-25T17:54:52.154+0000] {processor.py:830} INFO - Processing file /opt/airflow/dags/prediccion_modelo_produccion_dag.py for tasks to queue
[2025-05-25T17:54:52.156+0000] {logging_mixin.py:188} INFO - [2025-05-25T17:54:52.155+0000] {dagbag.py:538} INFO - Filling up the DagBag from /opt/airflow/dags/prediccion_modelo_produccion_dag.py
[2025-05-25T17:54:52.217+0000] {processor.py:840} INFO - DAG(s) 'prediccion_modelo_produccion_dag' retrieved from /opt/airflow/dags/prediccion_modelo_produccion_dag.py
[2025-05-25T17:54:52.435+0000] {logging_mixin.py:188} INFO - [2025-05-25T17:54:52.434+0000] {dag.py:3036} INFO - Sync 1 DAGs
[2025-05-25T17:54:52.502+0000] {logging_mixin.py:188} INFO - [2025-05-25T17:54:52.502+0000] {dag.py:3823} INFO - Setting next_dagrun for prediccion_modelo_produccion_dag to 2025-05-24 22:00:00+00:00, run_after=2025-05-25 22:00:00+00:00
[2025-05-25T17:54:52.546+0000] {processor.py:183} INFO - Processing /opt/airflow/dags/prediccion_modelo_produccion_dag.py took 0.404 seconds
[2025-05-25T17:55:23.771+0000] {processor.py:161} INFO - Started process (PID=547) to work on /opt/airflow/dags/prediccion_modelo_produccion_dag.py
[2025-05-25T17:55:23.791+0000] {processor.py:830} INFO - Processing file /opt/airflow/dags/prediccion_modelo_produccion_dag.py for tasks to queue
[2025-05-25T17:55:23.819+0000] {logging_mixin.py:188} INFO - [2025-05-25T17:55:23.792+0000] {dagbag.py:538} INFO - Filling up the DagBag from /opt/airflow/dags/prediccion_modelo_produccion_dag.py
[2025-05-25T17:55:24.375+0000] {processor.py:840} INFO - DAG(s) 'prediccion_modelo_produccion_dag' retrieved from /opt/airflow/dags/prediccion_modelo_produccion_dag.py
[2025-05-25T17:55:58.899+0000] {processor.py:186} ERROR - Got an exception! Propagating...
Traceback (most recent call last):
  File "/home/airflow/.local/lib/python3.8/site-packages/sqlalchemy/engine/base.py", line 3371, in _wrap_pool_connect
    return fn()
  File "/home/airflow/.local/lib/python3.8/site-packages/sqlalchemy/pool/base.py", line 327, in connect
    return _ConnectionFairy._checkout(self)
  File "/home/airflow/.local/lib/python3.8/site-packages/sqlalchemy/pool/base.py", line 894, in _checkout
    fairy = _ConnectionRecord.checkout(pool)
  File "/home/airflow/.local/lib/python3.8/site-packages/sqlalchemy/pool/base.py", line 493, in checkout
    rec = pool._do_get()
  File "/home/airflow/.local/lib/python3.8/site-packages/sqlalchemy/pool/impl.py", line 146, in _do_get
    self._dec_overflow()
  File "/home/airflow/.local/lib/python3.8/site-packages/sqlalchemy/util/langhelpers.py", line 70, in __exit__
    compat.raise_(
  File "/home/airflow/.local/lib/python3.8/site-packages/sqlalchemy/util/compat.py", line 211, in raise_
    raise exception
  File "/home/airflow/.local/lib/python3.8/site-packages/sqlalchemy/pool/impl.py", line 143, in _do_get
    return self._create_connection()
  File "/home/airflow/.local/lib/python3.8/site-packages/sqlalchemy/pool/base.py", line 273, in _create_connection
    return _ConnectionRecord(self)
  File "/home/airflow/.local/lib/python3.8/site-packages/sqlalchemy/pool/base.py", line 388, in __init__
    self.__connect()
  File "/home/airflow/.local/lib/python3.8/site-packages/sqlalchemy/pool/base.py", line 691, in __connect
    pool.logger.debug("Error on connect(): %s", e)
  File "/home/airflow/.local/lib/python3.8/site-packages/sqlalchemy/util/langhelpers.py", line 70, in __exit__
    compat.raise_(
  File "/home/airflow/.local/lib/python3.8/site-packages/sqlalchemy/util/compat.py", line 211, in raise_
    raise exception
  File "/home/airflow/.local/lib/python3.8/site-packages/sqlalchemy/pool/base.py", line 686, in __connect
    self.dbapi_connection = connection = pool._invoke_creator(self)
  File "/home/airflow/.local/lib/python3.8/site-packages/sqlalchemy/engine/create.py", line 574, in connect
    return dialect.connect(*cargs, **cparams)
  File "/home/airflow/.local/lib/python3.8/site-packages/sqlalchemy/engine/default.py", line 598, in connect
    return self.dbapi.connect(*cargs, **cparams)
  File "/home/airflow/.local/lib/python3.8/site-packages/psycopg2/__init__.py", line 122, in connect
    conn = _connect(dsn, connection_factory=connection_factory, **kwasync)
psycopg2.OperationalError: could not translate host name "postgres" to address: Temporary failure in name resolution


The above exception was the direct cause of the following exception:

Traceback (most recent call last):
  File "/home/airflow/.local/lib/python3.8/site-packages/airflow/dag_processing/processor.py", line 182, in _run_file_processor
    _handle_dag_file_processing()
  File "/home/airflow/.local/lib/python3.8/site-packages/airflow/dag_processing/processor.py", line 163, in _handle_dag_file_processing
    result: tuple[int, int] = dag_file_processor.process_file(
  File "/home/airflow/.local/lib/python3.8/site-packages/airflow/utils/session.py", line 79, in wrapper
    return func(*args, session=session, **kwargs)
  File "/home/airflow/.local/lib/python3.8/site-packages/airflow/dag_processing/processor.py", line 859, in process_file
    serialize_errors = DagFileProcessor.save_dag_to_db(
  File "/home/airflow/.local/lib/python3.8/site-packages/airflow/api_internal/internal_api_call.py", line 114, in wrapper
    return func(*args, **kwargs)
  File "/home/airflow/.local/lib/python3.8/site-packages/airflow/utils/session.py", line 79, in wrapper
    return func(*args, session=session, **kwargs)
  File "/home/airflow/.local/lib/python3.8/site-packages/airflow/dag_processing/processor.py", line 895, in save_dag_to_db
    import_errors = DagBag._sync_to_db(dags=dags, processor_subdir=dag_directory, session=session)
  File "/home/airflow/.local/lib/python3.8/site-packages/airflow/utils/session.py", line 76, in wrapper
    return func(*args, **kwargs)
  File "/home/airflow/.local/lib/python3.8/site-packages/airflow/models/dagbag.py", line 657, in _sync_to_db
    for attempt in run_with_db_retries(logger=log):
  File "/home/airflow/.local/lib/python3.8/site-packages/tenacity/__init__.py", line 347, in __iter__
    do = self.iter(retry_state=retry_state)
  File "/home/airflow/.local/lib/python3.8/site-packages/tenacity/__init__.py", line 325, in iter
    raise retry_exc.reraise()
  File "/home/airflow/.local/lib/python3.8/site-packages/tenacity/__init__.py", line 158, in reraise
    raise self.last_attempt.result()
  File "/usr/local/lib/python3.8/concurrent/futures/_base.py", line 437, in result
    return self.__get_result()
  File "/usr/local/lib/python3.8/concurrent/futures/_base.py", line 389, in __get_result
    raise self._exception
  File "/home/airflow/.local/lib/python3.8/site-packages/airflow/models/dagbag.py", line 670, in _sync_to_db
    _serialize_dag_capturing_errors(dag, session, processor_subdir)
  File "/home/airflow/.local/lib/python3.8/site-packages/airflow/models/dagbag.py", line 635, in _serialize_dag_capturing_errors
    dag_was_updated = SerializedDagModel.write_dag(
  File "/home/airflow/.local/lib/python3.8/site-packages/airflow/utils/session.py", line 76, in wrapper
    return func(*args, **kwargs)
  File "/home/airflow/.local/lib/python3.8/site-packages/airflow/models/serialized_dag.py", line 157, in write_dag
    if session.scalar(
  File "/home/airflow/.local/lib/python3.8/site-packages/sqlalchemy/orm/session.py", line 1747, in scalar
    return self.execute(
  File "/home/airflow/.local/lib/python3.8/site-packages/sqlalchemy/orm/session.py", line 1716, in execute
    conn = self._connection_for_bind(bind)
  File "/home/airflow/.local/lib/python3.8/site-packages/sqlalchemy/orm/session.py", line 1555, in _connection_for_bind
    return self._transaction._connection_for_bind(
  File "/home/airflow/.local/lib/python3.8/site-packages/sqlalchemy/orm/session.py", line 750, in _connection_for_bind
    conn = bind.connect()
  File "/home/airflow/.local/lib/python3.8/site-packages/sqlalchemy/future/engine.py", line 412, in connect
    return super(Engine, self).connect()
  File "/home/airflow/.local/lib/python3.8/site-packages/sqlalchemy/engine/base.py", line 3325, in connect
    return self._connection_cls(self, close_with_result=close_with_result)
  File "/home/airflow/.local/lib/python3.8/site-packages/sqlalchemy/engine/base.py", line 96, in __init__
    else engine.raw_connection()
  File "/home/airflow/.local/lib/python3.8/site-packages/sqlalchemy/engine/base.py", line 3404, in raw_connection
    return self._wrap_pool_connect(self.pool.connect, _connection)
  File "/home/airflow/.local/lib/python3.8/site-packages/sqlalchemy/engine/base.py", line 3374, in _wrap_pool_connect
    Connection._handle_dbapi_exception_noconnection(
  File "/home/airflow/.local/lib/python3.8/site-packages/sqlalchemy/engine/base.py", line 2208, in _handle_dbapi_exception_noconnection
    util.raise_(
  File "/home/airflow/.local/lib/python3.8/site-packages/sqlalchemy/util/compat.py", line 211, in raise_
    raise exception
  File "/home/airflow/.local/lib/python3.8/site-packages/sqlalchemy/engine/base.py", line 3371, in _wrap_pool_connect
    return fn()
  File "/home/airflow/.local/lib/python3.8/site-packages/sqlalchemy/pool/base.py", line 327, in connect
    return _ConnectionFairy._checkout(self)
  File "/home/airflow/.local/lib/python3.8/site-packages/sqlalchemy/pool/base.py", line 894, in _checkout
    fairy = _ConnectionRecord.checkout(pool)
  File "/home/airflow/.local/lib/python3.8/site-packages/sqlalchemy/pool/base.py", line 493, in checkout
    rec = pool._do_get()
  File "/home/airflow/.local/lib/python3.8/site-packages/sqlalchemy/pool/impl.py", line 146, in _do_get
    self._dec_overflow()
  File "/home/airflow/.local/lib/python3.8/site-packages/sqlalchemy/util/langhelpers.py", line 70, in __exit__
    compat.raise_(
  File "/home/airflow/.local/lib/python3.8/site-packages/sqlalchemy/util/compat.py", line 211, in raise_
    raise exception
  File "/home/airflow/.local/lib/python3.8/site-packages/sqlalchemy/pool/impl.py", line 143, in _do_get
    return self._create_connection()
  File "/home/airflow/.local/lib/python3.8/site-packages/sqlalchemy/pool/base.py", line 273, in _create_connection
    return _ConnectionRecord(self)
  File "/home/airflow/.local/lib/python3.8/site-packages/sqlalchemy/pool/base.py", line 388, in __init__
    self.__connect()
  File "/home/airflow/.local/lib/python3.8/site-packages/sqlalchemy/pool/base.py", line 691, in __connect
    pool.logger.debug("Error on connect(): %s", e)
  File "/home/airflow/.local/lib/python3.8/site-packages/sqlalchemy/util/langhelpers.py", line 70, in __exit__
    compat.raise_(
  File "/home/airflow/.local/lib/python3.8/site-packages/sqlalchemy/util/compat.py", line 211, in raise_
    raise exception
  File "/home/airflow/.local/lib/python3.8/site-packages/sqlalchemy/pool/base.py", line 686, in __connect
    self.dbapi_connection = connection = pool._invoke_creator(self)
  File "/home/airflow/.local/lib/python3.8/site-packages/sqlalchemy/engine/create.py", line 574, in connect
    return dialect.connect(*cargs, **cparams)
  File "/home/airflow/.local/lib/python3.8/site-packages/sqlalchemy/engine/default.py", line 598, in connect
    return self.dbapi.connect(*cargs, **cparams)
  File "/home/airflow/.local/lib/python3.8/site-packages/psycopg2/__init__.py", line 122, in connect
    conn = _connect(dsn, connection_factory=connection_factory, **kwasync)
sqlalchemy.exc.OperationalError: (psycopg2.OperationalError) could not translate host name "postgres" to address: Temporary failure in name resolution

(Background on this error at: https://sqlalche.me/e/14/e3q8)
[2025-05-25T17:56:46.957+0000] {processor.py:161} INFO - Started process (PID=568) to work on /opt/airflow/dags/prediccion_modelo_produccion_dag.py
[2025-05-25T17:56:46.968+0000] {processor.py:830} INFO - Processing file /opt/airflow/dags/prediccion_modelo_produccion_dag.py for tasks to queue
[2025-05-25T17:56:46.989+0000] {logging_mixin.py:188} INFO - [2025-05-25T17:56:46.969+0000] {dagbag.py:538} INFO - Filling up the DagBag from /opt/airflow/dags/prediccion_modelo_produccion_dag.py
[2025-05-25T17:56:47.216+0000] {processor.py:840} INFO - DAG(s) 'prediccion_modelo_produccion_dag' retrieved from /opt/airflow/dags/prediccion_modelo_produccion_dag.py
[2025-05-25T17:56:49.398+0000] {logging_mixin.py:188} INFO - [2025-05-25T17:56:49.353+0000] {dag.py:3036} INFO - Sync 1 DAGs
[2025-05-25T17:56:49.768+0000] {logging_mixin.py:188} INFO - [2025-05-25T17:56:49.766+0000] {dag.py:3823} INFO - Setting next_dagrun for prediccion_modelo_produccion_dag to 2025-05-24 22:00:00+00:00, run_after=2025-05-25 22:00:00+00:00
[2025-05-25T17:56:50.224+0000] {processor.py:183} INFO - Processing /opt/airflow/dags/prediccion_modelo_produccion_dag.py took 3.337 seconds
[2025-05-25T17:57:21.361+0000] {processor.py:161} INFO - Started process (PID=596) to work on /opt/airflow/dags/prediccion_modelo_produccion_dag.py
[2025-05-25T17:57:21.451+0000] {processor.py:830} INFO - Processing file /opt/airflow/dags/prediccion_modelo_produccion_dag.py for tasks to queue
[2025-05-25T17:57:21.493+0000] {logging_mixin.py:188} INFO - [2025-05-25T17:57:21.457+0000] {dagbag.py:538} INFO - Filling up the DagBag from /opt/airflow/dags/prediccion_modelo_produccion_dag.py
[2025-05-25T17:57:22.810+0000] {processor.py:840} INFO - DAG(s) 'prediccion_modelo_produccion_dag' retrieved from /opt/airflow/dags/prediccion_modelo_produccion_dag.py
[2025-05-25T17:59:22.703+0000] {processor.py:161} INFO - Started process (PID=613) to work on /opt/airflow/dags/prediccion_modelo_produccion_dag.py
[2025-05-25T17:59:22.976+0000] {processor.py:830} INFO - Processing file /opt/airflow/dags/prediccion_modelo_produccion_dag.py for tasks to queue
[2025-05-25T17:59:23.348+0000] {logging_mixin.py:188} INFO - [2025-05-25T17:59:23.270+0000] {dagbag.py:538} INFO - Filling up the DagBag from /opt/airflow/dags/prediccion_modelo_produccion_dag.py
[2025-05-25T18:00:10.232+0000] {processor.py:840} INFO - DAG(s) 'prediccion_modelo_produccion_dag' retrieved from /opt/airflow/dags/prediccion_modelo_produccion_dag.py
[2025-05-25T18:00:54.800+0000] {processor.py:161} INFO - Started process (PID=619) to work on /opt/airflow/dags/prediccion_modelo_produccion_dag.py
[2025-05-25T18:00:54.827+0000] {processor.py:830} INFO - Processing file /opt/airflow/dags/prediccion_modelo_produccion_dag.py for tasks to queue
[2025-05-25T18:00:54.884+0000] {logging_mixin.py:188} INFO - [2025-05-25T18:00:54.830+0000] {dagbag.py:538} INFO - Filling up the DagBag from /opt/airflow/dags/prediccion_modelo_produccion_dag.py
[2025-05-25T18:00:55.819+0000] {processor.py:840} INFO - DAG(s) 'prediccion_modelo_produccion_dag' retrieved from /opt/airflow/dags/prediccion_modelo_produccion_dag.py
[2025-05-25T18:01:05.744+0000] {logging_mixin.py:188} INFO - [2025-05-25T18:01:05.721+0000] {dag.py:3036} INFO - Sync 1 DAGs
[2025-05-25T18:01:05.914+0000] {logging_mixin.py:188} INFO - [2025-05-25T18:01:05.913+0000] {dag.py:3823} INFO - Setting next_dagrun for prediccion_modelo_produccion_dag to 2025-05-24 22:00:00+00:00, run_after=2025-05-25 22:00:00+00:00
[2025-05-25T18:01:06.081+0000] {processor.py:183} INFO - Processing /opt/airflow/dags/prediccion_modelo_produccion_dag.py took 11.333 seconds
[2025-05-25T18:04:22.565+0000] {processor.py:161} INFO - Started process (PID=181) to work on /opt/airflow/dags/prediccion_modelo_produccion_dag.py
[2025-05-25T18:04:22.568+0000] {processor.py:830} INFO - Processing file /opt/airflow/dags/prediccion_modelo_produccion_dag.py for tasks to queue
[2025-05-25T18:04:22.569+0000] {logging_mixin.py:188} INFO - [2025-05-25T18:04:22.568+0000] {dagbag.py:538} INFO - Filling up the DagBag from /opt/airflow/dags/prediccion_modelo_produccion_dag.py
[2025-05-25T18:04:22.592+0000] {processor.py:840} INFO - DAG(s) 'prediccion_modelo_produccion_dag' retrieved from /opt/airflow/dags/prediccion_modelo_produccion_dag.py
[2025-05-25T18:04:22.846+0000] {logging_mixin.py:188} INFO - [2025-05-25T18:04:22.845+0000] {dag.py:3036} INFO - Sync 1 DAGs
[2025-05-25T18:04:22.894+0000] {logging_mixin.py:188} INFO - [2025-05-25T18:04:22.894+0000] {dag.py:3823} INFO - Setting next_dagrun for prediccion_modelo_produccion_dag to 2025-05-24 22:00:00+00:00, run_after=2025-05-25 22:00:00+00:00
[2025-05-25T18:04:22.933+0000] {processor.py:183} INFO - Processing /opt/airflow/dags/prediccion_modelo_produccion_dag.py took 0.375 seconds
[2025-05-25T18:04:53.205+0000] {processor.py:161} INFO - Started process (PID=191) to work on /opt/airflow/dags/prediccion_modelo_produccion_dag.py
[2025-05-25T18:04:53.209+0000] {processor.py:830} INFO - Processing file /opt/airflow/dags/prediccion_modelo_produccion_dag.py for tasks to queue
[2025-05-25T18:04:53.213+0000] {logging_mixin.py:188} INFO - [2025-05-25T18:04:53.211+0000] {dagbag.py:538} INFO - Filling up the DagBag from /opt/airflow/dags/prediccion_modelo_produccion_dag.py
[2025-05-25T18:04:53.263+0000] {processor.py:840} INFO - DAG(s) 'prediccion_modelo_produccion_dag' retrieved from /opt/airflow/dags/prediccion_modelo_produccion_dag.py
[2025-05-25T18:04:53.409+0000] {logging_mixin.py:188} INFO - [2025-05-25T18:04:53.408+0000] {dag.py:3036} INFO - Sync 1 DAGs
[2025-05-25T18:04:53.462+0000] {logging_mixin.py:188} INFO - [2025-05-25T18:04:53.462+0000] {dag.py:3823} INFO - Setting next_dagrun for prediccion_modelo_produccion_dag to 2025-05-24 22:00:00+00:00, run_after=2025-05-25 22:00:00+00:00
[2025-05-25T18:04:53.491+0000] {processor.py:183} INFO - Processing /opt/airflow/dags/prediccion_modelo_produccion_dag.py took 0.303 seconds
[2025-05-25T18:05:24.068+0000] {processor.py:161} INFO - Started process (PID=217) to work on /opt/airflow/dags/prediccion_modelo_produccion_dag.py
[2025-05-25T18:05:24.073+0000] {processor.py:830} INFO - Processing file /opt/airflow/dags/prediccion_modelo_produccion_dag.py for tasks to queue
[2025-05-25T18:05:24.076+0000] {logging_mixin.py:188} INFO - [2025-05-25T18:05:24.075+0000] {dagbag.py:538} INFO - Filling up the DagBag from /opt/airflow/dags/prediccion_modelo_produccion_dag.py
[2025-05-25T18:05:24.126+0000] {processor.py:840} INFO - DAG(s) 'prediccion_modelo_produccion_dag' retrieved from /opt/airflow/dags/prediccion_modelo_produccion_dag.py
[2025-05-25T18:05:24.254+0000] {logging_mixin.py:188} INFO - [2025-05-25T18:05:24.253+0000] {dag.py:3036} INFO - Sync 1 DAGs
[2025-05-25T18:05:24.323+0000] {logging_mixin.py:188} INFO - [2025-05-25T18:05:24.322+0000] {dag.py:3823} INFO - Setting next_dagrun for prediccion_modelo_produccion_dag to 2025-05-24 22:00:00+00:00, run_after=2025-05-25 22:00:00+00:00
[2025-05-25T18:05:24.371+0000] {processor.py:183} INFO - Processing /opt/airflow/dags/prediccion_modelo_produccion_dag.py took 0.319 seconds
[2025-05-25T18:05:55.029+0000] {processor.py:161} INFO - Started process (PID=227) to work on /opt/airflow/dags/prediccion_modelo_produccion_dag.py
[2025-05-25T18:05:55.036+0000] {processor.py:830} INFO - Processing file /opt/airflow/dags/prediccion_modelo_produccion_dag.py for tasks to queue
[2025-05-25T18:05:55.042+0000] {logging_mixin.py:188} INFO - [2025-05-25T18:05:55.039+0000] {dagbag.py:538} INFO - Filling up the DagBag from /opt/airflow/dags/prediccion_modelo_produccion_dag.py
[2025-05-25T18:05:55.097+0000] {processor.py:840} INFO - DAG(s) 'prediccion_modelo_produccion_dag' retrieved from /opt/airflow/dags/prediccion_modelo_produccion_dag.py
[2025-05-25T18:05:55.240+0000] {logging_mixin.py:188} INFO - [2025-05-25T18:05:55.239+0000] {dag.py:3036} INFO - Sync 1 DAGs
[2025-05-25T18:05:55.355+0000] {logging_mixin.py:188} INFO - [2025-05-25T18:05:55.354+0000] {dag.py:3823} INFO - Setting next_dagrun for prediccion_modelo_produccion_dag to 2025-05-24 22:00:00+00:00, run_after=2025-05-25 22:00:00+00:00
[2025-05-25T18:05:55.449+0000] {processor.py:183} INFO - Processing /opt/airflow/dags/prediccion_modelo_produccion_dag.py took 0.437 seconds
[2025-05-25T18:06:25.761+0000] {processor.py:161} INFO - Started process (PID=252) to work on /opt/airflow/dags/prediccion_modelo_produccion_dag.py
[2025-05-25T18:06:25.766+0000] {processor.py:830} INFO - Processing file /opt/airflow/dags/prediccion_modelo_produccion_dag.py for tasks to queue
[2025-05-25T18:06:25.770+0000] {logging_mixin.py:188} INFO - [2025-05-25T18:06:25.769+0000] {dagbag.py:538} INFO - Filling up the DagBag from /opt/airflow/dags/prediccion_modelo_produccion_dag.py
[2025-05-25T18:06:25.824+0000] {processor.py:840} INFO - DAG(s) 'prediccion_modelo_produccion_dag' retrieved from /opt/airflow/dags/prediccion_modelo_produccion_dag.py
[2025-05-25T18:06:25.967+0000] {logging_mixin.py:188} INFO - [2025-05-25T18:06:25.966+0000] {dag.py:3036} INFO - Sync 1 DAGs
[2025-05-25T18:06:26.036+0000] {logging_mixin.py:188} INFO - [2025-05-25T18:06:26.036+0000] {dag.py:3823} INFO - Setting next_dagrun for prediccion_modelo_produccion_dag to 2025-05-24 22:00:00+00:00, run_after=2025-05-25 22:00:00+00:00
[2025-05-25T18:06:26.088+0000] {processor.py:183} INFO - Processing /opt/airflow/dags/prediccion_modelo_produccion_dag.py took 0.345 seconds
[2025-05-25T18:06:56.730+0000] {processor.py:161} INFO - Started process (PID=262) to work on /opt/airflow/dags/prediccion_modelo_produccion_dag.py
[2025-05-25T18:06:56.733+0000] {processor.py:830} INFO - Processing file /opt/airflow/dags/prediccion_modelo_produccion_dag.py for tasks to queue
[2025-05-25T18:06:56.737+0000] {logging_mixin.py:188} INFO - [2025-05-25T18:06:56.735+0000] {dagbag.py:538} INFO - Filling up the DagBag from /opt/airflow/dags/prediccion_modelo_produccion_dag.py
[2025-05-25T18:06:56.780+0000] {processor.py:840} INFO - DAG(s) 'prediccion_modelo_produccion_dag' retrieved from /opt/airflow/dags/prediccion_modelo_produccion_dag.py
[2025-05-25T18:06:56.838+0000] {logging_mixin.py:188} INFO - [2025-05-25T18:06:56.837+0000] {dag.py:3036} INFO - Sync 1 DAGs
[2025-05-25T18:06:56.873+0000] {logging_mixin.py:188} INFO - [2025-05-25T18:06:56.872+0000] {dag.py:3823} INFO - Setting next_dagrun for prediccion_modelo_produccion_dag to 2025-05-24 22:00:00+00:00, run_after=2025-05-25 22:00:00+00:00
[2025-05-25T18:06:56.901+0000] {processor.py:183} INFO - Processing /opt/airflow/dags/prediccion_modelo_produccion_dag.py took 0.188 seconds
[2025-05-25T18:07:27.568+0000] {processor.py:161} INFO - Started process (PID=287) to work on /opt/airflow/dags/prediccion_modelo_produccion_dag.py
[2025-05-25T18:07:27.578+0000] {processor.py:830} INFO - Processing file /opt/airflow/dags/prediccion_modelo_produccion_dag.py for tasks to queue
[2025-05-25T18:07:27.582+0000] {logging_mixin.py:188} INFO - [2025-05-25T18:07:27.581+0000] {dagbag.py:538} INFO - Filling up the DagBag from /opt/airflow/dags/prediccion_modelo_produccion_dag.py
[2025-05-25T18:07:27.635+0000] {processor.py:840} INFO - DAG(s) 'prediccion_modelo_produccion_dag' retrieved from /opt/airflow/dags/prediccion_modelo_produccion_dag.py
[2025-05-25T18:07:27.804+0000] {logging_mixin.py:188} INFO - [2025-05-25T18:07:27.803+0000] {dag.py:3036} INFO - Sync 1 DAGs
[2025-05-25T18:07:27.938+0000] {logging_mixin.py:188} INFO - [2025-05-25T18:07:27.936+0000] {dag.py:3823} INFO - Setting next_dagrun for prediccion_modelo_produccion_dag to 2025-05-24 22:00:00+00:00, run_after=2025-05-25 22:00:00+00:00
[2025-05-25T18:07:28.027+0000] {processor.py:183} INFO - Processing /opt/airflow/dags/prediccion_modelo_produccion_dag.py took 0.479 seconds
[2025-05-25T18:07:58.188+0000] {processor.py:161} INFO - Started process (PID=307) to work on /opt/airflow/dags/prediccion_modelo_produccion_dag.py
[2025-05-25T18:07:58.193+0000] {processor.py:830} INFO - Processing file /opt/airflow/dags/prediccion_modelo_produccion_dag.py for tasks to queue
[2025-05-25T18:07:58.199+0000] {logging_mixin.py:188} INFO - [2025-05-25T18:07:58.197+0000] {dagbag.py:538} INFO - Filling up the DagBag from /opt/airflow/dags/prediccion_modelo_produccion_dag.py
[2025-05-25T18:07:58.261+0000] {processor.py:840} INFO - DAG(s) 'prediccion_modelo_produccion_dag' retrieved from /opt/airflow/dags/prediccion_modelo_produccion_dag.py
[2025-05-25T18:07:58.392+0000] {logging_mixin.py:188} INFO - [2025-05-25T18:07:58.391+0000] {dag.py:3036} INFO - Sync 1 DAGs
[2025-05-25T18:07:58.430+0000] {logging_mixin.py:188} INFO - [2025-05-25T18:07:58.430+0000] {dag.py:3823} INFO - Setting next_dagrun for prediccion_modelo_produccion_dag to 2025-05-24 22:00:00+00:00, run_after=2025-05-25 22:00:00+00:00
[2025-05-25T18:07:58.456+0000] {processor.py:183} INFO - Processing /opt/airflow/dags/prediccion_modelo_produccion_dag.py took 0.296 seconds
[2025-05-25T18:08:29.121+0000] {processor.py:161} INFO - Started process (PID=331) to work on /opt/airflow/dags/prediccion_modelo_produccion_dag.py
[2025-05-25T18:08:29.127+0000] {processor.py:830} INFO - Processing file /opt/airflow/dags/prediccion_modelo_produccion_dag.py for tasks to queue
[2025-05-25T18:08:29.131+0000] {logging_mixin.py:188} INFO - [2025-05-25T18:08:29.129+0000] {dagbag.py:538} INFO - Filling up the DagBag from /opt/airflow/dags/prediccion_modelo_produccion_dag.py
[2025-05-25T18:08:29.191+0000] {processor.py:840} INFO - DAG(s) 'prediccion_modelo_produccion_dag' retrieved from /opt/airflow/dags/prediccion_modelo_produccion_dag.py
[2025-05-25T18:08:29.344+0000] {logging_mixin.py:188} INFO - [2025-05-25T18:08:29.343+0000] {dag.py:3036} INFO - Sync 1 DAGs
[2025-05-25T18:08:29.393+0000] {logging_mixin.py:188} INFO - [2025-05-25T18:08:29.393+0000] {dag.py:3823} INFO - Setting next_dagrun for prediccion_modelo_produccion_dag to 2025-05-24 22:00:00+00:00, run_after=2025-05-25 22:00:00+00:00
[2025-05-25T18:08:29.428+0000] {processor.py:183} INFO - Processing /opt/airflow/dags/prediccion_modelo_produccion_dag.py took 0.332 seconds
[2025-05-25T18:09:00.244+0000] {processor.py:161} INFO - Started process (PID=341) to work on /opt/airflow/dags/prediccion_modelo_produccion_dag.py
[2025-05-25T18:09:00.248+0000] {processor.py:830} INFO - Processing file /opt/airflow/dags/prediccion_modelo_produccion_dag.py for tasks to queue
[2025-05-25T18:09:00.253+0000] {logging_mixin.py:188} INFO - [2025-05-25T18:09:00.252+0000] {dagbag.py:538} INFO - Filling up the DagBag from /opt/airflow/dags/prediccion_modelo_produccion_dag.py
[2025-05-25T18:09:00.283+0000] {processor.py:840} INFO - DAG(s) 'prediccion_modelo_produccion_dag' retrieved from /opt/airflow/dags/prediccion_modelo_produccion_dag.py
[2025-05-25T18:09:00.353+0000] {logging_mixin.py:188} INFO - [2025-05-25T18:09:00.352+0000] {dag.py:3036} INFO - Sync 1 DAGs
[2025-05-25T18:09:00.403+0000] {logging_mixin.py:188} INFO - [2025-05-25T18:09:00.403+0000] {dag.py:3823} INFO - Setting next_dagrun for prediccion_modelo_produccion_dag to 2025-05-24 22:00:00+00:00, run_after=2025-05-25 22:00:00+00:00
[2025-05-25T18:09:00.474+0000] {processor.py:183} INFO - Processing /opt/airflow/dags/prediccion_modelo_produccion_dag.py took 0.252 seconds
[2025-05-25T18:09:30.960+0000] {processor.py:161} INFO - Started process (PID=366) to work on /opt/airflow/dags/prediccion_modelo_produccion_dag.py
[2025-05-25T18:09:30.966+0000] {processor.py:830} INFO - Processing file /opt/airflow/dags/prediccion_modelo_produccion_dag.py for tasks to queue
[2025-05-25T18:09:30.977+0000] {logging_mixin.py:188} INFO - [2025-05-25T18:09:30.969+0000] {dagbag.py:538} INFO - Filling up the DagBag from /opt/airflow/dags/prediccion_modelo_produccion_dag.py
[2025-05-25T18:09:31.098+0000] {processor.py:840} INFO - DAG(s) 'prediccion_modelo_produccion_dag' retrieved from /opt/airflow/dags/prediccion_modelo_produccion_dag.py
[2025-05-25T18:09:31.261+0000] {logging_mixin.py:188} INFO - [2025-05-25T18:09:31.260+0000] {dag.py:3036} INFO - Sync 1 DAGs
[2025-05-25T18:09:31.640+0000] {logging_mixin.py:188} INFO - [2025-05-25T18:09:31.635+0000] {dag.py:3823} INFO - Setting next_dagrun for prediccion_modelo_produccion_dag to 2025-05-24 22:00:00+00:00, run_after=2025-05-25 22:00:00+00:00
[2025-05-25T18:09:31.829+0000] {processor.py:183} INFO - Processing /opt/airflow/dags/prediccion_modelo_produccion_dag.py took 0.878 seconds
[2025-05-25T18:10:02.531+0000] {processor.py:161} INFO - Started process (PID=376) to work on /opt/airflow/dags/prediccion_modelo_produccion_dag.py
[2025-05-25T18:10:02.538+0000] {processor.py:830} INFO - Processing file /opt/airflow/dags/prediccion_modelo_produccion_dag.py for tasks to queue
[2025-05-25T18:10:02.544+0000] {logging_mixin.py:188} INFO - [2025-05-25T18:10:02.542+0000] {dagbag.py:538} INFO - Filling up the DagBag from /opt/airflow/dags/prediccion_modelo_produccion_dag.py
[2025-05-25T18:10:02.612+0000] {processor.py:840} INFO - DAG(s) 'prediccion_modelo_produccion_dag' retrieved from /opt/airflow/dags/prediccion_modelo_produccion_dag.py
[2025-05-25T18:10:02.676+0000] {logging_mixin.py:188} INFO - [2025-05-25T18:10:02.676+0000] {dag.py:3036} INFO - Sync 1 DAGs
[2025-05-25T18:10:02.727+0000] {logging_mixin.py:188} INFO - [2025-05-25T18:10:02.726+0000] {dag.py:3823} INFO - Setting next_dagrun for prediccion_modelo_produccion_dag to 2025-05-24 22:00:00+00:00, run_after=2025-05-25 22:00:00+00:00
[2025-05-25T18:10:02.763+0000] {processor.py:183} INFO - Processing /opt/airflow/dags/prediccion_modelo_produccion_dag.py took 0.252 seconds
[2025-05-25T18:10:33.447+0000] {processor.py:161} INFO - Started process (PID=430) to work on /opt/airflow/dags/prediccion_modelo_produccion_dag.py
[2025-05-25T18:10:33.607+0000] {processor.py:830} INFO - Processing file /opt/airflow/dags/prediccion_modelo_produccion_dag.py for tasks to queue
[2025-05-25T18:10:33.611+0000] {logging_mixin.py:188} INFO - [2025-05-25T18:10:33.610+0000] {dagbag.py:538} INFO - Filling up the DagBag from /opt/airflow/dags/prediccion_modelo_produccion_dag.py
[2025-05-25T18:10:33.718+0000] {processor.py:840} INFO - DAG(s) 'prediccion_modelo_produccion_dag' retrieved from /opt/airflow/dags/prediccion_modelo_produccion_dag.py
[2025-05-25T18:10:33.955+0000] {logging_mixin.py:188} INFO - [2025-05-25T18:10:33.954+0000] {dag.py:3036} INFO - Sync 1 DAGs
[2025-05-25T18:10:34.033+0000] {logging_mixin.py:188} INFO - [2025-05-25T18:10:34.033+0000] {dag.py:3823} INFO - Setting next_dagrun for prediccion_modelo_produccion_dag to 2025-05-24 22:00:00+00:00, run_after=2025-05-25 22:00:00+00:00
[2025-05-25T18:10:34.066+0000] {processor.py:183} INFO - Processing /opt/airflow/dags/prediccion_modelo_produccion_dag.py took 0.953 seconds
[2025-05-25T18:10:49.241+0000] {processor.py:161} INFO - Started process (PID=490) to work on /opt/airflow/dags/prediccion_modelo_produccion_dag.py
[2025-05-25T18:10:49.246+0000] {processor.py:830} INFO - Processing file /opt/airflow/dags/prediccion_modelo_produccion_dag.py for tasks to queue
[2025-05-25T18:10:49.251+0000] {logging_mixin.py:188} INFO - [2025-05-25T18:10:49.248+0000] {dagbag.py:538} INFO - Filling up the DagBag from /opt/airflow/dags/prediccion_modelo_produccion_dag.py
[2025-05-25T18:10:49.323+0000] {processor.py:840} INFO - DAG(s) 'prediccion_modelo_produccion_dag' retrieved from /opt/airflow/dags/prediccion_modelo_produccion_dag.py
[2025-05-25T18:10:49.505+0000] {logging_mixin.py:188} INFO - [2025-05-25T18:10:49.504+0000] {dag.py:3036} INFO - Sync 1 DAGs
[2025-05-25T18:10:49.659+0000] {logging_mixin.py:188} INFO - [2025-05-25T18:10:49.657+0000] {dag.py:3823} INFO - Setting next_dagrun for prediccion_modelo_produccion_dag to 2025-05-24 22:00:00+00:00, run_after=2025-05-25 22:00:00+00:00
[2025-05-25T18:10:49.805+0000] {processor.py:183} INFO - Processing /opt/airflow/dags/prediccion_modelo_produccion_dag.py took 0.579 seconds
[2025-05-25T18:11:20.092+0000] {processor.py:161} INFO - Started process (PID=517) to work on /opt/airflow/dags/prediccion_modelo_produccion_dag.py
[2025-05-25T18:11:20.095+0000] {processor.py:830} INFO - Processing file /opt/airflow/dags/prediccion_modelo_produccion_dag.py for tasks to queue
[2025-05-25T18:11:20.099+0000] {logging_mixin.py:188} INFO - [2025-05-25T18:11:20.097+0000] {dagbag.py:538} INFO - Filling up the DagBag from /opt/airflow/dags/prediccion_modelo_produccion_dag.py
[2025-05-25T18:11:20.135+0000] {processor.py:840} INFO - DAG(s) 'prediccion_modelo_produccion_dag' retrieved from /opt/airflow/dags/prediccion_modelo_produccion_dag.py
[2025-05-25T18:11:20.229+0000] {logging_mixin.py:188} INFO - [2025-05-25T18:11:20.229+0000] {dag.py:3036} INFO - Sync 1 DAGs
[2025-05-25T18:11:20.313+0000] {logging_mixin.py:188} INFO - [2025-05-25T18:11:20.312+0000] {dag.py:3823} INFO - Setting next_dagrun for prediccion_modelo_produccion_dag to 2025-05-24 22:00:00+00:00, run_after=2025-05-25 22:00:00+00:00
[2025-05-25T18:11:20.407+0000] {processor.py:183} INFO - Processing /opt/airflow/dags/prediccion_modelo_produccion_dag.py took 0.324 seconds
[2025-05-25T18:11:51.060+0000] {processor.py:161} INFO - Started process (PID=535) to work on /opt/airflow/dags/prediccion_modelo_produccion_dag.py
[2025-05-25T18:11:51.066+0000] {processor.py:830} INFO - Processing file /opt/airflow/dags/prediccion_modelo_produccion_dag.py for tasks to queue
[2025-05-25T18:11:51.069+0000] {logging_mixin.py:188} INFO - [2025-05-25T18:11:51.068+0000] {dagbag.py:538} INFO - Filling up the DagBag from /opt/airflow/dags/prediccion_modelo_produccion_dag.py
[2025-05-25T18:11:51.105+0000] {processor.py:840} INFO - DAG(s) 'prediccion_modelo_produccion_dag' retrieved from /opt/airflow/dags/prediccion_modelo_produccion_dag.py
[2025-05-25T18:11:51.194+0000] {logging_mixin.py:188} INFO - [2025-05-25T18:11:51.194+0000] {dag.py:3036} INFO - Sync 1 DAGs
[2025-05-25T18:11:51.309+0000] {logging_mixin.py:188} INFO - [2025-05-25T18:11:51.308+0000] {dag.py:3823} INFO - Setting next_dagrun for prediccion_modelo_produccion_dag to 2025-05-24 22:00:00+00:00, run_after=2025-05-25 22:00:00+00:00
[2025-05-25T18:11:51.366+0000] {processor.py:183} INFO - Processing /opt/airflow/dags/prediccion_modelo_produccion_dag.py took 0.316 seconds
[2025-05-25T18:12:22.033+0000] {processor.py:161} INFO - Started process (PID=545) to work on /opt/airflow/dags/prediccion_modelo_produccion_dag.py
[2025-05-25T18:12:22.041+0000] {processor.py:830} INFO - Processing file /opt/airflow/dags/prediccion_modelo_produccion_dag.py for tasks to queue
[2025-05-25T18:12:22.045+0000] {logging_mixin.py:188} INFO - [2025-05-25T18:12:22.043+0000] {dagbag.py:538} INFO - Filling up the DagBag from /opt/airflow/dags/prediccion_modelo_produccion_dag.py
[2025-05-25T18:12:22.088+0000] {processor.py:840} INFO - DAG(s) 'prediccion_modelo_produccion_dag' retrieved from /opt/airflow/dags/prediccion_modelo_produccion_dag.py
[2025-05-25T18:12:22.199+0000] {logging_mixin.py:188} INFO - [2025-05-25T18:12:22.198+0000] {dag.py:3036} INFO - Sync 1 DAGs
[2025-05-25T18:12:22.293+0000] {logging_mixin.py:188} INFO - [2025-05-25T18:12:22.292+0000] {dag.py:3823} INFO - Setting next_dagrun for prediccion_modelo_produccion_dag to 2025-05-24 22:00:00+00:00, run_after=2025-05-25 22:00:00+00:00
[2025-05-25T18:12:22.358+0000] {processor.py:183} INFO - Processing /opt/airflow/dags/prediccion_modelo_produccion_dag.py took 0.337 seconds
[2025-05-25T18:12:52.916+0000] {processor.py:161} INFO - Started process (PID=604) to work on /opt/airflow/dags/prediccion_modelo_produccion_dag.py
[2025-05-25T18:12:52.919+0000] {processor.py:830} INFO - Processing file /opt/airflow/dags/prediccion_modelo_produccion_dag.py for tasks to queue
[2025-05-25T18:12:52.921+0000] {logging_mixin.py:188} INFO - [2025-05-25T18:12:52.920+0000] {dagbag.py:538} INFO - Filling up the DagBag from /opt/airflow/dags/prediccion_modelo_produccion_dag.py
[2025-05-25T18:12:52.947+0000] {processor.py:840} INFO - DAG(s) 'prediccion_modelo_produccion_dag' retrieved from /opt/airflow/dags/prediccion_modelo_produccion_dag.py
[2025-05-25T18:12:53.018+0000] {logging_mixin.py:188} INFO - [2025-05-25T18:12:53.017+0000] {dag.py:3036} INFO - Sync 1 DAGs
[2025-05-25T18:12:53.090+0000] {logging_mixin.py:188} INFO - [2025-05-25T18:12:53.088+0000] {dag.py:3823} INFO - Setting next_dagrun for prediccion_modelo_produccion_dag to 2025-05-24 22:00:00+00:00, run_after=2025-05-25 22:00:00+00:00
[2025-05-25T18:12:53.131+0000] {processor.py:183} INFO - Processing /opt/airflow/dags/prediccion_modelo_produccion_dag.py took 0.225 seconds
[2025-05-25T18:13:23.808+0000] {processor.py:161} INFO - Started process (PID=614) to work on /opt/airflow/dags/prediccion_modelo_produccion_dag.py
[2025-05-25T18:13:23.811+0000] {processor.py:830} INFO - Processing file /opt/airflow/dags/prediccion_modelo_produccion_dag.py for tasks to queue
[2025-05-25T18:13:23.813+0000] {logging_mixin.py:188} INFO - [2025-05-25T18:13:23.812+0000] {dagbag.py:538} INFO - Filling up the DagBag from /opt/airflow/dags/prediccion_modelo_produccion_dag.py
[2025-05-25T18:13:23.835+0000] {processor.py:840} INFO - DAG(s) 'prediccion_modelo_produccion_dag' retrieved from /opt/airflow/dags/prediccion_modelo_produccion_dag.py
[2025-05-25T18:13:23.881+0000] {logging_mixin.py:188} INFO - [2025-05-25T18:13:23.880+0000] {dag.py:3036} INFO - Sync 1 DAGs
[2025-05-25T18:13:23.921+0000] {logging_mixin.py:188} INFO - [2025-05-25T18:13:23.921+0000] {dag.py:3823} INFO - Setting next_dagrun for prediccion_modelo_produccion_dag to 2025-05-24 22:00:00+00:00, run_after=2025-05-25 22:00:00+00:00
[2025-05-25T18:13:23.981+0000] {processor.py:183} INFO - Processing /opt/airflow/dags/prediccion_modelo_produccion_dag.py took 0.179 seconds
