[2025-06-07T14:44:02.914+0000] {taskinstance.py:1956} INFO - Dependencies all met for dep_context=non-requeueable deps ti=<TaskInstance: entrenamiento_modelos_regresion.entrenar_y_promover manual__2025-06-07T14:43:57.535430+00:00 [queued]>
[2025-06-07T14:44:02.930+0000] {taskinstance.py:1956} INFO - Dependencies all met for dep_context=requeueable deps ti=<TaskInstance: entrenamiento_modelos_regresion.entrenar_y_promover manual__2025-06-07T14:43:57.535430+00:00 [queued]>
[2025-06-07T14:44:02.931+0000] {taskinstance.py:2170} INFO - Starting attempt 1 of 2
[2025-06-07T14:44:02.954+0000] {taskinstance.py:2191} INFO - Executing <Task(_PythonDecoratedOperator): entrenar_y_promover> on 2025-06-07 14:43:57.535430+00:00
[2025-06-07T14:44:02.961+0000] {standard_task_runner.py:60} INFO - Started process 1206 to run task
[2025-06-07T14:44:02.965+0000] {standard_task_runner.py:87} INFO - Running: ['***', 'tasks', 'run', 'entrenamiento_modelos_regresion', 'entrenar_y_promover', 'manual__2025-06-07T14:43:57.535430+00:00', '--job-id', '30', '--raw', '--subdir', 'DAGS_FOLDER/entrenamiento_modelos_regresion_dag.py', '--cfg-path', '/tmp/tmpe7vqp1zp']
[2025-06-07T14:44:02.968+0000] {standard_task_runner.py:88} INFO - Job 30: Subtask entrenar_y_promover
[2025-06-07T14:44:03.052+0000] {task_command.py:423} INFO - Running <TaskInstance: entrenamiento_modelos_regresion.entrenar_y_promover manual__2025-06-07T14:43:57.535430+00:00 [running]> on host 2f8338b0b2ef
[2025-06-07T14:44:03.205+0000] {taskinstance.py:2480} INFO - Exporting env vars: AIRFLOW_CTX_DAG_OWNER='fede' AIRFLOW_CTX_DAG_ID='entrenamiento_modelos_regresion' AIRFLOW_CTX_TASK_ID='entrenar_y_promover' AIRFLOW_CTX_EXECUTION_DATE='2025-06-07T14:43:57.535430+00:00' AIRFLOW_CTX_TRY_NUMBER='1' AIRFLOW_CTX_DAG_RUN_ID='manual__2025-06-07T14:43:57.535430+00:00'
[2025-06-07T14:44:04.847+0000] {logging_mixin.py:188} WARNING - /opt/***/dags/entrenamiento_modelos_regresion_dag.py:47 SettingWithCopyWarning:
A value is trying to be set on a copy of a slice from a DataFrame.
Try using .loc[row_indexer,col_indexer] = value instead

See the caveats in the documentation: https://pandas.pydata.org/pandas-docs/stable/user_guide/indexing.html#returning-a-view-versus-a-copy
[2025-06-07T14:44:04.864+0000] {logging_mixin.py:188} WARNING - /opt/***/dags/entrenamiento_modelos_regresion_dag.py:50 SettingWithCopyWarning:
A value is trying to be set on a copy of a slice from a DataFrame.
Try using .loc[row_indexer,col_indexer] = value instead

See the caveats in the documentation: https://pandas.pydata.org/pandas-docs/stable/user_guide/indexing.html#returning-a-view-versus-a-copy
[2025-06-07T14:44:04.866+0000] {logging_mixin.py:188} WARNING - /opt/***/dags/entrenamiento_modelos_regresion_dag.py:52 SettingWithCopyWarning:
A value is trying to be set on a copy of a slice from a DataFrame.
Try using .loc[row_indexer,col_indexer] = value instead

See the caveats in the documentation: https://pandas.pydata.org/pandas-docs/stable/user_guide/indexing.html#returning-a-view-versus-a-copy
[2025-06-07T14:44:04.867+0000] {logging_mixin.py:188} WARNING - /opt/***/dags/entrenamiento_modelos_regresion_dag.py:54 SettingWithCopyWarning:
A value is trying to be set on a copy of a slice from a DataFrame

See the caveats in the documentation: https://pandas.pydata.org/pandas-docs/stable/user_guide/indexing.html#returning-a-view-versus-a-copy
[2025-06-07T14:44:04.996+0000] {logging_mixin.py:188} WARNING - 2025/06/07 14:44:04 WARNING mlflow.utils.git_utils: Failed to import Git (the Git executable is probably not on your PATH), so Git SHA is not available. Error: Failed to initialize: Bad git executable.
The git executable must be specified in one of the following ways:
    - be included in your $PATH
    - be set via $GIT_PYTHON_GIT_EXECUTABLE
    - explicitly set via git.refresh(<full-path-to-git-executable>)

All git commands will error until this is rectified.

This initial message can be silenced or aggravated in the future by setting the
$GIT_PYTHON_REFRESH environment variable. Use one of the following values:
    - quiet|q|silence|s|silent|none|n|0: for no message or exception
    - warn|w|warning|log|l|1: for a warning message (logging level CRITICAL, displayed by default)
    - error|e|exception|raise|r|2: for a raised exception

Example:
    export GIT_PYTHON_REFRESH=quiet
[2025-06-07T14:44:08.681+0000] {logging_mixin.py:188} WARNING - 2025/06/07 14:44:08 WARNING mlflow.models.model: Model logged without a signature and input example. Please set `input_example` parameter when logging the model to auto infer the model signature.
[2025-06-07T14:44:08.806+0000] {logging_mixin.py:188} WARNING - 2025/06/07 14:44:08 INFO mlflow.tracking._tracking_service.client: 🏃 View run RandomForest at: http://mlflow:5000/#/experiments/1/runs/65a3458a18504cfe9b8ad269a21825a7.
[2025-06-07T14:44:08.806+0000] {logging_mixin.py:188} WARNING - 2025/06/07 14:44:08 INFO mlflow.tracking._tracking_service.client: 🧪 View experiment at: http://mlflow:5000/#/experiments/1.
[2025-06-07T14:44:11.747+0000] {logging_mixin.py:188} WARNING - 2025/06/07 14:44:11 WARNING mlflow.models.model: Model logged without a signature and input example. Please set `input_example` parameter when logging the model to auto infer the model signature.
[2025-06-07T14:44:11.811+0000] {logging_mixin.py:188} WARNING - 2025/06/07 14:44:11 INFO mlflow.tracking._tracking_service.client: 🏃 View run CatBoost at: http://mlflow:5000/#/experiments/1/runs/aa1e3261c1d0434cba59444682958974.
[2025-06-07T14:44:11.811+0000] {logging_mixin.py:188} WARNING - 2025/06/07 14:44:11 INFO mlflow.tracking._tracking_service.client: 🧪 View experiment at: http://mlflow:5000/#/experiments/1.
[2025-06-07T14:44:14.396+0000] {logging_mixin.py:188} WARNING - 2025/06/07 14:44:14 WARNING mlflow.models.model: Model logged without a signature and input example. Please set `input_example` parameter when logging the model to auto infer the model signature.
[2025-06-07T14:44:14.452+0000] {logging_mixin.py:188} WARNING - 2025/06/07 14:44:14 INFO mlflow.tracking._tracking_service.client: 🏃 View run SVR at: http://mlflow:5000/#/experiments/1/runs/86f310117d4a4a69b4d631a3deb727fe.
[2025-06-07T14:44:14.452+0000] {logging_mixin.py:188} WARNING - 2025/06/07 14:44:14 INFO mlflow.tracking._tracking_service.client: 🧪 View experiment at: http://mlflow:5000/#/experiments/1.
[2025-06-07T14:44:14.515+0000] {logging_mixin.py:188} WARNING - Registered model 'mejor_modelo_orquestado' already exists. Creating a new version of this model...
[2025-06-07T14:44:14.575+0000] {logging_mixin.py:188} WARNING - 2025/06/07 14:44:14 INFO mlflow.store.model_registry.abstract_store: Waiting up to 300 seconds for model version to finish creation. Model name: mejor_modelo_orquestado, version 8
[2025-06-07T14:44:14.576+0000] {logging_mixin.py:188} WARNING - Created version '8' of model 'mejor_modelo_orquestado'.
[2025-06-07T14:44:14.578+0000] {logging_mixin.py:188} WARNING - /opt/***/dags/entrenamiento_modelos_regresion_dag.py:88 FutureWarning: ``mlflow.tracking.client.MlflowClient.get_latest_versions`` is deprecated since 2.9.0. Model registry stages will be removed in a future major release. To learn more about the deprecation of model registry stages, see our migration guide here: https://mlflow.org/docs/latest/model-registry.html#migrating-from-stages
[2025-06-07T14:44:14.598+0000] {logging_mixin.py:188} WARNING - /opt/***/dags/entrenamiento_modelos_regresion_dag.py:98 FutureWarning: ``mlflow.tracking.client.MlflowClient.transition_model_version_stage`` is deprecated since 2.9.0. Model registry stages will be removed in a future major release. To learn more about the deprecation of model registry stages, see our migration guide here: https://mlflow.org/docs/latest/model-registry.html#migrating-from-stages
[2025-06-07T14:44:14.665+0000] {logging_mixin.py:188} WARNING - /opt/***/dags/entrenamiento_modelos_regresion_dag.py:91 FutureWarning: ``mlflow.tracking.client.MlflowClient.transition_model_version_stage`` is deprecated since 2.9.0. Model registry stages will be removed in a future major release. To learn more about the deprecation of model registry stages, see our migration guide here: https://mlflow.org/docs/latest/model-registry.html#migrating-from-stages
[2025-06-07T14:44:14.687+0000] {python.py:201} INFO - Done. Returned value was: None
[2025-06-07T14:44:14.706+0000] {taskinstance.py:1138} INFO - Marking task as SUCCESS. dag_id=entrenamiento_modelos_regresion, task_id=entrenar_y_promover, execution_date=20250607T144357, start_date=20250607T144402, end_date=20250607T144414
[2025-06-07T14:44:14.798+0000] {local_task_job_runner.py:234} INFO - Task exited with return code 0
[2025-06-07T14:44:14.825+0000] {taskinstance.py:3280} INFO - 1 downstream tasks scheduled from follow-on schedule check
