[2025-06-15T11:40:54.329+0000] {taskinstance.py:1956} INFO - Dependencies all met for dep_context=non-requeueable deps ti=<TaskInstance: entrenamiento_modelos_regresion.entrenar_y_promover scheduled__2025-06-13T21:00:00+00:00 [queued]>
[2025-06-15T11:40:54.353+0000] {taskinstance.py:1956} INFO - Dependencies all met for dep_context=requeueable deps ti=<TaskInstance: entrenamiento_modelos_regresion.entrenar_y_promover scheduled__2025-06-13T21:00:00+00:00 [queued]>
[2025-06-15T11:40:54.354+0000] {taskinstance.py:2170} INFO - Starting attempt 3 of 2
[2025-06-15T11:40:54.396+0000] {taskinstance.py:2191} INFO - Executing <Task(_PythonDecoratedOperator): entrenar_y_promover> on 2025-06-13 21:00:00+00:00
[2025-06-15T11:40:54.407+0000] {standard_task_runner.py:60} INFO - Started process 202 to run task
[2025-06-15T11:40:54.416+0000] {standard_task_runner.py:87} INFO - Running: ['***', 'tasks', 'run', 'entrenamiento_modelos_regresion', 'entrenar_y_promover', 'scheduled__2025-06-13T21:00:00+00:00', '--job-id', '168', '--raw', '--subdir', 'DAGS_FOLDER/entrenamiento_modelos_regresion_dag.py', '--cfg-path', '/tmp/tmp6fiyb96c']
[2025-06-15T11:40:54.424+0000] {standard_task_runner.py:88} INFO - Job 168: Subtask entrenar_y_promover
[2025-06-15T11:40:54.639+0000] {task_command.py:423} INFO - Running <TaskInstance: entrenamiento_modelos_regresion.entrenar_y_promover scheduled__2025-06-13T21:00:00+00:00 [running]> on host e0d496ebcdc0
[2025-06-15T11:40:54.934+0000] {taskinstance.py:2480} INFO - Exporting env vars: AIRFLOW_CTX_DAG_OWNER='fede' AIRFLOW_CTX_DAG_ID='entrenamiento_modelos_regresion' AIRFLOW_CTX_TASK_ID='entrenar_y_promover' AIRFLOW_CTX_EXECUTION_DATE='2025-06-13T21:00:00+00:00' AIRFLOW_CTX_TRY_NUMBER='3' AIRFLOW_CTX_DAG_RUN_ID='scheduled__2025-06-13T21:00:00+00:00'
[2025-06-15T11:40:59.565+0000] {logging_mixin.py:188} WARNING - /opt/***/dags/entrenamiento_modelos_regresion_dag.py:53 SettingWithCopyWarning:
A value is trying to be set on a copy of a slice from a DataFrame.
Try using .loc[row_indexer,col_indexer] = value instead

See the caveats in the documentation: https://pandas.pydata.org/pandas-docs/stable/user_guide/indexing.html#returning-a-view-versus-a-copy
[2025-06-15T11:40:59.591+0000] {logging_mixin.py:188} WARNING - /opt/***/dags/entrenamiento_modelos_regresion_dag.py:56 SettingWithCopyWarning:
A value is trying to be set on a copy of a slice from a DataFrame.
Try using .loc[row_indexer,col_indexer] = value instead

See the caveats in the documentation: https://pandas.pydata.org/pandas-docs/stable/user_guide/indexing.html#returning-a-view-versus-a-copy
[2025-06-15T11:40:59.596+0000] {logging_mixin.py:188} WARNING - /opt/***/dags/entrenamiento_modelos_regresion_dag.py:58 SettingWithCopyWarning:
A value is trying to be set on a copy of a slice from a DataFrame.
Try using .loc[row_indexer,col_indexer] = value instead

See the caveats in the documentation: https://pandas.pydata.org/pandas-docs/stable/user_guide/indexing.html#returning-a-view-versus-a-copy
[2025-06-15T11:40:59.599+0000] {logging_mixin.py:188} WARNING - /opt/***/dags/entrenamiento_modelos_regresion_dag.py:59 SettingWithCopyWarning:
A value is trying to be set on a copy of a slice from a DataFrame

See the caveats in the documentation: https://pandas.pydata.org/pandas-docs/stable/user_guide/indexing.html#returning-a-view-versus-a-copy
[2025-06-15T11:41:00.500+0000] {logging_mixin.py:188} WARNING - 2025/06/15 11:41:00 WARNING mlflow.utils.git_utils: Failed to import Git (the Git executable is probably not on your PATH), so Git SHA is not available. Error: Failed to initialize: Bad git executable.
The git executable must be specified in one of the following ways:
    - be included in your $PATH
    - be set via $GIT_PYTHON_GIT_EXECUTABLE
    - explicitly set via git.refresh(<full-path-to-git-executable>)

All git commands will error until this is rectified.

This initial message can be silenced or aggravated in the future by setting the
$GIT_PYTHON_REFRESH environment variable. Use one of the following values:
    - quiet|q|silence|s|silent|none|n|0: for no message or exception
    - warn|w|warning|log|l|1: for a warning message (logging level CRITICAL, displayed by default)
    - error|e|exception|raise|r|2: for a raised exception

Example:
    export GIT_PYTHON_REFRESH=quiet
[2025-06-15T11:41:07.152+0000] {logging_mixin.py:188} WARNING - 2025/06/15 11:41:07 WARNING mlflow.models.model: Model logged without a signature and input example. Please set `input_example` parameter when logging the model to auto infer the model signature.
[2025-06-15T11:41:07.269+0000] {logging_mixin.py:188} WARNING - 2025/06/15 11:41:07 INFO mlflow.tracking._tracking_service.client: 🏃 View run RandomForest at: http://mlflow:5000/#/experiments/1/runs/1bd7ece3664044c282aa96cb71924b08.
[2025-06-15T11:41:07.269+0000] {logging_mixin.py:188} WARNING - 2025/06/15 11:41:07 INFO mlflow.tracking._tracking_service.client: 🧪 View experiment at: http://mlflow:5000/#/experiments/1.
[2025-06-15T11:41:11.646+0000] {logging_mixin.py:188} WARNING - 2025/06/15 11:41:11 WARNING mlflow.models.model: Model logged without a signature and input example. Please set `input_example` parameter when logging the model to auto infer the model signature.
[2025-06-15T11:41:11.783+0000] {logging_mixin.py:188} WARNING - 2025/06/15 11:41:11 INFO mlflow.tracking._tracking_service.client: 🏃 View run GradientBoosting at: http://mlflow:5000/#/experiments/1/runs/326d9033632d437d8b032d3da6ad9426.
[2025-06-15T11:41:11.784+0000] {logging_mixin.py:188} WARNING - 2025/06/15 11:41:11 INFO mlflow.tracking._tracking_service.client: 🧪 View experiment at: http://mlflow:5000/#/experiments/1.
[2025-06-15T11:41:15.669+0000] {logging_mixin.py:188} WARNING - 2025/06/15 11:41:15 WARNING mlflow.models.model: Model logged without a signature and input example. Please set `input_example` parameter when logging the model to auto infer the model signature.
[2025-06-15T11:41:15.801+0000] {logging_mixin.py:188} WARNING - 2025/06/15 11:41:15 INFO mlflow.tracking._tracking_service.client: 🏃 View run SVR at: http://mlflow:5000/#/experiments/1/runs/07b2903148bf493c9582ff6e909e9d70.
[2025-06-15T11:41:15.803+0000] {logging_mixin.py:188} WARNING - 2025/06/15 11:41:15 INFO mlflow.tracking._tracking_service.client: 🧪 View experiment at: http://mlflow:5000/#/experiments/1.
[2025-06-15T11:41:16.030+0000] {logging_mixin.py:188} WARNING - Registered model 'mejor_modelo_orquestado' already exists. Creating a new version of this model...
[2025-06-15T11:41:16.147+0000] {logging_mixin.py:188} WARNING - 2025/06/15 11:41:16 INFO mlflow.store.model_registry.abstract_store: Waiting up to 300 seconds for model version to finish creation. Model name: mejor_modelo_orquestado, version 6
[2025-06-15T11:41:16.149+0000] {logging_mixin.py:188} WARNING - Created version '6' of model 'mejor_modelo_orquestado'.
[2025-06-15T11:41:16.155+0000] {logging_mixin.py:188} WARNING - /opt/***/dags/entrenamiento_modelos_regresion_dag.py:105 FutureWarning: ``mlflow.tracking.client.MlflowClient.get_latest_versions`` is deprecated since 2.9.0. Model registry stages will be removed in a future major release. To learn more about the deprecation of model registry stages, see our migration guide here: https://mlflow.org/docs/latest/model-registry.html#migrating-from-stages
[2025-06-15T11:41:16.220+0000] {logging_mixin.py:188} WARNING - /opt/***/dags/entrenamiento_modelos_regresion_dag.py:116 FutureWarning: ``mlflow.tracking.client.MlflowClient.transition_model_version_stage`` is deprecated since 2.9.0. Model registry stages will be removed in a future major release. To learn more about the deprecation of model registry stages, see our migration guide here: https://mlflow.org/docs/latest/model-registry.html#migrating-from-stages
[2025-06-15T11:41:16.743+0000] {python.py:201} INFO - Done. Returned value was: None
[2025-06-15T11:41:16.765+0000] {taskinstance.py:1138} INFO - Marking task as SUCCESS. dag_id=entrenamiento_modelos_regresion, task_id=entrenar_y_promover, execution_date=20250613T210000, start_date=20250615T114054, end_date=20250615T114116
[2025-06-15T11:41:16.867+0000] {local_task_job_runner.py:234} INFO - Task exited with return code 0
[2025-06-15T11:41:16.913+0000] {taskinstance.py:3280} INFO - 1 downstream tasks scheduled from follow-on schedule check
