[2025-06-01T17:12:00.634+0000] {taskinstance.py:1956} INFO - Dependencies all met for dep_context=non-requeueable deps ti=<TaskInstance: entrenamiento_modelos_regresion.entrenar_y_promover manual__2025-06-01T17:11:57.484565+00:00 [queued]>
[2025-06-01T17:12:00.653+0000] {taskinstance.py:1956} INFO - Dependencies all met for dep_context=requeueable deps ti=<TaskInstance: entrenamiento_modelos_regresion.entrenar_y_promover manual__2025-06-01T17:11:57.484565+00:00 [queued]>
[2025-06-01T17:12:00.654+0000] {taskinstance.py:2170} INFO - Starting attempt 1 of 2
[2025-06-01T17:12:00.678+0000] {taskinstance.py:2191} INFO - Executing <Task(_PythonDecoratedOperator): entrenar_y_promover> on 2025-06-01 17:11:57.484565+00:00
[2025-06-01T17:12:00.687+0000] {standard_task_runner.py:60} INFO - Started process 325 to run task
[2025-06-01T17:12:00.692+0000] {standard_task_runner.py:87} INFO - Running: ['***', 'tasks', 'run', 'entrenamiento_modelos_regresion', 'entrenar_y_promover', 'manual__2025-06-01T17:11:57.484565+00:00', '--job-id', '5', '--raw', '--subdir', 'DAGS_FOLDER/entrenamiento_modelos_regresion_dag.py', '--cfg-path', '/tmp/tmpup0jtwh9']
[2025-06-01T17:12:00.698+0000] {standard_task_runner.py:88} INFO - Job 5: Subtask entrenar_y_promover
[2025-06-01T17:12:00.833+0000] {task_command.py:423} INFO - Running <TaskInstance: entrenamiento_modelos_regresion.entrenar_y_promover manual__2025-06-01T17:11:57.484565+00:00 [running]> on host 29b9f1cfdb60
[2025-06-01T17:12:01.053+0000] {taskinstance.py:2480} INFO - Exporting env vars: AIRFLOW_CTX_DAG_OWNER='fede' AIRFLOW_CTX_DAG_ID='entrenamiento_modelos_regresion' AIRFLOW_CTX_TASK_ID='entrenar_y_promover' AIRFLOW_CTX_EXECUTION_DATE='2025-06-01T17:11:57.484565+00:00' AIRFLOW_CTX_TRY_NUMBER='1' AIRFLOW_CTX_DAG_RUN_ID='manual__2025-06-01T17:11:57.484565+00:00'
[2025-06-01T17:12:05.163+0000] {logging_mixin.py:188} WARNING - /opt/***/dags/entrenamiento_modelos_regresion_dag.py:47 SettingWithCopyWarning:
A value is trying to be set on a copy of a slice from a DataFrame.
Try using .loc[row_indexer,col_indexer] = value instead

See the caveats in the documentation: https://pandas.pydata.org/pandas-docs/stable/user_guide/indexing.html#returning-a-view-versus-a-copy
[2025-06-01T17:12:05.211+0000] {logging_mixin.py:188} WARNING - /opt/***/dags/entrenamiento_modelos_regresion_dag.py:50 SettingWithCopyWarning:
A value is trying to be set on a copy of a slice from a DataFrame.
Try using .loc[row_indexer,col_indexer] = value instead

See the caveats in the documentation: https://pandas.pydata.org/pandas-docs/stable/user_guide/indexing.html#returning-a-view-versus-a-copy
[2025-06-01T17:12:05.216+0000] {logging_mixin.py:188} WARNING - /opt/***/dags/entrenamiento_modelos_regresion_dag.py:52 SettingWithCopyWarning:
A value is trying to be set on a copy of a slice from a DataFrame.
Try using .loc[row_indexer,col_indexer] = value instead

See the caveats in the documentation: https://pandas.pydata.org/pandas-docs/stable/user_guide/indexing.html#returning-a-view-versus-a-copy
[2025-06-01T17:12:05.221+0000] {logging_mixin.py:188} WARNING - /opt/***/dags/entrenamiento_modelos_regresion_dag.py:54 SettingWithCopyWarning:
A value is trying to be set on a copy of a slice from a DataFrame

See the caveats in the documentation: https://pandas.pydata.org/pandas-docs/stable/user_guide/indexing.html#returning-a-view-versus-a-copy
[2025-06-01T17:12:05.479+0000] {logging_mixin.py:188} WARNING - 2025/06/01 17:12:05 WARNING mlflow.utils.git_utils: Failed to import Git (the Git executable is probably not on your PATH), so Git SHA is not available. Error: Failed to initialize: Bad git executable.
The git executable must be specified in one of the following ways:
    - be included in your $PATH
    - be set via $GIT_PYTHON_GIT_EXECUTABLE
    - explicitly set via git.refresh(<full-path-to-git-executable>)

All git commands will error until this is rectified.

This initial message can be silenced or aggravated in the future by setting the
$GIT_PYTHON_REFRESH environment variable. Use one of the following values:
    - quiet|q|silence|s|silent|none|n|0: for no message or exception
    - warn|w|warning|log|l|1: for a warning message (logging level CRITICAL, displayed by default)
    - error|e|exception|raise|r|2: for a raised exception

Example:
    export GIT_PYTHON_REFRESH=quiet
[2025-06-01T17:12:12.438+0000] {logging_mixin.py:188} WARNING - 2025/06/01 17:12:12 WARNING mlflow.models.model: Model logged without a signature and input example. Please set `input_example` parameter when logging the model to auto infer the model signature.
[2025-06-01T17:12:12.547+0000] {logging_mixin.py:188} WARNING - 2025/06/01 17:12:12 INFO mlflow.tracking._tracking_service.client: 🏃 View run RandomForest at: http://mlflow:5000/#/experiments/1/runs/7eaf78214a5c490da283cb2ba10f16ee.
[2025-06-01T17:12:12.548+0000] {logging_mixin.py:188} WARNING - 2025/06/01 17:12:12 INFO mlflow.tracking._tracking_service.client: 🧪 View experiment at: http://mlflow:5000/#/experiments/1.
[2025-06-01T17:12:16.741+0000] {logging_mixin.py:188} WARNING - 2025/06/01 17:12:16 WARNING mlflow.models.model: Model logged without a signature and input example. Please set `input_example` parameter when logging the model to auto infer the model signature.
[2025-06-01T17:12:16.820+0000] {logging_mixin.py:188} WARNING - 2025/06/01 17:12:16 INFO mlflow.tracking._tracking_service.client: 🏃 View run CatBoost at: http://mlflow:5000/#/experiments/1/runs/264de36d1fe24f1d9d2bc3ea5d954919.
[2025-06-01T17:12:16.821+0000] {logging_mixin.py:188} WARNING - 2025/06/01 17:12:16 INFO mlflow.tracking._tracking_service.client: 🧪 View experiment at: http://mlflow:5000/#/experiments/1.
[2025-06-01T17:12:20.922+0000] {logging_mixin.py:188} WARNING - 2025/06/01 17:12:20 WARNING mlflow.models.model: Model logged without a signature and input example. Please set `input_example` parameter when logging the model to auto infer the model signature.
[2025-06-01T17:12:21.059+0000] {logging_mixin.py:188} WARNING - 2025/06/01 17:12:21 INFO mlflow.tracking._tracking_service.client: 🏃 View run SVR at: http://mlflow:5000/#/experiments/1/runs/60ec9fba89e14e8c9a6f43671833456f.
[2025-06-01T17:12:21.060+0000] {logging_mixin.py:188} WARNING - 2025/06/01 17:12:21 INFO mlflow.tracking._tracking_service.client: 🧪 View experiment at: http://mlflow:5000/#/experiments/1.
[2025-06-01T17:12:21.359+0000] {logging_mixin.py:188} WARNING - Successfully registered model 'mejor_modelo_orquestado'.
[2025-06-01T17:12:21.446+0000] {logging_mixin.py:188} WARNING - 2025/06/01 17:12:21 INFO mlflow.store.model_registry.abstract_store: Waiting up to 300 seconds for model version to finish creation. Model name: mejor_modelo_orquestado, version 1
[2025-06-01T17:12:21.447+0000] {logging_mixin.py:188} WARNING - Created version '1' of model 'mejor_modelo_orquestado'.
[2025-06-01T17:12:21.454+0000] {logging_mixin.py:188} WARNING - /opt/***/dags/entrenamiento_modelos_regresion_dag.py:88 FutureWarning: ``mlflow.tracking.client.MlflowClient.get_latest_versions`` is deprecated since 2.9.0. Model registry stages will be removed in a future major release. To learn more about the deprecation of model registry stages, see our migration guide here: https://mlflow.org/docs/latest/model-registry.html#migrating-from-stages
[2025-06-01T17:12:21.506+0000] {logging_mixin.py:188} WARNING - /opt/***/dags/entrenamiento_modelos_regresion_dag.py:91 FutureWarning: ``mlflow.tracking.client.MlflowClient.transition_model_version_stage`` is deprecated since 2.9.0. Model registry stages will be removed in a future major release. To learn more about the deprecation of model registry stages, see our migration guide here: https://mlflow.org/docs/latest/model-registry.html#migrating-from-stages
[2025-06-01T17:12:21.734+0000] {python.py:201} INFO - Done. Returned value was: None
[2025-06-01T17:12:21.802+0000] {taskinstance.py:1138} INFO - Marking task as SUCCESS. dag_id=entrenamiento_modelos_regresion, task_id=entrenar_y_promover, execution_date=20250601T171157, start_date=20250601T171200, end_date=20250601T171221
[2025-06-01T17:12:21.977+0000] {local_task_job_runner.py:234} INFO - Task exited with return code 0
[2025-06-01T17:12:22.068+0000] {taskinstance.py:3280} INFO - 1 downstream tasks scheduled from follow-on schedule check
