[2025-06-12T19:29:18.760+0000] {taskinstance.py:1956} INFO - Dependencies all met for dep_context=non-requeueable deps ti=<TaskInstance: entrenamiento_modelos_regresion.entrenar_y_promover manual__2025-06-12T19:29:11.789107+00:00 [queued]>
[2025-06-12T19:29:18.772+0000] {taskinstance.py:1956} INFO - Dependencies all met for dep_context=requeueable deps ti=<TaskInstance: entrenamiento_modelos_regresion.entrenar_y_promover manual__2025-06-12T19:29:11.789107+00:00 [queued]>
[2025-06-12T19:29:18.773+0000] {taskinstance.py:2170} INFO - Starting attempt 1 of 2
[2025-06-12T19:29:18.804+0000] {taskinstance.py:2191} INFO - Executing <Task(_PythonDecoratedOperator): entrenar_y_promover> on 2025-06-12 19:29:11.789107+00:00
[2025-06-12T19:29:18.823+0000] {standard_task_runner.py:60} INFO - Started process 522 to run task
[2025-06-12T19:29:18.842+0000] {standard_task_runner.py:87} INFO - Running: ['***', 'tasks', 'run', 'entrenamiento_modelos_regresion', 'entrenar_y_promover', 'manual__2025-06-12T19:29:11.789107+00:00', '--job-id', '97', '--raw', '--subdir', 'DAGS_FOLDER/entrenamiento_modelos_regresion_dag.py', '--cfg-path', '/tmp/tmpidbq5s_h']
[2025-06-12T19:29:18.853+0000] {standard_task_runner.py:88} INFO - Job 97: Subtask entrenar_y_promover
[2025-06-12T19:29:19.199+0000] {task_command.py:423} INFO - Running <TaskInstance: entrenamiento_modelos_regresion.entrenar_y_promover manual__2025-06-12T19:29:11.789107+00:00 [running]> on host 24edc8b790cf
[2025-06-12T19:29:19.639+0000] {taskinstance.py:2480} INFO - Exporting env vars: AIRFLOW_CTX_DAG_OWNER='fede' AIRFLOW_CTX_DAG_ID='entrenamiento_modelos_regresion' AIRFLOW_CTX_TASK_ID='entrenar_y_promover' AIRFLOW_CTX_EXECUTION_DATE='2025-06-12T19:29:11.789107+00:00' AIRFLOW_CTX_TRY_NUMBER='1' AIRFLOW_CTX_DAG_RUN_ID='manual__2025-06-12T19:29:11.789107+00:00'
[2025-06-12T19:29:23.620+0000] {logging_mixin.py:188} WARNING - /opt/***/dags/entrenamiento_modelos_regresion_dag.py:55 SettingWithCopyWarning:
A value is trying to be set on a copy of a slice from a DataFrame.
Try using .loc[row_indexer,col_indexer] = value instead

See the caveats in the documentation: https://pandas.pydata.org/pandas-docs/stable/user_guide/indexing.html#returning-a-view-versus-a-copy
[2025-06-12T19:29:23.677+0000] {logging_mixin.py:188} WARNING - /opt/***/dags/entrenamiento_modelos_regresion_dag.py:58 SettingWithCopyWarning:
A value is trying to be set on a copy of a slice from a DataFrame.
Try using .loc[row_indexer,col_indexer] = value instead

See the caveats in the documentation: https://pandas.pydata.org/pandas-docs/stable/user_guide/indexing.html#returning-a-view-versus-a-copy
[2025-06-12T19:29:23.685+0000] {logging_mixin.py:188} WARNING - /opt/***/dags/entrenamiento_modelos_regresion_dag.py:60 SettingWithCopyWarning:
A value is trying to be set on a copy of a slice from a DataFrame.
Try using .loc[row_indexer,col_indexer] = value instead

See the caveats in the documentation: https://pandas.pydata.org/pandas-docs/stable/user_guide/indexing.html#returning-a-view-versus-a-copy
[2025-06-12T19:29:23.692+0000] {logging_mixin.py:188} WARNING - /opt/***/dags/entrenamiento_modelos_regresion_dag.py:61 SettingWithCopyWarning:
A value is trying to be set on a copy of a slice from a DataFrame

See the caveats in the documentation: https://pandas.pydata.org/pandas-docs/stable/user_guide/indexing.html#returning-a-view-versus-a-copy
[2025-06-12T19:29:23.962+0000] {logging_mixin.py:188} WARNING - 2025/06/12 19:29:23 WARNING mlflow.utils.git_utils: Failed to import Git (the Git executable is probably not on your PATH), so Git SHA is not available. Error: Failed to initialize: Bad git executable.
The git executable must be specified in one of the following ways:
    - be included in your $PATH
    - be set via $GIT_PYTHON_GIT_EXECUTABLE
    - explicitly set via git.refresh(<full-path-to-git-executable>)

All git commands will error until this is rectified.

This initial message can be silenced or aggravated in the future by setting the
$GIT_PYTHON_REFRESH environment variable. Use one of the following values:
    - quiet|q|silence|s|silent|none|n|0: for no message or exception
    - warn|w|warning|log|l|1: for a warning message (logging level CRITICAL, displayed by default)
    - error|e|exception|raise|r|2: for a raised exception

Example:
    export GIT_PYTHON_REFRESH=quiet
[2025-06-12T19:29:29.669+0000] {logging_mixin.py:188} WARNING - 2025/06/12 19:29:29 WARNING mlflow.models.model: Model logged without a signature and input example. Please set `input_example` parameter when logging the model to auto infer the model signature.
[2025-06-12T19:29:29.742+0000] {logging_mixin.py:188} WARNING - 2025/06/12 19:29:29 INFO mlflow.tracking._tracking_service.client: 🏃 View run RandomForest at: http://mlflow:5000/#/experiments/1/runs/f7bcd452acc34d90b59c92334c2a5713.
[2025-06-12T19:29:29.743+0000] {logging_mixin.py:188} WARNING - 2025/06/12 19:29:29 INFO mlflow.tracking._tracking_service.client: 🧪 View experiment at: http://mlflow:5000/#/experiments/1.
[2025-06-12T19:29:34.185+0000] {logging_mixin.py:188} WARNING - 2025/06/12 19:29:34 WARNING mlflow.models.model: Model logged without a signature and input example. Please set `input_example` parameter when logging the model to auto infer the model signature.
[2025-06-12T19:29:34.316+0000] {logging_mixin.py:188} WARNING - 2025/06/12 19:29:34 INFO mlflow.tracking._tracking_service.client: 🏃 View run CatBoost at: http://mlflow:5000/#/experiments/1/runs/88157448ebf34757923f6a12e08b4e5e.
[2025-06-12T19:29:34.316+0000] {logging_mixin.py:188} WARNING - 2025/06/12 19:29:34 INFO mlflow.tracking._tracking_service.client: 🧪 View experiment at: http://mlflow:5000/#/experiments/1.
[2025-06-12T19:29:37.627+0000] {logging_mixin.py:188} WARNING - 2025/06/12 19:29:37 WARNING mlflow.models.model: Model logged without a signature and input example. Please set `input_example` parameter when logging the model to auto infer the model signature.
[2025-06-12T19:29:37.834+0000] {logging_mixin.py:188} WARNING - 2025/06/12 19:29:37 INFO mlflow.tracking._tracking_service.client: 🏃 View run SVR at: http://mlflow:5000/#/experiments/1/runs/297fc94329b948a0bc7272efddb3a2a1.
[2025-06-12T19:29:37.837+0000] {logging_mixin.py:188} WARNING - 2025/06/12 19:29:37 INFO mlflow.tracking._tracking_service.client: 🧪 View experiment at: http://mlflow:5000/#/experiments/1.
[2025-06-12T19:29:37.995+0000] {logging_mixin.py:188} WARNING - Registered model 'mejor_modelo_orquestado' already exists. Creating a new version of this model...
[2025-06-12T19:29:38.046+0000] {logging_mixin.py:188} WARNING - 2025/06/12 19:29:38 INFO mlflow.store.model_registry.abstract_store: Waiting up to 300 seconds for model version to finish creation. Model name: mejor_modelo_orquestado, version 3
[2025-06-12T19:29:38.046+0000] {logging_mixin.py:188} WARNING - Created version '3' of model 'mejor_modelo_orquestado'.
[2025-06-12T19:29:38.048+0000] {logging_mixin.py:188} WARNING - /opt/***/dags/entrenamiento_modelos_regresion_dag.py:98 FutureWarning: ``mlflow.tracking.client.MlflowClient.get_latest_versions`` is deprecated since 2.9.0. Model registry stages will be removed in a future major release. To learn more about the deprecation of model registry stages, see our migration guide here: https://mlflow.org/docs/latest/model-registry.html#migrating-from-stages
[2025-06-12T19:29:38.061+0000] {logging_mixin.py:188} WARNING - /opt/***/dags/entrenamiento_modelos_regresion_dag.py:109 FutureWarning: ``mlflow.tracking.client.MlflowClient.transition_model_version_stage`` is deprecated since 2.9.0. Model registry stages will be removed in a future major release. To learn more about the deprecation of model registry stages, see our migration guide here: https://mlflow.org/docs/latest/model-registry.html#migrating-from-stages
[2025-06-12T19:29:38.115+0000] {logging_mixin.py:188} WARNING - /opt/***/dags/entrenamiento_modelos_regresion_dag.py:102 FutureWarning: ``mlflow.tracking.client.MlflowClient.transition_model_version_stage`` is deprecated since 2.9.0. Model registry stages will be removed in a future major release. To learn more about the deprecation of model registry stages, see our migration guide here: https://mlflow.org/docs/latest/model-registry.html#migrating-from-stages
[2025-06-12T19:29:38.157+0000] {python.py:201} INFO - Done. Returned value was: None
[2025-06-12T19:29:38.232+0000] {taskinstance.py:1138} INFO - Marking task as SUCCESS. dag_id=entrenamiento_modelos_regresion, task_id=entrenar_y_promover, execution_date=20250612T192911, start_date=20250612T192918, end_date=20250612T192938
[2025-06-12T19:29:38.488+0000] {local_task_job_runner.py:234} INFO - Task exited with return code 0
[2025-06-12T19:29:38.538+0000] {taskinstance.py:3280} INFO - 1 downstream tasks scheduled from follow-on schedule check
