[2025-06-01T18:38:21.488+0000] {taskinstance.py:1956} INFO - Dependencies all met for dep_context=non-requeueable deps ti=<TaskInstance: scraping_autopia_dag.scrapear_datos_autopia manual__2025-06-01T18:38:19.359652+00:00 [queued]>
[2025-06-01T18:38:21.519+0000] {taskinstance.py:1956} INFO - Dependencies all met for dep_context=requeueable deps ti=<TaskInstance: scraping_autopia_dag.scrapear_datos_autopia manual__2025-06-01T18:38:19.359652+00:00 [queued]>
[2025-06-01T18:38:21.519+0000] {taskinstance.py:2170} INFO - Starting attempt 1 of 1
[2025-06-01T18:38:21.570+0000] {taskinstance.py:2191} INFO - Executing <Task(PythonOperator): scrapear_datos_autopia> on 2025-06-01 18:38:19.359652+00:00
[2025-06-01T18:38:21.588+0000] {standard_task_runner.py:60} INFO - Started process 560 to run task
[2025-06-01T18:38:21.597+0000] {standard_task_runner.py:87} INFO - Running: ['***', 'tasks', 'run', 'scraping_autopia_dag', 'scrapear_datos_autopia', 'manual__2025-06-01T18:38:19.359652+00:00', '--job-id', '16', '--raw', '--subdir', 'DAGS_FOLDER/scraping_autopia_dag.py', '--cfg-path', '/tmp/tmp27dkifbo']
[2025-06-01T18:38:21.606+0000] {standard_task_runner.py:88} INFO - Job 16: Subtask scrapear_datos_autopia
[2025-06-01T18:38:21.801+0000] {task_command.py:423} INFO - Running <TaskInstance: scraping_autopia_dag.scrapear_datos_autopia manual__2025-06-01T18:38:19.359652+00:00 [running]> on host 29b9f1cfdb60
[2025-06-01T18:38:22.084+0000] {taskinstance.py:2480} INFO - Exporting env vars: AIRFLOW_CTX_DAG_OWNER='***' AIRFLOW_CTX_DAG_ID='scraping_autopia_dag' AIRFLOW_CTX_TASK_ID='scrapear_datos_autopia' AIRFLOW_CTX_EXECUTION_DATE='2025-06-01T18:38:19.359652+00:00' AIRFLOW_CTX_TRY_NUMBER='1' AIRFLOW_CTX_DAG_RUN_ID='manual__2025-06-01T18:38:19.359652+00:00'
[2025-06-01T18:38:32.189+0000] {logging_mixin.py:188} INFO - 🔁 Clic en 'Cargar más'
[2025-06-01T18:38:33.914+0000] {logging_mixin.py:188} INFO - ✅ Ya no se cargan más autos, detenemos los clics.
[2025-06-01T18:38:33.932+0000] {logging_mixin.py:188} INFO - ➡️ Total de publicaciones visibles: 47
[2025-06-01T18:38:38.450+0000] {logging_mixin.py:188} INFO - ✔️ Anuncio 1/47
[2025-06-01T18:38:42.867+0000] {logging_mixin.py:188} INFO - ✔️ Anuncio 2/47
[2025-06-01T18:38:47.828+0000] {logging_mixin.py:188} INFO - ✔️ Anuncio 3/47
[2025-06-01T18:38:50.105+0000] {logging_mixin.py:188} INFO - ✔️ Anuncio 4/47
[2025-06-01T18:38:54.214+0000] {logging_mixin.py:188} INFO - ✔️ Anuncio 5/47
[2025-06-01T18:38:58.552+0000] {logging_mixin.py:188} INFO - ✔️ Anuncio 6/47
[2025-06-01T18:39:02.642+0000] {logging_mixin.py:188} INFO - ✔️ Anuncio 7/47
[2025-06-01T18:39:07.587+0000] {logging_mixin.py:188} INFO - ✔️ Anuncio 8/47
[2025-06-01T18:39:12.303+0000] {logging_mixin.py:188} INFO - ✔️ Anuncio 9/47
[2025-06-01T18:39:16.143+0000] {logging_mixin.py:188} INFO - ✔️ Anuncio 10/47
[2025-06-01T18:39:20.456+0000] {logging_mixin.py:188} INFO - ✔️ Anuncio 11/47
[2025-06-01T18:39:24.802+0000] {logging_mixin.py:188} INFO - ✔️ Anuncio 12/47
[2025-06-01T18:39:29.988+0000] {logging_mixin.py:188} INFO - ✔️ Anuncio 13/47
[2025-06-01T18:39:34.113+0000] {logging_mixin.py:188} INFO - ✔️ Anuncio 14/47
[2025-06-01T18:39:38.171+0000] {logging_mixin.py:188} INFO - ✔️ Anuncio 15/47
[2025-06-01T18:39:42.424+0000] {logging_mixin.py:188} INFO - ✔️ Anuncio 16/47
[2025-06-01T18:39:46.271+0000] {logging_mixin.py:188} INFO - ✔️ Anuncio 17/47
[2025-06-01T18:39:50.342+0000] {logging_mixin.py:188} INFO - ✔️ Anuncio 18/47
[2025-06-01T18:39:54.237+0000] {logging_mixin.py:188} INFO - ✔️ Anuncio 19/47
[2025-06-01T18:39:58.467+0000] {logging_mixin.py:188} INFO - ✔️ Anuncio 20/47
[2025-06-01T18:40:02.513+0000] {logging_mixin.py:188} INFO - ✔️ Anuncio 21/47
[2025-06-01T18:40:06.549+0000] {logging_mixin.py:188} INFO - ✔️ Anuncio 22/47
[2025-06-01T18:40:10.294+0000] {logging_mixin.py:188} INFO - ✔️ Anuncio 23/47
[2025-06-01T18:40:14.093+0000] {logging_mixin.py:188} INFO - ✔️ Anuncio 24/47
[2025-06-01T18:40:18.006+0000] {logging_mixin.py:188} INFO - ✔️ Anuncio 25/47
[2025-06-01T18:40:21.923+0000] {logging_mixin.py:188} INFO - ✔️ Anuncio 26/47
[2025-06-01T18:40:26.430+0000] {logging_mixin.py:188} INFO - ✔️ Anuncio 27/47
[2025-06-01T18:40:30.281+0000] {logging_mixin.py:188} INFO - ✔️ Anuncio 28/47
[2025-06-01T18:40:34.655+0000] {logging_mixin.py:188} INFO - ✔️ Anuncio 29/47
[2025-06-01T18:40:38.868+0000] {logging_mixin.py:188} INFO - ✔️ Anuncio 30/47
[2025-06-01T18:40:42.749+0000] {logging_mixin.py:188} INFO - ✔️ Anuncio 31/47
[2025-06-01T18:40:46.473+0000] {logging_mixin.py:188} INFO - ✔️ Anuncio 32/47
[2025-06-01T18:40:50.272+0000] {logging_mixin.py:188} INFO - ✔️ Anuncio 33/47
[2025-06-01T18:40:54.744+0000] {logging_mixin.py:188} INFO - ✔️ Anuncio 34/47
[2025-06-01T18:40:58.820+0000] {logging_mixin.py:188} INFO - ✔️ Anuncio 35/47
[2025-06-01T18:41:03.156+0000] {logging_mixin.py:188} INFO - ✔️ Anuncio 36/47
[2025-06-01T18:41:07.119+0000] {logging_mixin.py:188} INFO - ✔️ Anuncio 37/47
[2025-06-01T18:41:10.972+0000] {logging_mixin.py:188} INFO - ✔️ Anuncio 38/47
[2025-06-01T18:41:15.698+0000] {logging_mixin.py:188} INFO - ✔️ Anuncio 39/47
[2025-06-01T18:41:19.888+0000] {logging_mixin.py:188} INFO - ✔️ Anuncio 40/47
[2025-06-01T18:41:24.425+0000] {logging_mixin.py:188} INFO - ✔️ Anuncio 41/47
[2025-06-01T18:41:28.301+0000] {logging_mixin.py:188} INFO - ✔️ Anuncio 42/47
[2025-06-01T18:41:32.381+0000] {logging_mixin.py:188} INFO - ✔️ Anuncio 43/47
[2025-06-01T18:41:36.413+0000] {logging_mixin.py:188} INFO - ✔️ Anuncio 44/47
[2025-06-01T18:41:40.244+0000] {logging_mixin.py:188} INFO - ✔️ Anuncio 45/47
[2025-06-01T18:41:44.096+0000] {logging_mixin.py:188} INFO - ✔️ Anuncio 46/47
[2025-06-01T18:41:49.080+0000] {logging_mixin.py:188} INFO - ✔️ Anuncio 47/47
[2025-06-01T18:41:49.109+0000] {logging_mixin.py:188} INFO - ✅ Guardado final: /opt/***/dags/data/raw/scraped_autopia_2025-06-01.csv con 47 registros.
[2025-06-01T18:41:49.215+0000] {logging_mixin.py:188} INFO - ✅ Scraping terminado. Guardado en /opt/***/dags/data/raw/scraped_autopia_2025-06-01.csv
[2025-06-01T18:41:49.216+0000] {python.py:201} INFO - Done. Returned value was: None
[2025-06-01T18:41:49.235+0000] {taskinstance.py:1138} INFO - Marking task as SUCCESS. dag_id=scraping_autopia_dag, task_id=scrapear_datos_autopia, execution_date=20250601T183819, start_date=20250601T183821, end_date=20250601T184149
[2025-06-01T18:41:49.275+0000] {local_task_job_runner.py:234} INFO - Task exited with return code 0
[2025-06-01T18:41:49.299+0000] {taskinstance.py:3280} INFO - 1 downstream tasks scheduled from follow-on schedule check
