[2025-06-01T17:16:10.400+0000] {taskinstance.py:1956} INFO - Dependencies all met for dep_context=non-requeueable deps ti=<TaskInstance: entrenamiento_modelos_regresion.entrenar_y_promover manual__2025-06-01T17:10:41.005097+00:00 [queued]>
[2025-06-01T17:16:10.414+0000] {taskinstance.py:1956} INFO - Dependencies all met for dep_context=requeueable deps ti=<TaskInstance: entrenamiento_modelos_regresion.entrenar_y_promover manual__2025-06-01T17:10:41.005097+00:00 [queued]>
[2025-06-01T17:16:10.414+0000] {taskinstance.py:2170} INFO - Starting attempt 2 of 2
[2025-06-01T17:16:10.439+0000] {taskinstance.py:2191} INFO - Executing <Task(_PythonDecoratedOperator): entrenar_y_promover> on 2025-06-01 17:10:41.005097+00:00
[2025-06-01T17:16:10.446+0000] {standard_task_runner.py:60} INFO - Started process 1086 to run task
[2025-06-01T17:16:10.456+0000] {standard_task_runner.py:87} INFO - Running: ['***', 'tasks', 'run', 'entrenamiento_modelos_regresion', 'entrenar_y_promover', 'manual__2025-06-01T17:10:41.005097+00:00', '--job-id', '9', '--raw', '--subdir', 'DAGS_FOLDER/entrenamiento_modelos_regresion_dag.py', '--cfg-path', '/tmp/tmpw3jyhiv5']
[2025-06-01T17:16:10.460+0000] {standard_task_runner.py:88} INFO - Job 9: Subtask entrenar_y_promover
[2025-06-01T17:16:10.598+0000] {task_command.py:423} INFO - Running <TaskInstance: entrenamiento_modelos_regresion.entrenar_y_promover manual__2025-06-01T17:10:41.005097+00:00 [running]> on host 29b9f1cfdb60
[2025-06-01T17:16:10.800+0000] {taskinstance.py:2480} INFO - Exporting env vars: AIRFLOW_CTX_DAG_OWNER='fede' AIRFLOW_CTX_DAG_ID='entrenamiento_modelos_regresion' AIRFLOW_CTX_TASK_ID='entrenar_y_promover' AIRFLOW_CTX_EXECUTION_DATE='2025-06-01T17:10:41.005097+00:00' AIRFLOW_CTX_TRY_NUMBER='2' AIRFLOW_CTX_DAG_RUN_ID='manual__2025-06-01T17:10:41.005097+00:00'
[2025-06-01T17:16:15.850+0000] {logging_mixin.py:188} WARNING - /opt/***/dags/entrenamiento_modelos_regresion_dag.py:47 SettingWithCopyWarning:
A value is trying to be set on a copy of a slice from a DataFrame.
Try using .loc[row_indexer,col_indexer] = value instead

See the caveats in the documentation: https://pandas.pydata.org/pandas-docs/stable/user_guide/indexing.html#returning-a-view-versus-a-copy
[2025-06-01T17:16:15.865+0000] {logging_mixin.py:188} WARNING - /opt/***/dags/entrenamiento_modelos_regresion_dag.py:50 SettingWithCopyWarning:
A value is trying to be set on a copy of a slice from a DataFrame.
Try using .loc[row_indexer,col_indexer] = value instead

See the caveats in the documentation: https://pandas.pydata.org/pandas-docs/stable/user_guide/indexing.html#returning-a-view-versus-a-copy
[2025-06-01T17:16:15.868+0000] {logging_mixin.py:188} WARNING - /opt/***/dags/entrenamiento_modelos_regresion_dag.py:52 SettingWithCopyWarning:
A value is trying to be set on a copy of a slice from a DataFrame.
Try using .loc[row_indexer,col_indexer] = value instead

See the caveats in the documentation: https://pandas.pydata.org/pandas-docs/stable/user_guide/indexing.html#returning-a-view-versus-a-copy
[2025-06-01T17:16:15.870+0000] {logging_mixin.py:188} WARNING - /opt/***/dags/entrenamiento_modelos_regresion_dag.py:54 SettingWithCopyWarning:
A value is trying to be set on a copy of a slice from a DataFrame

See the caveats in the documentation: https://pandas.pydata.org/pandas-docs/stable/user_guide/indexing.html#returning-a-view-versus-a-copy
[2025-06-01T17:16:15.996+0000] {logging_mixin.py:188} WARNING - 2025/06/01 17:16:15 WARNING mlflow.utils.git_utils: Failed to import Git (the Git executable is probably not on your PATH), so Git SHA is not available. Error: Failed to initialize: Bad git executable.
The git executable must be specified in one of the following ways:
    - be included in your $PATH
    - be set via $GIT_PYTHON_GIT_EXECUTABLE
    - explicitly set via git.refresh(<full-path-to-git-executable>)

All git commands will error until this is rectified.

This initial message can be silenced or aggravated in the future by setting the
$GIT_PYTHON_REFRESH environment variable. Use one of the following values:
    - quiet|q|silence|s|silent|none|n|0: for no message or exception
    - warn|w|warning|log|l|1: for a warning message (logging level CRITICAL, displayed by default)
    - error|e|exception|raise|r|2: for a raised exception

Example:
    export GIT_PYTHON_REFRESH=quiet
[2025-06-01T17:16:21.017+0000] {logging_mixin.py:188} WARNING - 2025/06/01 17:16:21 WARNING mlflow.models.model: Model logged without a signature and input example. Please set `input_example` parameter when logging the model to auto infer the model signature.
[2025-06-01T17:16:21.175+0000] {logging_mixin.py:188} WARNING - 2025/06/01 17:16:21 INFO mlflow.tracking._tracking_service.client: 🏃 View run RandomForest at: http://mlflow:5000/#/experiments/1/runs/ff55d5d70f224f90ba62078d30a2c652.
[2025-06-01T17:16:21.176+0000] {logging_mixin.py:188} WARNING - 2025/06/01 17:16:21 INFO mlflow.tracking._tracking_service.client: 🧪 View experiment at: http://mlflow:5000/#/experiments/1.
[2025-06-01T17:16:25.115+0000] {logging_mixin.py:188} WARNING - 2025/06/01 17:16:25 WARNING mlflow.models.model: Model logged without a signature and input example. Please set `input_example` parameter when logging the model to auto infer the model signature.
[2025-06-01T17:16:25.216+0000] {logging_mixin.py:188} WARNING - 2025/06/01 17:16:25 INFO mlflow.tracking._tracking_service.client: 🏃 View run CatBoost at: http://mlflow:5000/#/experiments/1/runs/0e30c0999107441fb6c2bab0176884bc.
[2025-06-01T17:16:25.219+0000] {logging_mixin.py:188} WARNING - 2025/06/01 17:16:25 INFO mlflow.tracking._tracking_service.client: 🧪 View experiment at: http://mlflow:5000/#/experiments/1.
[2025-06-01T17:16:29.296+0000] {logging_mixin.py:188} WARNING - 2025/06/01 17:16:29 WARNING mlflow.models.model: Model logged without a signature and input example. Please set `input_example` parameter when logging the model to auto infer the model signature.
[2025-06-01T17:16:29.457+0000] {logging_mixin.py:188} WARNING - 2025/06/01 17:16:29 INFO mlflow.tracking._tracking_service.client: 🏃 View run SVR at: http://mlflow:5000/#/experiments/1/runs/09afa85e3e2a4befa1139a3cfe40cb6d.
[2025-06-01T17:16:29.462+0000] {logging_mixin.py:188} WARNING - 2025/06/01 17:16:29 INFO mlflow.tracking._tracking_service.client: 🧪 View experiment at: http://mlflow:5000/#/experiments/1.
[2025-06-01T17:16:29.541+0000] {logging_mixin.py:188} WARNING - Registered model 'mejor_modelo_orquestado' already exists. Creating a new version of this model...
[2025-06-01T17:16:29.606+0000] {logging_mixin.py:188} WARNING - 2025/06/01 17:16:29 INFO mlflow.store.model_registry.abstract_store: Waiting up to 300 seconds for model version to finish creation. Model name: mejor_modelo_orquestado, version 3
[2025-06-01T17:16:29.606+0000] {logging_mixin.py:188} WARNING - Created version '3' of model 'mejor_modelo_orquestado'.
[2025-06-01T17:16:29.610+0000] {logging_mixin.py:188} WARNING - /opt/***/dags/entrenamiento_modelos_regresion_dag.py:88 FutureWarning: ``mlflow.tracking.client.MlflowClient.get_latest_versions`` is deprecated since 2.9.0. Model registry stages will be removed in a future major release. To learn more about the deprecation of model registry stages, see our migration guide here: https://mlflow.org/docs/latest/model-registry.html#migrating-from-stages
[2025-06-01T17:16:29.630+0000] {logging_mixin.py:188} WARNING - /opt/***/dags/entrenamiento_modelos_regresion_dag.py:98 FutureWarning: ``mlflow.tracking.client.MlflowClient.transition_model_version_stage`` is deprecated since 2.9.0. Model registry stages will be removed in a future major release. To learn more about the deprecation of model registry stages, see our migration guide here: https://mlflow.org/docs/latest/model-registry.html#migrating-from-stages
[2025-06-01T17:16:29.681+0000] {logging_mixin.py:188} WARNING - /opt/***/dags/entrenamiento_modelos_regresion_dag.py:91 FutureWarning: ``mlflow.tracking.client.MlflowClient.transition_model_version_stage`` is deprecated since 2.9.0. Model registry stages will be removed in a future major release. To learn more about the deprecation of model registry stages, see our migration guide here: https://mlflow.org/docs/latest/model-registry.html#migrating-from-stages
[2025-06-01T17:16:29.706+0000] {python.py:201} INFO - Done. Returned value was: None
[2025-06-01T17:16:29.729+0000] {taskinstance.py:1138} INFO - Marking task as SUCCESS. dag_id=entrenamiento_modelos_regresion, task_id=entrenar_y_promover, execution_date=20250601T171041, start_date=20250601T171610, end_date=20250601T171629
[2025-06-01T17:16:29.853+0000] {local_task_job_runner.py:234} INFO - Task exited with return code 0
[2025-06-01T17:16:29.930+0000] {taskinstance.py:3280} INFO - 1 downstream tasks scheduled from follow-on schedule check
