[2025-06-14T19:15:14.828+0000] {taskinstance.py:1956} INFO - Dependencies all met for dep_context=non-requeueable deps ti=<TaskInstance: scraping_autopia_dag.scrapear_datos_autopia manual__2025-06-14T19:15:08.479063+00:00 [queued]>
[2025-06-14T19:15:14.851+0000] {taskinstance.py:1956} INFO - Dependencies all met for dep_context=requeueable deps ti=<TaskInstance: scraping_autopia_dag.scrapear_datos_autopia manual__2025-06-14T19:15:08.479063+00:00 [queued]>
[2025-06-14T19:15:14.852+0000] {taskinstance.py:2170} INFO - Starting attempt 1 of 1
[2025-06-14T19:15:14.889+0000] {taskinstance.py:2191} INFO - Executing <Task(PythonOperator): scrapear_datos_autopia> on 2025-06-14 19:15:08.479063+00:00
[2025-06-14T19:15:14.903+0000] {standard_task_runner.py:60} INFO - Started process 261 to run task
[2025-06-14T19:15:14.917+0000] {standard_task_runner.py:87} INFO - Running: ['***', 'tasks', 'run', 'scraping_autopia_dag', 'scrapear_datos_autopia', 'manual__2025-06-14T19:15:08.479063+00:00', '--job-id', '116', '--raw', '--subdir', 'DAGS_FOLDER/scraping_autopia_dag.py', '--cfg-path', '/tmp/tmp6bm2cqo9']
[2025-06-14T19:15:14.934+0000] {standard_task_runner.py:88} INFO - Job 116: Subtask scrapear_datos_autopia
[2025-06-14T19:15:15.338+0000] {task_command.py:423} INFO - Running <TaskInstance: scraping_autopia_dag.scrapear_datos_autopia manual__2025-06-14T19:15:08.479063+00:00 [running]> on host 15346582a165
[2025-06-14T19:15:15.879+0000] {taskinstance.py:2480} INFO - Exporting env vars: AIRFLOW_CTX_DAG_OWNER='***' AIRFLOW_CTX_DAG_ID='scraping_autopia_dag' AIRFLOW_CTX_TASK_ID='scrapear_datos_autopia' AIRFLOW_CTX_EXECUTION_DATE='2025-06-14T19:15:08.479063+00:00' AIRFLOW_CTX_TRY_NUMBER='1' AIRFLOW_CTX_DAG_RUN_ID='manual__2025-06-14T19:15:08.479063+00:00'
[2025-06-14T19:15:26.754+0000] {logging_mixin.py:188} INFO - 🔁 Clic en 'Cargar más'
[2025-06-14T19:15:28.528+0000] {logging_mixin.py:188} INFO - ✅ Ya no se cargan más autos, detenemos los clics.
[2025-06-14T19:15:28.593+0000] {logging_mixin.py:188} INFO - ➡️ Total de publicaciones visibles: 47
[2025-06-14T19:15:34.070+0000] {logging_mixin.py:188} INFO - ✔️ Anuncio 1/47
[2025-06-14T19:15:39.087+0000] {logging_mixin.py:188} INFO - ✔️ Anuncio 2/47
[2025-06-14T19:15:42.574+0000] {logging_mixin.py:188} INFO - ✔️ Anuncio 3/47
[2025-06-14T19:15:47.867+0000] {logging_mixin.py:188} INFO - ✔️ Anuncio 4/47
[2025-06-14T19:15:52.793+0000] {logging_mixin.py:188} INFO - ✔️ Anuncio 5/47
[2025-06-14T19:15:57.422+0000] {logging_mixin.py:188} INFO - ✔️ Anuncio 6/47
[2025-06-14T19:16:00.446+0000] {logging_mixin.py:188} INFO - ✔️ Anuncio 7/47
[2025-06-14T19:16:05.397+0000] {logging_mixin.py:188} INFO - ✔️ Anuncio 8/47
[2025-06-14T19:16:08.565+0000] {logging_mixin.py:188} INFO - ✔️ Anuncio 9/47
[2025-06-14T19:16:13.610+0000] {logging_mixin.py:188} INFO - ✔️ Anuncio 10/47
[2025-06-14T19:16:18.504+0000] {logging_mixin.py:188} INFO - ✔️ Anuncio 11/47
[2025-06-14T19:16:23.861+0000] {logging_mixin.py:188} INFO - ✔️ Anuncio 12/47
[2025-06-14T19:16:28.212+0000] {logging_mixin.py:188} INFO - ✔️ Anuncio 13/47
[2025-06-14T19:16:33.748+0000] {logging_mixin.py:188} INFO - ✔️ Anuncio 14/47
[2025-06-14T19:16:39.042+0000] {logging_mixin.py:188} INFO - ✔️ Anuncio 15/47
[2025-06-14T19:16:44.051+0000] {logging_mixin.py:188} INFO - ✔️ Anuncio 16/47
[2025-06-14T19:16:48.946+0000] {logging_mixin.py:188} INFO - ✔️ Anuncio 17/47
[2025-06-14T19:16:53.951+0000] {logging_mixin.py:188} INFO - ✔️ Anuncio 18/47
[2025-06-14T19:16:58.892+0000] {logging_mixin.py:188} INFO - ✔️ Anuncio 19/47
[2025-06-14T19:17:03.413+0000] {logging_mixin.py:188} INFO - ✔️ Anuncio 20/47
[2025-06-14T19:17:08.112+0000] {logging_mixin.py:188} INFO - ✔️ Anuncio 21/47
[2025-06-14T19:17:11.450+0000] {logging_mixin.py:188} INFO - ✔️ Anuncio 22/47
[2025-06-14T19:17:16.776+0000] {logging_mixin.py:188} INFO - ✔️ Anuncio 23/47
[2025-06-14T19:17:21.908+0000] {logging_mixin.py:188} INFO - ✔️ Anuncio 24/47
[2025-06-14T19:17:27.370+0000] {logging_mixin.py:188} INFO - ✔️ Anuncio 25/47
[2025-06-14T19:17:31.981+0000] {logging_mixin.py:188} INFO - ✔️ Anuncio 26/47
[2025-06-14T19:17:36.913+0000] {logging_mixin.py:188} INFO - ✔️ Anuncio 27/47
[2025-06-14T19:17:41.608+0000] {logging_mixin.py:188} INFO - ✔️ Anuncio 28/47
[2025-06-14T19:17:46.697+0000] {logging_mixin.py:188} INFO - ✔️ Anuncio 29/47
[2025-06-14T19:17:50.149+0000] {logging_mixin.py:188} INFO - ✔️ Anuncio 30/47
[2025-06-14T19:17:55.364+0000] {logging_mixin.py:188} INFO - ✔️ Anuncio 31/47
[2025-06-14T19:18:00.671+0000] {logging_mixin.py:188} INFO - ✔️ Anuncio 32/47
[2025-06-14T19:18:06.060+0000] {logging_mixin.py:188} INFO - ✔️ Anuncio 33/47
[2025-06-14T19:18:08.968+0000] {logging_mixin.py:188} INFO - ✔️ Anuncio 34/47
[2025-06-14T19:18:13.406+0000] {logging_mixin.py:188} INFO - ✔️ Anuncio 35/47
[2025-06-14T19:18:18.545+0000] {logging_mixin.py:188} INFO - ✔️ Anuncio 36/47
[2025-06-14T19:18:23.800+0000] {logging_mixin.py:188} INFO - ✔️ Anuncio 37/47
[2025-06-14T19:18:28.971+0000] {logging_mixin.py:188} INFO - ✔️ Anuncio 38/47
[2025-06-14T19:18:33.954+0000] {logging_mixin.py:188} INFO - ✔️ Anuncio 39/47
[2025-06-14T19:18:38.936+0000] {logging_mixin.py:188} INFO - ✔️ Anuncio 40/47
[2025-06-14T19:18:43.700+0000] {logging_mixin.py:188} INFO - ✔️ Anuncio 41/47
[2025-06-14T19:18:48.996+0000] {logging_mixin.py:188} INFO - ✔️ Anuncio 42/47
[2025-06-14T19:18:53.974+0000] {logging_mixin.py:188} INFO - ✔️ Anuncio 43/47
[2025-06-14T19:18:59.069+0000] {logging_mixin.py:188} INFO - ✔️ Anuncio 44/47
[2025-06-14T19:19:04.160+0000] {logging_mixin.py:188} INFO - ✔️ Anuncio 45/47
[2025-06-14T19:19:09.681+0000] {logging_mixin.py:188} INFO - ✔️ Anuncio 46/47
[2025-06-14T19:19:14.195+0000] {logging_mixin.py:188} INFO - ✔️ Anuncio 47/47
[2025-06-14T19:19:14.321+0000] {logging_mixin.py:188} INFO - ✅ Guardado final: /opt/***/dags/data/raw/scraped_autopia_2025-06-14.csv con 47 registros.
[2025-06-14T19:19:14.461+0000] {logging_mixin.py:188} INFO - ✅ Scraping terminado. Guardado en /opt/***/dags/data/raw/scraped_autopia_2025-06-14.csv
[2025-06-14T19:19:14.461+0000] {python.py:201} INFO - Done. Returned value was: None
[2025-06-14T19:19:14.482+0000] {taskinstance.py:1138} INFO - Marking task as SUCCESS. dag_id=scraping_autopia_dag, task_id=scrapear_datos_autopia, execution_date=20250614T191508, start_date=20250614T191514, end_date=20250614T191914
[2025-06-14T19:19:14.527+0000] {local_task_job_runner.py:234} INFO - Task exited with return code 0
[2025-06-14T19:19:14.559+0000] {taskinstance.py:3280} INFO - 2 downstream tasks scheduled from follow-on schedule check
