[2025-06-15T12:10:16.933+0000] {taskinstance.py:1956} INFO - Dependencies all met for dep_context=non-requeueable deps ti=<TaskInstance: entrenamiento_modelos_regresion.entrenar_y_promover manual__2025-06-15T12:04:31.690673+00:00 [queued]>
[2025-06-15T12:10:16.958+0000] {taskinstance.py:1956} INFO - Dependencies all met for dep_context=requeueable deps ti=<TaskInstance: entrenamiento_modelos_regresion.entrenar_y_promover manual__2025-06-15T12:04:31.690673+00:00 [queued]>
[2025-06-15T12:10:16.959+0000] {taskinstance.py:2170} INFO - Starting attempt 2 of 2
[2025-06-15T12:10:17.003+0000] {taskinstance.py:2191} INFO - Executing <Task(_PythonDecoratedOperator): entrenar_y_promover> on 2025-06-15 12:04:31.690673+00:00
[2025-06-15T12:10:17.016+0000] {standard_task_runner.py:60} INFO - Started process 252 to run task
[2025-06-15T12:10:17.024+0000] {standard_task_runner.py:87} INFO - Running: ['***', 'tasks', 'run', 'entrenamiento_modelos_regresion', 'entrenar_y_promover', 'manual__2025-06-15T12:04:31.690673+00:00', '--job-id', '187', '--raw', '--subdir', 'DAGS_FOLDER/entrenamiento_modelos_regresion_dag.py', '--cfg-path', '/tmp/tmpw3jj4ns6']
[2025-06-15T12:10:17.029+0000] {standard_task_runner.py:88} INFO - Job 187: Subtask entrenar_y_promover
[2025-06-15T12:10:17.290+0000] {task_command.py:423} INFO - Running <TaskInstance: entrenamiento_modelos_regresion.entrenar_y_promover manual__2025-06-15T12:04:31.690673+00:00 [running]> on host 36fee6ca92d5
[2025-06-15T12:10:17.663+0000] {taskinstance.py:2480} INFO - Exporting env vars: AIRFLOW_CTX_DAG_OWNER='fede' AIRFLOW_CTX_DAG_ID='entrenamiento_modelos_regresion' AIRFLOW_CTX_TASK_ID='entrenar_y_promover' AIRFLOW_CTX_EXECUTION_DATE='2025-06-15T12:04:31.690673+00:00' AIRFLOW_CTX_TRY_NUMBER='2' AIRFLOW_CTX_DAG_RUN_ID='manual__2025-06-15T12:04:31.690673+00:00'
[2025-06-15T12:10:20.328+0000] {logging_mixin.py:188} WARNING - /opt/***/dags/entrenamiento_modelos_regresion_dag.py:53 SettingWithCopyWarning:
A value is trying to be set on a copy of a slice from a DataFrame.
Try using .loc[row_indexer,col_indexer] = value instead

See the caveats in the documentation: https://pandas.pydata.org/pandas-docs/stable/user_guide/indexing.html#returning-a-view-versus-a-copy
[2025-06-15T12:10:20.347+0000] {logging_mixin.py:188} WARNING - /opt/***/dags/entrenamiento_modelos_regresion_dag.py:56 SettingWithCopyWarning:
A value is trying to be set on a copy of a slice from a DataFrame.
Try using .loc[row_indexer,col_indexer] = value instead

See the caveats in the documentation: https://pandas.pydata.org/pandas-docs/stable/user_guide/indexing.html#returning-a-view-versus-a-copy
[2025-06-15T12:10:20.350+0000] {logging_mixin.py:188} WARNING - /opt/***/dags/entrenamiento_modelos_regresion_dag.py:58 SettingWithCopyWarning:
A value is trying to be set on a copy of a slice from a DataFrame.
Try using .loc[row_indexer,col_indexer] = value instead

See the caveats in the documentation: https://pandas.pydata.org/pandas-docs/stable/user_guide/indexing.html#returning-a-view-versus-a-copy
[2025-06-15T12:10:20.355+0000] {logging_mixin.py:188} WARNING - /opt/***/dags/entrenamiento_modelos_regresion_dag.py:59 SettingWithCopyWarning:
A value is trying to be set on a copy of a slice from a DataFrame

See the caveats in the documentation: https://pandas.pydata.org/pandas-docs/stable/user_guide/indexing.html#returning-a-view-versus-a-copy
[2025-06-15T12:10:20.517+0000] {logging_mixin.py:188} WARNING - 2025/06/15 12:10:20 WARNING mlflow.utils.git_utils: Failed to import Git (the Git executable is probably not on your PATH), so Git SHA is not available. Error: Failed to initialize: Bad git executable.
The git executable must be specified in one of the following ways:
    - be included in your $PATH
    - be set via $GIT_PYTHON_GIT_EXECUTABLE
    - explicitly set via git.refresh(<full-path-to-git-executable>)

All git commands will error until this is rectified.

This initial message can be silenced or aggravated in the future by setting the
$GIT_PYTHON_REFRESH environment variable. Use one of the following values:
    - quiet|q|silence|s|silent|none|n|0: for no message or exception
    - warn|w|warning|log|l|1: for a warning message (logging level CRITICAL, displayed by default)
    - error|e|exception|raise|r|2: for a raised exception

Example:
    export GIT_PYTHON_REFRESH=quiet
[2025-06-15T12:10:26.916+0000] {logging_mixin.py:188} WARNING - 2025/06/15 12:10:26 WARNING mlflow.models.model: Model logged without a signature and input example. Please set `input_example` parameter when logging the model to auto infer the model signature.
[2025-06-15T12:10:27.018+0000] {logging_mixin.py:188} WARNING - 2025/06/15 12:10:27 INFO mlflow.tracking._tracking_service.client: 🏃 View run RandomForest at: http://mlflow:5000/#/experiments/1/runs/8f2ec74589ec43b0ba62554afbabc650.
[2025-06-15T12:10:27.019+0000] {logging_mixin.py:188} WARNING - 2025/06/15 12:10:27 INFO mlflow.tracking._tracking_service.client: 🧪 View experiment at: http://mlflow:5000/#/experiments/1.
[2025-06-15T12:10:30.785+0000] {logging_mixin.py:188} WARNING - 2025/06/15 12:10:30 WARNING mlflow.models.model: Model logged without a signature and input example. Please set `input_example` parameter when logging the model to auto infer the model signature.
[2025-06-15T12:10:30.948+0000] {logging_mixin.py:188} WARNING - 2025/06/15 12:10:30 INFO mlflow.tracking._tracking_service.client: 🏃 View run GradientBoosting at: http://mlflow:5000/#/experiments/1/runs/6f645447edd5464a8e7b17ae9c79b180.
[2025-06-15T12:10:30.949+0000] {logging_mixin.py:188} WARNING - 2025/06/15 12:10:30 INFO mlflow.tracking._tracking_service.client: 🧪 View experiment at: http://mlflow:5000/#/experiments/1.
[2025-06-15T12:10:35.296+0000] {logging_mixin.py:188} WARNING - 2025/06/15 12:10:35 WARNING mlflow.models.model: Model logged without a signature and input example. Please set `input_example` parameter when logging the model to auto infer the model signature.
[2025-06-15T12:10:35.472+0000] {logging_mixin.py:188} WARNING - 2025/06/15 12:10:35 INFO mlflow.tracking._tracking_service.client: 🏃 View run SVR at: http://mlflow:5000/#/experiments/1/runs/65732d47c73c4dfd888a7a0c03133b18.
[2025-06-15T12:10:35.472+0000] {logging_mixin.py:188} WARNING - 2025/06/15 12:10:35 INFO mlflow.tracking._tracking_service.client: 🧪 View experiment at: http://mlflow:5000/#/experiments/1.
[2025-06-15T12:10:35.649+0000] {logging_mixin.py:188} WARNING - Registered model 'mejor_modelo_orquestado' already exists. Creating a new version of this model...
[2025-06-15T12:10:35.761+0000] {logging_mixin.py:188} WARNING - 2025/06/15 12:10:35 INFO mlflow.store.model_registry.abstract_store: Waiting up to 300 seconds for model version to finish creation. Model name: mejor_modelo_orquestado, version 10
[2025-06-15T12:10:35.762+0000] {logging_mixin.py:188} WARNING - Created version '10' of model 'mejor_modelo_orquestado'.
[2025-06-15T12:10:35.767+0000] {logging_mixin.py:188} WARNING - /opt/***/dags/entrenamiento_modelos_regresion_dag.py:105 FutureWarning: ``mlflow.tracking.client.MlflowClient.get_latest_versions`` is deprecated since 2.9.0. Model registry stages will be removed in a future major release. To learn more about the deprecation of model registry stages, see our migration guide here: https://mlflow.org/docs/latest/model-registry.html#migrating-from-stages
[2025-06-15T12:10:35.801+0000] {logging_mixin.py:188} WARNING - /opt/***/dags/entrenamiento_modelos_regresion_dag.py:116 FutureWarning: ``mlflow.tracking.client.MlflowClient.transition_model_version_stage`` is deprecated since 2.9.0. Model registry stages will be removed in a future major release. To learn more about the deprecation of model registry stages, see our migration guide here: https://mlflow.org/docs/latest/model-registry.html#migrating-from-stages
[2025-06-15T12:10:35.848+0000] {logging_mixin.py:188} WARNING - /opt/***/dags/entrenamiento_modelos_regresion_dag.py:109 FutureWarning: ``mlflow.tracking.client.MlflowClient.transition_model_version_stage`` is deprecated since 2.9.0. Model registry stages will be removed in a future major release. To learn more about the deprecation of model registry stages, see our migration guide here: https://mlflow.org/docs/latest/model-registry.html#migrating-from-stages
[2025-06-15T12:10:35.944+0000] {python.py:201} INFO - Done. Returned value was: None
[2025-06-15T12:10:35.998+0000] {taskinstance.py:1138} INFO - Marking task as SUCCESS. dag_id=entrenamiento_modelos_regresion, task_id=entrenar_y_promover, execution_date=20250615T120431, start_date=20250615T121016, end_date=20250615T121035
[2025-06-15T12:10:36.117+0000] {local_task_job_runner.py:234} INFO - Task exited with return code 0
[2025-06-15T12:10:36.174+0000] {taskinstance.py:3280} INFO - 1 downstream tasks scheduled from follow-on schedule check
