[2025-05-25T16:47:19.207+0000] {taskinstance.py:1956} INFO - Dependencies all met for dep_context=non-requeueable deps ti=<TaskInstance: entrenamiento_modelos_regresion.entrenar_y_promover manual__2025-05-25T16:42:04.120091+00:00 [queued]>
[2025-05-25T16:47:19.216+0000] {taskinstance.py:1956} INFO - Dependencies all met for dep_context=requeueable deps ti=<TaskInstance: entrenamiento_modelos_regresion.entrenar_y_promover manual__2025-05-25T16:42:04.120091+00:00 [queued]>
[2025-05-25T16:47:19.217+0000] {taskinstance.py:2170} INFO - Starting attempt 2 of 2
[2025-05-25T16:47:19.235+0000] {taskinstance.py:2191} INFO - Executing <Task(_PythonDecoratedOperator): entrenar_y_promover> on 2025-05-25 16:42:04.120091+00:00
[2025-05-25T16:47:19.239+0000] {standard_task_runner.py:60} INFO - Started process 199 to run task
[2025-05-25T16:47:19.243+0000] {standard_task_runner.py:87} INFO - Running: ['***', 'tasks', 'run', 'entrenamiento_modelos_regresion', 'entrenar_y_promover', 'manual__2025-05-25T16:42:04.120091+00:00', '--job-id', '63', '--raw', '--subdir', 'DAGS_FOLDER/entrenamiento_modelos_regresion_dag.py', '--cfg-path', '/tmp/tmpfz3bn6dn']
[2025-05-25T16:47:19.245+0000] {standard_task_runner.py:88} INFO - Job 63: Subtask entrenar_y_promover
[2025-05-25T16:47:19.320+0000] {task_command.py:423} INFO - Running <TaskInstance: entrenamiento_modelos_regresion.entrenar_y_promover manual__2025-05-25T16:42:04.120091+00:00 [running]> on host 00477d82bfd8
[2025-05-25T16:47:19.440+0000] {taskinstance.py:2480} INFO - Exporting env vars: AIRFLOW_CTX_DAG_OWNER='fede' AIRFLOW_CTX_DAG_ID='entrenamiento_modelos_regresion' AIRFLOW_CTX_TASK_ID='entrenar_y_promover' AIRFLOW_CTX_EXECUTION_DATE='2025-05-25T16:42:04.120091+00:00' AIRFLOW_CTX_TRY_NUMBER='2' AIRFLOW_CTX_DAG_RUN_ID='manual__2025-05-25T16:42:04.120091+00:00'
[2025-05-25T16:47:21.803+0000] {logging_mixin.py:188} WARNING - /opt/***/dags/entrenamiento_modelos_regresion_dag.py:52 SettingWithCopyWarning:
A value is trying to be set on a copy of a slice from a DataFrame.
Try using .loc[row_indexer,col_indexer] = value instead

See the caveats in the documentation: https://pandas.pydata.org/pandas-docs/stable/user_guide/indexing.html#returning-a-view-versus-a-copy
[2025-05-25T16:47:21.817+0000] {logging_mixin.py:188} WARNING - /opt/***/dags/entrenamiento_modelos_regresion_dag.py:55 SettingWithCopyWarning:
A value is trying to be set on a copy of a slice from a DataFrame.
Try using .loc[row_indexer,col_indexer] = value instead

See the caveats in the documentation: https://pandas.pydata.org/pandas-docs/stable/user_guide/indexing.html#returning-a-view-versus-a-copy
[2025-05-25T16:47:21.820+0000] {logging_mixin.py:188} WARNING - /opt/***/dags/entrenamiento_modelos_regresion_dag.py:57 SettingWithCopyWarning:
A value is trying to be set on a copy of a slice from a DataFrame.
Try using .loc[row_indexer,col_indexer] = value instead

See the caveats in the documentation: https://pandas.pydata.org/pandas-docs/stable/user_guide/indexing.html#returning-a-view-versus-a-copy
[2025-05-25T16:47:21.822+0000] {logging_mixin.py:188} WARNING - /opt/***/dags/entrenamiento_modelos_regresion_dag.py:59 SettingWithCopyWarning:
A value is trying to be set on a copy of a slice from a DataFrame

See the caveats in the documentation: https://pandas.pydata.org/pandas-docs/stable/user_guide/indexing.html#returning-a-view-versus-a-copy
[2025-05-25T16:47:22.032+0000] {logging_mixin.py:188} WARNING - 2025/05/25 16:47:22 WARNING mlflow.utils.git_utils: Failed to import Git (the Git executable is probably not on your PATH), so Git SHA is not available. Error: Failed to initialize: Bad git executable.
The git executable must be specified in one of the following ways:
    - be included in your $PATH
    - be set via $GIT_PYTHON_GIT_EXECUTABLE
    - explicitly set via git.refresh(<full-path-to-git-executable>)

All git commands will error until this is rectified.

This initial message can be silenced or aggravated in the future by setting the
$GIT_PYTHON_REFRESH environment variable. Use one of the following values:
    - quiet|q|silence|s|silent|none|n|0: for no message or exception
    - warn|w|warning|log|l|1: for a warning message (logging level CRITICAL, displayed by default)
    - error|e|exception|raise|r|2: for a raised exception

Example:
    export GIT_PYTHON_REFRESH=quiet
[2025-05-25T16:47:27.757+0000] {logging_mixin.py:188} WARNING - 2025/05/25 16:47:27 WARNING mlflow.models.model: Model logged without a signature and input example. Please set `input_example` parameter when logging the model to auto infer the model signature.
[2025-05-25T16:47:27.830+0000] {logging_mixin.py:188} WARNING - 2025/05/25 16:47:27 INFO mlflow.tracking._tracking_service.client: 🏃 View run RandomForest at: http://mlflow:5000/#/experiments/1/runs/5b03478a7db74d1e96da527d55d040b0.
[2025-05-25T16:47:27.830+0000] {logging_mixin.py:188} WARNING - 2025/05/25 16:47:27 INFO mlflow.tracking._tracking_service.client: 🧪 View experiment at: http://mlflow:5000/#/experiments/1.
[2025-05-25T16:47:31.102+0000] {logging_mixin.py:188} WARNING - 2025/05/25 16:47:31 WARNING mlflow.models.model: Model logged without a signature and input example. Please set `input_example` parameter when logging the model to auto infer the model signature.
[2025-05-25T16:47:31.226+0000] {logging_mixin.py:188} WARNING - 2025/05/25 16:47:31 INFO mlflow.tracking._tracking_service.client: 🏃 View run CatBoost at: http://mlflow:5000/#/experiments/1/runs/e0433649c02c4476ad0aae118778337a.
[2025-05-25T16:47:31.226+0000] {logging_mixin.py:188} WARNING - 2025/05/25 16:47:31 INFO mlflow.tracking._tracking_service.client: 🧪 View experiment at: http://mlflow:5000/#/experiments/1.
[2025-05-25T16:47:33.481+0000] {logging_mixin.py:188} WARNING - 2025/05/25 16:47:33 WARNING mlflow.models.model: Model logged without a signature and input example. Please set `input_example` parameter when logging the model to auto infer the model signature.
[2025-05-25T16:47:32.815+0000] {logging_mixin.py:188} WARNING - 2025/05/25 16:47:32 INFO mlflow.tracking._tracking_service.client: 🏃 View run SVR at: http://mlflow:5000/#/experiments/1/runs/966ff9f7b1a44a88a45a8e3f73ae09fb.
[2025-05-25T16:47:32.816+0000] {logging_mixin.py:188} WARNING - 2025/05/25 16:47:32 INFO mlflow.tracking._tracking_service.client: 🧪 View experiment at: http://mlflow:5000/#/experiments/1.
[2025-05-25T16:47:32.883+0000] {logging_mixin.py:188} WARNING - Successfully registered model 'mejor_modelo_orquestado'.
[2025-05-25T16:47:32.933+0000] {logging_mixin.py:188} WARNING - 2025/05/25 16:47:32 INFO mlflow.store.model_registry.abstract_store: Waiting up to 300 seconds for model version to finish creation. Model name: mejor_modelo_orquestado, version 1
[2025-05-25T16:47:32.933+0000] {logging_mixin.py:188} WARNING - Created version '1' of model 'mejor_modelo_orquestado'.
[2025-05-25T16:47:32.935+0000] {logging_mixin.py:188} WARNING - /opt/***/dags/entrenamiento_modelos_regresion_dag.py:95 FutureWarning: ``mlflow.tracking.client.MlflowClient.get_latest_versions`` is deprecated since 2.9.0. Model registry stages will be removed in a future major release. To learn more about the deprecation of model registry stages, see our migration guide here: https://mlflow.org/docs/latest/model-registry.html#migrating-from-stages
[2025-05-25T16:47:32.953+0000] {logging_mixin.py:188} WARNING - /opt/***/dags/entrenamiento_modelos_regresion_dag.py:98 FutureWarning: ``mlflow.tracking.client.MlflowClient.transition_model_version_stage`` is deprecated since 2.9.0. Model registry stages will be removed in a future major release. To learn more about the deprecation of model registry stages, see our migration guide here: https://mlflow.org/docs/latest/model-registry.html#migrating-from-stages
[2025-05-25T16:47:32.980+0000] {python.py:201} INFO - Done. Returned value was: None
[2025-05-25T16:47:32.996+0000] {taskinstance.py:1138} INFO - Marking task as SUCCESS. dag_id=entrenamiento_modelos_regresion, task_id=entrenar_y_promover, execution_date=20250525T164204, start_date=20250525T164719, end_date=20250525T164732
[2025-05-25T16:47:32.008+0000] {local_task_job_runner.py:234} INFO - Task exited with return code 0
[2025-05-25T16:47:32.028+0000] {taskinstance.py:3280} INFO - 0 downstream tasks scheduled from follow-on schedule check
