[2025-06-01T15:58:12.996+0000] {taskinstance.py:1956} INFO - Dependencies all met for dep_context=non-requeueable deps ti=<TaskInstance: entrenamiento_modelos_regresion.trigger_prediccion scheduled__2025-05-30T21:00:00+00:00 [queued]>
[2025-06-01T15:58:13.020+0000] {taskinstance.py:1956} INFO - Dependencies all met for dep_context=requeueable deps ti=<TaskInstance: entrenamiento_modelos_regresion.trigger_prediccion scheduled__2025-05-30T21:00:00+00:00 [queued]>
[2025-06-01T15:58:13.021+0000] {taskinstance.py:2170} INFO - Starting attempt 1 of 2
[2025-06-01T15:58:13.049+0000] {taskinstance.py:2191} INFO - Executing <Task(TriggerDagRunOperator): trigger_prediccion> on 2025-05-30 21:00:00+00:00
[2025-06-01T15:58:13.059+0000] {standard_task_runner.py:60} INFO - Started process 47101 to run task
[2025-06-01T15:58:13.068+0000] {standard_task_runner.py:87} INFO - Running: ['***', 'tasks', 'run', 'entrenamiento_modelos_regresion', 'trigger_prediccion', 'scheduled__2025-05-30T21:00:00+00:00', '--job-id', '6', '--raw', '--subdir', 'DAGS_FOLDER/entrenamiento_modelos_regresion_dag.py', '--cfg-path', '/tmp/tmpf8dtcrr2']
[2025-06-01T15:58:13.080+0000] {standard_task_runner.py:88} INFO - Job 6: Subtask trigger_prediccion
[2025-06-01T15:58:13.218+0000] {task_command.py:423} INFO - Running <TaskInstance: entrenamiento_modelos_regresion.trigger_prediccion scheduled__2025-05-30T21:00:00+00:00 [running]> on host f142218a01ee
[2025-06-01T15:58:13.380+0000] {taskinstance.py:2480} INFO - Exporting env vars: AIRFLOW_CTX_DAG_OWNER='fede' AIRFLOW_CTX_DAG_ID='entrenamiento_modelos_regresion' AIRFLOW_CTX_TASK_ID='trigger_prediccion' AIRFLOW_CTX_EXECUTION_DATE='2025-05-30T21:00:00+00:00' AIRFLOW_CTX_TRY_NUMBER='1' AIRFLOW_CTX_DAG_RUN_ID='scheduled__2025-05-30T21:00:00+00:00'
[2025-06-01T15:58:13.567+0000] {taskinstance.py:1138} INFO - Marking task as SUCCESS. dag_id=entrenamiento_modelos_regresion, task_id=trigger_prediccion, execution_date=20250530T210000, start_date=20250601T155812, end_date=20250601T155813
[2025-06-01T15:58:13.601+0000] {local_task_job_runner.py:234} INFO - Task exited with return code 0
[2025-06-01T15:58:13.647+0000] {taskinstance.py:3280} INFO - 0 downstream tasks scheduled from follow-on schedule check
[2025-06-01T17:16:23.037+0000] {taskinstance.py:1956} INFO - Dependencies all met for dep_context=non-requeueable deps ti=<TaskInstance: entrenamiento_modelos_regresion.trigger_prediccion scheduled__2025-05-30T21:00:00+00:00 [queued]>
[2025-06-01T17:16:23.053+0000] {taskinstance.py:1956} INFO - Dependencies all met for dep_context=requeueable deps ti=<TaskInstance: entrenamiento_modelos_regresion.trigger_prediccion scheduled__2025-05-30T21:00:00+00:00 [queued]>
[2025-06-01T17:16:23.053+0000] {taskinstance.py:2170} INFO - Starting attempt 1 of 2
[2025-06-01T17:16:23.071+0000] {taskinstance.py:2191} INFO - Executing <Task(TriggerDagRunOperator): trigger_prediccion> on 2025-05-30 21:00:00+00:00
[2025-06-01T17:16:23.078+0000] {standard_task_runner.py:60} INFO - Started process 1269 to run task
[2025-06-01T17:16:23.085+0000] {standard_task_runner.py:87} INFO - Running: ['***', 'tasks', 'run', 'entrenamiento_modelos_regresion', 'trigger_prediccion', 'scheduled__2025-05-30T21:00:00+00:00', '--job-id', '10', '--raw', '--subdir', 'DAGS_FOLDER/entrenamiento_modelos_regresion_dag.py', '--cfg-path', '/tmp/tmpt1605j3y']
[2025-06-01T17:16:23.093+0000] {standard_task_runner.py:88} INFO - Job 10: Subtask trigger_prediccion
[2025-06-01T17:16:23.207+0000] {task_command.py:423} INFO - Running <TaskInstance: entrenamiento_modelos_regresion.trigger_prediccion scheduled__2025-05-30T21:00:00+00:00 [running]> on host 29b9f1cfdb60
[2025-06-01T17:16:23.355+0000] {taskinstance.py:2480} INFO - Exporting env vars: AIRFLOW_CTX_DAG_OWNER='fede' AIRFLOW_CTX_DAG_ID='entrenamiento_modelos_regresion' AIRFLOW_CTX_TASK_ID='trigger_prediccion' AIRFLOW_CTX_EXECUTION_DATE='2025-05-30T21:00:00+00:00' AIRFLOW_CTX_TRY_NUMBER='1' AIRFLOW_CTX_DAG_RUN_ID='scheduled__2025-05-30T21:00:00+00:00'
[2025-06-01T17:16:23.526+0000] {taskinstance.py:1138} INFO - Marking task as SUCCESS. dag_id=entrenamiento_modelos_regresion, task_id=trigger_prediccion, execution_date=20250530T210000, start_date=20250601T171623, end_date=20250601T171623
[2025-06-01T17:16:23.581+0000] {local_task_job_runner.py:234} INFO - Task exited with return code 0
[2025-06-01T17:16:23.668+0000] {taskinstance.py:3280} INFO - 0 downstream tasks scheduled from follow-on schedule check
