[2025-06-07T14:37:37.961+0000] {processor.py:161} INFO - Started process (PID=183) to work on /opt/airflow/dags/entrenamiento_modelos_regresion_dag.py
[2025-06-07T14:37:37.965+0000] {processor.py:830} INFO - Processing file /opt/airflow/dags/entrenamiento_modelos_regresion_dag.py for tasks to queue
[2025-06-07T14:37:37.973+0000] {logging_mixin.py:188} INFO - [2025-06-07T14:37:37.972+0000] {dagbag.py:538} INFO - Filling up the DagBag from /opt/airflow/dags/entrenamiento_modelos_regresion_dag.py
[2025-06-07T14:37:38.027+0000] {processor.py:840} INFO - DAG(s) 'entrenamiento_modelos_regresion' retrieved from /opt/airflow/dags/entrenamiento_modelos_regresion_dag.py
[2025-06-07T14:37:38.214+0000] {logging_mixin.py:188} INFO - [2025-06-07T14:37:38.214+0000] {dag.py:3036} INFO - Sync 1 DAGs
[2025-06-07T14:37:38.309+0000] {logging_mixin.py:188} INFO - [2025-06-07T14:37:38.309+0000] {dag.py:3823} INFO - Setting next_dagrun for entrenamiento_modelos_regresion to 2025-06-06 21:00:00+00:00, run_after=2025-06-07 21:00:00+00:00
[2025-06-07T14:37:38.379+0000] {processor.py:183} INFO - Processing /opt/airflow/dags/entrenamiento_modelos_regresion_dag.py took 0.456 seconds
[2025-06-07T14:38:09.035+0000] {processor.py:161} INFO - Started process (PID=217) to work on /opt/airflow/dags/entrenamiento_modelos_regresion_dag.py
[2025-06-07T14:38:09.038+0000] {processor.py:830} INFO - Processing file /opt/airflow/dags/entrenamiento_modelos_regresion_dag.py for tasks to queue
[2025-06-07T14:38:09.043+0000] {logging_mixin.py:188} INFO - [2025-06-07T14:38:09.040+0000] {dagbag.py:538} INFO - Filling up the DagBag from /opt/airflow/dags/entrenamiento_modelos_regresion_dag.py
[2025-06-07T14:38:09.102+0000] {processor.py:840} INFO - DAG(s) 'entrenamiento_modelos_regresion' retrieved from /opt/airflow/dags/entrenamiento_modelos_regresion_dag.py
[2025-06-07T14:38:09.154+0000] {logging_mixin.py:188} INFO - [2025-06-07T14:38:09.154+0000] {dag.py:3036} INFO - Sync 1 DAGs
[2025-06-07T14:38:09.247+0000] {logging_mixin.py:188} INFO - [2025-06-07T14:38:09.247+0000] {dag.py:3823} INFO - Setting next_dagrun for entrenamiento_modelos_regresion to 2025-06-06 21:00:00+00:00, run_after=2025-06-07 21:00:00+00:00
[2025-06-07T14:38:09.279+0000] {processor.py:183} INFO - Processing /opt/airflow/dags/entrenamiento_modelos_regresion_dag.py took 0.254 seconds
[2025-06-07T14:39:04.712+0000] {processor.py:161} INFO - Started process (PID=184) to work on /opt/airflow/dags/entrenamiento_modelos_regresion_dag.py
[2025-06-07T14:39:04.714+0000] {processor.py:830} INFO - Processing file /opt/airflow/dags/entrenamiento_modelos_regresion_dag.py for tasks to queue
[2025-06-07T14:39:04.716+0000] {logging_mixin.py:188} INFO - [2025-06-07T14:39:04.715+0000] {dagbag.py:538} INFO - Filling up the DagBag from /opt/airflow/dags/entrenamiento_modelos_regresion_dag.py
[2025-06-07T14:39:04.743+0000] {processor.py:840} INFO - DAG(s) 'entrenamiento_modelos_regresion' retrieved from /opt/airflow/dags/entrenamiento_modelos_regresion_dag.py
[2025-06-07T14:39:05.118+0000] {logging_mixin.py:188} INFO - [2025-06-07T14:39:05.117+0000] {dag.py:3036} INFO - Sync 1 DAGs
[2025-06-07T14:39:05.154+0000] {logging_mixin.py:188} INFO - [2025-06-07T14:39:05.154+0000] {dag.py:3823} INFO - Setting next_dagrun for entrenamiento_modelos_regresion to 2025-06-06 21:00:00+00:00, run_after=2025-06-07 21:00:00+00:00
[2025-06-07T14:39:05.197+0000] {processor.py:183} INFO - Processing /opt/airflow/dags/entrenamiento_modelos_regresion_dag.py took 0.491 seconds
[2025-06-07T14:39:35.515+0000] {processor.py:161} INFO - Started process (PID=197) to work on /opt/airflow/dags/entrenamiento_modelos_regresion_dag.py
[2025-06-07T14:39:35.517+0000] {processor.py:830} INFO - Processing file /opt/airflow/dags/entrenamiento_modelos_regresion_dag.py for tasks to queue
[2025-06-07T14:39:35.519+0000] {logging_mixin.py:188} INFO - [2025-06-07T14:39:35.519+0000] {dagbag.py:538} INFO - Filling up the DagBag from /opt/airflow/dags/entrenamiento_modelos_regresion_dag.py
[2025-06-07T14:39:35.563+0000] {processor.py:840} INFO - DAG(s) 'entrenamiento_modelos_regresion' retrieved from /opt/airflow/dags/entrenamiento_modelos_regresion_dag.py
[2025-06-07T14:39:35.607+0000] {logging_mixin.py:188} INFO - [2025-06-07T14:39:35.607+0000] {dag.py:3036} INFO - Sync 1 DAGs
[2025-06-07T14:39:35.719+0000] {logging_mixin.py:188} INFO - [2025-06-07T14:39:35.719+0000] {dag.py:3823} INFO - Setting next_dagrun for entrenamiento_modelos_regresion to 2025-06-06 21:00:00+00:00, run_after=2025-06-07 21:00:00+00:00
[2025-06-07T14:39:35.754+0000] {processor.py:183} INFO - Processing /opt/airflow/dags/entrenamiento_modelos_regresion_dag.py took 0.244 seconds
[2025-06-07T14:40:06.265+0000] {processor.py:161} INFO - Started process (PID=228) to work on /opt/airflow/dags/entrenamiento_modelos_regresion_dag.py
[2025-06-07T14:40:06.270+0000] {processor.py:830} INFO - Processing file /opt/airflow/dags/entrenamiento_modelos_regresion_dag.py for tasks to queue
[2025-06-07T14:40:06.271+0000] {logging_mixin.py:188} INFO - [2025-06-07T14:40:06.271+0000] {dagbag.py:538} INFO - Filling up the DagBag from /opt/airflow/dags/entrenamiento_modelos_regresion_dag.py
[2025-06-07T14:40:06.334+0000] {processor.py:840} INFO - DAG(s) 'entrenamiento_modelos_regresion' retrieved from /opt/airflow/dags/entrenamiento_modelos_regresion_dag.py
[2025-06-07T14:40:06.390+0000] {logging_mixin.py:188} INFO - [2025-06-07T14:40:06.390+0000] {dag.py:3036} INFO - Sync 1 DAGs
[2025-06-07T14:40:06.430+0000] {logging_mixin.py:188} INFO - [2025-06-07T14:40:06.430+0000] {dag.py:3823} INFO - Setting next_dagrun for entrenamiento_modelos_regresion to 2025-06-06 21:00:00+00:00, run_after=2025-06-07 21:00:00+00:00
[2025-06-07T14:40:06.456+0000] {processor.py:183} INFO - Processing /opt/airflow/dags/entrenamiento_modelos_regresion_dag.py took 0.196 seconds
[2025-06-07T14:40:36.590+0000] {processor.py:161} INFO - Started process (PID=303) to work on /opt/airflow/dags/entrenamiento_modelos_regresion_dag.py
[2025-06-07T14:40:36.594+0000] {processor.py:830} INFO - Processing file /opt/airflow/dags/entrenamiento_modelos_regresion_dag.py for tasks to queue
[2025-06-07T14:40:36.598+0000] {logging_mixin.py:188} INFO - [2025-06-07T14:40:36.596+0000] {dagbag.py:538} INFO - Filling up the DagBag from /opt/airflow/dags/entrenamiento_modelos_regresion_dag.py
[2025-06-07T14:40:36.647+0000] {processor.py:840} INFO - DAG(s) 'entrenamiento_modelos_regresion' retrieved from /opt/airflow/dags/entrenamiento_modelos_regresion_dag.py
[2025-06-07T14:40:36.728+0000] {logging_mixin.py:188} INFO - [2025-06-07T14:40:36.727+0000] {dag.py:3036} INFO - Sync 1 DAGs
[2025-06-07T14:40:36.802+0000] {logging_mixin.py:188} INFO - [2025-06-07T14:40:36.802+0000] {dag.py:3823} INFO - Setting next_dagrun for entrenamiento_modelos_regresion to 2025-06-06 21:00:00+00:00, run_after=2025-06-07 21:00:00+00:00
[2025-06-07T14:40:36.891+0000] {processor.py:183} INFO - Processing /opt/airflow/dags/entrenamiento_modelos_regresion_dag.py took 0.307 seconds
[2025-06-07T14:41:07.269+0000] {processor.py:161} INFO - Started process (PID=431) to work on /opt/airflow/dags/entrenamiento_modelos_regresion_dag.py
[2025-06-07T14:41:07.271+0000] {processor.py:830} INFO - Processing file /opt/airflow/dags/entrenamiento_modelos_regresion_dag.py for tasks to queue
[2025-06-07T14:41:07.272+0000] {logging_mixin.py:188} INFO - [2025-06-07T14:41:07.272+0000] {dagbag.py:538} INFO - Filling up the DagBag from /opt/airflow/dags/entrenamiento_modelos_regresion_dag.py
[2025-06-07T14:41:07.285+0000] {processor.py:840} INFO - DAG(s) 'entrenamiento_modelos_regresion' retrieved from /opt/airflow/dags/entrenamiento_modelos_regresion_dag.py
[2025-06-07T14:41:07.321+0000] {logging_mixin.py:188} INFO - [2025-06-07T14:41:07.321+0000] {dag.py:3036} INFO - Sync 1 DAGs
[2025-06-07T14:41:07.349+0000] {logging_mixin.py:188} INFO - [2025-06-07T14:41:07.348+0000] {dag.py:3823} INFO - Setting next_dagrun for entrenamiento_modelos_regresion to 2025-06-06 21:00:00+00:00, run_after=2025-06-07 21:00:00+00:00
[2025-06-07T14:41:07.373+0000] {processor.py:183} INFO - Processing /opt/airflow/dags/entrenamiento_modelos_regresion_dag.py took 0.109 seconds
[2025-06-07T14:41:37.768+0000] {processor.py:161} INFO - Started process (PID=528) to work on /opt/airflow/dags/entrenamiento_modelos_regresion_dag.py
[2025-06-07T14:41:38.438+0000] {processor.py:830} INFO - Processing file /opt/airflow/dags/entrenamiento_modelos_regresion_dag.py for tasks to queue
[2025-06-07T14:41:38.961+0000] {logging_mixin.py:188} INFO - [2025-06-07T14:41:38.893+0000] {dagbag.py:538} INFO - Filling up the DagBag from /opt/airflow/dags/entrenamiento_modelos_regresion_dag.py
[2025-06-07T14:41:39.194+0000] {processor.py:840} INFO - DAG(s) 'entrenamiento_modelos_regresion' retrieved from /opt/airflow/dags/entrenamiento_modelos_regresion_dag.py
[2025-06-07T14:41:43.194+0000] {logging_mixin.py:188} INFO - [2025-06-07T14:41:43.193+0000] {dag.py:3036} INFO - Sync 1 DAGs
[2025-06-07T14:41:43.240+0000] {logging_mixin.py:188} INFO - [2025-06-07T14:41:43.240+0000] {dag.py:3823} INFO - Setting next_dagrun for entrenamiento_modelos_regresion to 2025-06-06 21:00:00+00:00, run_after=2025-06-07 21:00:00+00:00
[2025-06-07T14:41:44.313+0000] {processor.py:183} INFO - Processing /opt/airflow/dags/entrenamiento_modelos_regresion_dag.py took 6.549 seconds
[2025-06-07T14:42:16.907+0000] {processor.py:161} INFO - Started process (PID=656) to work on /opt/airflow/dags/entrenamiento_modelos_regresion_dag.py
[2025-06-07T14:42:17.281+0000] {processor.py:830} INFO - Processing file /opt/airflow/dags/entrenamiento_modelos_regresion_dag.py for tasks to queue
[2025-06-07T14:42:17.297+0000] {logging_mixin.py:188} INFO - [2025-06-07T14:42:17.282+0000] {dagbag.py:538} INFO - Filling up the DagBag from /opt/airflow/dags/entrenamiento_modelos_regresion_dag.py
[2025-06-07T14:42:17.396+0000] {processor.py:840} INFO - DAG(s) 'entrenamiento_modelos_regresion' retrieved from /opt/airflow/dags/entrenamiento_modelos_regresion_dag.py
[2025-06-07T14:42:17.510+0000] {logging_mixin.py:188} INFO - [2025-06-07T14:42:17.509+0000] {dag.py:3036} INFO - Sync 1 DAGs
[2025-06-07T14:42:17.590+0000] {logging_mixin.py:188} INFO - [2025-06-07T14:42:17.589+0000] {dag.py:3823} INFO - Setting next_dagrun for entrenamiento_modelos_regresion to 2025-06-06 21:00:00+00:00, run_after=2025-06-07 21:00:00+00:00
[2025-06-07T14:42:17.638+0000] {processor.py:183} INFO - Processing /opt/airflow/dags/entrenamiento_modelos_regresion_dag.py took 2.050 seconds
[2025-06-07T14:42:47.824+0000] {processor.py:161} INFO - Started process (PID=773) to work on /opt/airflow/dags/entrenamiento_modelos_regresion_dag.py
[2025-06-07T14:42:47.826+0000] {processor.py:830} INFO - Processing file /opt/airflow/dags/entrenamiento_modelos_regresion_dag.py for tasks to queue
[2025-06-07T14:42:47.827+0000] {logging_mixin.py:188} INFO - [2025-06-07T14:42:47.827+0000] {dagbag.py:538} INFO - Filling up the DagBag from /opt/airflow/dags/entrenamiento_modelos_regresion_dag.py
[2025-06-07T14:42:47.841+0000] {processor.py:840} INFO - DAG(s) 'entrenamiento_modelos_regresion' retrieved from /opt/airflow/dags/entrenamiento_modelos_regresion_dag.py
[2025-06-07T14:42:47.880+0000] {logging_mixin.py:188} INFO - [2025-06-07T14:42:47.880+0000] {dag.py:3036} INFO - Sync 1 DAGs
[2025-06-07T14:42:47.921+0000] {logging_mixin.py:188} INFO - [2025-06-07T14:42:47.921+0000] {dag.py:3823} INFO - Setting next_dagrun for entrenamiento_modelos_regresion to 2025-06-06 21:00:00+00:00, run_after=2025-06-07 21:00:00+00:00
[2025-06-07T14:42:47.949+0000] {processor.py:183} INFO - Processing /opt/airflow/dags/entrenamiento_modelos_regresion_dag.py took 0.130 seconds
[2025-06-07T14:43:18.347+0000] {processor.py:161} INFO - Started process (PID=901) to work on /opt/airflow/dags/entrenamiento_modelos_regresion_dag.py
[2025-06-07T14:43:18.349+0000] {processor.py:830} INFO - Processing file /opt/airflow/dags/entrenamiento_modelos_regresion_dag.py for tasks to queue
[2025-06-07T14:43:18.351+0000] {logging_mixin.py:188} INFO - [2025-06-07T14:43:18.350+0000] {dagbag.py:538} INFO - Filling up the DagBag from /opt/airflow/dags/entrenamiento_modelos_regresion_dag.py
[2025-06-07T14:43:18.370+0000] {processor.py:840} INFO - DAG(s) 'entrenamiento_modelos_regresion' retrieved from /opt/airflow/dags/entrenamiento_modelos_regresion_dag.py
[2025-06-07T14:43:18.425+0000] {logging_mixin.py:188} INFO - [2025-06-07T14:43:18.424+0000] {dag.py:3036} INFO - Sync 1 DAGs
[2025-06-07T14:43:18.477+0000] {logging_mixin.py:188} INFO - [2025-06-07T14:43:18.475+0000] {dag.py:3823} INFO - Setting next_dagrun for entrenamiento_modelos_regresion to 2025-06-06 21:00:00+00:00, run_after=2025-06-07 21:00:00+00:00
[2025-06-07T14:43:18.514+0000] {processor.py:183} INFO - Processing /opt/airflow/dags/entrenamiento_modelos_regresion_dag.py took 0.172 seconds
[2025-06-07T14:43:48.918+0000] {processor.py:161} INFO - Started process (PID=1171) to work on /opt/airflow/dags/entrenamiento_modelos_regresion_dag.py
[2025-06-07T14:43:48.923+0000] {processor.py:830} INFO - Processing file /opt/airflow/dags/entrenamiento_modelos_regresion_dag.py for tasks to queue
[2025-06-07T14:43:48.924+0000] {logging_mixin.py:188} INFO - [2025-06-07T14:43:48.923+0000] {dagbag.py:538} INFO - Filling up the DagBag from /opt/airflow/dags/entrenamiento_modelos_regresion_dag.py
[2025-06-07T14:43:48.939+0000] {processor.py:840} INFO - DAG(s) 'entrenamiento_modelos_regresion' retrieved from /opt/airflow/dags/entrenamiento_modelos_regresion_dag.py
[2025-06-07T14:43:48.986+0000] {logging_mixin.py:188} INFO - [2025-06-07T14:43:48.986+0000] {dag.py:3036} INFO - Sync 1 DAGs
[2025-06-07T14:43:49.023+0000] {logging_mixin.py:188} INFO - [2025-06-07T14:43:49.022+0000] {dag.py:3823} INFO - Setting next_dagrun for entrenamiento_modelos_regresion to 2025-06-06 21:00:00+00:00, run_after=2025-06-07 21:00:00+00:00
[2025-06-07T14:43:49.051+0000] {processor.py:183} INFO - Processing /opt/airflow/dags/entrenamiento_modelos_regresion_dag.py took 0.139 seconds
[2025-06-07T14:44:19.391+0000] {processor.py:161} INFO - Started process (PID=1301) to work on /opt/airflow/dags/entrenamiento_modelos_regresion_dag.py
[2025-06-07T14:44:19.393+0000] {processor.py:830} INFO - Processing file /opt/airflow/dags/entrenamiento_modelos_regresion_dag.py for tasks to queue
[2025-06-07T14:44:19.394+0000] {logging_mixin.py:188} INFO - [2025-06-07T14:44:19.393+0000] {dagbag.py:538} INFO - Filling up the DagBag from /opt/airflow/dags/entrenamiento_modelos_regresion_dag.py
[2025-06-07T14:44:19.410+0000] {processor.py:840} INFO - DAG(s) 'entrenamiento_modelos_regresion' retrieved from /opt/airflow/dags/entrenamiento_modelos_regresion_dag.py
[2025-06-07T14:44:19.442+0000] {logging_mixin.py:188} INFO - [2025-06-07T14:44:19.442+0000] {dag.py:3036} INFO - Sync 1 DAGs
[2025-06-07T14:44:19.470+0000] {logging_mixin.py:188} INFO - [2025-06-07T14:44:19.469+0000] {dag.py:3823} INFO - Setting next_dagrun for entrenamiento_modelos_regresion to 2025-06-06 21:00:00+00:00, run_after=2025-06-07 21:00:00+00:00
[2025-06-07T14:44:19.499+0000] {processor.py:183} INFO - Processing /opt/airflow/dags/entrenamiento_modelos_regresion_dag.py took 0.112 seconds
[2025-06-07T14:44:49.963+0000] {processor.py:161} INFO - Started process (PID=1317) to work on /opt/airflow/dags/entrenamiento_modelos_regresion_dag.py
[2025-06-07T14:44:49.968+0000] {processor.py:830} INFO - Processing file /opt/airflow/dags/entrenamiento_modelos_regresion_dag.py for tasks to queue
[2025-06-07T14:44:49.969+0000] {logging_mixin.py:188} INFO - [2025-06-07T14:44:49.969+0000] {dagbag.py:538} INFO - Filling up the DagBag from /opt/airflow/dags/entrenamiento_modelos_regresion_dag.py
[2025-06-07T14:44:49.983+0000] {processor.py:840} INFO - DAG(s) 'entrenamiento_modelos_regresion' retrieved from /opt/airflow/dags/entrenamiento_modelos_regresion_dag.py
[2025-06-07T14:44:50.014+0000] {logging_mixin.py:188} INFO - [2025-06-07T14:44:50.014+0000] {dag.py:3036} INFO - Sync 1 DAGs
[2025-06-07T14:44:50.040+0000] {logging_mixin.py:188} INFO - [2025-06-07T14:44:50.039+0000] {dag.py:3823} INFO - Setting next_dagrun for entrenamiento_modelos_regresion to 2025-06-06 21:00:00+00:00, run_after=2025-06-07 21:00:00+00:00
[2025-06-07T14:44:50.066+0000] {processor.py:183} INFO - Processing /opt/airflow/dags/entrenamiento_modelos_regresion_dag.py took 0.108 seconds
[2025-06-07T14:45:20.276+0000] {processor.py:161} INFO - Started process (PID=1348) to work on /opt/airflow/dags/entrenamiento_modelos_regresion_dag.py
[2025-06-07T14:45:20.281+0000] {processor.py:830} INFO - Processing file /opt/airflow/dags/entrenamiento_modelos_regresion_dag.py for tasks to queue
[2025-06-07T14:45:20.282+0000] {logging_mixin.py:188} INFO - [2025-06-07T14:45:20.281+0000] {dagbag.py:538} INFO - Filling up the DagBag from /opt/airflow/dags/entrenamiento_modelos_regresion_dag.py
[2025-06-07T14:45:20.295+0000] {processor.py:840} INFO - DAG(s) 'entrenamiento_modelos_regresion' retrieved from /opt/airflow/dags/entrenamiento_modelos_regresion_dag.py
[2025-06-07T14:45:20.328+0000] {logging_mixin.py:188} INFO - [2025-06-07T14:45:20.328+0000] {dag.py:3036} INFO - Sync 1 DAGs
[2025-06-07T14:45:20.353+0000] {logging_mixin.py:188} INFO - [2025-06-07T14:45:20.353+0000] {dag.py:3823} INFO - Setting next_dagrun for entrenamiento_modelos_regresion to 2025-06-06 21:00:00+00:00, run_after=2025-06-07 21:00:00+00:00
[2025-06-07T14:45:20.380+0000] {processor.py:183} INFO - Processing /opt/airflow/dags/entrenamiento_modelos_regresion_dag.py took 0.110 seconds
[2025-06-07T14:45:50.785+0000] {processor.py:161} INFO - Started process (PID=1364) to work on /opt/airflow/dags/entrenamiento_modelos_regresion_dag.py
[2025-06-07T14:45:50.790+0000] {processor.py:830} INFO - Processing file /opt/airflow/dags/entrenamiento_modelos_regresion_dag.py for tasks to queue
[2025-06-07T14:45:50.791+0000] {logging_mixin.py:188} INFO - [2025-06-07T14:45:50.790+0000] {dagbag.py:538} INFO - Filling up the DagBag from /opt/airflow/dags/entrenamiento_modelos_regresion_dag.py
[2025-06-07T14:45:50.805+0000] {processor.py:840} INFO - DAG(s) 'entrenamiento_modelos_regresion' retrieved from /opt/airflow/dags/entrenamiento_modelos_regresion_dag.py
[2025-06-07T14:45:50.838+0000] {logging_mixin.py:188} INFO - [2025-06-07T14:45:50.838+0000] {dag.py:3036} INFO - Sync 1 DAGs
[2025-06-07T14:45:50.881+0000] {logging_mixin.py:188} INFO - [2025-06-07T14:45:50.881+0000] {dag.py:3823} INFO - Setting next_dagrun for entrenamiento_modelos_regresion to 2025-06-06 21:00:00+00:00, run_after=2025-06-07 21:00:00+00:00
[2025-06-07T14:45:50.906+0000] {processor.py:183} INFO - Processing /opt/airflow/dags/entrenamiento_modelos_regresion_dag.py took 0.125 seconds
[2025-06-07T14:46:21.354+0000] {processor.py:161} INFO - Started process (PID=1395) to work on /opt/airflow/dags/entrenamiento_modelos_regresion_dag.py
[2025-06-07T14:46:21.364+0000] {processor.py:830} INFO - Processing file /opt/airflow/dags/entrenamiento_modelos_regresion_dag.py for tasks to queue
[2025-06-07T14:46:21.366+0000] {logging_mixin.py:188} INFO - [2025-06-07T14:46:21.365+0000] {dagbag.py:538} INFO - Filling up the DagBag from /opt/airflow/dags/entrenamiento_modelos_regresion_dag.py
[2025-06-07T14:46:21.392+0000] {processor.py:840} INFO - DAG(s) 'entrenamiento_modelos_regresion' retrieved from /opt/airflow/dags/entrenamiento_modelos_regresion_dag.py
[2025-06-07T14:46:21.423+0000] {logging_mixin.py:188} INFO - [2025-06-07T14:46:21.423+0000] {dag.py:3036} INFO - Sync 1 DAGs
[2025-06-07T14:46:21.449+0000] {logging_mixin.py:188} INFO - [2025-06-07T14:46:21.449+0000] {dag.py:3823} INFO - Setting next_dagrun for entrenamiento_modelos_regresion to 2025-06-06 21:00:00+00:00, run_after=2025-06-07 21:00:00+00:00
[2025-06-07T14:46:21.474+0000] {processor.py:183} INFO - Processing /opt/airflow/dags/entrenamiento_modelos_regresion_dag.py took 0.135 seconds
[2025-06-07T14:46:51.907+0000] {processor.py:161} INFO - Started process (PID=1411) to work on /opt/airflow/dags/entrenamiento_modelos_regresion_dag.py
[2025-06-07T14:46:51.909+0000] {processor.py:830} INFO - Processing file /opt/airflow/dags/entrenamiento_modelos_regresion_dag.py for tasks to queue
[2025-06-07T14:46:51.910+0000] {logging_mixin.py:188} INFO - [2025-06-07T14:46:51.910+0000] {dagbag.py:538} INFO - Filling up the DagBag from /opt/airflow/dags/entrenamiento_modelos_regresion_dag.py
[2025-06-07T14:46:51.928+0000] {processor.py:840} INFO - DAG(s) 'entrenamiento_modelos_regresion' retrieved from /opt/airflow/dags/entrenamiento_modelos_regresion_dag.py
[2025-06-07T14:46:51.969+0000] {logging_mixin.py:188} INFO - [2025-06-07T14:46:51.969+0000] {dag.py:3036} INFO - Sync 1 DAGs
[2025-06-07T14:46:52.001+0000] {logging_mixin.py:188} INFO - [2025-06-07T14:46:52.001+0000] {dag.py:3823} INFO - Setting next_dagrun for entrenamiento_modelos_regresion to 2025-06-06 21:00:00+00:00, run_after=2025-06-07 21:00:00+00:00
[2025-06-07T14:46:52.028+0000] {processor.py:183} INFO - Processing /opt/airflow/dags/entrenamiento_modelos_regresion_dag.py took 0.130 seconds
