[2025-06-07T14:37:37.852+0000] {processor.py:161} INFO - Started process (PID=180) to work on /opt/airflow/dags/scraping_autopia_dag.py
[2025-06-07T14:37:37.856+0000] {processor.py:830} INFO - Processing file /opt/airflow/dags/scraping_autopia_dag.py for tasks to queue
[2025-06-07T14:37:37.858+0000] {logging_mixin.py:188} INFO - [2025-06-07T14:37:37.857+0000] {dagbag.py:538} INFO - Filling up the DagBag from /opt/airflow/dags/scraping_autopia_dag.py
[2025-06-07T14:37:40.447+0000] {processor.py:840} INFO - DAG(s) 'scraping_autopia_dag' retrieved from /opt/airflow/dags/scraping_autopia_dag.py
[2025-06-07T14:37:40.519+0000] {logging_mixin.py:188} INFO - [2025-06-07T14:37:40.518+0000] {dag.py:3036} INFO - Sync 1 DAGs
[2025-06-07T14:37:40.548+0000] {logging_mixin.py:188} INFO - [2025-06-07T14:37:40.548+0000] {dag.py:3823} INFO - Setting next_dagrun for scraping_autopia_dag to None, run_after=None
[2025-06-07T14:37:40.581+0000] {processor.py:183} INFO - Processing /opt/airflow/dags/scraping_autopia_dag.py took 2.747 seconds
[2025-06-07T14:38:11.161+0000] {processor.py:161} INFO - Started process (PID=227) to work on /opt/airflow/dags/scraping_autopia_dag.py
[2025-06-07T14:38:11.164+0000] {processor.py:830} INFO - Processing file /opt/airflow/dags/scraping_autopia_dag.py for tasks to queue
[2025-06-07T14:38:11.168+0000] {logging_mixin.py:188} INFO - [2025-06-07T14:38:11.166+0000] {dagbag.py:538} INFO - Filling up the DagBag from /opt/airflow/dags/scraping_autopia_dag.py
[2025-06-07T14:38:12.408+0000] {processor.py:840} INFO - DAG(s) 'scraping_autopia_dag' retrieved from /opt/airflow/dags/scraping_autopia_dag.py
[2025-06-07T14:38:12.455+0000] {logging_mixin.py:188} INFO - [2025-06-07T14:38:12.454+0000] {dag.py:3036} INFO - Sync 1 DAGs
[2025-06-07T14:38:12.481+0000] {logging_mixin.py:188} INFO - [2025-06-07T14:38:12.481+0000] {dag.py:3823} INFO - Setting next_dagrun for scraping_autopia_dag to None, run_after=None
[2025-06-07T14:38:12.514+0000] {processor.py:183} INFO - Processing /opt/airflow/dags/scraping_autopia_dag.py took 1.360 seconds
[2025-06-07T14:39:04.642+0000] {processor.py:161} INFO - Started process (PID=180) to work on /opt/airflow/dags/scraping_autopia_dag.py
[2025-06-07T14:39:04.644+0000] {processor.py:830} INFO - Processing file /opt/airflow/dags/scraping_autopia_dag.py for tasks to queue
[2025-06-07T14:39:04.646+0000] {logging_mixin.py:188} INFO - [2025-06-07T14:39:04.645+0000] {dagbag.py:538} INFO - Filling up the DagBag from /opt/airflow/dags/scraping_autopia_dag.py
[2025-06-07T14:39:06.765+0000] {processor.py:840} INFO - DAG(s) 'scraping_autopia_dag' retrieved from /opt/airflow/dags/scraping_autopia_dag.py
[2025-06-07T14:39:06.934+0000] {logging_mixin.py:188} INFO - [2025-06-07T14:39:06.934+0000] {dag.py:3036} INFO - Sync 1 DAGs
[2025-06-07T14:39:06.948+0000] {logging_mixin.py:188} INFO - [2025-06-07T14:39:06.947+0000] {dag.py:3823} INFO - Setting next_dagrun for scraping_autopia_dag to None, run_after=None
[2025-06-07T14:39:06.980+0000] {processor.py:183} INFO - Processing /opt/airflow/dags/scraping_autopia_dag.py took 2.346 seconds
[2025-06-07T14:39:37.804+0000] {processor.py:161} INFO - Started process (PID=207) to work on /opt/airflow/dags/scraping_autopia_dag.py
[2025-06-07T14:39:37.808+0000] {processor.py:830} INFO - Processing file /opt/airflow/dags/scraping_autopia_dag.py for tasks to queue
[2025-06-07T14:39:37.809+0000] {logging_mixin.py:188} INFO - [2025-06-07T14:39:37.809+0000] {dagbag.py:538} INFO - Filling up the DagBag from /opt/airflow/dags/scraping_autopia_dag.py
[2025-06-07T14:39:38.620+0000] {processor.py:840} INFO - DAG(s) 'scraping_autopia_dag' retrieved from /opt/airflow/dags/scraping_autopia_dag.py
[2025-06-07T14:39:38.665+0000] {logging_mixin.py:188} INFO - [2025-06-07T14:39:38.664+0000] {dag.py:3036} INFO - Sync 1 DAGs
[2025-06-07T14:39:38.695+0000] {logging_mixin.py:188} INFO - [2025-06-07T14:39:38.695+0000] {dag.py:3823} INFO - Setting next_dagrun for scraping_autopia_dag to None, run_after=None
[2025-06-07T14:39:38.730+0000] {processor.py:183} INFO - Processing /opt/airflow/dags/scraping_autopia_dag.py took 0.930 seconds
[2025-06-07T14:40:09.442+0000] {processor.py:161} INFO - Started process (PID=238) to work on /opt/airflow/dags/scraping_autopia_dag.py
[2025-06-07T14:40:09.447+0000] {processor.py:830} INFO - Processing file /opt/airflow/dags/scraping_autopia_dag.py for tasks to queue
[2025-06-07T14:40:09.448+0000] {logging_mixin.py:188} INFO - [2025-06-07T14:40:09.447+0000] {dagbag.py:538} INFO - Filling up the DagBag from /opt/airflow/dags/scraping_autopia_dag.py
[2025-06-07T14:40:10.005+0000] {processor.py:840} INFO - DAG(s) 'scraping_autopia_dag' retrieved from /opt/airflow/dags/scraping_autopia_dag.py
[2025-06-07T14:40:10.029+0000] {logging_mixin.py:188} INFO - [2025-06-07T14:40:10.029+0000] {dag.py:3036} INFO - Sync 1 DAGs
[2025-06-07T14:40:10.040+0000] {logging_mixin.py:188} INFO - [2025-06-07T14:40:10.039+0000] {dag.py:3823} INFO - Setting next_dagrun for scraping_autopia_dag to None, run_after=None
[2025-06-07T14:40:10.063+0000] {processor.py:183} INFO - Processing /opt/airflow/dags/scraping_autopia_dag.py took 0.626 seconds
[2025-06-07T14:40:40.946+0000] {processor.py:161} INFO - Started process (PID=324) to work on /opt/airflow/dags/scraping_autopia_dag.py
[2025-06-07T14:40:40.948+0000] {processor.py:830} INFO - Processing file /opt/airflow/dags/scraping_autopia_dag.py for tasks to queue
[2025-06-07T14:40:40.949+0000] {logging_mixin.py:188} INFO - [2025-06-07T14:40:40.949+0000] {dagbag.py:538} INFO - Filling up the DagBag from /opt/airflow/dags/scraping_autopia_dag.py
[2025-06-07T14:40:42.583+0000] {processor.py:840} INFO - DAG(s) 'scraping_autopia_dag' retrieved from /opt/airflow/dags/scraping_autopia_dag.py
[2025-06-07T14:40:42.622+0000] {logging_mixin.py:188} INFO - [2025-06-07T14:40:42.622+0000] {dag.py:3036} INFO - Sync 1 DAGs
[2025-06-07T14:40:42.639+0000] {logging_mixin.py:188} INFO - [2025-06-07T14:40:42.638+0000] {dag.py:3823} INFO - Setting next_dagrun for scraping_autopia_dag to None, run_after=None
[2025-06-07T14:40:42.670+0000] {processor.py:183} INFO - Processing /opt/airflow/dags/scraping_autopia_dag.py took 1.731 seconds
[2025-06-07T14:41:13.449+0000] {processor.py:161} INFO - Started process (PID=462) to work on /opt/airflow/dags/scraping_autopia_dag.py
[2025-06-07T14:41:13.454+0000] {processor.py:830} INFO - Processing file /opt/airflow/dags/scraping_autopia_dag.py for tasks to queue
[2025-06-07T14:41:13.456+0000] {logging_mixin.py:188} INFO - [2025-06-07T14:41:13.455+0000] {dagbag.py:538} INFO - Filling up the DagBag from /opt/airflow/dags/scraping_autopia_dag.py
[2025-06-07T14:41:14.132+0000] {processor.py:840} INFO - DAG(s) 'scraping_autopia_dag' retrieved from /opt/airflow/dags/scraping_autopia_dag.py
[2025-06-07T14:41:14.163+0000] {logging_mixin.py:188} INFO - [2025-06-07T14:41:14.163+0000] {dag.py:3036} INFO - Sync 1 DAGs
[2025-06-07T14:41:14.179+0000] {logging_mixin.py:188} INFO - [2025-06-07T14:41:14.178+0000] {dag.py:3823} INFO - Setting next_dagrun for scraping_autopia_dag to None, run_after=None
[2025-06-07T14:41:14.206+0000] {processor.py:183} INFO - Processing /opt/airflow/dags/scraping_autopia_dag.py took 0.765 seconds
[2025-06-07T14:41:44.678+0000] {processor.py:161} INFO - Started process (PID=550) to work on /opt/airflow/dags/scraping_autopia_dag.py
[2025-06-07T14:41:44.680+0000] {processor.py:830} INFO - Processing file /opt/airflow/dags/scraping_autopia_dag.py for tasks to queue
[2025-06-07T14:41:44.683+0000] {logging_mixin.py:188} INFO - [2025-06-07T14:41:44.681+0000] {dagbag.py:538} INFO - Filling up the DagBag from /opt/airflow/dags/scraping_autopia_dag.py
[2025-06-07T14:41:46.068+0000] {processor.py:840} INFO - DAG(s) 'scraping_autopia_dag' retrieved from /opt/airflow/dags/scraping_autopia_dag.py
[2025-06-07T14:41:47.403+0000] {logging_mixin.py:188} INFO - [2025-06-07T14:41:47.403+0000] {dag.py:3036} INFO - Sync 1 DAGs
[2025-06-07T14:41:48.347+0000] {logging_mixin.py:188} INFO - [2025-06-07T14:41:48.347+0000] {dag.py:3823} INFO - Setting next_dagrun for scraping_autopia_dag to None, run_after=None
[2025-06-07T14:41:48.606+0000] {processor.py:183} INFO - Processing /opt/airflow/dags/scraping_autopia_dag.py took 3.934 seconds
[2025-06-07T14:42:18.707+0000] {processor.py:161} INFO - Started process (PID=678) to work on /opt/airflow/dags/scraping_autopia_dag.py
[2025-06-07T14:42:18.713+0000] {processor.py:830} INFO - Processing file /opt/airflow/dags/scraping_autopia_dag.py for tasks to queue
[2025-06-07T14:42:18.715+0000] {logging_mixin.py:188} INFO - [2025-06-07T14:42:18.714+0000] {dagbag.py:538} INFO - Filling up the DagBag from /opt/airflow/dags/scraping_autopia_dag.py
[2025-06-07T14:42:20.211+0000] {processor.py:840} INFO - DAG(s) 'scraping_autopia_dag' retrieved from /opt/airflow/dags/scraping_autopia_dag.py
[2025-06-07T14:42:20.238+0000] {logging_mixin.py:188} INFO - [2025-06-07T14:42:20.238+0000] {dag.py:3036} INFO - Sync 1 DAGs
[2025-06-07T14:42:20.249+0000] {logging_mixin.py:188} INFO - [2025-06-07T14:42:20.249+0000] {dag.py:3823} INFO - Setting next_dagrun for scraping_autopia_dag to None, run_after=None
[2025-06-07T14:42:20.274+0000] {processor.py:183} INFO - Processing /opt/airflow/dags/scraping_autopia_dag.py took 1.577 seconds
[2025-06-07T14:42:50.854+0000] {processor.py:161} INFO - Started process (PID=795) to work on /opt/airflow/dags/scraping_autopia_dag.py
[2025-06-07T14:42:50.856+0000] {processor.py:830} INFO - Processing file /opt/airflow/dags/scraping_autopia_dag.py for tasks to queue
[2025-06-07T14:42:50.857+0000] {logging_mixin.py:188} INFO - [2025-06-07T14:42:50.857+0000] {dagbag.py:538} INFO - Filling up the DagBag from /opt/airflow/dags/scraping_autopia_dag.py
[2025-06-07T14:42:51.358+0000] {processor.py:840} INFO - DAG(s) 'scraping_autopia_dag' retrieved from /opt/airflow/dags/scraping_autopia_dag.py
[2025-06-07T14:42:51.386+0000] {logging_mixin.py:188} INFO - [2025-06-07T14:42:51.386+0000] {dag.py:3036} INFO - Sync 1 DAGs
[2025-06-07T14:42:51.399+0000] {logging_mixin.py:188} INFO - [2025-06-07T14:42:51.399+0000] {dag.py:3823} INFO - Setting next_dagrun for scraping_autopia_dag to None, run_after=None
[2025-06-07T14:42:51.424+0000] {processor.py:183} INFO - Processing /opt/airflow/dags/scraping_autopia_dag.py took 0.573 seconds
[2025-06-07T14:43:21.579+0000] {processor.py:161} INFO - Started process (PID=925) to work on /opt/airflow/dags/scraping_autopia_dag.py
[2025-06-07T14:43:21.581+0000] {processor.py:830} INFO - Processing file /opt/airflow/dags/scraping_autopia_dag.py for tasks to queue
[2025-06-07T14:43:21.582+0000] {logging_mixin.py:188} INFO - [2025-06-07T14:43:21.581+0000] {dagbag.py:538} INFO - Filling up the DagBag from /opt/airflow/dags/scraping_autopia_dag.py
[2025-06-07T14:43:22.511+0000] {processor.py:840} INFO - DAG(s) 'scraping_autopia_dag' retrieved from /opt/airflow/dags/scraping_autopia_dag.py
[2025-06-07T14:43:22.568+0000] {logging_mixin.py:188} INFO - [2025-06-07T14:43:22.567+0000] {dag.py:3036} INFO - Sync 1 DAGs
[2025-06-07T14:43:22.594+0000] {logging_mixin.py:188} INFO - [2025-06-07T14:43:22.594+0000] {dag.py:3823} INFO - Setting next_dagrun for scraping_autopia_dag to None, run_after=None
[2025-06-07T14:43:22.636+0000] {processor.py:183} INFO - Processing /opt/airflow/dags/scraping_autopia_dag.py took 1.707 seconds
[2025-06-07T14:43:53.273+0000] {processor.py:161} INFO - Started process (PID=1192) to work on /opt/airflow/dags/scraping_autopia_dag.py
[2025-06-07T14:43:53.275+0000] {processor.py:830} INFO - Processing file /opt/airflow/dags/scraping_autopia_dag.py for tasks to queue
[2025-06-07T14:43:53.276+0000] {logging_mixin.py:188} INFO - [2025-06-07T14:43:53.276+0000] {dagbag.py:538} INFO - Filling up the DagBag from /opt/airflow/dags/scraping_autopia_dag.py
[2025-06-07T14:43:55.115+0000] {processor.py:840} INFO - DAG(s) 'scraping_autopia_dag' retrieved from /opt/airflow/dags/scraping_autopia_dag.py
[2025-06-07T14:43:55.140+0000] {logging_mixin.py:188} INFO - [2025-06-07T14:43:55.140+0000] {dag.py:3036} INFO - Sync 1 DAGs
[2025-06-07T14:43:55.152+0000] {logging_mixin.py:188} INFO - [2025-06-07T14:43:55.152+0000] {dag.py:3823} INFO - Setting next_dagrun for scraping_autopia_dag to None, run_after=None
[2025-06-07T14:43:55.178+0000] {processor.py:183} INFO - Processing /opt/airflow/dags/scraping_autopia_dag.py took 1.909 seconds
[2025-06-07T14:44:25.819+0000] {processor.py:161} INFO - Started process (PID=1311) to work on /opt/airflow/dags/scraping_autopia_dag.py
[2025-06-07T14:44:25.820+0000] {processor.py:830} INFO - Processing file /opt/airflow/dags/scraping_autopia_dag.py for tasks to queue
[2025-06-07T14:44:25.821+0000] {logging_mixin.py:188} INFO - [2025-06-07T14:44:25.821+0000] {dagbag.py:538} INFO - Filling up the DagBag from /opt/airflow/dags/scraping_autopia_dag.py
[2025-06-07T14:44:26.302+0000] {processor.py:840} INFO - DAG(s) 'scraping_autopia_dag' retrieved from /opt/airflow/dags/scraping_autopia_dag.py
[2025-06-07T14:44:26.327+0000] {logging_mixin.py:188} INFO - [2025-06-07T14:44:26.326+0000] {dag.py:3036} INFO - Sync 1 DAGs
[2025-06-07T14:44:26.337+0000] {logging_mixin.py:188} INFO - [2025-06-07T14:44:26.337+0000] {dag.py:3823} INFO - Setting next_dagrun for scraping_autopia_dag to None, run_after=None
[2025-06-07T14:44:26.357+0000] {processor.py:183} INFO - Processing /opt/airflow/dags/scraping_autopia_dag.py took 0.542 seconds
[2025-06-07T14:44:57.265+0000] {processor.py:161} INFO - Started process (PID=1327) to work on /opt/airflow/dags/scraping_autopia_dag.py
[2025-06-07T14:44:57.270+0000] {processor.py:830} INFO - Processing file /opt/airflow/dags/scraping_autopia_dag.py for tasks to queue
[2025-06-07T14:44:57.272+0000] {logging_mixin.py:188} INFO - [2025-06-07T14:44:57.271+0000] {dagbag.py:538} INFO - Filling up the DagBag from /opt/airflow/dags/scraping_autopia_dag.py
[2025-06-07T14:44:57.769+0000] {processor.py:840} INFO - DAG(s) 'scraping_autopia_dag' retrieved from /opt/airflow/dags/scraping_autopia_dag.py
[2025-06-07T14:44:57.816+0000] {logging_mixin.py:188} INFO - [2025-06-07T14:44:57.815+0000] {dag.py:3036} INFO - Sync 1 DAGs
[2025-06-07T14:44:57.838+0000] {logging_mixin.py:188} INFO - [2025-06-07T14:44:57.838+0000] {dag.py:3823} INFO - Setting next_dagrun for scraping_autopia_dag to None, run_after=None
[2025-06-07T14:44:57.862+0000] {processor.py:183} INFO - Processing /opt/airflow/dags/scraping_autopia_dag.py took 0.603 seconds
[2025-06-07T14:45:28.351+0000] {processor.py:161} INFO - Started process (PID=1358) to work on /opt/airflow/dags/scraping_autopia_dag.py
[2025-06-07T14:45:28.357+0000] {processor.py:830} INFO - Processing file /opt/airflow/dags/scraping_autopia_dag.py for tasks to queue
[2025-06-07T14:45:28.360+0000] {logging_mixin.py:188} INFO - [2025-06-07T14:45:28.359+0000] {dagbag.py:538} INFO - Filling up the DagBag from /opt/airflow/dags/scraping_autopia_dag.py
[2025-06-07T14:45:28.870+0000] {processor.py:840} INFO - DAG(s) 'scraping_autopia_dag' retrieved from /opt/airflow/dags/scraping_autopia_dag.py
[2025-06-07T14:45:28.896+0000] {logging_mixin.py:188} INFO - [2025-06-07T14:45:28.895+0000] {dag.py:3036} INFO - Sync 1 DAGs
[2025-06-07T14:45:28.907+0000] {logging_mixin.py:188} INFO - [2025-06-07T14:45:28.906+0000] {dag.py:3823} INFO - Setting next_dagrun for scraping_autopia_dag to None, run_after=None
[2025-06-07T14:45:28.932+0000] {processor.py:183} INFO - Processing /opt/airflow/dags/scraping_autopia_dag.py took 0.586 seconds
[2025-06-07T14:45:58.973+0000] {processor.py:161} INFO - Started process (PID=1374) to work on /opt/airflow/dags/scraping_autopia_dag.py
[2025-06-07T14:45:58.977+0000] {processor.py:830} INFO - Processing file /opt/airflow/dags/scraping_autopia_dag.py for tasks to queue
[2025-06-07T14:45:58.978+0000] {logging_mixin.py:188} INFO - [2025-06-07T14:45:58.978+0000] {dagbag.py:538} INFO - Filling up the DagBag from /opt/airflow/dags/scraping_autopia_dag.py
[2025-06-07T14:45:59.435+0000] {processor.py:840} INFO - DAG(s) 'scraping_autopia_dag' retrieved from /opt/airflow/dags/scraping_autopia_dag.py
[2025-06-07T14:45:59.460+0000] {logging_mixin.py:188} INFO - [2025-06-07T14:45:59.460+0000] {dag.py:3036} INFO - Sync 1 DAGs
[2025-06-07T14:45:59.474+0000] {logging_mixin.py:188} INFO - [2025-06-07T14:45:59.474+0000] {dag.py:3823} INFO - Setting next_dagrun for scraping_autopia_dag to None, run_after=None
[2025-06-07T14:45:59.495+0000] {processor.py:183} INFO - Processing /opt/airflow/dags/scraping_autopia_dag.py took 0.526 seconds
[2025-06-07T14:46:29.543+0000] {processor.py:161} INFO - Started process (PID=1405) to work on /opt/airflow/dags/scraping_autopia_dag.py
[2025-06-07T14:46:29.545+0000] {processor.py:830} INFO - Processing file /opt/airflow/dags/scraping_autopia_dag.py for tasks to queue
[2025-06-07T14:46:29.546+0000] {logging_mixin.py:188} INFO - [2025-06-07T14:46:29.546+0000] {dagbag.py:538} INFO - Filling up the DagBag from /opt/airflow/dags/scraping_autopia_dag.py
[2025-06-07T14:46:30.025+0000] {processor.py:840} INFO - DAG(s) 'scraping_autopia_dag' retrieved from /opt/airflow/dags/scraping_autopia_dag.py
[2025-06-07T14:46:30.051+0000] {logging_mixin.py:188} INFO - [2025-06-07T14:46:30.051+0000] {dag.py:3036} INFO - Sync 1 DAGs
[2025-06-07T14:46:30.063+0000] {logging_mixin.py:188} INFO - [2025-06-07T14:46:30.062+0000] {dag.py:3823} INFO - Setting next_dagrun for scraping_autopia_dag to None, run_after=None
[2025-06-07T14:46:30.088+0000] {processor.py:183} INFO - Processing /opt/airflow/dags/scraping_autopia_dag.py took 0.550 seconds
[2025-06-07T14:47:00.979+0000] {processor.py:161} INFO - Started process (PID=1421) to work on /opt/airflow/dags/scraping_autopia_dag.py
[2025-06-07T14:47:00.985+0000] {processor.py:830} INFO - Processing file /opt/airflow/dags/scraping_autopia_dag.py for tasks to queue
[2025-06-07T14:47:00.987+0000] {logging_mixin.py:188} INFO - [2025-06-07T14:47:00.987+0000] {dagbag.py:538} INFO - Filling up the DagBag from /opt/airflow/dags/scraping_autopia_dag.py
[2025-06-07T14:47:01.548+0000] {processor.py:840} INFO - DAG(s) 'scraping_autopia_dag' retrieved from /opt/airflow/dags/scraping_autopia_dag.py
[2025-06-07T14:47:01.572+0000] {logging_mixin.py:188} INFO - [2025-06-07T14:47:01.572+0000] {dag.py:3036} INFO - Sync 1 DAGs
[2025-06-07T14:47:01.583+0000] {logging_mixin.py:188} INFO - [2025-06-07T14:47:01.583+0000] {dag.py:3823} INFO - Setting next_dagrun for scraping_autopia_dag to None, run_after=None
[2025-06-07T14:47:01.606+0000] {processor.py:183} INFO - Processing /opt/airflow/dags/scraping_autopia_dag.py took 0.635 seconds
