[2025-06-07T14:40:32.274+0000] {taskinstance.py:1956} INFO - Dependencies all met for dep_context=non-requeueable deps ti=<TaskInstance: scraping_autopia_dag.scrapear_datos_autopia manual__2025-06-07T14:40:29.121136+00:00 [queued]>
[2025-06-07T14:40:32.286+0000] {taskinstance.py:1956} INFO - Dependencies all met for dep_context=requeueable deps ti=<TaskInstance: scraping_autopia_dag.scrapear_datos_autopia manual__2025-06-07T14:40:29.121136+00:00 [queued]>
[2025-06-07T14:40:32.286+0000] {taskinstance.py:2170} INFO - Starting attempt 1 of 1
[2025-06-07T14:40:32.303+0000] {taskinstance.py:2191} INFO - Executing <Task(PythonOperator): scrapear_datos_autopia> on 2025-06-07 14:40:29.121136+00:00
[2025-06-07T14:40:32.309+0000] {standard_task_runner.py:60} INFO - Started process 246 to run task
[2025-06-07T14:40:32.315+0000] {standard_task_runner.py:87} INFO - Running: ['***', 'tasks', 'run', 'scraping_autopia_dag', 'scrapear_datos_autopia', 'manual__2025-06-07T14:40:29.121136+00:00', '--job-id', '24', '--raw', '--subdir', 'DAGS_FOLDER/scraping_autopia_dag.py', '--cfg-path', '/tmp/tmpyvs9nhf2']
[2025-06-07T14:40:32.319+0000] {standard_task_runner.py:88} INFO - Job 24: Subtask scrapear_datos_autopia
[2025-06-07T14:40:32.465+0000] {task_command.py:423} INFO - Running <TaskInstance: scraping_autopia_dag.scrapear_datos_autopia manual__2025-06-07T14:40:29.121136+00:00 [running]> on host 2f8338b0b2ef
[2025-06-07T14:40:32.668+0000] {taskinstance.py:2480} INFO - Exporting env vars: AIRFLOW_CTX_DAG_OWNER='***' AIRFLOW_CTX_DAG_ID='scraping_autopia_dag' AIRFLOW_CTX_TASK_ID='scrapear_datos_autopia' AIRFLOW_CTX_EXECUTION_DATE='2025-06-07T14:40:29.121136+00:00' AIRFLOW_CTX_TRY_NUMBER='1' AIRFLOW_CTX_DAG_RUN_ID='manual__2025-06-07T14:40:29.121136+00:00'
[2025-06-07T14:40:43.680+0000] {logging_mixin.py:188} INFO - 🔁 Clic en 'Cargar más'
[2025-06-07T14:40:45.283+0000] {logging_mixin.py:188} INFO - ✅ Ya no se cargan más autos, detenemos los clics.
[2025-06-07T14:40:45.297+0000] {logging_mixin.py:188} INFO - ➡️ Total de publicaciones visibles: 47
[2025-06-07T14:40:49.688+0000] {logging_mixin.py:188} INFO - ✔️ Anuncio 1/47
[2025-06-07T14:40:53.819+0000] {logging_mixin.py:188} INFO - ✔️ Anuncio 2/47
[2025-06-07T14:40:56.256+0000] {logging_mixin.py:188} INFO - ✔️ Anuncio 3/47
[2025-06-07T14:40:59.851+0000] {logging_mixin.py:188} INFO - ✔️ Anuncio 4/47
[2025-06-07T14:41:04.540+0000] {logging_mixin.py:188} INFO - ✔️ Anuncio 5/47
[2025-06-07T14:41:06.770+0000] {logging_mixin.py:188} INFO - ✔️ Anuncio 6/47
[2025-06-07T14:41:09.012+0000] {logging_mixin.py:188} INFO - ✔️ Anuncio 7/47
[2025-06-07T14:41:13.146+0000] {logging_mixin.py:188} INFO - ✔️ Anuncio 8/47
[2025-06-07T14:41:17.272+0000] {logging_mixin.py:188} INFO - ✔️ Anuncio 9/47
[2025-06-07T14:41:21.647+0000] {logging_mixin.py:188} INFO - ✔️ Anuncio 10/47
[2025-06-07T14:41:25.193+0000] {logging_mixin.py:188} INFO - ✔️ Anuncio 11/47
[2025-06-07T14:41:29.302+0000] {logging_mixin.py:188} INFO - ✔️ Anuncio 12/47
[2025-06-07T14:41:36.574+0000] {logging_mixin.py:188} INFO - ✔️ Anuncio 13/47
[2025-06-07T14:41:40.767+0000] {logging_mixin.py:188} INFO - ✔️ Anuncio 14/47
[2025-06-07T14:41:47.349+0000] {logging_mixin.py:188} INFO - ✔️ Anuncio 15/47
[2025-06-07T14:41:51.625+0000] {logging_mixin.py:188} INFO - ✔️ Anuncio 16/47
[2025-06-07T14:41:56.008+0000] {logging_mixin.py:188} INFO - ✔️ Anuncio 17/47
[2025-06-07T14:42:00.178+0000] {logging_mixin.py:188} INFO - ✔️ Anuncio 18/47
[2025-06-07T14:42:05.192+0000] {logging_mixin.py:188} INFO - ✔️ Anuncio 19/47
[2025-06-07T14:42:09.889+0000] {logging_mixin.py:188} INFO - ✔️ Anuncio 20/47
[2025-06-07T14:42:14.153+0000] {logging_mixin.py:188} INFO - ✔️ Anuncio 21/47
[2025-06-07T14:42:18.317+0000] {logging_mixin.py:188} INFO - ✔️ Anuncio 22/47
[2025-06-07T14:42:22.402+0000] {logging_mixin.py:188} INFO - ✔️ Anuncio 23/47
[2025-06-07T14:42:25.788+0000] {logging_mixin.py:188} INFO - ✔️ Anuncio 24/47
[2025-06-07T14:42:29.716+0000] {logging_mixin.py:188} INFO - ✔️ Anuncio 25/47
[2025-06-07T14:42:33.660+0000] {logging_mixin.py:188} INFO - ✔️ Anuncio 26/47
[2025-06-07T14:42:37.605+0000] {logging_mixin.py:188} INFO - ✔️ Anuncio 27/47
[2025-06-07T14:42:39.977+0000] {logging_mixin.py:188} INFO - ✔️ Anuncio 28/47
[2025-06-07T14:42:44.277+0000] {logging_mixin.py:188} INFO - ✔️ Anuncio 29/47
[2025-06-07T14:42:48.397+0000] {logging_mixin.py:188} INFO - ✔️ Anuncio 30/47
[2025-06-07T14:42:52.366+0000] {logging_mixin.py:188} INFO - ✔️ Anuncio 31/47
[2025-06-07T14:42:55.444+0000] {logging_mixin.py:188} INFO - ✔️ Anuncio 32/47
[2025-06-07T14:42:59.274+0000] {logging_mixin.py:188} INFO - ✔️ Anuncio 33/47
[2025-06-07T14:43:03.988+0000] {logging_mixin.py:188} INFO - ✔️ Anuncio 34/47
[2025-06-07T14:43:08.068+0000] {logging_mixin.py:188} INFO - ✔️ Anuncio 35/47
[2025-06-07T14:43:12.280+0000] {logging_mixin.py:188} INFO - ✔️ Anuncio 36/47
[2025-06-07T14:43:16.317+0000] {logging_mixin.py:188} INFO - ✔️ Anuncio 37/47
[2025-06-07T14:43:18.711+0000] {logging_mixin.py:188} INFO - ✔️ Anuncio 38/47
[2025-06-07T14:43:22.938+0000] {logging_mixin.py:188} INFO - ✔️ Anuncio 39/47
[2025-06-07T14:43:26.440+0000] {logging_mixin.py:188} INFO - ✔️ Anuncio 40/47
[2025-06-07T14:43:30.761+0000] {logging_mixin.py:188} INFO - ✔️ Anuncio 41/47
[2025-06-07T14:43:35.092+0000] {logging_mixin.py:188} INFO - ✔️ Anuncio 42/47
[2025-06-07T14:43:39.695+0000] {logging_mixin.py:188} INFO - ✔️ Anuncio 43/47
[2025-06-07T14:43:43.952+0000] {logging_mixin.py:188} INFO - ✔️ Anuncio 44/47
[2025-06-07T14:43:48.118+0000] {logging_mixin.py:188} INFO - ✔️ Anuncio 45/47
[2025-06-07T14:43:52.199+0000] {logging_mixin.py:188} INFO - ✔️ Anuncio 46/47
[2025-06-07T14:43:55.649+0000] {logging_mixin.py:188} INFO - ✔️ Anuncio 47/47
[2025-06-07T14:43:55.688+0000] {logging_mixin.py:188} INFO - ✅ Guardado final: /opt/***/dags/data/raw/scraped_autopia_2025-06-07.csv con 47 registros.
[2025-06-07T14:43:56.093+0000] {logging_mixin.py:188} INFO - ✅ Scraping terminado. Guardado en /opt/***/dags/data/raw/scraped_autopia_2025-06-07.csv
[2025-06-07T14:43:56.094+0000] {python.py:201} INFO - Done. Returned value was: None
[2025-06-07T14:43:56.110+0000] {taskinstance.py:1138} INFO - Marking task as SUCCESS. dag_id=scraping_autopia_dag, task_id=scrapear_datos_autopia, execution_date=20250607T144029, start_date=20250607T144032, end_date=20250607T144356
[2025-06-07T14:43:56.164+0000] {local_task_job_runner.py:234} INFO - Task exited with return code 0
[2025-06-07T14:43:56.189+0000] {taskinstance.py:3280} INFO - 1 downstream tasks scheduled from follow-on schedule check
