[2025-06-17T22:49:43.630+0000] {processor.py:161} INFO - Started process (PID=183) to work on /opt/airflow/dags/scraping_autopia_dag.py
[2025-06-17T22:49:43.637+0000] {processor.py:830} INFO - Processing file /opt/airflow/dags/scraping_autopia_dag.py for tasks to queue
[2025-06-17T22:49:43.652+0000] {logging_mixin.py:188} INFO - [2025-06-17T22:49:43.640+0000] {dagbag.py:538} INFO - Filling up the DagBag from /opt/airflow/dags/scraping_autopia_dag.py
[2025-06-17T22:49:47.015+0000] {processor.py:840} INFO - DAG(s) 'scraping_autopia_dag' retrieved from /opt/airflow/dags/scraping_autopia_dag.py
[2025-06-17T22:49:47.212+0000] {logging_mixin.py:188} INFO - [2025-06-17T22:49:47.211+0000] {dag.py:3036} INFO - Sync 1 DAGs
[2025-06-17T22:49:47.228+0000] {logging_mixin.py:188} INFO - [2025-06-17T22:49:47.228+0000] {dag.py:3823} INFO - Setting next_dagrun for scraping_autopia_dag to None, run_after=None
[2025-06-17T22:49:47.266+0000] {processor.py:183} INFO - Processing /opt/airflow/dags/scraping_autopia_dag.py took 3.658 seconds
[2025-06-17T22:50:17.677+0000] {processor.py:161} INFO - Started process (PID=251) to work on /opt/airflow/dags/scraping_autopia_dag.py
[2025-06-17T22:50:17.680+0000] {processor.py:830} INFO - Processing file /opt/airflow/dags/scraping_autopia_dag.py for tasks to queue
[2025-06-17T22:50:17.682+0000] {logging_mixin.py:188} INFO - [2025-06-17T22:50:17.681+0000] {dagbag.py:538} INFO - Filling up the DagBag from /opt/airflow/dags/scraping_autopia_dag.py
[2025-06-17T22:50:19.252+0000] {processor.py:840} INFO - DAG(s) 'scraping_autopia_dag' retrieved from /opt/airflow/dags/scraping_autopia_dag.py
[2025-06-17T22:50:19.307+0000] {logging_mixin.py:188} INFO - [2025-06-17T22:50:19.306+0000] {dag.py:3036} INFO - Sync 1 DAGs
[2025-06-17T22:50:19.334+0000] {logging_mixin.py:188} INFO - [2025-06-17T22:50:19.333+0000] {dag.py:3823} INFO - Setting next_dagrun for scraping_autopia_dag to None, run_after=None
[2025-06-17T22:50:19.378+0000] {processor.py:183} INFO - Processing /opt/airflow/dags/scraping_autopia_dag.py took 1.707 seconds
[2025-06-17T22:50:50.431+0000] {processor.py:161} INFO - Started process (PID=272) to work on /opt/airflow/dags/scraping_autopia_dag.py
[2025-06-17T22:50:50.439+0000] {processor.py:830} INFO - Processing file /opt/airflow/dags/scraping_autopia_dag.py for tasks to queue
[2025-06-17T22:50:50.445+0000] {logging_mixin.py:188} INFO - [2025-06-17T22:50:50.443+0000] {dagbag.py:538} INFO - Filling up the DagBag from /opt/airflow/dags/scraping_autopia_dag.py
[2025-06-17T22:50:51.735+0000] {processor.py:840} INFO - DAG(s) 'scraping_autopia_dag' retrieved from /opt/airflow/dags/scraping_autopia_dag.py
[2025-06-17T22:50:51.824+0000] {logging_mixin.py:188} INFO - [2025-06-17T22:50:51.822+0000] {dag.py:3036} INFO - Sync 1 DAGs
[2025-06-17T22:50:51.882+0000] {logging_mixin.py:188} INFO - [2025-06-17T22:50:51.881+0000] {dag.py:3823} INFO - Setting next_dagrun for scraping_autopia_dag to None, run_after=None
[2025-06-17T22:50:51.933+0000] {processor.py:183} INFO - Processing /opt/airflow/dags/scraping_autopia_dag.py took 1.522 seconds
[2025-06-17T22:51:22.841+0000] {processor.py:161} INFO - Started process (PID=308) to work on /opt/airflow/dags/scraping_autopia_dag.py
[2025-06-17T22:51:22.850+0000] {processor.py:830} INFO - Processing file /opt/airflow/dags/scraping_autopia_dag.py for tasks to queue
[2025-06-17T22:51:22.857+0000] {logging_mixin.py:188} INFO - [2025-06-17T22:51:22.854+0000] {dagbag.py:538} INFO - Filling up the DagBag from /opt/airflow/dags/scraping_autopia_dag.py
[2025-06-17T22:51:23.559+0000] {processor.py:840} INFO - DAG(s) 'scraping_autopia_dag' retrieved from /opt/airflow/dags/scraping_autopia_dag.py
[2025-06-17T22:51:23.619+0000] {logging_mixin.py:188} INFO - [2025-06-17T22:51:23.618+0000] {dag.py:3036} INFO - Sync 1 DAGs
[2025-06-17T22:51:23.640+0000] {logging_mixin.py:188} INFO - [2025-06-17T22:51:23.640+0000] {dag.py:3823} INFO - Setting next_dagrun for scraping_autopia_dag to None, run_after=None
[2025-06-17T22:51:23.683+0000] {processor.py:183} INFO - Processing /opt/airflow/dags/scraping_autopia_dag.py took 0.865 seconds
[2025-06-17T22:51:54.090+0000] {processor.py:161} INFO - Started process (PID=329) to work on /opt/airflow/dags/scraping_autopia_dag.py
[2025-06-17T22:51:54.097+0000] {processor.py:830} INFO - Processing file /opt/airflow/dags/scraping_autopia_dag.py for tasks to queue
[2025-06-17T22:51:54.100+0000] {logging_mixin.py:188} INFO - [2025-06-17T22:51:54.099+0000] {dagbag.py:538} INFO - Filling up the DagBag from /opt/airflow/dags/scraping_autopia_dag.py
[2025-06-17T22:51:54.893+0000] {processor.py:840} INFO - DAG(s) 'scraping_autopia_dag' retrieved from /opt/airflow/dags/scraping_autopia_dag.py
[2025-06-17T22:51:54.968+0000] {logging_mixin.py:188} INFO - [2025-06-17T22:51:54.967+0000] {dag.py:3036} INFO - Sync 1 DAGs
[2025-06-17T22:51:55.000+0000] {logging_mixin.py:188} INFO - [2025-06-17T22:51:55.000+0000] {dag.py:3823} INFO - Setting next_dagrun for scraping_autopia_dag to None, run_after=None
[2025-06-17T22:51:55.052+0000] {processor.py:183} INFO - Processing /opt/airflow/dags/scraping_autopia_dag.py took 0.972 seconds
[2025-06-17T22:52:25.464+0000] {processor.py:161} INFO - Started process (PID=365) to work on /opt/airflow/dags/scraping_autopia_dag.py
[2025-06-17T22:52:25.474+0000] {processor.py:830} INFO - Processing file /opt/airflow/dags/scraping_autopia_dag.py for tasks to queue
[2025-06-17T22:52:25.478+0000] {logging_mixin.py:188} INFO - [2025-06-17T22:52:25.477+0000] {dagbag.py:538} INFO - Filling up the DagBag from /opt/airflow/dags/scraping_autopia_dag.py
[2025-06-17T22:52:26.516+0000] {processor.py:840} INFO - DAG(s) 'scraping_autopia_dag' retrieved from /opt/airflow/dags/scraping_autopia_dag.py
[2025-06-17T22:52:26.559+0000] {logging_mixin.py:188} INFO - [2025-06-17T22:52:26.558+0000] {dag.py:3036} INFO - Sync 1 DAGs
[2025-06-17T22:52:26.582+0000] {logging_mixin.py:188} INFO - [2025-06-17T22:52:26.582+0000] {dag.py:3823} INFO - Setting next_dagrun for scraping_autopia_dag to None, run_after=None
[2025-06-17T22:52:26.630+0000] {processor.py:183} INFO - Processing /opt/airflow/dags/scraping_autopia_dag.py took 1.184 seconds
[2025-06-17T22:52:56.907+0000] {processor.py:161} INFO - Started process (PID=386) to work on /opt/airflow/dags/scraping_autopia_dag.py
[2025-06-17T22:52:56.913+0000] {processor.py:830} INFO - Processing file /opt/airflow/dags/scraping_autopia_dag.py for tasks to queue
[2025-06-17T22:52:56.920+0000] {logging_mixin.py:188} INFO - [2025-06-17T22:52:56.917+0000] {dagbag.py:538} INFO - Filling up the DagBag from /opt/airflow/dags/scraping_autopia_dag.py
[2025-06-17T22:52:58.247+0000] {processor.py:840} INFO - DAG(s) 'scraping_autopia_dag' retrieved from /opt/airflow/dags/scraping_autopia_dag.py
[2025-06-17T22:52:58.318+0000] {logging_mixin.py:188} INFO - [2025-06-17T22:52:58.316+0000] {dag.py:3036} INFO - Sync 1 DAGs
[2025-06-17T22:52:58.355+0000] {logging_mixin.py:188} INFO - [2025-06-17T22:52:58.355+0000] {dag.py:3823} INFO - Setting next_dagrun for scraping_autopia_dag to None, run_after=None
[2025-06-17T22:52:58.410+0000] {processor.py:183} INFO - Processing /opt/airflow/dags/scraping_autopia_dag.py took 1.534 seconds
[2025-06-17T22:53:28.900+0000] {processor.py:161} INFO - Started process (PID=422) to work on /opt/airflow/dags/scraping_autopia_dag.py
[2025-06-17T22:53:28.909+0000] {processor.py:830} INFO - Processing file /opt/airflow/dags/scraping_autopia_dag.py for tasks to queue
[2025-06-17T22:53:28.914+0000] {logging_mixin.py:188} INFO - [2025-06-17T22:53:28.912+0000] {dagbag.py:538} INFO - Filling up the DagBag from /opt/airflow/dags/scraping_autopia_dag.py
[2025-06-17T22:53:29.806+0000] {processor.py:840} INFO - DAG(s) 'scraping_autopia_dag' retrieved from /opt/airflow/dags/scraping_autopia_dag.py
[2025-06-17T22:53:29.835+0000] {logging_mixin.py:188} INFO - [2025-06-17T22:53:29.834+0000] {dag.py:3036} INFO - Sync 1 DAGs
[2025-06-17T22:53:29.848+0000] {logging_mixin.py:188} INFO - [2025-06-17T22:53:29.847+0000] {dag.py:3823} INFO - Setting next_dagrun for scraping_autopia_dag to None, run_after=None
[2025-06-17T22:53:29.877+0000] {processor.py:183} INFO - Processing /opt/airflow/dags/scraping_autopia_dag.py took 0.996 seconds
[2025-06-17T22:54:00.259+0000] {processor.py:161} INFO - Started process (PID=443) to work on /opt/airflow/dags/scraping_autopia_dag.py
[2025-06-17T22:54:00.264+0000] {processor.py:830} INFO - Processing file /opt/airflow/dags/scraping_autopia_dag.py for tasks to queue
[2025-06-17T22:54:00.266+0000] {logging_mixin.py:188} INFO - [2025-06-17T22:54:00.265+0000] {dagbag.py:538} INFO - Filling up the DagBag from /opt/airflow/dags/scraping_autopia_dag.py
[2025-06-17T22:54:01.074+0000] {processor.py:840} INFO - DAG(s) 'scraping_autopia_dag' retrieved from /opt/airflow/dags/scraping_autopia_dag.py
[2025-06-17T22:54:01.115+0000] {logging_mixin.py:188} INFO - [2025-06-17T22:54:01.114+0000] {dag.py:3036} INFO - Sync 1 DAGs
[2025-06-17T22:54:01.138+0000] {logging_mixin.py:188} INFO - [2025-06-17T22:54:01.137+0000] {dag.py:3823} INFO - Setting next_dagrun for scraping_autopia_dag to None, run_after=None
[2025-06-17T22:54:01.172+0000] {processor.py:183} INFO - Processing /opt/airflow/dags/scraping_autopia_dag.py took 0.918 seconds
[2025-06-17T22:54:31.644+0000] {processor.py:161} INFO - Started process (PID=479) to work on /opt/airflow/dags/scraping_autopia_dag.py
[2025-06-17T22:54:31.653+0000] {processor.py:830} INFO - Processing file /opt/airflow/dags/scraping_autopia_dag.py for tasks to queue
[2025-06-17T22:54:31.657+0000] {logging_mixin.py:188} INFO - [2025-06-17T22:54:31.656+0000] {dagbag.py:538} INFO - Filling up the DagBag from /opt/airflow/dags/scraping_autopia_dag.py
[2025-06-17T22:54:32.880+0000] {processor.py:840} INFO - DAG(s) 'scraping_autopia_dag' retrieved from /opt/airflow/dags/scraping_autopia_dag.py
[2025-06-17T22:54:32.924+0000] {logging_mixin.py:188} INFO - [2025-06-17T22:54:32.923+0000] {dag.py:3036} INFO - Sync 1 DAGs
[2025-06-17T22:54:32.951+0000] {logging_mixin.py:188} INFO - [2025-06-17T22:54:32.950+0000] {dag.py:3823} INFO - Setting next_dagrun for scraping_autopia_dag to None, run_after=None
[2025-06-17T22:54:32.993+0000] {processor.py:183} INFO - Processing /opt/airflow/dags/scraping_autopia_dag.py took 1.374 seconds
[2025-06-17T22:55:03.498+0000] {processor.py:161} INFO - Started process (PID=500) to work on /opt/airflow/dags/scraping_autopia_dag.py
[2025-06-17T22:55:03.503+0000] {processor.py:830} INFO - Processing file /opt/airflow/dags/scraping_autopia_dag.py for tasks to queue
[2025-06-17T22:55:03.505+0000] {logging_mixin.py:188} INFO - [2025-06-17T22:55:03.504+0000] {dagbag.py:538} INFO - Filling up the DagBag from /opt/airflow/dags/scraping_autopia_dag.py
[2025-06-17T22:55:04.242+0000] {processor.py:840} INFO - DAG(s) 'scraping_autopia_dag' retrieved from /opt/airflow/dags/scraping_autopia_dag.py
[2025-06-17T22:55:04.314+0000] {logging_mixin.py:188} INFO - [2025-06-17T22:55:04.313+0000] {dag.py:3036} INFO - Sync 1 DAGs
[2025-06-17T22:55:04.349+0000] {logging_mixin.py:188} INFO - [2025-06-17T22:55:04.348+0000] {dag.py:3823} INFO - Setting next_dagrun for scraping_autopia_dag to None, run_after=None
[2025-06-17T22:55:04.408+0000] {processor.py:183} INFO - Processing /opt/airflow/dags/scraping_autopia_dag.py took 0.917 seconds
[2025-06-17T22:55:35.010+0000] {processor.py:161} INFO - Started process (PID=536) to work on /opt/airflow/dags/scraping_autopia_dag.py
[2025-06-17T22:55:35.012+0000] {processor.py:830} INFO - Processing file /opt/airflow/dags/scraping_autopia_dag.py for tasks to queue
[2025-06-17T22:55:35.014+0000] {logging_mixin.py:188} INFO - [2025-06-17T22:55:35.013+0000] {dagbag.py:538} INFO - Filling up the DagBag from /opt/airflow/dags/scraping_autopia_dag.py
[2025-06-17T22:55:33.464+0000] {processor.py:840} INFO - DAG(s) 'scraping_autopia_dag' retrieved from /opt/airflow/dags/scraping_autopia_dag.py
[2025-06-17T22:55:33.501+0000] {logging_mixin.py:188} INFO - [2025-06-17T22:55:33.501+0000] {dag.py:3036} INFO - Sync 1 DAGs
[2025-06-17T22:55:33.541+0000] {logging_mixin.py:188} INFO - [2025-06-17T22:55:33.540+0000] {dag.py:3823} INFO - Setting next_dagrun for scraping_autopia_dag to None, run_after=None
[2025-06-17T22:55:33.848+0000] {processor.py:183} INFO - Processing /opt/airflow/dags/scraping_autopia_dag.py took 1.131 seconds
[2025-06-17T23:00:08.088+0000] {processor.py:161} INFO - Started process (PID=183) to work on /opt/airflow/dags/scraping_autopia_dag.py
[2025-06-17T23:00:08.090+0000] {processor.py:830} INFO - Processing file /opt/airflow/dags/scraping_autopia_dag.py for tasks to queue
[2025-06-17T23:00:08.091+0000] {logging_mixin.py:188} INFO - [2025-06-17T23:00:08.091+0000] {dagbag.py:538} INFO - Filling up the DagBag from /opt/airflow/dags/scraping_autopia_dag.py
[2025-06-17T23:00:09.825+0000] {processor.py:840} INFO - DAG(s) 'scraping_autopia_dag' retrieved from /opt/airflow/dags/scraping_autopia_dag.py
[2025-06-17T23:00:10.071+0000] {logging_mixin.py:188} INFO - [2025-06-17T23:00:10.070+0000] {dag.py:3036} INFO - Sync 1 DAGs
[2025-06-17T23:00:10.085+0000] {logging_mixin.py:188} INFO - [2025-06-17T23:00:10.085+0000] {dag.py:3823} INFO - Setting next_dagrun for scraping_autopia_dag to None, run_after=None
[2025-06-17T23:00:10.117+0000] {processor.py:183} INFO - Processing /opt/airflow/dags/scraping_autopia_dag.py took 2.034 seconds
[2025-06-17T23:00:40.371+0000] {processor.py:161} INFO - Started process (PID=304) to work on /opt/airflow/dags/scraping_autopia_dag.py
[2025-06-17T23:00:40.376+0000] {processor.py:830} INFO - Processing file /opt/airflow/dags/scraping_autopia_dag.py for tasks to queue
[2025-06-17T23:00:40.377+0000] {logging_mixin.py:188} INFO - [2025-06-17T23:00:40.377+0000] {dagbag.py:538} INFO - Filling up the DagBag from /opt/airflow/dags/scraping_autopia_dag.py
[2025-06-17T23:00:40.906+0000] {processor.py:840} INFO - DAG(s) 'scraping_autopia_dag' retrieved from /opt/airflow/dags/scraping_autopia_dag.py
[2025-06-17T23:00:40.932+0000] {logging_mixin.py:188} INFO - [2025-06-17T23:00:40.931+0000] {dag.py:3036} INFO - Sync 1 DAGs
[2025-06-17T23:00:40.946+0000] {logging_mixin.py:188} INFO - [2025-06-17T23:00:40.945+0000] {dag.py:3823} INFO - Setting next_dagrun for scraping_autopia_dag to None, run_after=None
[2025-06-17T23:00:40.969+0000] {processor.py:183} INFO - Processing /opt/airflow/dags/scraping_autopia_dag.py took 0.608 seconds
[2025-06-17T23:01:11.111+0000] {processor.py:161} INFO - Started process (PID=340) to work on /opt/airflow/dags/scraping_autopia_dag.py
[2025-06-17T23:01:11.114+0000] {processor.py:830} INFO - Processing file /opt/airflow/dags/scraping_autopia_dag.py for tasks to queue
[2025-06-17T23:01:11.117+0000] {logging_mixin.py:188} INFO - [2025-06-17T23:01:11.116+0000] {dagbag.py:538} INFO - Filling up the DagBag from /opt/airflow/dags/scraping_autopia_dag.py
[2025-06-17T23:01:12.008+0000] {processor.py:840} INFO - DAG(s) 'scraping_autopia_dag' retrieved from /opt/airflow/dags/scraping_autopia_dag.py
[2025-06-17T23:01:12.036+0000] {logging_mixin.py:188} INFO - [2025-06-17T23:01:12.036+0000] {dag.py:3036} INFO - Sync 1 DAGs
[2025-06-17T23:01:12.054+0000] {logging_mixin.py:188} INFO - [2025-06-17T23:01:12.054+0000] {dag.py:3823} INFO - Setting next_dagrun for scraping_autopia_dag to None, run_after=None
[2025-06-17T23:01:12.090+0000] {processor.py:183} INFO - Processing /opt/airflow/dags/scraping_autopia_dag.py took 0.987 seconds
[2025-06-17T23:01:42.299+0000] {processor.py:161} INFO - Started process (PID=361) to work on /opt/airflow/dags/scraping_autopia_dag.py
[2025-06-17T23:01:42.301+0000] {processor.py:830} INFO - Processing file /opt/airflow/dags/scraping_autopia_dag.py for tasks to queue
[2025-06-17T23:01:42.301+0000] {logging_mixin.py:188} INFO - [2025-06-17T23:01:42.301+0000] {dagbag.py:538} INFO - Filling up the DagBag from /opt/airflow/dags/scraping_autopia_dag.py
[2025-06-17T23:01:42.804+0000] {processor.py:840} INFO - DAG(s) 'scraping_autopia_dag' retrieved from /opt/airflow/dags/scraping_autopia_dag.py
[2025-06-17T23:01:42.836+0000] {logging_mixin.py:188} INFO - [2025-06-17T23:01:42.835+0000] {dag.py:3036} INFO - Sync 1 DAGs
[2025-06-17T23:01:42.851+0000] {logging_mixin.py:188} INFO - [2025-06-17T23:01:42.850+0000] {dag.py:3823} INFO - Setting next_dagrun for scraping_autopia_dag to None, run_after=None
[2025-06-17T23:01:42.875+0000] {processor.py:183} INFO - Processing /opt/airflow/dags/scraping_autopia_dag.py took 0.581 seconds
[2025-06-17T23:02:13.147+0000] {processor.py:161} INFO - Started process (PID=397) to work on /opt/airflow/dags/scraping_autopia_dag.py
[2025-06-17T23:02:13.150+0000] {processor.py:830} INFO - Processing file /opt/airflow/dags/scraping_autopia_dag.py for tasks to queue
[2025-06-17T23:02:13.152+0000] {logging_mixin.py:188} INFO - [2025-06-17T23:02:13.151+0000] {dagbag.py:538} INFO - Filling up the DagBag from /opt/airflow/dags/scraping_autopia_dag.py
[2025-06-17T23:02:13.827+0000] {processor.py:840} INFO - DAG(s) 'scraping_autopia_dag' retrieved from /opt/airflow/dags/scraping_autopia_dag.py
[2025-06-17T23:02:13.871+0000] {logging_mixin.py:188} INFO - [2025-06-17T23:02:13.870+0000] {dag.py:3036} INFO - Sync 1 DAGs
[2025-06-17T23:02:13.886+0000] {logging_mixin.py:188} INFO - [2025-06-17T23:02:13.886+0000] {dag.py:3823} INFO - Setting next_dagrun for scraping_autopia_dag to None, run_after=None
[2025-06-17T23:02:13.917+0000] {processor.py:183} INFO - Processing /opt/airflow/dags/scraping_autopia_dag.py took 0.776 seconds
[2025-06-17T23:02:44.674+0000] {processor.py:161} INFO - Started process (PID=418) to work on /opt/airflow/dags/scraping_autopia_dag.py
[2025-06-17T23:02:44.679+0000] {processor.py:830} INFO - Processing file /opt/airflow/dags/scraping_autopia_dag.py for tasks to queue
[2025-06-17T23:02:44.680+0000] {logging_mixin.py:188} INFO - [2025-06-17T23:02:44.680+0000] {dagbag.py:538} INFO - Filling up the DagBag from /opt/airflow/dags/scraping_autopia_dag.py
[2025-06-17T23:02:45.264+0000] {processor.py:840} INFO - DAG(s) 'scraping_autopia_dag' retrieved from /opt/airflow/dags/scraping_autopia_dag.py
[2025-06-17T23:02:45.293+0000] {logging_mixin.py:188} INFO - [2025-06-17T23:02:45.293+0000] {dag.py:3036} INFO - Sync 1 DAGs
[2025-06-17T23:02:45.307+0000] {logging_mixin.py:188} INFO - [2025-06-17T23:02:45.306+0000] {dag.py:3823} INFO - Setting next_dagrun for scraping_autopia_dag to None, run_after=None
[2025-06-17T23:02:45.331+0000] {processor.py:183} INFO - Processing /opt/airflow/dags/scraping_autopia_dag.py took 0.662 seconds
[2025-06-17T23:03:15.839+0000] {processor.py:161} INFO - Started process (PID=454) to work on /opt/airflow/dags/scraping_autopia_dag.py
[2025-06-17T23:03:15.840+0000] {processor.py:830} INFO - Processing file /opt/airflow/dags/scraping_autopia_dag.py for tasks to queue
[2025-06-17T23:03:15.841+0000] {logging_mixin.py:188} INFO - [2025-06-17T23:03:15.841+0000] {dagbag.py:538} INFO - Filling up the DagBag from /opt/airflow/dags/scraping_autopia_dag.py
[2025-06-17T23:03:16.273+0000] {processor.py:840} INFO - DAG(s) 'scraping_autopia_dag' retrieved from /opt/airflow/dags/scraping_autopia_dag.py
[2025-06-17T23:03:16.299+0000] {logging_mixin.py:188} INFO - [2025-06-17T23:03:16.299+0000] {dag.py:3036} INFO - Sync 1 DAGs
[2025-06-17T23:03:16.309+0000] {logging_mixin.py:188} INFO - [2025-06-17T23:03:16.309+0000] {dag.py:3823} INFO - Setting next_dagrun for scraping_autopia_dag to None, run_after=None
[2025-06-17T23:03:16.331+0000] {processor.py:183} INFO - Processing /opt/airflow/dags/scraping_autopia_dag.py took 0.496 seconds
[2025-06-17T23:03:47.223+0000] {processor.py:161} INFO - Started process (PID=475) to work on /opt/airflow/dags/scraping_autopia_dag.py
[2025-06-17T23:03:47.227+0000] {processor.py:830} INFO - Processing file /opt/airflow/dags/scraping_autopia_dag.py for tasks to queue
[2025-06-17T23:03:47.228+0000] {logging_mixin.py:188} INFO - [2025-06-17T23:03:47.228+0000] {dagbag.py:538} INFO - Filling up the DagBag from /opt/airflow/dags/scraping_autopia_dag.py
[2025-06-17T23:03:47.691+0000] {processor.py:840} INFO - DAG(s) 'scraping_autopia_dag' retrieved from /opt/airflow/dags/scraping_autopia_dag.py
[2025-06-17T23:03:47.717+0000] {logging_mixin.py:188} INFO - [2025-06-17T23:03:47.716+0000] {dag.py:3036} INFO - Sync 1 DAGs
[2025-06-17T23:03:47.731+0000] {logging_mixin.py:188} INFO - [2025-06-17T23:03:47.731+0000] {dag.py:3823} INFO - Setting next_dagrun for scraping_autopia_dag to None, run_after=None
[2025-06-17T23:03:47.764+0000] {processor.py:183} INFO - Processing /opt/airflow/dags/scraping_autopia_dag.py took 0.546 seconds
[2025-06-17T23:04:18.409+0000] {processor.py:161} INFO - Started process (PID=512) to work on /opt/airflow/dags/scraping_autopia_dag.py
[2025-06-17T23:04:18.410+0000] {processor.py:830} INFO - Processing file /opt/airflow/dags/scraping_autopia_dag.py for tasks to queue
[2025-06-17T23:04:18.412+0000] {logging_mixin.py:188} INFO - [2025-06-17T23:04:18.411+0000] {dagbag.py:538} INFO - Filling up the DagBag from /opt/airflow/dags/scraping_autopia_dag.py
[2025-06-17T23:04:18.963+0000] {processor.py:840} INFO - DAG(s) 'scraping_autopia_dag' retrieved from /opt/airflow/dags/scraping_autopia_dag.py
[2025-06-17T23:04:19.006+0000] {logging_mixin.py:188} INFO - [2025-06-17T23:04:19.005+0000] {dag.py:3036} INFO - Sync 1 DAGs
[2025-06-17T23:04:19.022+0000] {logging_mixin.py:188} INFO - [2025-06-17T23:04:19.021+0000] {dag.py:3823} INFO - Setting next_dagrun for scraping_autopia_dag to None, run_after=None
[2025-06-17T23:04:19.057+0000] {processor.py:183} INFO - Processing /opt/airflow/dags/scraping_autopia_dag.py took 0.653 seconds
[2025-06-17T23:04:49.825+0000] {processor.py:161} INFO - Started process (PID=548) to work on /opt/airflow/dags/scraping_autopia_dag.py
[2025-06-17T23:04:49.828+0000] {processor.py:830} INFO - Processing file /opt/airflow/dags/scraping_autopia_dag.py for tasks to queue
[2025-06-17T23:04:49.830+0000] {logging_mixin.py:188} INFO - [2025-06-17T23:04:49.829+0000] {dagbag.py:538} INFO - Filling up the DagBag from /opt/airflow/dags/scraping_autopia_dag.py
[2025-06-17T23:04:50.420+0000] {processor.py:840} INFO - DAG(s) 'scraping_autopia_dag' retrieved from /opt/airflow/dags/scraping_autopia_dag.py
[2025-06-17T23:04:50.444+0000] {logging_mixin.py:188} INFO - [2025-06-17T23:04:50.443+0000] {dag.py:3036} INFO - Sync 1 DAGs
[2025-06-17T23:04:50.455+0000] {logging_mixin.py:188} INFO - [2025-06-17T23:04:50.455+0000] {dag.py:3823} INFO - Setting next_dagrun for scraping_autopia_dag to None, run_after=None
[2025-06-17T23:04:50.477+0000] {processor.py:183} INFO - Processing /opt/airflow/dags/scraping_autopia_dag.py took 0.667 seconds
[2025-06-17T23:05:21.258+0000] {processor.py:161} INFO - Started process (PID=569) to work on /opt/airflow/dags/scraping_autopia_dag.py
[2025-06-17T23:05:21.259+0000] {processor.py:830} INFO - Processing file /opt/airflow/dags/scraping_autopia_dag.py for tasks to queue
[2025-06-17T23:05:21.260+0000] {logging_mixin.py:188} INFO - [2025-06-17T23:05:21.260+0000] {dagbag.py:538} INFO - Filling up the DagBag from /opt/airflow/dags/scraping_autopia_dag.py
[2025-06-17T23:05:21.825+0000] {processor.py:840} INFO - DAG(s) 'scraping_autopia_dag' retrieved from /opt/airflow/dags/scraping_autopia_dag.py
[2025-06-17T23:05:21.859+0000] {logging_mixin.py:188} INFO - [2025-06-17T23:05:21.858+0000] {dag.py:3036} INFO - Sync 1 DAGs
[2025-06-17T23:05:21.872+0000] {logging_mixin.py:188} INFO - [2025-06-17T23:05:21.872+0000] {dag.py:3823} INFO - Setting next_dagrun for scraping_autopia_dag to None, run_after=None
[2025-06-17T23:05:21.897+0000] {processor.py:183} INFO - Processing /opt/airflow/dags/scraping_autopia_dag.py took 0.643 seconds
[2025-06-17T23:05:52.697+0000] {processor.py:161} INFO - Started process (PID=605) to work on /opt/airflow/dags/scraping_autopia_dag.py
[2025-06-17T23:05:52.715+0000] {processor.py:830} INFO - Processing file /opt/airflow/dags/scraping_autopia_dag.py for tasks to queue
[2025-06-17T23:05:52.717+0000] {logging_mixin.py:188} INFO - [2025-06-17T23:05:52.716+0000] {dagbag.py:538} INFO - Filling up the DagBag from /opt/airflow/dags/scraping_autopia_dag.py
[2025-06-17T23:05:53.201+0000] {processor.py:840} INFO - DAG(s) 'scraping_autopia_dag' retrieved from /opt/airflow/dags/scraping_autopia_dag.py
[2025-06-17T23:05:53.227+0000] {logging_mixin.py:188} INFO - [2025-06-17T23:05:53.227+0000] {dag.py:3036} INFO - Sync 1 DAGs
[2025-06-17T23:05:53.240+0000] {logging_mixin.py:188} INFO - [2025-06-17T23:05:53.240+0000] {dag.py:3823} INFO - Setting next_dagrun for scraping_autopia_dag to None, run_after=None
[2025-06-17T23:05:53.264+0000] {processor.py:183} INFO - Processing /opt/airflow/dags/scraping_autopia_dag.py took 0.572 seconds
[2025-06-17T23:06:23.480+0000] {processor.py:161} INFO - Started process (PID=626) to work on /opt/airflow/dags/scraping_autopia_dag.py
[2025-06-17T23:06:23.490+0000] {processor.py:830} INFO - Processing file /opt/airflow/dags/scraping_autopia_dag.py for tasks to queue
[2025-06-17T23:06:23.491+0000] {logging_mixin.py:188} INFO - [2025-06-17T23:06:23.491+0000] {dagbag.py:538} INFO - Filling up the DagBag from /opt/airflow/dags/scraping_autopia_dag.py
[2025-06-17T23:06:24.133+0000] {processor.py:840} INFO - DAG(s) 'scraping_autopia_dag' retrieved from /opt/airflow/dags/scraping_autopia_dag.py
[2025-06-17T23:06:24.162+0000] {logging_mixin.py:188} INFO - [2025-06-17T23:06:24.162+0000] {dag.py:3036} INFO - Sync 1 DAGs
[2025-06-17T23:06:24.176+0000] {logging_mixin.py:188} INFO - [2025-06-17T23:06:24.176+0000] {dag.py:3823} INFO - Setting next_dagrun for scraping_autopia_dag to None, run_after=None
[2025-06-17T23:06:24.200+0000] {processor.py:183} INFO - Processing /opt/airflow/dags/scraping_autopia_dag.py took 0.724 seconds
[2025-06-17T23:06:55.256+0000] {processor.py:161} INFO - Started process (PID=729) to work on /opt/airflow/dags/scraping_autopia_dag.py
[2025-06-17T23:06:55.308+0000] {processor.py:830} INFO - Processing file /opt/airflow/dags/scraping_autopia_dag.py for tasks to queue
[2025-06-17T23:06:55.311+0000] {logging_mixin.py:188} INFO - [2025-06-17T23:06:55.310+0000] {dagbag.py:538} INFO - Filling up the DagBag from /opt/airflow/dags/scraping_autopia_dag.py
[2025-06-17T23:07:02.841+0000] {processor.py:840} INFO - DAG(s) 'scraping_autopia_dag' retrieved from /opt/airflow/dags/scraping_autopia_dag.py
[2025-06-17T23:07:02.922+0000] {logging_mixin.py:188} INFO - [2025-06-17T23:07:02.881+0000] {dag.py:3036} INFO - Sync 1 DAGs
[2025-06-17T23:07:02.992+0000] {logging_mixin.py:188} INFO - [2025-06-17T23:07:02.991+0000] {dag.py:3823} INFO - Setting next_dagrun for scraping_autopia_dag to None, run_after=None
[2025-06-17T23:07:03.070+0000] {processor.py:183} INFO - Processing /opt/airflow/dags/scraping_autopia_dag.py took 7.939 seconds
[2025-06-17T23:07:33.333+0000] {processor.py:161} INFO - Started process (PID=862) to work on /opt/airflow/dags/scraping_autopia_dag.py
[2025-06-17T23:07:33.335+0000] {processor.py:830} INFO - Processing file /opt/airflow/dags/scraping_autopia_dag.py for tasks to queue
[2025-06-17T23:07:33.337+0000] {logging_mixin.py:188} INFO - [2025-06-17T23:07:33.336+0000] {dagbag.py:538} INFO - Filling up the DagBag from /opt/airflow/dags/scraping_autopia_dag.py
[2025-06-17T23:07:34.272+0000] {processor.py:840} INFO - DAG(s) 'scraping_autopia_dag' retrieved from /opt/airflow/dags/scraping_autopia_dag.py
[2025-06-17T23:07:34.313+0000] {logging_mixin.py:188} INFO - [2025-06-17T23:07:34.312+0000] {dag.py:3036} INFO - Sync 1 DAGs
[2025-06-17T23:07:34.327+0000] {logging_mixin.py:188} INFO - [2025-06-17T23:07:34.327+0000] {dag.py:3823} INFO - Setting next_dagrun for scraping_autopia_dag to None, run_after=None
[2025-06-17T23:07:34.351+0000] {processor.py:183} INFO - Processing /opt/airflow/dags/scraping_autopia_dag.py took 1.023 seconds
[2025-06-17T23:08:04.467+0000] {processor.py:161} INFO - Started process (PID=1021) to work on /opt/airflow/dags/scraping_autopia_dag.py
[2025-06-17T23:08:04.472+0000] {processor.py:830} INFO - Processing file /opt/airflow/dags/scraping_autopia_dag.py for tasks to queue
[2025-06-17T23:08:04.474+0000] {logging_mixin.py:188} INFO - [2025-06-17T23:08:04.473+0000] {dagbag.py:538} INFO - Filling up the DagBag from /opt/airflow/dags/scraping_autopia_dag.py
[2025-06-17T23:08:05.228+0000] {processor.py:840} INFO - DAG(s) 'scraping_autopia_dag' retrieved from /opt/airflow/dags/scraping_autopia_dag.py
[2025-06-17T23:08:05.260+0000] {logging_mixin.py:188} INFO - [2025-06-17T23:08:05.259+0000] {dag.py:3036} INFO - Sync 1 DAGs
[2025-06-17T23:08:05.275+0000] {logging_mixin.py:188} INFO - [2025-06-17T23:08:05.274+0000] {dag.py:3823} INFO - Setting next_dagrun for scraping_autopia_dag to None, run_after=None
[2025-06-17T23:08:05.310+0000] {processor.py:183} INFO - Processing /opt/airflow/dags/scraping_autopia_dag.py took 0.854 seconds
[2025-06-17T23:08:35.664+0000] {processor.py:161} INFO - Started process (PID=1151) to work on /opt/airflow/dags/scraping_autopia_dag.py
[2025-06-17T23:08:35.669+0000] {processor.py:830} INFO - Processing file /opt/airflow/dags/scraping_autopia_dag.py for tasks to queue
[2025-06-17T23:08:35.670+0000] {logging_mixin.py:188} INFO - [2025-06-17T23:08:35.670+0000] {dagbag.py:538} INFO - Filling up the DagBag from /opt/airflow/dags/scraping_autopia_dag.py
[2025-06-17T23:08:36.179+0000] {processor.py:840} INFO - DAG(s) 'scraping_autopia_dag' retrieved from /opt/airflow/dags/scraping_autopia_dag.py
[2025-06-17T23:08:36.211+0000] {logging_mixin.py:188} INFO - [2025-06-17T23:08:36.211+0000] {dag.py:3036} INFO - Sync 1 DAGs
[2025-06-17T23:08:36.228+0000] {logging_mixin.py:188} INFO - [2025-06-17T23:08:36.227+0000] {dag.py:3823} INFO - Setting next_dagrun for scraping_autopia_dag to None, run_after=None
[2025-06-17T23:08:36.251+0000] {processor.py:183} INFO - Processing /opt/airflow/dags/scraping_autopia_dag.py took 0.591 seconds
[2025-06-17T23:09:07.060+0000] {processor.py:161} INFO - Started process (PID=1302) to work on /opt/airflow/dags/scraping_autopia_dag.py
[2025-06-17T23:09:07.061+0000] {processor.py:830} INFO - Processing file /opt/airflow/dags/scraping_autopia_dag.py for tasks to queue
[2025-06-17T23:09:07.065+0000] {logging_mixin.py:188} INFO - [2025-06-17T23:09:07.062+0000] {dagbag.py:538} INFO - Filling up the DagBag from /opt/airflow/dags/scraping_autopia_dag.py
[2025-06-17T23:09:07.898+0000] {processor.py:840} INFO - DAG(s) 'scraping_autopia_dag' retrieved from /opt/airflow/dags/scraping_autopia_dag.py
[2025-06-17T23:09:07.926+0000] {logging_mixin.py:188} INFO - [2025-06-17T23:09:07.925+0000] {dag.py:3036} INFO - Sync 1 DAGs
[2025-06-17T23:09:07.939+0000] {logging_mixin.py:188} INFO - [2025-06-17T23:09:07.938+0000] {dag.py:3823} INFO - Setting next_dagrun for scraping_autopia_dag to None, run_after=None
[2025-06-17T23:09:07.974+0000] {processor.py:183} INFO - Processing /opt/airflow/dags/scraping_autopia_dag.py took 0.920 seconds
