[2025-06-01T17:14:03.789+0000] {taskinstance.py:1956} INFO - Dependencies all met for dep_context=non-requeueable deps ti=<TaskInstance: scraping_autopia_dag.scrapear_datos_autopia manual__2025-06-01T17:14:00.950088+00:00 [queued]>
[2025-06-01T17:14:03.818+0000] {taskinstance.py:1956} INFO - Dependencies all met for dep_context=requeueable deps ti=<TaskInstance: scraping_autopia_dag.scrapear_datos_autopia manual__2025-06-01T17:14:00.950088+00:00 [queued]>
[2025-06-01T17:14:03.819+0000] {taskinstance.py:2170} INFO - Starting attempt 1 of 1
[2025-06-01T17:14:03.870+0000] {taskinstance.py:2191} INFO - Executing <Task(PythonOperator): scrapear_datos_autopia> on 2025-06-01 17:14:00.950088+00:00
[2025-06-01T17:14:03.889+0000] {standard_task_runner.py:60} INFO - Started process 501 to run task
[2025-06-01T17:14:03.904+0000] {standard_task_runner.py:87} INFO - Running: ['***', 'tasks', 'run', 'scraping_autopia_dag', 'scrapear_datos_autopia', 'manual__2025-06-01T17:14:00.950088+00:00', '--job-id', '7', '--raw', '--subdir', 'DAGS_FOLDER/scraping_autopia_dag.py', '--cfg-path', '/tmp/tmpiroke3sb']
[2025-06-01T17:14:03.913+0000] {standard_task_runner.py:88} INFO - Job 7: Subtask scrapear_datos_autopia
[2025-06-01T17:14:04.135+0000] {task_command.py:423} INFO - Running <TaskInstance: scraping_autopia_dag.scrapear_datos_autopia manual__2025-06-01T17:14:00.950088+00:00 [running]> on host 29b9f1cfdb60
[2025-06-01T17:14:04.394+0000] {taskinstance.py:2480} INFO - Exporting env vars: AIRFLOW_CTX_DAG_OWNER='***' AIRFLOW_CTX_DAG_ID='scraping_autopia_dag' AIRFLOW_CTX_TASK_ID='scrapear_datos_autopia' AIRFLOW_CTX_EXECUTION_DATE='2025-06-01T17:14:00.950088+00:00' AIRFLOW_CTX_TRY_NUMBER='1' AIRFLOW_CTX_DAG_RUN_ID='manual__2025-06-01T17:14:00.950088+00:00'
[2025-06-01T17:14:13.942+0000] {logging_mixin.py:188} INFO - 🔁 Clic en 'Cargar más'
[2025-06-01T17:14:15.709+0000] {logging_mixin.py:188} INFO - ✅ Ya no se cargan más autos, detenemos los clics.
[2025-06-01T17:14:15.761+0000] {logging_mixin.py:188} INFO - ➡️ Total de publicaciones visibles: 47
[2025-06-01T17:14:19.298+0000] {logging_mixin.py:188} INFO - ✔️ Anuncio 1/47
[2025-06-01T17:14:23.222+0000] {logging_mixin.py:188} INFO - ✔️ Anuncio 2/47
[2025-06-01T17:14:26.362+0000] {logging_mixin.py:188} INFO - ✔️ Anuncio 3/47
[2025-06-01T17:14:29.855+0000] {logging_mixin.py:188} INFO - ✔️ Anuncio 4/47
[2025-06-01T17:14:33.287+0000] {logging_mixin.py:188} INFO - ✔️ Anuncio 5/47
[2025-06-01T17:14:38.088+0000] {logging_mixin.py:188} INFO - ✔️ Anuncio 6/47
[2025-06-01T17:14:41.340+0000] {logging_mixin.py:188} INFO - ✔️ Anuncio 7/47
[2025-06-01T17:14:44.819+0000] {logging_mixin.py:188} INFO - ✔️ Anuncio 8/47
[2025-06-01T17:14:47.912+0000] {logging_mixin.py:188} INFO - ✔️ Anuncio 9/47
[2025-06-01T17:14:51.924+0000] {logging_mixin.py:188} INFO - ✔️ Anuncio 10/47
[2025-06-01T17:14:56.259+0000] {logging_mixin.py:188} INFO - ✔️ Anuncio 11/47
[2025-06-01T17:15:00.749+0000] {logging_mixin.py:188} INFO - ✔️ Anuncio 12/47
[2025-06-01T17:15:03.723+0000] {logging_mixin.py:188} INFO - ✔️ Anuncio 13/47
[2025-06-01T17:15:06.906+0000] {logging_mixin.py:188} INFO - ✔️ Anuncio 14/47
[2025-06-01T17:15:10.306+0000] {logging_mixin.py:188} INFO - ✔️ Anuncio 15/47
[2025-06-01T17:15:15.098+0000] {logging_mixin.py:188} INFO - ✔️ Anuncio 16/47
[2025-06-01T17:15:18.360+0000] {logging_mixin.py:188} INFO - ✔️ Anuncio 17/47
[2025-06-01T17:15:21.280+0000] {logging_mixin.py:188} INFO - ✔️ Anuncio 18/47
[2025-06-01T17:15:24.365+0000] {logging_mixin.py:188} INFO - ✔️ Anuncio 19/47
[2025-06-01T17:15:27.412+0000] {logging_mixin.py:188} INFO - ✔️ Anuncio 20/47
[2025-06-01T17:15:30.775+0000] {logging_mixin.py:188} INFO - ✔️ Anuncio 21/47
[2025-06-01T17:15:33.832+0000] {logging_mixin.py:188} INFO - ✔️ Anuncio 22/47
[2025-06-01T17:15:36.845+0000] {logging_mixin.py:188} INFO - ✔️ Anuncio 23/47
[2025-06-01T17:15:39.757+0000] {logging_mixin.py:188} INFO - ✔️ Anuncio 24/47
[2025-06-01T17:15:43.610+0000] {logging_mixin.py:188} INFO - ✔️ Anuncio 25/47
[2025-06-01T17:15:46.419+0000] {logging_mixin.py:188} INFO - ✔️ Anuncio 26/47
[2025-06-01T17:15:49.791+0000] {logging_mixin.py:188} INFO - ✔️ Anuncio 27/47
[2025-06-01T17:15:52.723+0000] {logging_mixin.py:188} INFO - ✔️ Anuncio 28/47
[2025-06-01T17:15:55.836+0000] {logging_mixin.py:188} INFO - ✔️ Anuncio 29/47
[2025-06-01T17:16:00.401+0000] {logging_mixin.py:188} INFO - ✔️ Anuncio 30/47
[2025-06-01T17:16:03.460+0000] {logging_mixin.py:188} INFO - ✔️ Anuncio 31/47
[2025-06-01T17:16:06.744+0000] {logging_mixin.py:188} INFO - ✔️ Anuncio 32/47
[2025-06-01T17:16:09.384+0000] {logging_mixin.py:188} INFO - ✔️ Anuncio 33/47
[2025-06-01T17:16:12.069+0000] {logging_mixin.py:188} INFO - ✔️ Anuncio 34/47
[2025-06-01T17:16:14.613+0000] {logging_mixin.py:188} INFO - ✔️ Anuncio 35/47
[2025-06-01T17:16:17.080+0000] {logging_mixin.py:188} INFO - ✔️ Anuncio 36/47
[2025-06-01T17:16:19.603+0000] {logging_mixin.py:188} INFO - ✔️ Anuncio 37/47
[2025-06-01T17:16:22.160+0000] {logging_mixin.py:188} INFO - ✔️ Anuncio 38/47
[2025-06-01T17:16:24.873+0000] {logging_mixin.py:188} INFO - ✔️ Anuncio 39/47
[2025-06-01T17:16:27.444+0000] {logging_mixin.py:188} INFO - ✔️ Anuncio 40/47
[2025-06-01T17:16:29.915+0000] {logging_mixin.py:188} INFO - ✔️ Anuncio 41/47
[2025-06-01T17:16:32.840+0000] {logging_mixin.py:188} INFO - ✔️ Anuncio 42/47
[2025-06-01T17:16:36.032+0000] {logging_mixin.py:188} INFO - ✔️ Anuncio 43/47
[2025-06-01T17:16:38.975+0000] {logging_mixin.py:188} INFO - ✔️ Anuncio 44/47
[2025-06-01T17:16:42.627+0000] {logging_mixin.py:188} INFO - ✔️ Anuncio 45/47
[2025-06-01T17:16:45.974+0000] {logging_mixin.py:188} INFO - ✔️ Anuncio 46/47
[2025-06-01T17:16:49.207+0000] {logging_mixin.py:188} INFO - ✔️ Anuncio 47/47
[2025-06-01T17:16:49.255+0000] {logging_mixin.py:188} INFO - ✅ Guardado final: /opt/***/dags/data/raw/scraped_autopia_2025-06-01.csv con 47 registros.
[2025-06-01T17:16:49.715+0000] {logging_mixin.py:188} INFO - ✅ Scraping terminado. Guardado en /opt/***/dags/data/raw/scraped_autopia_2025-06-01.csv
[2025-06-01T17:16:49.716+0000] {python.py:201} INFO - Done. Returned value was: None
[2025-06-01T17:16:49.787+0000] {taskinstance.py:1138} INFO - Marking task as SUCCESS. dag_id=scraping_autopia_dag, task_id=scrapear_datos_autopia, execution_date=20250601T171400, start_date=20250601T171403, end_date=20250601T171649
[2025-06-01T17:16:49.895+0000] {local_task_job_runner.py:234} INFO - Task exited with return code 0
[2025-06-01T17:16:50.009+0000] {taskinstance.py:3280} INFO - 1 downstream tasks scheduled from follow-on schedule check
