[2025-06-18T00:29:19.118+0000] {processor.py:161} INFO - Started process (PID=189) to work on /opt/airflow/dags/entrenamiento_modelos_regresion_dag.py
[2025-06-18T00:29:19.120+0000] {processor.py:830} INFO - Processing file /opt/airflow/dags/entrenamiento_modelos_regresion_dag.py for tasks to queue
[2025-06-18T00:29:19.122+0000] {logging_mixin.py:188} INFO - [2025-06-18T00:29:19.121+0000] {dagbag.py:538} INFO - Filling up the DagBag from /opt/airflow/dags/entrenamiento_modelos_regresion_dag.py
[2025-06-18T00:29:19.141+0000] {processor.py:840} INFO - DAG(s) 'entrenamiento_modelos_regresion' retrieved from /opt/airflow/dags/entrenamiento_modelos_regresion_dag.py
[2025-06-18T00:29:19.328+0000] {logging_mixin.py:188} INFO - [2025-06-18T00:29:19.327+0000] {override.py:1769} INFO - Created Permission View: can delete on DAG:entrenamiento_modelos_regresion
[2025-06-18T00:29:19.346+0000] {logging_mixin.py:188} INFO - [2025-06-18T00:29:19.346+0000] {override.py:1769} INFO - Created Permission View: can edit on DAG:entrenamiento_modelos_regresion
[2025-06-18T00:29:19.358+0000] {logging_mixin.py:188} INFO - [2025-06-18T00:29:19.358+0000] {override.py:1769} INFO - Created Permission View: can read on DAG:entrenamiento_modelos_regresion
[2025-06-18T00:29:19.359+0000] {logging_mixin.py:188} INFO - [2025-06-18T00:29:19.359+0000] {dag.py:3036} INFO - Sync 1 DAGs
[2025-06-18T00:29:19.385+0000] {logging_mixin.py:188} INFO - [2025-06-18T00:29:19.385+0000] {dag.py:3058} INFO - Creating ORM DAG for entrenamiento_modelos_regresion
[2025-06-18T00:29:19.412+0000] {logging_mixin.py:188} INFO - [2025-06-18T00:29:19.411+0000] {dag.py:3823} INFO - Setting next_dagrun for entrenamiento_modelos_regresion to 2025-06-16 21:00:00+00:00, run_after=2025-06-17 21:00:00+00:00
[2025-06-18T00:29:19.477+0000] {processor.py:183} INFO - Processing /opt/airflow/dags/entrenamiento_modelos_regresion_dag.py took 0.367 seconds
[2025-06-18T00:29:50.784+0000] {processor.py:161} INFO - Started process (PID=217) to work on /opt/airflow/dags/entrenamiento_modelos_regresion_dag.py
[2025-06-18T00:29:50.909+0000] {processor.py:830} INFO - Processing file /opt/airflow/dags/entrenamiento_modelos_regresion_dag.py for tasks to queue
[2025-06-18T00:29:50.934+0000] {logging_mixin.py:188} INFO - [2025-06-18T00:29:50.932+0000] {dagbag.py:538} INFO - Filling up the DagBag from /opt/airflow/dags/entrenamiento_modelos_regresion_dag.py
[2025-06-18T00:29:50.971+0000] {processor.py:840} INFO - DAG(s) 'entrenamiento_modelos_regresion' retrieved from /opt/airflow/dags/entrenamiento_modelos_regresion_dag.py
[2025-06-18T00:29:51.012+0000] {logging_mixin.py:188} INFO - [2025-06-18T00:29:51.011+0000] {dag.py:3036} INFO - Sync 1 DAGs
[2025-06-18T00:29:51.041+0000] {logging_mixin.py:188} INFO - [2025-06-18T00:29:51.041+0000] {dag.py:3823} INFO - Setting next_dagrun for entrenamiento_modelos_regresion to 2025-06-16 21:00:00+00:00, run_after=2025-06-17 21:00:00+00:00
[2025-06-18T00:29:51.083+0000] {processor.py:183} INFO - Processing /opt/airflow/dags/entrenamiento_modelos_regresion_dag.py took 0.306 seconds
[2025-06-18T00:30:21.380+0000] {processor.py:161} INFO - Started process (PID=241) to work on /opt/airflow/dags/entrenamiento_modelos_regresion_dag.py
[2025-06-18T00:30:22.653+0000] {processor.py:830} INFO - Processing file /opt/airflow/dags/entrenamiento_modelos_regresion_dag.py for tasks to queue
[2025-06-18T00:30:22.657+0000] {logging_mixin.py:188} INFO - [2025-06-18T00:30:22.655+0000] {dagbag.py:538} INFO - Filling up the DagBag from /opt/airflow/dags/entrenamiento_modelos_regresion_dag.py
[2025-06-18T00:30:22.702+0000] {processor.py:840} INFO - DAG(s) 'entrenamiento_modelos_regresion' retrieved from /opt/airflow/dags/entrenamiento_modelos_regresion_dag.py
[2025-06-18T00:30:22.747+0000] {logging_mixin.py:188} INFO - [2025-06-18T00:30:22.746+0000] {dag.py:3036} INFO - Sync 1 DAGs
[2025-06-18T00:30:22.776+0000] {logging_mixin.py:188} INFO - [2025-06-18T00:30:22.775+0000] {dag.py:3823} INFO - Setting next_dagrun for entrenamiento_modelos_regresion to 2025-06-16 21:00:00+00:00, run_after=2025-06-17 21:00:00+00:00
[2025-06-18T00:30:23.102+0000] {processor.py:183} INFO - Processing /opt/airflow/dags/entrenamiento_modelos_regresion_dag.py took 1.730 seconds
[2025-06-18T00:30:53.458+0000] {processor.py:161} INFO - Started process (PID=269) to work on /opt/airflow/dags/entrenamiento_modelos_regresion_dag.py
[2025-06-18T00:30:53.460+0000] {processor.py:830} INFO - Processing file /opt/airflow/dags/entrenamiento_modelos_regresion_dag.py for tasks to queue
[2025-06-18T00:30:53.461+0000] {logging_mixin.py:188} INFO - [2025-06-18T00:30:53.461+0000] {dagbag.py:538} INFO - Filling up the DagBag from /opt/airflow/dags/entrenamiento_modelos_regresion_dag.py
[2025-06-18T00:30:53.479+0000] {processor.py:840} INFO - DAG(s) 'entrenamiento_modelos_regresion' retrieved from /opt/airflow/dags/entrenamiento_modelos_regresion_dag.py
[2025-06-18T00:30:53.520+0000] {logging_mixin.py:188} INFO - [2025-06-18T00:30:53.520+0000] {dag.py:3036} INFO - Sync 1 DAGs
[2025-06-18T00:30:53.562+0000] {logging_mixin.py:188} INFO - [2025-06-18T00:30:53.561+0000] {dag.py:3823} INFO - Setting next_dagrun for entrenamiento_modelos_regresion to 2025-06-16 21:00:00+00:00, run_after=2025-06-17 21:00:00+00:00
[2025-06-18T00:30:53.596+0000] {processor.py:183} INFO - Processing /opt/airflow/dags/entrenamiento_modelos_regresion_dag.py took 0.144 seconds
[2025-06-18T00:31:23.758+0000] {processor.py:161} INFO - Started process (PID=298) to work on /opt/airflow/dags/entrenamiento_modelos_regresion_dag.py
[2025-06-18T00:31:23.760+0000] {processor.py:830} INFO - Processing file /opt/airflow/dags/entrenamiento_modelos_regresion_dag.py for tasks to queue
[2025-06-18T00:31:23.761+0000] {logging_mixin.py:188} INFO - [2025-06-18T00:31:23.761+0000] {dagbag.py:538} INFO - Filling up the DagBag from /opt/airflow/dags/entrenamiento_modelos_regresion_dag.py
[2025-06-18T00:31:23.777+0000] {processor.py:840} INFO - DAG(s) 'entrenamiento_modelos_regresion' retrieved from /opt/airflow/dags/entrenamiento_modelos_regresion_dag.py
[2025-06-18T00:31:23.819+0000] {logging_mixin.py:188} INFO - [2025-06-18T00:31:23.819+0000] {dag.py:3036} INFO - Sync 1 DAGs
[2025-06-18T00:31:23.851+0000] {logging_mixin.py:188} INFO - [2025-06-18T00:31:23.850+0000] {dag.py:3823} INFO - Setting next_dagrun for entrenamiento_modelos_regresion to 2025-06-16 21:00:00+00:00, run_after=2025-06-17 21:00:00+00:00
[2025-06-18T00:31:24.163+0000] {processor.py:183} INFO - Processing /opt/airflow/dags/entrenamiento_modelos_regresion_dag.py took 0.411 seconds
[2025-06-18T00:31:54.266+0000] {processor.py:161} INFO - Started process (PID=336) to work on /opt/airflow/dags/entrenamiento_modelos_regresion_dag.py
[2025-06-18T00:31:54.274+0000] {processor.py:830} INFO - Processing file /opt/airflow/dags/entrenamiento_modelos_regresion_dag.py for tasks to queue
[2025-06-18T00:31:54.275+0000] {logging_mixin.py:188} INFO - [2025-06-18T00:31:54.275+0000] {dagbag.py:538} INFO - Filling up the DagBag from /opt/airflow/dags/entrenamiento_modelos_regresion_dag.py
[2025-06-18T00:31:54.289+0000] {processor.py:840} INFO - DAG(s) 'entrenamiento_modelos_regresion' retrieved from /opt/airflow/dags/entrenamiento_modelos_regresion_dag.py
[2025-06-18T00:31:54.322+0000] {logging_mixin.py:188} INFO - [2025-06-18T00:31:54.322+0000] {dag.py:3036} INFO - Sync 1 DAGs
[2025-06-18T00:31:54.347+0000] {logging_mixin.py:188} INFO - [2025-06-18T00:31:54.347+0000] {dag.py:3823} INFO - Setting next_dagrun for entrenamiento_modelos_regresion to 2025-06-16 21:00:00+00:00, run_after=2025-06-17 21:00:00+00:00
[2025-06-18T00:31:54.391+0000] {processor.py:183} INFO - Processing /opt/airflow/dags/entrenamiento_modelos_regresion_dag.py took 0.133 seconds
[2025-06-18T00:32:24.648+0000] {processor.py:161} INFO - Started process (PID=357) to work on /opt/airflow/dags/entrenamiento_modelos_regresion_dag.py
[2025-06-18T00:32:24.701+0000] {processor.py:830} INFO - Processing file /opt/airflow/dags/entrenamiento_modelos_regresion_dag.py for tasks to queue
[2025-06-18T00:32:24.703+0000] {logging_mixin.py:188} INFO - [2025-06-18T00:32:24.702+0000] {dagbag.py:538} INFO - Filling up the DagBag from /opt/airflow/dags/entrenamiento_modelos_regresion_dag.py
[2025-06-18T00:32:24.720+0000] {processor.py:840} INFO - DAG(s) 'entrenamiento_modelos_regresion' retrieved from /opt/airflow/dags/entrenamiento_modelos_regresion_dag.py
[2025-06-18T00:32:24.756+0000] {logging_mixin.py:188} INFO - [2025-06-18T00:32:24.756+0000] {dag.py:3036} INFO - Sync 1 DAGs
[2025-06-18T00:32:24.783+0000] {logging_mixin.py:188} INFO - [2025-06-18T00:32:24.783+0000] {dag.py:3823} INFO - Setting next_dagrun for entrenamiento_modelos_regresion to 2025-06-16 21:00:00+00:00, run_after=2025-06-17 21:00:00+00:00
[2025-06-18T00:32:24.844+0000] {processor.py:183} INFO - Processing /opt/airflow/dags/entrenamiento_modelos_regresion_dag.py took 0.204 seconds
[2025-06-18T00:32:55.237+0000] {processor.py:161} INFO - Started process (PID=391) to work on /opt/airflow/dags/entrenamiento_modelos_regresion_dag.py
[2025-06-18T00:32:55.239+0000] {processor.py:830} INFO - Processing file /opt/airflow/dags/entrenamiento_modelos_regresion_dag.py for tasks to queue
[2025-06-18T00:32:55.241+0000] {logging_mixin.py:188} INFO - [2025-06-18T00:32:55.240+0000] {dagbag.py:538} INFO - Filling up the DagBag from /opt/airflow/dags/entrenamiento_modelos_regresion_dag.py
[2025-06-18T00:32:55.257+0000] {processor.py:840} INFO - DAG(s) 'entrenamiento_modelos_regresion' retrieved from /opt/airflow/dags/entrenamiento_modelos_regresion_dag.py
[2025-06-18T00:32:55.306+0000] {logging_mixin.py:188} INFO - [2025-06-18T00:32:55.305+0000] {dag.py:3036} INFO - Sync 1 DAGs
[2025-06-18T00:32:55.360+0000] {logging_mixin.py:188} INFO - [2025-06-18T00:32:55.360+0000] {dag.py:3823} INFO - Setting next_dagrun for entrenamiento_modelos_regresion to 2025-06-16 21:00:00+00:00, run_after=2025-06-17 21:00:00+00:00
[2025-06-18T00:32:55.401+0000] {processor.py:183} INFO - Processing /opt/airflow/dags/entrenamiento_modelos_regresion_dag.py took 0.170 seconds
[2025-06-18T00:33:26.136+0000] {processor.py:161} INFO - Started process (PID=412) to work on /opt/airflow/dags/entrenamiento_modelos_regresion_dag.py
[2025-06-18T00:33:26.138+0000] {processor.py:830} INFO - Processing file /opt/airflow/dags/entrenamiento_modelos_regresion_dag.py for tasks to queue
[2025-06-18T00:33:26.139+0000] {logging_mixin.py:188} INFO - [2025-06-18T00:33:26.139+0000] {dagbag.py:538} INFO - Filling up the DagBag from /opt/airflow/dags/entrenamiento_modelos_regresion_dag.py
[2025-06-18T00:33:26.154+0000] {processor.py:840} INFO - DAG(s) 'entrenamiento_modelos_regresion' retrieved from /opt/airflow/dags/entrenamiento_modelos_regresion_dag.py
[2025-06-18T00:33:26.194+0000] {logging_mixin.py:188} INFO - [2025-06-18T00:33:26.194+0000] {dag.py:3036} INFO - Sync 1 DAGs
[2025-06-18T00:33:26.225+0000] {logging_mixin.py:188} INFO - [2025-06-18T00:33:26.225+0000] {dag.py:3823} INFO - Setting next_dagrun for entrenamiento_modelos_regresion to 2025-06-16 21:00:00+00:00, run_after=2025-06-17 21:00:00+00:00
[2025-06-18T00:33:26.271+0000] {processor.py:183} INFO - Processing /opt/airflow/dags/entrenamiento_modelos_regresion_dag.py took 0.140 seconds
[2025-06-18T00:33:56.465+0000] {processor.py:161} INFO - Started process (PID=448) to work on /opt/airflow/dags/entrenamiento_modelos_regresion_dag.py
[2025-06-18T00:33:56.467+0000] {processor.py:830} INFO - Processing file /opt/airflow/dags/entrenamiento_modelos_regresion_dag.py for tasks to queue
[2025-06-18T00:33:56.469+0000] {logging_mixin.py:188} INFO - [2025-06-18T00:33:56.468+0000] {dagbag.py:538} INFO - Filling up the DagBag from /opt/airflow/dags/entrenamiento_modelos_regresion_dag.py
[2025-06-18T00:33:56.487+0000] {processor.py:840} INFO - DAG(s) 'entrenamiento_modelos_regresion' retrieved from /opt/airflow/dags/entrenamiento_modelos_regresion_dag.py
[2025-06-18T00:33:56.525+0000] {logging_mixin.py:188} INFO - [2025-06-18T00:33:56.525+0000] {dag.py:3036} INFO - Sync 1 DAGs
[2025-06-18T00:33:56.556+0000] {logging_mixin.py:188} INFO - [2025-06-18T00:33:56.555+0000] {dag.py:3823} INFO - Setting next_dagrun for entrenamiento_modelos_regresion to 2025-06-16 21:00:00+00:00, run_after=2025-06-17 21:00:00+00:00
[2025-06-18T00:33:56.587+0000] {processor.py:183} INFO - Processing /opt/airflow/dags/entrenamiento_modelos_regresion_dag.py took 0.128 seconds
[2025-06-18T00:34:27.173+0000] {processor.py:161} INFO - Started process (PID=469) to work on /opt/airflow/dags/entrenamiento_modelos_regresion_dag.py
[2025-06-18T00:34:27.175+0000] {processor.py:830} INFO - Processing file /opt/airflow/dags/entrenamiento_modelos_regresion_dag.py for tasks to queue
[2025-06-18T00:34:27.176+0000] {logging_mixin.py:188} INFO - [2025-06-18T00:34:27.176+0000] {dagbag.py:538} INFO - Filling up the DagBag from /opt/airflow/dags/entrenamiento_modelos_regresion_dag.py
[2025-06-18T00:34:27.192+0000] {processor.py:840} INFO - DAG(s) 'entrenamiento_modelos_regresion' retrieved from /opt/airflow/dags/entrenamiento_modelos_regresion_dag.py
[2025-06-18T00:34:27.227+0000] {logging_mixin.py:188} INFO - [2025-06-18T00:34:27.227+0000] {dag.py:3036} INFO - Sync 1 DAGs
[2025-06-18T00:34:27.257+0000] {logging_mixin.py:188} INFO - [2025-06-18T00:34:27.257+0000] {dag.py:3823} INFO - Setting next_dagrun for entrenamiento_modelos_regresion to 2025-06-16 21:00:00+00:00, run_after=2025-06-17 21:00:00+00:00
[2025-06-18T00:34:27.283+0000] {processor.py:183} INFO - Processing /opt/airflow/dags/entrenamiento_modelos_regresion_dag.py took 0.115 seconds
[2025-06-18T00:34:57.486+0000] {processor.py:161} INFO - Started process (PID=505) to work on /opt/airflow/dags/entrenamiento_modelos_regresion_dag.py
[2025-06-18T00:34:57.488+0000] {processor.py:830} INFO - Processing file /opt/airflow/dags/entrenamiento_modelos_regresion_dag.py for tasks to queue
[2025-06-18T00:34:57.490+0000] {logging_mixin.py:188} INFO - [2025-06-18T00:34:57.489+0000] {dagbag.py:538} INFO - Filling up the DagBag from /opt/airflow/dags/entrenamiento_modelos_regresion_dag.py
[2025-06-18T00:34:57.505+0000] {processor.py:840} INFO - DAG(s) 'entrenamiento_modelos_regresion' retrieved from /opt/airflow/dags/entrenamiento_modelos_regresion_dag.py
[2025-06-18T00:34:57.541+0000] {logging_mixin.py:188} INFO - [2025-06-18T00:34:57.541+0000] {dag.py:3036} INFO - Sync 1 DAGs
[2025-06-18T00:34:57.573+0000] {logging_mixin.py:188} INFO - [2025-06-18T00:34:57.573+0000] {dag.py:3823} INFO - Setting next_dagrun for entrenamiento_modelos_regresion to 2025-06-16 21:00:00+00:00, run_after=2025-06-17 21:00:00+00:00
[2025-06-18T00:34:57.609+0000] {processor.py:183} INFO - Processing /opt/airflow/dags/entrenamiento_modelos_regresion_dag.py took 0.131 seconds
[2025-06-18T00:35:28.215+0000] {processor.py:161} INFO - Started process (PID=526) to work on /opt/airflow/dags/entrenamiento_modelos_regresion_dag.py
[2025-06-18T00:35:28.381+0000] {processor.py:830} INFO - Processing file /opt/airflow/dags/entrenamiento_modelos_regresion_dag.py for tasks to queue
[2025-06-18T00:35:28.391+0000] {logging_mixin.py:188} INFO - [2025-06-18T00:35:28.389+0000] {dagbag.py:538} INFO - Filling up the DagBag from /opt/airflow/dags/entrenamiento_modelos_regresion_dag.py
[2025-06-18T00:35:28.428+0000] {processor.py:840} INFO - DAG(s) 'entrenamiento_modelos_regresion' retrieved from /opt/airflow/dags/entrenamiento_modelos_regresion_dag.py
[2025-06-18T00:35:28.469+0000] {logging_mixin.py:188} INFO - [2025-06-18T00:35:28.469+0000] {dag.py:3036} INFO - Sync 1 DAGs
[2025-06-18T00:35:28.499+0000] {logging_mixin.py:188} INFO - [2025-06-18T00:35:28.498+0000] {dag.py:3823} INFO - Setting next_dagrun for entrenamiento_modelos_regresion to 2025-06-16 21:00:00+00:00, run_after=2025-06-17 21:00:00+00:00
[2025-06-18T00:35:28.527+0000] {processor.py:183} INFO - Processing /opt/airflow/dags/entrenamiento_modelos_regresion_dag.py took 0.317 seconds
[2025-06-18T00:35:59.418+0000] {processor.py:161} INFO - Started process (PID=562) to work on /opt/airflow/dags/entrenamiento_modelos_regresion_dag.py
[2025-06-18T00:35:59.420+0000] {processor.py:830} INFO - Processing file /opt/airflow/dags/entrenamiento_modelos_regresion_dag.py for tasks to queue
[2025-06-18T00:35:59.421+0000] {logging_mixin.py:188} INFO - [2025-06-18T00:35:59.421+0000] {dagbag.py:538} INFO - Filling up the DagBag from /opt/airflow/dags/entrenamiento_modelos_regresion_dag.py
[2025-06-18T00:35:59.451+0000] {processor.py:840} INFO - DAG(s) 'entrenamiento_modelos_regresion' retrieved from /opt/airflow/dags/entrenamiento_modelos_regresion_dag.py
[2025-06-18T00:35:59.486+0000] {logging_mixin.py:188} INFO - [2025-06-18T00:35:59.486+0000] {dag.py:3036} INFO - Sync 1 DAGs
[2025-06-18T00:35:59.518+0000] {logging_mixin.py:188} INFO - [2025-06-18T00:35:59.518+0000] {dag.py:3823} INFO - Setting next_dagrun for entrenamiento_modelos_regresion to 2025-06-16 21:00:00+00:00, run_after=2025-06-17 21:00:00+00:00
[2025-06-18T00:35:59.838+0000] {processor.py:183} INFO - Processing /opt/airflow/dags/entrenamiento_modelos_regresion_dag.py took 0.426 seconds
[2025-06-18T00:36:30.067+0000] {processor.py:161} INFO - Started process (PID=585) to work on /opt/airflow/dags/entrenamiento_modelos_regresion_dag.py
[2025-06-18T00:36:30.088+0000] {processor.py:830} INFO - Processing file /opt/airflow/dags/entrenamiento_modelos_regresion_dag.py for tasks to queue
[2025-06-18T00:36:30.090+0000] {logging_mixin.py:188} INFO - [2025-06-18T00:36:30.089+0000] {dagbag.py:538} INFO - Filling up the DagBag from /opt/airflow/dags/entrenamiento_modelos_regresion_dag.py
[2025-06-18T00:36:30.111+0000] {processor.py:840} INFO - DAG(s) 'entrenamiento_modelos_regresion' retrieved from /opt/airflow/dags/entrenamiento_modelos_regresion_dag.py
[2025-06-18T00:36:30.151+0000] {logging_mixin.py:188} INFO - [2025-06-18T00:36:30.151+0000] {dag.py:3036} INFO - Sync 1 DAGs
[2025-06-18T00:36:30.188+0000] {logging_mixin.py:188} INFO - [2025-06-18T00:36:30.188+0000] {dag.py:3823} INFO - Setting next_dagrun for entrenamiento_modelos_regresion to 2025-06-16 21:00:00+00:00, run_after=2025-06-17 21:00:00+00:00
[2025-06-18T00:36:30.274+0000] {processor.py:183} INFO - Processing /opt/airflow/dags/entrenamiento_modelos_regresion_dag.py took 0.214 seconds
[2025-06-18T00:37:00.385+0000] {processor.py:161} INFO - Started process (PID=621) to work on /opt/airflow/dags/entrenamiento_modelos_regresion_dag.py
[2025-06-18T00:37:00.394+0000] {processor.py:830} INFO - Processing file /opt/airflow/dags/entrenamiento_modelos_regresion_dag.py for tasks to queue
[2025-06-18T00:37:00.395+0000] {logging_mixin.py:188} INFO - [2025-06-18T00:37:00.394+0000] {dagbag.py:538} INFO - Filling up the DagBag from /opt/airflow/dags/entrenamiento_modelos_regresion_dag.py
[2025-06-18T00:37:00.411+0000] {processor.py:840} INFO - DAG(s) 'entrenamiento_modelos_regresion' retrieved from /opt/airflow/dags/entrenamiento_modelos_regresion_dag.py
[2025-06-18T00:37:00.451+0000] {logging_mixin.py:188} INFO - [2025-06-18T00:37:00.450+0000] {dag.py:3036} INFO - Sync 1 DAGs
[2025-06-18T00:37:00.481+0000] {logging_mixin.py:188} INFO - [2025-06-18T00:37:00.480+0000] {dag.py:3823} INFO - Setting next_dagrun for entrenamiento_modelos_regresion to 2025-06-16 21:00:00+00:00, run_after=2025-06-17 21:00:00+00:00
[2025-06-18T00:37:00.519+0000] {processor.py:183} INFO - Processing /opt/airflow/dags/entrenamiento_modelos_regresion_dag.py took 0.139 seconds
[2025-06-18T00:37:30.789+0000] {processor.py:161} INFO - Started process (PID=642) to work on /opt/airflow/dags/entrenamiento_modelos_regresion_dag.py
[2025-06-18T00:37:30.792+0000] {processor.py:830} INFO - Processing file /opt/airflow/dags/entrenamiento_modelos_regresion_dag.py for tasks to queue
[2025-06-18T00:37:30.794+0000] {logging_mixin.py:188} INFO - [2025-06-18T00:37:30.794+0000] {dagbag.py:538} INFO - Filling up the DagBag from /opt/airflow/dags/entrenamiento_modelos_regresion_dag.py
[2025-06-18T00:37:30.809+0000] {processor.py:840} INFO - DAG(s) 'entrenamiento_modelos_regresion' retrieved from /opt/airflow/dags/entrenamiento_modelos_regresion_dag.py
[2025-06-18T00:37:30.847+0000] {logging_mixin.py:188} INFO - [2025-06-18T00:37:30.846+0000] {dag.py:3036} INFO - Sync 1 DAGs
[2025-06-18T00:37:30.874+0000] {logging_mixin.py:188} INFO - [2025-06-18T00:37:30.874+0000] {dag.py:3823} INFO - Setting next_dagrun for entrenamiento_modelos_regresion to 2025-06-16 21:00:00+00:00, run_after=2025-06-17 21:00:00+00:00
[2025-06-18T00:37:30.904+0000] {processor.py:183} INFO - Processing /opt/airflow/dags/entrenamiento_modelos_regresion_dag.py took 0.121 seconds
[2025-06-18T00:38:00.980+0000] {processor.py:161} INFO - Started process (PID=676) to work on /opt/airflow/dags/entrenamiento_modelos_regresion_dag.py
[2025-06-18T00:38:00.982+0000] {processor.py:830} INFO - Processing file /opt/airflow/dags/entrenamiento_modelos_regresion_dag.py for tasks to queue
[2025-06-18T00:38:00.983+0000] {logging_mixin.py:188} INFO - [2025-06-18T00:38:00.983+0000] {dagbag.py:538} INFO - Filling up the DagBag from /opt/airflow/dags/entrenamiento_modelos_regresion_dag.py
[2025-06-18T00:38:01.000+0000] {processor.py:840} INFO - DAG(s) 'entrenamiento_modelos_regresion' retrieved from /opt/airflow/dags/entrenamiento_modelos_regresion_dag.py
[2025-06-18T00:38:01.040+0000] {logging_mixin.py:188} INFO - [2025-06-18T00:38:01.040+0000] {dag.py:3036} INFO - Sync 1 DAGs
[2025-06-18T00:38:01.073+0000] {logging_mixin.py:188} INFO - [2025-06-18T00:38:01.072+0000] {dag.py:3823} INFO - Setting next_dagrun for entrenamiento_modelos_regresion to 2025-06-16 21:00:00+00:00, run_after=2025-06-17 21:00:00+00:00
[2025-06-18T00:38:01.099+0000] {processor.py:183} INFO - Processing /opt/airflow/dags/entrenamiento_modelos_regresion_dag.py took 0.125 seconds
[2025-06-18T00:38:31.594+0000] {processor.py:161} INFO - Started process (PID=697) to work on /opt/airflow/dags/entrenamiento_modelos_regresion_dag.py
[2025-06-18T00:38:31.596+0000] {processor.py:830} INFO - Processing file /opt/airflow/dags/entrenamiento_modelos_regresion_dag.py for tasks to queue
[2025-06-18T00:38:31.597+0000] {logging_mixin.py:188} INFO - [2025-06-18T00:38:31.597+0000] {dagbag.py:538} INFO - Filling up the DagBag from /opt/airflow/dags/entrenamiento_modelos_regresion_dag.py
[2025-06-18T00:38:31.613+0000] {processor.py:840} INFO - DAG(s) 'entrenamiento_modelos_regresion' retrieved from /opt/airflow/dags/entrenamiento_modelos_regresion_dag.py
[2025-06-18T00:38:31.651+0000] {logging_mixin.py:188} INFO - [2025-06-18T00:38:31.651+0000] {dag.py:3036} INFO - Sync 1 DAGs
[2025-06-18T00:38:31.687+0000] {logging_mixin.py:188} INFO - [2025-06-18T00:38:31.687+0000] {dag.py:3823} INFO - Setting next_dagrun for entrenamiento_modelos_regresion to 2025-06-16 21:00:00+00:00, run_after=2025-06-17 21:00:00+00:00
[2025-06-18T00:38:31.712+0000] {processor.py:183} INFO - Processing /opt/airflow/dags/entrenamiento_modelos_regresion_dag.py took 0.125 seconds
[2025-06-18T00:39:02.490+0000] {processor.py:161} INFO - Started process (PID=733) to work on /opt/airflow/dags/entrenamiento_modelos_regresion_dag.py
[2025-06-18T00:39:02.492+0000] {processor.py:830} INFO - Processing file /opt/airflow/dags/entrenamiento_modelos_regresion_dag.py for tasks to queue
[2025-06-18T00:39:02.493+0000] {logging_mixin.py:188} INFO - [2025-06-18T00:39:02.492+0000] {dagbag.py:538} INFO - Filling up the DagBag from /opt/airflow/dags/entrenamiento_modelos_regresion_dag.py
[2025-06-18T00:39:02.509+0000] {processor.py:840} INFO - DAG(s) 'entrenamiento_modelos_regresion' retrieved from /opt/airflow/dags/entrenamiento_modelos_regresion_dag.py
[2025-06-18T00:39:02.547+0000] {logging_mixin.py:188} INFO - [2025-06-18T00:39:02.547+0000] {dag.py:3036} INFO - Sync 1 DAGs
[2025-06-18T00:39:02.579+0000] {logging_mixin.py:188} INFO - [2025-06-18T00:39:02.579+0000] {dag.py:3823} INFO - Setting next_dagrun for entrenamiento_modelos_regresion to 2025-06-16 21:00:00+00:00, run_after=2025-06-17 21:00:00+00:00
[2025-06-18T00:39:02.623+0000] {processor.py:183} INFO - Processing /opt/airflow/dags/entrenamiento_modelos_regresion_dag.py took 0.139 seconds
[2025-06-18T00:39:33.328+0000] {processor.py:161} INFO - Started process (PID=769) to work on /opt/airflow/dags/entrenamiento_modelos_regresion_dag.py
[2025-06-18T00:39:33.330+0000] {processor.py:830} INFO - Processing file /opt/airflow/dags/entrenamiento_modelos_regresion_dag.py for tasks to queue
[2025-06-18T00:39:33.331+0000] {logging_mixin.py:188} INFO - [2025-06-18T00:39:33.331+0000] {dagbag.py:538} INFO - Filling up the DagBag from /opt/airflow/dags/entrenamiento_modelos_regresion_dag.py
[2025-06-18T00:39:33.348+0000] {processor.py:840} INFO - DAG(s) 'entrenamiento_modelos_regresion' retrieved from /opt/airflow/dags/entrenamiento_modelos_regresion_dag.py
[2025-06-18T00:39:33.386+0000] {logging_mixin.py:188} INFO - [2025-06-18T00:39:33.385+0000] {dag.py:3036} INFO - Sync 1 DAGs
[2025-06-18T00:39:33.417+0000] {logging_mixin.py:188} INFO - [2025-06-18T00:39:33.416+0000] {dag.py:3823} INFO - Setting next_dagrun for entrenamiento_modelos_regresion to 2025-06-16 21:00:00+00:00, run_after=2025-06-17 21:00:00+00:00
[2025-06-18T00:39:33.444+0000] {processor.py:183} INFO - Processing /opt/airflow/dags/entrenamiento_modelos_regresion_dag.py took 0.123 seconds
[2025-06-18T00:40:04.191+0000] {processor.py:161} INFO - Started process (PID=790) to work on /opt/airflow/dags/entrenamiento_modelos_regresion_dag.py
[2025-06-18T00:40:04.193+0000] {processor.py:830} INFO - Processing file /opt/airflow/dags/entrenamiento_modelos_regresion_dag.py for tasks to queue
[2025-06-18T00:40:04.194+0000] {logging_mixin.py:188} INFO - [2025-06-18T00:40:04.194+0000] {dagbag.py:538} INFO - Filling up the DagBag from /opt/airflow/dags/entrenamiento_modelos_regresion_dag.py
[2025-06-18T00:40:04.209+0000] {processor.py:840} INFO - DAG(s) 'entrenamiento_modelos_regresion' retrieved from /opt/airflow/dags/entrenamiento_modelos_regresion_dag.py
[2025-06-18T00:40:04.248+0000] {logging_mixin.py:188} INFO - [2025-06-18T00:40:04.247+0000] {dag.py:3036} INFO - Sync 1 DAGs
[2025-06-18T00:40:04.280+0000] {logging_mixin.py:188} INFO - [2025-06-18T00:40:04.280+0000] {dag.py:3823} INFO - Setting next_dagrun for entrenamiento_modelos_regresion to 2025-06-16 21:00:00+00:00, run_after=2025-06-17 21:00:00+00:00
[2025-06-18T00:40:04.346+0000] {processor.py:183} INFO - Processing /opt/airflow/dags/entrenamiento_modelos_regresion_dag.py took 0.160 seconds
[2025-06-18T00:40:34.921+0000] {processor.py:161} INFO - Started process (PID=826) to work on /opt/airflow/dags/entrenamiento_modelos_regresion_dag.py
[2025-06-18T00:40:34.922+0000] {processor.py:830} INFO - Processing file /opt/airflow/dags/entrenamiento_modelos_regresion_dag.py for tasks to queue
[2025-06-18T00:40:34.924+0000] {logging_mixin.py:188} INFO - [2025-06-18T00:40:34.923+0000] {dagbag.py:538} INFO - Filling up the DagBag from /opt/airflow/dags/entrenamiento_modelos_regresion_dag.py
[2025-06-18T00:40:34.940+0000] {processor.py:840} INFO - DAG(s) 'entrenamiento_modelos_regresion' retrieved from /opt/airflow/dags/entrenamiento_modelos_regresion_dag.py
[2025-06-18T00:40:34.978+0000] {logging_mixin.py:188} INFO - [2025-06-18T00:40:34.978+0000] {dag.py:3036} INFO - Sync 1 DAGs
[2025-06-18T00:40:35.009+0000] {logging_mixin.py:188} INFO - [2025-06-18T00:40:35.009+0000] {dag.py:3823} INFO - Setting next_dagrun for entrenamiento_modelos_regresion to 2025-06-16 21:00:00+00:00, run_after=2025-06-17 21:00:00+00:00
[2025-06-18T00:40:35.060+0000] {processor.py:183} INFO - Processing /opt/airflow/dags/entrenamiento_modelos_regresion_dag.py took 0.144 seconds
[2025-06-18T00:41:05.821+0000] {processor.py:161} INFO - Started process (PID=847) to work on /opt/airflow/dags/entrenamiento_modelos_regresion_dag.py
[2025-06-18T00:41:05.823+0000] {processor.py:830} INFO - Processing file /opt/airflow/dags/entrenamiento_modelos_regresion_dag.py for tasks to queue
[2025-06-18T00:41:05.824+0000] {logging_mixin.py:188} INFO - [2025-06-18T00:41:05.823+0000] {dagbag.py:538} INFO - Filling up the DagBag from /opt/airflow/dags/entrenamiento_modelos_regresion_dag.py
[2025-06-18T00:41:05.840+0000] {processor.py:840} INFO - DAG(s) 'entrenamiento_modelos_regresion' retrieved from /opt/airflow/dags/entrenamiento_modelos_regresion_dag.py
[2025-06-18T00:41:05.875+0000] {logging_mixin.py:188} INFO - [2025-06-18T00:41:05.874+0000] {dag.py:3036} INFO - Sync 1 DAGs
[2025-06-18T00:41:05.907+0000] {logging_mixin.py:188} INFO - [2025-06-18T00:41:05.906+0000] {dag.py:3823} INFO - Setting next_dagrun for entrenamiento_modelos_regresion to 2025-06-16 21:00:00+00:00, run_after=2025-06-17 21:00:00+00:00
[2025-06-18T00:41:05.935+0000] {processor.py:183} INFO - Processing /opt/airflow/dags/entrenamiento_modelos_regresion_dag.py took 0.119 seconds
[2025-06-18T00:41:36.648+0000] {processor.py:161} INFO - Started process (PID=883) to work on /opt/airflow/dags/entrenamiento_modelos_regresion_dag.py
[2025-06-18T00:41:36.649+0000] {processor.py:830} INFO - Processing file /opt/airflow/dags/entrenamiento_modelos_regresion_dag.py for tasks to queue
[2025-06-18T00:41:36.650+0000] {logging_mixin.py:188} INFO - [2025-06-18T00:41:36.650+0000] {dagbag.py:538} INFO - Filling up the DagBag from /opt/airflow/dags/entrenamiento_modelos_regresion_dag.py
[2025-06-18T00:41:36.667+0000] {processor.py:840} INFO - DAG(s) 'entrenamiento_modelos_regresion' retrieved from /opt/airflow/dags/entrenamiento_modelos_regresion_dag.py
[2025-06-18T00:41:36.705+0000] {logging_mixin.py:188} INFO - [2025-06-18T00:41:36.705+0000] {dag.py:3036} INFO - Sync 1 DAGs
[2025-06-18T00:41:36.738+0000] {logging_mixin.py:188} INFO - [2025-06-18T00:41:36.738+0000] {dag.py:3823} INFO - Setting next_dagrun for entrenamiento_modelos_regresion to 2025-06-16 21:00:00+00:00, run_after=2025-06-17 21:00:00+00:00
[2025-06-18T00:41:36.776+0000] {processor.py:183} INFO - Processing /opt/airflow/dags/entrenamiento_modelos_regresion_dag.py took 0.136 seconds
[2025-06-18T00:42:07.177+0000] {processor.py:161} INFO - Started process (PID=904) to work on /opt/airflow/dags/entrenamiento_modelos_regresion_dag.py
[2025-06-18T00:42:07.180+0000] {processor.py:830} INFO - Processing file /opt/airflow/dags/entrenamiento_modelos_regresion_dag.py for tasks to queue
[2025-06-18T00:42:07.181+0000] {logging_mixin.py:188} INFO - [2025-06-18T00:42:07.181+0000] {dagbag.py:538} INFO - Filling up the DagBag from /opt/airflow/dags/entrenamiento_modelos_regresion_dag.py
[2025-06-18T00:42:07.203+0000] {processor.py:840} INFO - DAG(s) 'entrenamiento_modelos_regresion' retrieved from /opt/airflow/dags/entrenamiento_modelos_regresion_dag.py
[2025-06-18T00:42:07.240+0000] {logging_mixin.py:188} INFO - [2025-06-18T00:42:07.240+0000] {dag.py:3036} INFO - Sync 1 DAGs
[2025-06-18T00:42:07.271+0000] {logging_mixin.py:188} INFO - [2025-06-18T00:42:07.271+0000] {dag.py:3823} INFO - Setting next_dagrun for entrenamiento_modelos_regresion to 2025-06-16 21:00:00+00:00, run_after=2025-06-17 21:00:00+00:00
[2025-06-18T00:42:07.298+0000] {processor.py:183} INFO - Processing /opt/airflow/dags/entrenamiento_modelos_regresion_dag.py took 0.129 seconds
[2025-06-18T00:42:37.901+0000] {processor.py:161} INFO - Started process (PID=940) to work on /opt/airflow/dags/entrenamiento_modelos_regresion_dag.py
[2025-06-18T00:42:37.903+0000] {processor.py:830} INFO - Processing file /opt/airflow/dags/entrenamiento_modelos_regresion_dag.py for tasks to queue
[2025-06-18T00:42:37.904+0000] {logging_mixin.py:188} INFO - [2025-06-18T00:42:37.903+0000] {dagbag.py:538} INFO - Filling up the DagBag from /opt/airflow/dags/entrenamiento_modelos_regresion_dag.py
[2025-06-18T00:42:37.919+0000] {processor.py:840} INFO - DAG(s) 'entrenamiento_modelos_regresion' retrieved from /opt/airflow/dags/entrenamiento_modelos_regresion_dag.py
[2025-06-18T00:42:37.958+0000] {logging_mixin.py:188} INFO - [2025-06-18T00:42:37.957+0000] {dag.py:3036} INFO - Sync 1 DAGs
[2025-06-18T00:42:38.006+0000] {logging_mixin.py:188} INFO - [2025-06-18T00:42:38.006+0000] {dag.py:3823} INFO - Setting next_dagrun for entrenamiento_modelos_regresion to 2025-06-16 21:00:00+00:00, run_after=2025-06-17 21:00:00+00:00
[2025-06-18T00:42:38.048+0000] {processor.py:183} INFO - Processing /opt/airflow/dags/entrenamiento_modelos_regresion_dag.py took 0.153 seconds
[2025-06-18T00:43:08.442+0000] {processor.py:161} INFO - Started process (PID=961) to work on /opt/airflow/dags/entrenamiento_modelos_regresion_dag.py
[2025-06-18T00:43:08.445+0000] {processor.py:830} INFO - Processing file /opt/airflow/dags/entrenamiento_modelos_regresion_dag.py for tasks to queue
[2025-06-18T00:43:08.447+0000] {logging_mixin.py:188} INFO - [2025-06-18T00:43:08.446+0000] {dagbag.py:538} INFO - Filling up the DagBag from /opt/airflow/dags/entrenamiento_modelos_regresion_dag.py
[2025-06-18T00:43:08.472+0000] {processor.py:840} INFO - DAG(s) 'entrenamiento_modelos_regresion' retrieved from /opt/airflow/dags/entrenamiento_modelos_regresion_dag.py
[2025-06-18T00:43:08.537+0000] {logging_mixin.py:188} INFO - [2025-06-18T00:43:08.536+0000] {dag.py:3036} INFO - Sync 1 DAGs
[2025-06-18T00:43:08.588+0000] {logging_mixin.py:188} INFO - [2025-06-18T00:43:08.588+0000] {dag.py:3823} INFO - Setting next_dagrun for entrenamiento_modelos_regresion to 2025-06-16 21:00:00+00:00, run_after=2025-06-17 21:00:00+00:00
[2025-06-18T00:43:08.628+0000] {processor.py:183} INFO - Processing /opt/airflow/dags/entrenamiento_modelos_regresion_dag.py took 0.194 seconds
[2025-06-18T00:43:38.909+0000] {processor.py:161} INFO - Started process (PID=997) to work on /opt/airflow/dags/entrenamiento_modelos_regresion_dag.py
[2025-06-18T00:43:38.910+0000] {processor.py:830} INFO - Processing file /opt/airflow/dags/entrenamiento_modelos_regresion_dag.py for tasks to queue
[2025-06-18T00:43:38.912+0000] {logging_mixin.py:188} INFO - [2025-06-18T00:43:38.911+0000] {dagbag.py:538} INFO - Filling up the DagBag from /opt/airflow/dags/entrenamiento_modelos_regresion_dag.py
[2025-06-18T00:43:38.927+0000] {processor.py:840} INFO - DAG(s) 'entrenamiento_modelos_regresion' retrieved from /opt/airflow/dags/entrenamiento_modelos_regresion_dag.py
[2025-06-18T00:43:38.966+0000] {logging_mixin.py:188} INFO - [2025-06-18T00:43:38.965+0000] {dag.py:3036} INFO - Sync 1 DAGs
[2025-06-18T00:43:38.996+0000] {logging_mixin.py:188} INFO - [2025-06-18T00:43:38.995+0000] {dag.py:3823} INFO - Setting next_dagrun for entrenamiento_modelos_regresion to 2025-06-16 21:00:00+00:00, run_after=2025-06-17 21:00:00+00:00
[2025-06-18T00:43:39.033+0000] {processor.py:183} INFO - Processing /opt/airflow/dags/entrenamiento_modelos_regresion_dag.py took 0.131 seconds
[2025-06-18T00:44:09.663+0000] {processor.py:161} INFO - Started process (PID=1018) to work on /opt/airflow/dags/entrenamiento_modelos_regresion_dag.py
[2025-06-18T00:44:09.665+0000] {processor.py:830} INFO - Processing file /opt/airflow/dags/entrenamiento_modelos_regresion_dag.py for tasks to queue
[2025-06-18T00:44:09.667+0000] {logging_mixin.py:188} INFO - [2025-06-18T00:44:09.666+0000] {dagbag.py:538} INFO - Filling up the DagBag from /opt/airflow/dags/entrenamiento_modelos_regresion_dag.py
[2025-06-18T00:44:09.684+0000] {processor.py:840} INFO - DAG(s) 'entrenamiento_modelos_regresion' retrieved from /opt/airflow/dags/entrenamiento_modelos_regresion_dag.py
[2025-06-18T00:44:09.723+0000] {logging_mixin.py:188} INFO - [2025-06-18T00:44:09.723+0000] {dag.py:3036} INFO - Sync 1 DAGs
[2025-06-18T00:44:09.755+0000] {logging_mixin.py:188} INFO - [2025-06-18T00:44:09.754+0000] {dag.py:3823} INFO - Setting next_dagrun for entrenamiento_modelos_regresion to 2025-06-16 21:00:00+00:00, run_after=2025-06-17 21:00:00+00:00
[2025-06-18T00:44:09.782+0000] {processor.py:183} INFO - Processing /opt/airflow/dags/entrenamiento_modelos_regresion_dag.py took 0.125 seconds
[2025-06-18T00:44:39.985+0000] {processor.py:161} INFO - Started process (PID=1054) to work on /opt/airflow/dags/entrenamiento_modelos_regresion_dag.py
[2025-06-18T00:44:40.155+0000] {processor.py:830} INFO - Processing file /opt/airflow/dags/entrenamiento_modelos_regresion_dag.py for tasks to queue
[2025-06-18T00:44:40.159+0000] {logging_mixin.py:188} INFO - [2025-06-18T00:44:40.158+0000] {dagbag.py:538} INFO - Filling up the DagBag from /opt/airflow/dags/entrenamiento_modelos_regresion_dag.py
[2025-06-18T00:44:40.198+0000] {processor.py:840} INFO - DAG(s) 'entrenamiento_modelos_regresion' retrieved from /opt/airflow/dags/entrenamiento_modelos_regresion_dag.py
[2025-06-18T00:44:40.238+0000] {logging_mixin.py:188} INFO - [2025-06-18T00:44:40.237+0000] {dag.py:3036} INFO - Sync 1 DAGs
[2025-06-18T00:44:40.266+0000] {logging_mixin.py:188} INFO - [2025-06-18T00:44:40.266+0000] {dag.py:3823} INFO - Setting next_dagrun for entrenamiento_modelos_regresion to 2025-06-16 21:00:00+00:00, run_after=2025-06-17 21:00:00+00:00
[2025-06-18T00:44:40.331+0000] {processor.py:183} INFO - Processing /opt/airflow/dags/entrenamiento_modelos_regresion_dag.py took 0.358 seconds
[2025-06-18T00:45:10.841+0000] {processor.py:161} INFO - Started process (PID=1075) to work on /opt/airflow/dags/entrenamiento_modelos_regresion_dag.py
[2025-06-18T00:45:10.842+0000] {processor.py:830} INFO - Processing file /opt/airflow/dags/entrenamiento_modelos_regresion_dag.py for tasks to queue
[2025-06-18T00:45:10.843+0000] {logging_mixin.py:188} INFO - [2025-06-18T00:45:10.843+0000] {dagbag.py:538} INFO - Filling up the DagBag from /opt/airflow/dags/entrenamiento_modelos_regresion_dag.py
[2025-06-18T00:45:10.859+0000] {processor.py:840} INFO - DAG(s) 'entrenamiento_modelos_regresion' retrieved from /opt/airflow/dags/entrenamiento_modelos_regresion_dag.py
[2025-06-18T00:45:10.895+0000] {logging_mixin.py:188} INFO - [2025-06-18T00:45:10.895+0000] {dag.py:3036} INFO - Sync 1 DAGs
[2025-06-18T00:45:10.925+0000] {logging_mixin.py:188} INFO - [2025-06-18T00:45:10.925+0000] {dag.py:3823} INFO - Setting next_dagrun for entrenamiento_modelos_regresion to 2025-06-16 21:00:00+00:00, run_after=2025-06-17 21:00:00+00:00
[2025-06-18T00:45:10.954+0000] {processor.py:183} INFO - Processing /opt/airflow/dags/entrenamiento_modelos_regresion_dag.py took 0.120 seconds
[2025-06-18T00:45:41.507+0000] {processor.py:161} INFO - Started process (PID=1111) to work on /opt/airflow/dags/entrenamiento_modelos_regresion_dag.py
[2025-06-18T00:45:41.591+0000] {processor.py:830} INFO - Processing file /opt/airflow/dags/entrenamiento_modelos_regresion_dag.py for tasks to queue
[2025-06-18T00:45:41.595+0000] {logging_mixin.py:188} INFO - [2025-06-18T00:45:41.594+0000] {dagbag.py:538} INFO - Filling up the DagBag from /opt/airflow/dags/entrenamiento_modelos_regresion_dag.py
[2025-06-18T00:45:41.633+0000] {processor.py:840} INFO - DAG(s) 'entrenamiento_modelos_regresion' retrieved from /opt/airflow/dags/entrenamiento_modelos_regresion_dag.py
[2025-06-18T00:45:41.679+0000] {logging_mixin.py:188} INFO - [2025-06-18T00:45:41.679+0000] {dag.py:3036} INFO - Sync 1 DAGs
[2025-06-18T00:45:41.706+0000] {logging_mixin.py:188} INFO - [2025-06-18T00:45:41.706+0000] {dag.py:3823} INFO - Setting next_dagrun for entrenamiento_modelos_regresion to 2025-06-16 21:00:00+00:00, run_after=2025-06-17 21:00:00+00:00
[2025-06-18T00:45:41.944+0000] {processor.py:183} INFO - Processing /opt/airflow/dags/entrenamiento_modelos_regresion_dag.py took 0.443 seconds
[2025-06-18T00:46:12.335+0000] {processor.py:161} INFO - Started process (PID=1147) to work on /opt/airflow/dags/entrenamiento_modelos_regresion_dag.py
[2025-06-18T00:46:12.337+0000] {processor.py:830} INFO - Processing file /opt/airflow/dags/entrenamiento_modelos_regresion_dag.py for tasks to queue
[2025-06-18T00:46:12.339+0000] {logging_mixin.py:188} INFO - [2025-06-18T00:46:12.338+0000] {dagbag.py:538} INFO - Filling up the DagBag from /opt/airflow/dags/entrenamiento_modelos_regresion_dag.py
[2025-06-18T00:46:12.373+0000] {processor.py:840} INFO - DAG(s) 'entrenamiento_modelos_regresion' retrieved from /opt/airflow/dags/entrenamiento_modelos_regresion_dag.py
[2025-06-18T00:46:12.424+0000] {logging_mixin.py:188} INFO - [2025-06-18T00:46:12.424+0000] {dag.py:3036} INFO - Sync 1 DAGs
[2025-06-18T00:46:12.475+0000] {logging_mixin.py:188} INFO - [2025-06-18T00:46:12.474+0000] {dag.py:3823} INFO - Setting next_dagrun for entrenamiento_modelos_regresion to 2025-06-16 21:00:00+00:00, run_after=2025-06-17 21:00:00+00:00
[2025-06-18T00:46:12.936+0000] {processor.py:183} INFO - Processing /opt/airflow/dags/entrenamiento_modelos_regresion_dag.py took 0.606 seconds
[2025-06-18T00:46:43.543+0000] {processor.py:161} INFO - Started process (PID=1168) to work on /opt/airflow/dags/entrenamiento_modelos_regresion_dag.py
[2025-06-18T00:46:43.544+0000] {processor.py:830} INFO - Processing file /opt/airflow/dags/entrenamiento_modelos_regresion_dag.py for tasks to queue
[2025-06-18T00:46:43.545+0000] {logging_mixin.py:188} INFO - [2025-06-18T00:46:43.545+0000] {dagbag.py:538} INFO - Filling up the DagBag from /opt/airflow/dags/entrenamiento_modelos_regresion_dag.py
[2025-06-18T00:46:43.563+0000] {processor.py:840} INFO - DAG(s) 'entrenamiento_modelos_regresion' retrieved from /opt/airflow/dags/entrenamiento_modelos_regresion_dag.py
[2025-06-18T00:46:43.600+0000] {logging_mixin.py:188} INFO - [2025-06-18T00:46:43.599+0000] {dag.py:3036} INFO - Sync 1 DAGs
[2025-06-18T00:46:43.632+0000] {logging_mixin.py:188} INFO - [2025-06-18T00:46:43.632+0000] {dag.py:3823} INFO - Setting next_dagrun for entrenamiento_modelos_regresion to 2025-06-16 21:00:00+00:00, run_after=2025-06-17 21:00:00+00:00
[2025-06-18T00:46:43.661+0000] {processor.py:183} INFO - Processing /opt/airflow/dags/entrenamiento_modelos_regresion_dag.py took 0.125 seconds
[2025-06-18T00:47:14.481+0000] {processor.py:161} INFO - Started process (PID=1204) to work on /opt/airflow/dags/entrenamiento_modelos_regresion_dag.py
[2025-06-18T00:47:14.484+0000] {processor.py:830} INFO - Processing file /opt/airflow/dags/entrenamiento_modelos_regresion_dag.py for tasks to queue
[2025-06-18T00:47:14.485+0000] {logging_mixin.py:188} INFO - [2025-06-18T00:47:14.485+0000] {dagbag.py:538} INFO - Filling up the DagBag from /opt/airflow/dags/entrenamiento_modelos_regresion_dag.py
[2025-06-18T00:47:14.502+0000] {processor.py:840} INFO - DAG(s) 'entrenamiento_modelos_regresion' retrieved from /opt/airflow/dags/entrenamiento_modelos_regresion_dag.py
[2025-06-18T00:47:14.538+0000] {logging_mixin.py:188} INFO - [2025-06-18T00:47:14.538+0000] {dag.py:3036} INFO - Sync 1 DAGs
[2025-06-18T00:47:14.571+0000] {logging_mixin.py:188} INFO - [2025-06-18T00:47:14.570+0000] {dag.py:3823} INFO - Setting next_dagrun for entrenamiento_modelos_regresion to 2025-06-16 21:00:00+00:00, run_after=2025-06-17 21:00:00+00:00
[2025-06-18T00:47:14.599+0000] {processor.py:183} INFO - Processing /opt/airflow/dags/entrenamiento_modelos_regresion_dag.py took 0.126 seconds
[2025-06-18T00:47:45.141+0000] {processor.py:161} INFO - Started process (PID=1225) to work on /opt/airflow/dags/entrenamiento_modelos_regresion_dag.py
[2025-06-18T00:47:45.143+0000] {processor.py:830} INFO - Processing file /opt/airflow/dags/entrenamiento_modelos_regresion_dag.py for tasks to queue
[2025-06-18T00:47:45.145+0000] {logging_mixin.py:188} INFO - [2025-06-18T00:47:45.145+0000] {dagbag.py:538} INFO - Filling up the DagBag from /opt/airflow/dags/entrenamiento_modelos_regresion_dag.py
[2025-06-18T00:47:45.164+0000] {processor.py:840} INFO - DAG(s) 'entrenamiento_modelos_regresion' retrieved from /opt/airflow/dags/entrenamiento_modelos_regresion_dag.py
[2025-06-18T00:47:45.213+0000] {logging_mixin.py:188} INFO - [2025-06-18T00:47:45.212+0000] {dag.py:3036} INFO - Sync 1 DAGs
[2025-06-18T00:47:45.245+0000] {logging_mixin.py:188} INFO - [2025-06-18T00:47:45.245+0000] {dag.py:3823} INFO - Setting next_dagrun for entrenamiento_modelos_regresion to 2025-06-16 21:00:00+00:00, run_after=2025-06-17 21:00:00+00:00
[2025-06-18T00:47:45.319+0000] {processor.py:183} INFO - Processing /opt/airflow/dags/entrenamiento_modelos_regresion_dag.py took 0.183 seconds
[2025-06-18T00:48:15.747+0000] {processor.py:161} INFO - Started process (PID=1262) to work on /opt/airflow/dags/entrenamiento_modelos_regresion_dag.py
[2025-06-18T00:48:15.752+0000] {processor.py:830} INFO - Processing file /opt/airflow/dags/entrenamiento_modelos_regresion_dag.py for tasks to queue
[2025-06-18T00:48:15.753+0000] {logging_mixin.py:188} INFO - [2025-06-18T00:48:15.753+0000] {dagbag.py:538} INFO - Filling up the DagBag from /opt/airflow/dags/entrenamiento_modelos_regresion_dag.py
[2025-06-18T00:48:15.771+0000] {processor.py:840} INFO - DAG(s) 'entrenamiento_modelos_regresion' retrieved from /opt/airflow/dags/entrenamiento_modelos_regresion_dag.py
[2025-06-18T00:48:15.810+0000] {logging_mixin.py:188} INFO - [2025-06-18T00:48:15.810+0000] {dag.py:3036} INFO - Sync 1 DAGs
[2025-06-18T00:48:15.843+0000] {logging_mixin.py:188} INFO - [2025-06-18T00:48:15.842+0000] {dag.py:3823} INFO - Setting next_dagrun for entrenamiento_modelos_regresion to 2025-06-16 21:00:00+00:00, run_after=2025-06-17 21:00:00+00:00
[2025-06-18T00:48:15.986+0000] {processor.py:183} INFO - Processing /opt/airflow/dags/entrenamiento_modelos_regresion_dag.py took 0.244 seconds
[2025-06-18T00:48:46.716+0000] {processor.py:161} INFO - Started process (PID=1283) to work on /opt/airflow/dags/entrenamiento_modelos_regresion_dag.py
[2025-06-18T00:48:46.738+0000] {processor.py:830} INFO - Processing file /opt/airflow/dags/entrenamiento_modelos_regresion_dag.py for tasks to queue
[2025-06-18T00:48:46.739+0000] {logging_mixin.py:188} INFO - [2025-06-18T00:48:46.739+0000] {dagbag.py:538} INFO - Filling up the DagBag from /opt/airflow/dags/entrenamiento_modelos_regresion_dag.py
[2025-06-18T00:48:46.756+0000] {processor.py:840} INFO - DAG(s) 'entrenamiento_modelos_regresion' retrieved from /opt/airflow/dags/entrenamiento_modelos_regresion_dag.py
[2025-06-18T00:48:46.795+0000] {logging_mixin.py:188} INFO - [2025-06-18T00:48:46.794+0000] {dag.py:3036} INFO - Sync 1 DAGs
[2025-06-18T00:48:46.826+0000] {logging_mixin.py:188} INFO - [2025-06-18T00:48:46.825+0000] {dag.py:3823} INFO - Setting next_dagrun for entrenamiento_modelos_regresion to 2025-06-16 21:00:00+00:00, run_after=2025-06-17 21:00:00+00:00
[2025-06-18T00:48:46.853+0000] {processor.py:183} INFO - Processing /opt/airflow/dags/entrenamiento_modelos_regresion_dag.py took 0.145 seconds
[2025-06-18T00:49:17.296+0000] {processor.py:161} INFO - Started process (PID=1319) to work on /opt/airflow/dags/entrenamiento_modelos_regresion_dag.py
[2025-06-18T00:49:17.298+0000] {processor.py:830} INFO - Processing file /opt/airflow/dags/entrenamiento_modelos_regresion_dag.py for tasks to queue
[2025-06-18T00:49:17.299+0000] {logging_mixin.py:188} INFO - [2025-06-18T00:49:17.298+0000] {dagbag.py:538} INFO - Filling up the DagBag from /opt/airflow/dags/entrenamiento_modelos_regresion_dag.py
[2025-06-18T00:49:17.316+0000] {processor.py:840} INFO - DAG(s) 'entrenamiento_modelos_regresion' retrieved from /opt/airflow/dags/entrenamiento_modelos_regresion_dag.py
[2025-06-18T00:49:17.356+0000] {logging_mixin.py:188} INFO - [2025-06-18T00:49:17.355+0000] {dag.py:3036} INFO - Sync 1 DAGs
[2025-06-18T00:49:17.386+0000] {logging_mixin.py:188} INFO - [2025-06-18T00:49:17.386+0000] {dag.py:3823} INFO - Setting next_dagrun for entrenamiento_modelos_regresion to 2025-06-16 21:00:00+00:00, run_after=2025-06-17 21:00:00+00:00
[2025-06-18T00:49:17.416+0000] {processor.py:183} INFO - Processing /opt/airflow/dags/entrenamiento_modelos_regresion_dag.py took 0.125 seconds
[2025-06-18T00:49:48.157+0000] {processor.py:161} INFO - Started process (PID=1340) to work on /opt/airflow/dags/entrenamiento_modelos_regresion_dag.py
[2025-06-18T00:49:48.406+0000] {processor.py:830} INFO - Processing file /opt/airflow/dags/entrenamiento_modelos_regresion_dag.py for tasks to queue
[2025-06-18T00:49:48.421+0000] {logging_mixin.py:188} INFO - [2025-06-18T00:49:48.410+0000] {dagbag.py:538} INFO - Filling up the DagBag from /opt/airflow/dags/entrenamiento_modelos_regresion_dag.py
[2025-06-18T00:49:48.494+0000] {processor.py:840} INFO - DAG(s) 'entrenamiento_modelos_regresion' retrieved from /opt/airflow/dags/entrenamiento_modelos_regresion_dag.py
[2025-06-18T00:49:48.556+0000] {logging_mixin.py:188} INFO - [2025-06-18T00:49:48.556+0000] {dag.py:3036} INFO - Sync 1 DAGs
[2025-06-18T00:49:48.627+0000] {logging_mixin.py:188} INFO - [2025-06-18T00:49:48.626+0000] {dag.py:3823} INFO - Setting next_dagrun for entrenamiento_modelos_regresion to 2025-06-16 21:00:00+00:00, run_after=2025-06-17 21:00:00+00:00
[2025-06-18T00:49:48.667+0000] {processor.py:183} INFO - Processing /opt/airflow/dags/entrenamiento_modelos_regresion_dag.py took 0.516 seconds
[2025-06-18T00:51:01.900+0000] {processor.py:161} INFO - Started process (PID=190) to work on /opt/airflow/dags/entrenamiento_modelos_regresion_dag.py
[2025-06-18T00:51:01.903+0000] {processor.py:830} INFO - Processing file /opt/airflow/dags/entrenamiento_modelos_regresion_dag.py for tasks to queue
[2025-06-18T00:51:01.904+0000] {logging_mixin.py:188} INFO - [2025-06-18T00:51:01.904+0000] {dagbag.py:538} INFO - Filling up the DagBag from /opt/airflow/dags/entrenamiento_modelos_regresion_dag.py
[2025-06-18T00:51:01.928+0000] {processor.py:840} INFO - DAG(s) 'entrenamiento_modelos_regresion' retrieved from /opt/airflow/dags/entrenamiento_modelos_regresion_dag.py
[2025-06-18T00:51:02.164+0000] {logging_mixin.py:188} INFO - [2025-06-18T00:51:02.164+0000] {dag.py:3036} INFO - Sync 1 DAGs
[2025-06-18T00:51:02.202+0000] {logging_mixin.py:188} INFO - [2025-06-18T00:51:02.202+0000] {dag.py:3823} INFO - Setting next_dagrun for entrenamiento_modelos_regresion to 2025-06-16 21:00:00+00:00, run_after=2025-06-17 21:00:00+00:00
[2025-06-18T00:51:02.235+0000] {processor.py:183} INFO - Processing /opt/airflow/dags/entrenamiento_modelos_regresion_dag.py took 0.344 seconds
[2025-06-18T00:51:32.780+0000] {processor.py:161} INFO - Started process (PID=205) to work on /opt/airflow/dags/entrenamiento_modelos_regresion_dag.py
[2025-06-18T00:51:32.985+0000] {processor.py:830} INFO - Processing file /opt/airflow/dags/entrenamiento_modelos_regresion_dag.py for tasks to queue
[2025-06-18T00:51:32.987+0000] {logging_mixin.py:188} INFO - [2025-06-18T00:51:32.986+0000] {dagbag.py:538} INFO - Filling up the DagBag from /opt/airflow/dags/entrenamiento_modelos_regresion_dag.py
[2025-06-18T00:51:32.999+0000] {processor.py:840} INFO - DAG(s) 'entrenamiento_modelos_regresion' retrieved from /opt/airflow/dags/entrenamiento_modelos_regresion_dag.py
[2025-06-18T00:51:33.030+0000] {logging_mixin.py:188} INFO - [2025-06-18T00:51:33.030+0000] {dag.py:3036} INFO - Sync 1 DAGs
[2025-06-18T00:51:33.054+0000] {logging_mixin.py:188} INFO - [2025-06-18T00:51:33.054+0000] {dag.py:3823} INFO - Setting next_dagrun for entrenamiento_modelos_regresion to 2025-06-16 21:00:00+00:00, run_after=2025-06-17 21:00:00+00:00
[2025-06-18T00:51:33.740+0000] {processor.py:183} INFO - Processing /opt/airflow/dags/entrenamiento_modelos_regresion_dag.py took 0.967 seconds
[2025-06-18T00:52:04.333+0000] {processor.py:161} INFO - Started process (PID=243) to work on /opt/airflow/dags/entrenamiento_modelos_regresion_dag.py
[2025-06-18T00:52:04.334+0000] {processor.py:830} INFO - Processing file /opt/airflow/dags/entrenamiento_modelos_regresion_dag.py for tasks to queue
[2025-06-18T00:52:04.335+0000] {logging_mixin.py:188} INFO - [2025-06-18T00:52:04.335+0000] {dagbag.py:538} INFO - Filling up the DagBag from /opt/airflow/dags/entrenamiento_modelos_regresion_dag.py
[2025-06-18T00:52:04.350+0000] {processor.py:840} INFO - DAG(s) 'entrenamiento_modelos_regresion' retrieved from /opt/airflow/dags/entrenamiento_modelos_regresion_dag.py
[2025-06-18T00:52:04.382+0000] {logging_mixin.py:188} INFO - [2025-06-18T00:52:04.382+0000] {dag.py:3036} INFO - Sync 1 DAGs
[2025-06-18T00:52:04.407+0000] {logging_mixin.py:188} INFO - [2025-06-18T00:52:04.406+0000] {dag.py:3823} INFO - Setting next_dagrun for entrenamiento_modelos_regresion to 2025-06-16 21:00:00+00:00, run_after=2025-06-17 21:00:00+00:00
[2025-06-18T00:52:04.429+0000] {processor.py:183} INFO - Processing /opt/airflow/dags/entrenamiento_modelos_regresion_dag.py took 0.102 seconds
[2025-06-18T00:52:34.972+0000] {processor.py:161} INFO - Started process (PID=279) to work on /opt/airflow/dags/entrenamiento_modelos_regresion_dag.py
[2025-06-18T00:52:34.977+0000] {processor.py:830} INFO - Processing file /opt/airflow/dags/entrenamiento_modelos_regresion_dag.py for tasks to queue
[2025-06-18T00:52:34.978+0000] {logging_mixin.py:188} INFO - [2025-06-18T00:52:34.978+0000] {dagbag.py:538} INFO - Filling up the DagBag from /opt/airflow/dags/entrenamiento_modelos_regresion_dag.py
[2025-06-18T00:52:34.992+0000] {processor.py:840} INFO - DAG(s) 'entrenamiento_modelos_regresion' retrieved from /opt/airflow/dags/entrenamiento_modelos_regresion_dag.py
[2025-06-18T00:52:35.023+0000] {logging_mixin.py:188} INFO - [2025-06-18T00:52:35.023+0000] {dag.py:3036} INFO - Sync 1 DAGs
[2025-06-18T00:52:35.048+0000] {logging_mixin.py:188} INFO - [2025-06-18T00:52:35.048+0000] {dag.py:3823} INFO - Setting next_dagrun for entrenamiento_modelos_regresion to 2025-06-16 21:00:00+00:00, run_after=2025-06-17 21:00:00+00:00
[2025-06-18T00:52:35.073+0000] {processor.py:183} INFO - Processing /opt/airflow/dags/entrenamiento_modelos_regresion_dag.py took 0.107 seconds
[2025-06-18T00:53:05.383+0000] {processor.py:161} INFO - Started process (PID=300) to work on /opt/airflow/dags/entrenamiento_modelos_regresion_dag.py
[2025-06-18T00:53:05.384+0000] {processor.py:830} INFO - Processing file /opt/airflow/dags/entrenamiento_modelos_regresion_dag.py for tasks to queue
[2025-06-18T00:53:05.385+0000] {logging_mixin.py:188} INFO - [2025-06-18T00:53:05.385+0000] {dagbag.py:538} INFO - Filling up the DagBag from /opt/airflow/dags/entrenamiento_modelos_regresion_dag.py
[2025-06-18T00:53:05.398+0000] {processor.py:840} INFO - DAG(s) 'entrenamiento_modelos_regresion' retrieved from /opt/airflow/dags/entrenamiento_modelos_regresion_dag.py
[2025-06-18T00:53:05.430+0000] {logging_mixin.py:188} INFO - [2025-06-18T00:53:05.430+0000] {dag.py:3036} INFO - Sync 1 DAGs
[2025-06-18T00:53:05.456+0000] {logging_mixin.py:188} INFO - [2025-06-18T00:53:05.456+0000] {dag.py:3823} INFO - Setting next_dagrun for entrenamiento_modelos_regresion to 2025-06-16 21:00:00+00:00, run_after=2025-06-17 21:00:00+00:00
[2025-06-18T00:53:05.482+0000] {processor.py:183} INFO - Processing /opt/airflow/dags/entrenamiento_modelos_regresion_dag.py took 0.104 seconds
[2025-06-18T00:53:35.664+0000] {processor.py:161} INFO - Started process (PID=336) to work on /opt/airflow/dags/entrenamiento_modelos_regresion_dag.py
[2025-06-18T00:53:35.669+0000] {processor.py:830} INFO - Processing file /opt/airflow/dags/entrenamiento_modelos_regresion_dag.py for tasks to queue
[2025-06-18T00:53:35.670+0000] {logging_mixin.py:188} INFO - [2025-06-18T00:53:35.669+0000] {dagbag.py:538} INFO - Filling up the DagBag from /opt/airflow/dags/entrenamiento_modelos_regresion_dag.py
[2025-06-18T00:53:35.683+0000] {processor.py:840} INFO - DAG(s) 'entrenamiento_modelos_regresion' retrieved from /opt/airflow/dags/entrenamiento_modelos_regresion_dag.py
[2025-06-18T00:53:35.715+0000] {logging_mixin.py:188} INFO - [2025-06-18T00:53:35.714+0000] {dag.py:3036} INFO - Sync 1 DAGs
[2025-06-18T00:53:35.739+0000] {logging_mixin.py:188} INFO - [2025-06-18T00:53:35.739+0000] {dag.py:3823} INFO - Setting next_dagrun for entrenamiento_modelos_regresion to 2025-06-16 21:00:00+00:00, run_after=2025-06-17 21:00:00+00:00
[2025-06-18T00:53:35.763+0000] {processor.py:183} INFO - Processing /opt/airflow/dags/entrenamiento_modelos_regresion_dag.py took 0.103 seconds
[2025-06-18T00:54:05.985+0000] {processor.py:161} INFO - Started process (PID=357) to work on /opt/airflow/dags/entrenamiento_modelos_regresion_dag.py
[2025-06-18T00:54:05.986+0000] {processor.py:830} INFO - Processing file /opt/airflow/dags/entrenamiento_modelos_regresion_dag.py for tasks to queue
[2025-06-18T00:54:05.988+0000] {logging_mixin.py:188} INFO - [2025-06-18T00:54:05.987+0000] {dagbag.py:538} INFO - Filling up the DagBag from /opt/airflow/dags/entrenamiento_modelos_regresion_dag.py
[2025-06-18T00:54:06.001+0000] {processor.py:840} INFO - DAG(s) 'entrenamiento_modelos_regresion' retrieved from /opt/airflow/dags/entrenamiento_modelos_regresion_dag.py
[2025-06-18T00:54:06.033+0000] {logging_mixin.py:188} INFO - [2025-06-18T00:54:06.033+0000] {dag.py:3036} INFO - Sync 1 DAGs
[2025-06-18T00:54:06.059+0000] {logging_mixin.py:188} INFO - [2025-06-18T00:54:06.059+0000] {dag.py:3823} INFO - Setting next_dagrun for entrenamiento_modelos_regresion to 2025-06-16 21:00:00+00:00, run_after=2025-06-17 21:00:00+00:00
[2025-06-18T00:54:06.083+0000] {processor.py:183} INFO - Processing /opt/airflow/dags/entrenamiento_modelos_regresion_dag.py took 0.103 seconds
[2025-06-18T00:54:36.273+0000] {processor.py:161} INFO - Started process (PID=393) to work on /opt/airflow/dags/entrenamiento_modelos_regresion_dag.py
[2025-06-18T00:54:36.279+0000] {processor.py:830} INFO - Processing file /opt/airflow/dags/entrenamiento_modelos_regresion_dag.py for tasks to queue
[2025-06-18T00:54:36.289+0000] {logging_mixin.py:188} INFO - [2025-06-18T00:54:36.283+0000] {dagbag.py:538} INFO - Filling up the DagBag from /opt/airflow/dags/entrenamiento_modelos_regresion_dag.py
[2025-06-18T00:54:36.330+0000] {processor.py:840} INFO - DAG(s) 'entrenamiento_modelos_regresion' retrieved from /opt/airflow/dags/entrenamiento_modelos_regresion_dag.py
[2025-06-18T00:54:36.421+0000] {logging_mixin.py:188} INFO - [2025-06-18T00:54:36.421+0000] {dag.py:3036} INFO - Sync 1 DAGs
[2025-06-18T00:54:36.486+0000] {logging_mixin.py:188} INFO - [2025-06-18T00:54:36.485+0000] {dag.py:3823} INFO - Setting next_dagrun for entrenamiento_modelos_regresion to 2025-06-16 21:00:00+00:00, run_after=2025-06-17 21:00:00+00:00
[2025-06-18T00:54:36.530+0000] {processor.py:183} INFO - Processing /opt/airflow/dags/entrenamiento_modelos_regresion_dag.py took 0.273 seconds
[2025-06-18T00:55:06.750+0000] {processor.py:161} INFO - Started process (PID=414) to work on /opt/airflow/dags/entrenamiento_modelos_regresion_dag.py
[2025-06-18T00:55:06.754+0000] {processor.py:830} INFO - Processing file /opt/airflow/dags/entrenamiento_modelos_regresion_dag.py for tasks to queue
[2025-06-18T00:55:06.755+0000] {logging_mixin.py:188} INFO - [2025-06-18T00:55:06.755+0000] {dagbag.py:538} INFO - Filling up the DagBag from /opt/airflow/dags/entrenamiento_modelos_regresion_dag.py
[2025-06-18T00:55:06.769+0000] {processor.py:840} INFO - DAG(s) 'entrenamiento_modelos_regresion' retrieved from /opt/airflow/dags/entrenamiento_modelos_regresion_dag.py
[2025-06-18T00:55:06.801+0000] {logging_mixin.py:188} INFO - [2025-06-18T00:55:06.801+0000] {dag.py:3036} INFO - Sync 1 DAGs
[2025-06-18T00:55:06.825+0000] {logging_mixin.py:188} INFO - [2025-06-18T00:55:06.825+0000] {dag.py:3823} INFO - Setting next_dagrun for entrenamiento_modelos_regresion to 2025-06-16 21:00:00+00:00, run_after=2025-06-17 21:00:00+00:00
[2025-06-18T00:55:06.849+0000] {processor.py:183} INFO - Processing /opt/airflow/dags/entrenamiento_modelos_regresion_dag.py took 0.104 seconds
[2025-06-18T00:55:37.092+0000] {processor.py:161} INFO - Started process (PID=450) to work on /opt/airflow/dags/entrenamiento_modelos_regresion_dag.py
[2025-06-18T00:55:37.093+0000] {processor.py:830} INFO - Processing file /opt/airflow/dags/entrenamiento_modelos_regresion_dag.py for tasks to queue
[2025-06-18T00:55:37.094+0000] {logging_mixin.py:188} INFO - [2025-06-18T00:55:37.094+0000] {dagbag.py:538} INFO - Filling up the DagBag from /opt/airflow/dags/entrenamiento_modelos_regresion_dag.py
[2025-06-18T00:55:37.108+0000] {processor.py:840} INFO - DAG(s) 'entrenamiento_modelos_regresion' retrieved from /opt/airflow/dags/entrenamiento_modelos_regresion_dag.py
[2025-06-18T00:55:37.140+0000] {logging_mixin.py:188} INFO - [2025-06-18T00:55:37.140+0000] {dag.py:3036} INFO - Sync 1 DAGs
[2025-06-18T00:55:37.167+0000] {logging_mixin.py:188} INFO - [2025-06-18T00:55:37.166+0000] {dag.py:3823} INFO - Setting next_dagrun for entrenamiento_modelos_regresion to 2025-06-16 21:00:00+00:00, run_after=2025-06-17 21:00:00+00:00
[2025-06-18T00:55:37.198+0000] {processor.py:183} INFO - Processing /opt/airflow/dags/entrenamiento_modelos_regresion_dag.py took 0.111 seconds
[2025-06-18T00:56:07.495+0000] {processor.py:161} INFO - Started process (PID=501) to work on /opt/airflow/dags/entrenamiento_modelos_regresion_dag.py
[2025-06-18T00:56:07.501+0000] {processor.py:830} INFO - Processing file /opt/airflow/dags/entrenamiento_modelos_regresion_dag.py for tasks to queue
[2025-06-18T00:56:07.504+0000] {logging_mixin.py:188} INFO - [2025-06-18T00:56:07.503+0000] {dagbag.py:538} INFO - Filling up the DagBag from /opt/airflow/dags/entrenamiento_modelos_regresion_dag.py
[2025-06-18T00:56:07.608+0000] {processor.py:840} INFO - DAG(s) 'entrenamiento_modelos_regresion' retrieved from /opt/airflow/dags/entrenamiento_modelos_regresion_dag.py
[2025-06-18T00:56:09.068+0000] {logging_mixin.py:188} INFO - [2025-06-18T00:56:09.067+0000] {dag.py:3036} INFO - Sync 1 DAGs
[2025-06-18T00:56:09.142+0000] {logging_mixin.py:188} INFO - [2025-06-18T00:56:09.141+0000] {dag.py:3823} INFO - Setting next_dagrun for entrenamiento_modelos_regresion to 2025-06-17 21:00:00+00:00, run_after=2025-06-18 21:00:00+00:00
[2025-06-18T00:56:09.210+0000] {processor.py:183} INFO - Processing /opt/airflow/dags/entrenamiento_modelos_regresion_dag.py took 1.723 seconds
[2025-06-18T00:56:39.389+0000] {processor.py:161} INFO - Started process (PID=685) to work on /opt/airflow/dags/entrenamiento_modelos_regresion_dag.py
[2025-06-18T00:56:39.395+0000] {processor.py:830} INFO - Processing file /opt/airflow/dags/entrenamiento_modelos_regresion_dag.py for tasks to queue
[2025-06-18T00:56:39.397+0000] {logging_mixin.py:188} INFO - [2025-06-18T00:56:39.396+0000] {dagbag.py:538} INFO - Filling up the DagBag from /opt/airflow/dags/entrenamiento_modelos_regresion_dag.py
[2025-06-18T00:56:39.414+0000] {processor.py:840} INFO - DAG(s) 'entrenamiento_modelos_regresion' retrieved from /opt/airflow/dags/entrenamiento_modelos_regresion_dag.py
[2025-06-18T00:56:39.451+0000] {logging_mixin.py:188} INFO - [2025-06-18T00:56:39.451+0000] {dag.py:3036} INFO - Sync 1 DAGs
[2025-06-18T00:56:39.486+0000] {logging_mixin.py:188} INFO - [2025-06-18T00:56:39.486+0000] {dag.py:3823} INFO - Setting next_dagrun for entrenamiento_modelos_regresion to 2025-06-17 21:00:00+00:00, run_after=2025-06-18 21:00:00+00:00
[2025-06-18T00:56:39.516+0000] {processor.py:183} INFO - Processing /opt/airflow/dags/entrenamiento_modelos_regresion_dag.py took 0.132 seconds
[2025-06-18T00:57:10.046+0000] {processor.py:161} INFO - Started process (PID=843) to work on /opt/airflow/dags/entrenamiento_modelos_regresion_dag.py
[2025-06-18T00:57:10.048+0000] {processor.py:830} INFO - Processing file /opt/airflow/dags/entrenamiento_modelos_regresion_dag.py for tasks to queue
[2025-06-18T00:57:10.051+0000] {logging_mixin.py:188} INFO - [2025-06-18T00:57:10.050+0000] {dagbag.py:538} INFO - Filling up the DagBag from /opt/airflow/dags/entrenamiento_modelos_regresion_dag.py
[2025-06-18T00:57:10.086+0000] {processor.py:840} INFO - DAG(s) 'entrenamiento_modelos_regresion' retrieved from /opt/airflow/dags/entrenamiento_modelos_regresion_dag.py
[2025-06-18T00:57:10.144+0000] {logging_mixin.py:188} INFO - [2025-06-18T00:57:10.144+0000] {dag.py:3036} INFO - Sync 1 DAGs
[2025-06-18T00:57:10.182+0000] {logging_mixin.py:188} INFO - [2025-06-18T00:57:10.181+0000] {dag.py:3823} INFO - Setting next_dagrun for entrenamiento_modelos_regresion to 2025-06-17 21:00:00+00:00, run_after=2025-06-18 21:00:00+00:00
[2025-06-18T00:57:10.215+0000] {processor.py:183} INFO - Processing /opt/airflow/dags/entrenamiento_modelos_regresion_dag.py took 0.184 seconds
[2025-06-18T00:57:40.749+0000] {processor.py:161} INFO - Started process (PID=1021) to work on /opt/airflow/dags/entrenamiento_modelos_regresion_dag.py
[2025-06-18T00:57:40.751+0000] {processor.py:830} INFO - Processing file /opt/airflow/dags/entrenamiento_modelos_regresion_dag.py for tasks to queue
[2025-06-18T00:57:40.753+0000] {logging_mixin.py:188} INFO - [2025-06-18T00:57:40.752+0000] {dagbag.py:538} INFO - Filling up the DagBag from /opt/airflow/dags/entrenamiento_modelos_regresion_dag.py
[2025-06-18T00:57:40.776+0000] {processor.py:840} INFO - DAG(s) 'entrenamiento_modelos_regresion' retrieved from /opt/airflow/dags/entrenamiento_modelos_regresion_dag.py
[2025-06-18T00:57:40.831+0000] {logging_mixin.py:188} INFO - [2025-06-18T00:57:40.831+0000] {dag.py:3036} INFO - Sync 1 DAGs
[2025-06-18T00:57:40.868+0000] {logging_mixin.py:188} INFO - [2025-06-18T00:57:40.867+0000] {dag.py:3823} INFO - Setting next_dagrun for entrenamiento_modelos_regresion to 2025-06-17 21:00:00+00:00, run_after=2025-06-18 21:00:00+00:00
[2025-06-18T00:57:40.914+0000] {processor.py:183} INFO - Processing /opt/airflow/dags/entrenamiento_modelos_regresion_dag.py took 0.171 seconds
[2025-06-18T00:58:11.731+0000] {processor.py:161} INFO - Started process (PID=1162) to work on /opt/airflow/dags/entrenamiento_modelos_regresion_dag.py
[2025-06-18T00:58:11.733+0000] {processor.py:830} INFO - Processing file /opt/airflow/dags/entrenamiento_modelos_regresion_dag.py for tasks to queue
[2025-06-18T00:58:11.735+0000] {logging_mixin.py:188} INFO - [2025-06-18T00:58:11.734+0000] {dagbag.py:538} INFO - Filling up the DagBag from /opt/airflow/dags/entrenamiento_modelos_regresion_dag.py
[2025-06-18T00:58:11.752+0000] {processor.py:840} INFO - DAG(s) 'entrenamiento_modelos_regresion' retrieved from /opt/airflow/dags/entrenamiento_modelos_regresion_dag.py
[2025-06-18T00:58:11.790+0000] {logging_mixin.py:188} INFO - [2025-06-18T00:58:11.790+0000] {dag.py:3036} INFO - Sync 1 DAGs
[2025-06-18T00:58:11.828+0000] {logging_mixin.py:188} INFO - [2025-06-18T00:58:11.828+0000] {dag.py:3823} INFO - Setting next_dagrun for entrenamiento_modelos_regresion to 2025-06-17 21:00:00+00:00, run_after=2025-06-18 21:00:00+00:00
[2025-06-18T00:58:11.864+0000] {processor.py:183} INFO - Processing /opt/airflow/dags/entrenamiento_modelos_regresion_dag.py took 0.139 seconds
[2025-06-18T00:58:42.407+0000] {processor.py:161} INFO - Started process (PID=1294) to work on /opt/airflow/dags/entrenamiento_modelos_regresion_dag.py
[2025-06-18T00:58:42.410+0000] {processor.py:830} INFO - Processing file /opt/airflow/dags/entrenamiento_modelos_regresion_dag.py for tasks to queue
[2025-06-18T00:58:42.412+0000] {logging_mixin.py:188} INFO - [2025-06-18T00:58:42.412+0000] {dagbag.py:538} INFO - Filling up the DagBag from /opt/airflow/dags/entrenamiento_modelos_regresion_dag.py
[2025-06-18T00:58:42.440+0000] {processor.py:840} INFO - DAG(s) 'entrenamiento_modelos_regresion' retrieved from /opt/airflow/dags/entrenamiento_modelos_regresion_dag.py
[2025-06-18T00:58:42.501+0000] {logging_mixin.py:188} INFO - [2025-06-18T00:58:42.500+0000] {dag.py:3036} INFO - Sync 1 DAGs
[2025-06-18T00:58:42.564+0000] {logging_mixin.py:188} INFO - [2025-06-18T00:58:42.563+0000] {dag.py:3823} INFO - Setting next_dagrun for entrenamiento_modelos_regresion to 2025-06-17 21:00:00+00:00, run_after=2025-06-18 21:00:00+00:00
[2025-06-18T00:58:42.608+0000] {processor.py:183} INFO - Processing /opt/airflow/dags/entrenamiento_modelos_regresion_dag.py took 0.211 seconds
[2025-06-18T00:59:12.722+0000] {processor.py:161} INFO - Started process (PID=1352) to work on /opt/airflow/dags/entrenamiento_modelos_regresion_dag.py
[2025-06-18T00:59:12.725+0000] {processor.py:830} INFO - Processing file /opt/airflow/dags/entrenamiento_modelos_regresion_dag.py for tasks to queue
[2025-06-18T00:59:12.727+0000] {logging_mixin.py:188} INFO - [2025-06-18T00:59:12.727+0000] {dagbag.py:538} INFO - Filling up the DagBag from /opt/airflow/dags/entrenamiento_modelos_regresion_dag.py
[2025-06-18T00:59:12.747+0000] {processor.py:840} INFO - DAG(s) 'entrenamiento_modelos_regresion' retrieved from /opt/airflow/dags/entrenamiento_modelos_regresion_dag.py
[2025-06-18T00:59:12.793+0000] {logging_mixin.py:188} INFO - [2025-06-18T00:59:12.793+0000] {dag.py:3036} INFO - Sync 1 DAGs
[2025-06-18T00:59:12.834+0000] {logging_mixin.py:188} INFO - [2025-06-18T00:59:12.834+0000] {dag.py:3823} INFO - Setting next_dagrun for entrenamiento_modelos_regresion to 2025-06-17 21:00:00+00:00, run_after=2025-06-18 21:00:00+00:00
[2025-06-18T00:59:12.874+0000] {processor.py:183} INFO - Processing /opt/airflow/dags/entrenamiento_modelos_regresion_dag.py took 0.157 seconds
[2025-06-18T00:59:43.449+0000] {processor.py:161} INFO - Started process (PID=1389) to work on /opt/airflow/dags/entrenamiento_modelos_regresion_dag.py
[2025-06-18T00:59:43.451+0000] {processor.py:830} INFO - Processing file /opt/airflow/dags/entrenamiento_modelos_regresion_dag.py for tasks to queue
[2025-06-18T00:59:43.452+0000] {logging_mixin.py:188} INFO - [2025-06-18T00:59:43.452+0000] {dagbag.py:538} INFO - Filling up the DagBag from /opt/airflow/dags/entrenamiento_modelos_regresion_dag.py
[2025-06-18T00:59:43.467+0000] {processor.py:840} INFO - DAG(s) 'entrenamiento_modelos_regresion' retrieved from /opt/airflow/dags/entrenamiento_modelos_regresion_dag.py
[2025-06-18T00:59:43.506+0000] {logging_mixin.py:188} INFO - [2025-06-18T00:59:43.506+0000] {dag.py:3036} INFO - Sync 1 DAGs
[2025-06-18T00:59:43.541+0000] {logging_mixin.py:188} INFO - [2025-06-18T00:59:43.540+0000] {dag.py:3823} INFO - Setting next_dagrun for entrenamiento_modelos_regresion to 2025-06-17 21:00:00+00:00, run_after=2025-06-18 21:00:00+00:00
[2025-06-18T00:59:43.574+0000] {processor.py:183} INFO - Processing /opt/airflow/dags/entrenamiento_modelos_regresion_dag.py took 0.130 seconds
[2025-06-18T01:00:13.954+0000] {processor.py:161} INFO - Started process (PID=1410) to work on /opt/airflow/dags/entrenamiento_modelos_regresion_dag.py
[2025-06-18T01:00:13.956+0000] {processor.py:830} INFO - Processing file /opt/airflow/dags/entrenamiento_modelos_regresion_dag.py for tasks to queue
[2025-06-18T01:00:13.957+0000] {logging_mixin.py:188} INFO - [2025-06-18T01:00:13.956+0000] {dagbag.py:538} INFO - Filling up the DagBag from /opt/airflow/dags/entrenamiento_modelos_regresion_dag.py
[2025-06-18T01:00:13.974+0000] {processor.py:840} INFO - DAG(s) 'entrenamiento_modelos_regresion' retrieved from /opt/airflow/dags/entrenamiento_modelos_regresion_dag.py
[2025-06-18T01:00:14.013+0000] {logging_mixin.py:188} INFO - [2025-06-18T01:00:14.013+0000] {dag.py:3036} INFO - Sync 1 DAGs
[2025-06-18T01:00:14.051+0000] {logging_mixin.py:188} INFO - [2025-06-18T01:00:14.050+0000] {dag.py:3823} INFO - Setting next_dagrun for entrenamiento_modelos_regresion to 2025-06-17 21:00:00+00:00, run_after=2025-06-18 21:00:00+00:00
[2025-06-18T01:00:14.081+0000] {processor.py:183} INFO - Processing /opt/airflow/dags/entrenamiento_modelos_regresion_dag.py took 0.132 seconds
[2025-06-18T01:00:44.951+0000] {processor.py:161} INFO - Started process (PID=1446) to work on /opt/airflow/dags/entrenamiento_modelos_regresion_dag.py
[2025-06-18T01:00:44.953+0000] {processor.py:830} INFO - Processing file /opt/airflow/dags/entrenamiento_modelos_regresion_dag.py for tasks to queue
[2025-06-18T01:00:44.954+0000] {logging_mixin.py:188} INFO - [2025-06-18T01:00:44.954+0000] {dagbag.py:538} INFO - Filling up the DagBag from /opt/airflow/dags/entrenamiento_modelos_regresion_dag.py
[2025-06-18T01:00:44.972+0000] {processor.py:840} INFO - DAG(s) 'entrenamiento_modelos_regresion' retrieved from /opt/airflow/dags/entrenamiento_modelos_regresion_dag.py
[2025-06-18T01:00:45.018+0000] {logging_mixin.py:188} INFO - [2025-06-18T01:00:45.018+0000] {dag.py:3036} INFO - Sync 1 DAGs
[2025-06-18T01:00:45.054+0000] {logging_mixin.py:188} INFO - [2025-06-18T01:00:45.054+0000] {dag.py:3823} INFO - Setting next_dagrun for entrenamiento_modelos_regresion to 2025-06-17 21:00:00+00:00, run_after=2025-06-18 21:00:00+00:00
[2025-06-18T01:00:45.085+0000] {processor.py:183} INFO - Processing /opt/airflow/dags/entrenamiento_modelos_regresion_dag.py took 0.142 seconds
[2025-06-18T01:01:15.451+0000] {processor.py:161} INFO - Started process (PID=1485) to work on /opt/airflow/dags/entrenamiento_modelos_regresion_dag.py
[2025-06-18T01:01:15.456+0000] {processor.py:830} INFO - Processing file /opt/airflow/dags/entrenamiento_modelos_regresion_dag.py for tasks to queue
[2025-06-18T01:01:15.459+0000] {logging_mixin.py:188} INFO - [2025-06-18T01:01:15.458+0000] {dagbag.py:538} INFO - Filling up the DagBag from /opt/airflow/dags/entrenamiento_modelos_regresion_dag.py
[2025-06-18T01:01:15.486+0000] {processor.py:840} INFO - DAG(s) 'entrenamiento_modelos_regresion' retrieved from /opt/airflow/dags/entrenamiento_modelos_regresion_dag.py
[2025-06-18T01:01:15.553+0000] {logging_mixin.py:188} INFO - [2025-06-18T01:01:15.553+0000] {dag.py:3036} INFO - Sync 1 DAGs
[2025-06-18T01:01:15.607+0000] {logging_mixin.py:188} INFO - [2025-06-18T01:01:15.607+0000] {dag.py:3823} INFO - Setting next_dagrun for entrenamiento_modelos_regresion to 2025-06-17 21:00:00+00:00, run_after=2025-06-18 21:00:00+00:00
[2025-06-18T01:01:15.661+0000] {processor.py:183} INFO - Processing /opt/airflow/dags/entrenamiento_modelos_regresion_dag.py took 0.216 seconds
[2025-06-18T01:01:45.850+0000] {processor.py:161} INFO - Started process (PID=1542) to work on /opt/airflow/dags/entrenamiento_modelos_regresion_dag.py
[2025-06-18T01:01:45.856+0000] {processor.py:830} INFO - Processing file /opt/airflow/dags/entrenamiento_modelos_regresion_dag.py for tasks to queue
[2025-06-18T01:01:45.858+0000] {logging_mixin.py:188} INFO - [2025-06-18T01:01:45.857+0000] {dagbag.py:538} INFO - Filling up the DagBag from /opt/airflow/dags/entrenamiento_modelos_regresion_dag.py
[2025-06-18T01:01:45.873+0000] {processor.py:840} INFO - DAG(s) 'entrenamiento_modelos_regresion' retrieved from /opt/airflow/dags/entrenamiento_modelos_regresion_dag.py
[2025-06-18T01:01:45.909+0000] {logging_mixin.py:188} INFO - [2025-06-18T01:01:45.909+0000] {dag.py:3036} INFO - Sync 1 DAGs
[2025-06-18T01:01:45.939+0000] {logging_mixin.py:188} INFO - [2025-06-18T01:01:45.939+0000] {dag.py:3823} INFO - Setting next_dagrun for entrenamiento_modelos_regresion to 2025-06-17 21:00:00+00:00, run_after=2025-06-18 21:00:00+00:00
[2025-06-18T01:01:45.967+0000] {processor.py:183} INFO - Processing /opt/airflow/dags/entrenamiento_modelos_regresion_dag.py took 0.122 seconds
[2025-06-18T01:02:16.341+0000] {processor.py:161} INFO - Started process (PID=1578) to work on /opt/airflow/dags/entrenamiento_modelos_regresion_dag.py
[2025-06-18T01:02:16.343+0000] {processor.py:830} INFO - Processing file /opt/airflow/dags/entrenamiento_modelos_regresion_dag.py for tasks to queue
[2025-06-18T01:02:16.344+0000] {logging_mixin.py:188} INFO - [2025-06-18T01:02:16.344+0000] {dagbag.py:538} INFO - Filling up the DagBag from /opt/airflow/dags/entrenamiento_modelos_regresion_dag.py
[2025-06-18T01:02:16.371+0000] {processor.py:840} INFO - DAG(s) 'entrenamiento_modelos_regresion' retrieved from /opt/airflow/dags/entrenamiento_modelos_regresion_dag.py
[2025-06-18T01:02:16.409+0000] {logging_mixin.py:188} INFO - [2025-06-18T01:02:16.408+0000] {dag.py:3036} INFO - Sync 1 DAGs
[2025-06-18T01:02:16.438+0000] {logging_mixin.py:188} INFO - [2025-06-18T01:02:16.438+0000] {dag.py:3823} INFO - Setting next_dagrun for entrenamiento_modelos_regresion to 2025-06-17 21:00:00+00:00, run_after=2025-06-18 21:00:00+00:00
[2025-06-18T01:02:16.462+0000] {processor.py:183} INFO - Processing /opt/airflow/dags/entrenamiento_modelos_regresion_dag.py took 0.131 seconds
[2025-06-18T01:02:46.730+0000] {processor.py:161} INFO - Started process (PID=1599) to work on /opt/airflow/dags/entrenamiento_modelos_regresion_dag.py
[2025-06-18T01:02:46.736+0000] {processor.py:830} INFO - Processing file /opt/airflow/dags/entrenamiento_modelos_regresion_dag.py for tasks to queue
[2025-06-18T01:02:46.746+0000] {logging_mixin.py:188} INFO - [2025-06-18T01:02:46.744+0000] {dagbag.py:538} INFO - Filling up the DagBag from /opt/airflow/dags/entrenamiento_modelos_regresion_dag.py
[2025-06-18T01:02:46.801+0000] {processor.py:840} INFO - DAG(s) 'entrenamiento_modelos_regresion' retrieved from /opt/airflow/dags/entrenamiento_modelos_regresion_dag.py
[2025-06-18T01:02:46.879+0000] {logging_mixin.py:188} INFO - [2025-06-18T01:02:46.879+0000] {dag.py:3036} INFO - Sync 1 DAGs
[2025-06-18T01:02:46.927+0000] {logging_mixin.py:188} INFO - [2025-06-18T01:02:46.926+0000] {dag.py:3823} INFO - Setting next_dagrun for entrenamiento_modelos_regresion to 2025-06-17 21:00:00+00:00, run_after=2025-06-18 21:00:00+00:00
[2025-06-18T01:02:46.968+0000] {processor.py:183} INFO - Processing /opt/airflow/dags/entrenamiento_modelos_regresion_dag.py took 0.277 seconds
[2025-06-18T01:03:17.162+0000] {processor.py:161} INFO - Started process (PID=1635) to work on /opt/airflow/dags/entrenamiento_modelos_regresion_dag.py
[2025-06-18T01:03:17.163+0000] {processor.py:830} INFO - Processing file /opt/airflow/dags/entrenamiento_modelos_regresion_dag.py for tasks to queue
[2025-06-18T01:03:17.165+0000] {logging_mixin.py:188} INFO - [2025-06-18T01:03:17.164+0000] {dagbag.py:538} INFO - Filling up the DagBag from /opt/airflow/dags/entrenamiento_modelos_regresion_dag.py
[2025-06-18T01:03:17.180+0000] {processor.py:840} INFO - DAG(s) 'entrenamiento_modelos_regresion' retrieved from /opt/airflow/dags/entrenamiento_modelos_regresion_dag.py
[2025-06-18T01:03:17.213+0000] {logging_mixin.py:188} INFO - [2025-06-18T01:03:17.213+0000] {dag.py:3036} INFO - Sync 1 DAGs
[2025-06-18T01:03:17.241+0000] {logging_mixin.py:188} INFO - [2025-06-18T01:03:17.241+0000] {dag.py:3823} INFO - Setting next_dagrun for entrenamiento_modelos_regresion to 2025-06-17 21:00:00+00:00, run_after=2025-06-18 21:00:00+00:00
[2025-06-18T01:03:17.266+0000] {processor.py:183} INFO - Processing /opt/airflow/dags/entrenamiento_modelos_regresion_dag.py took 0.111 seconds
[2025-06-18T01:19:34.895+0000] {processor.py:161} INFO - Started process (PID=191) to work on /opt/airflow/dags/entrenamiento_modelos_regresion_dag.py
[2025-06-18T01:19:34.903+0000] {processor.py:830} INFO - Processing file /opt/airflow/dags/entrenamiento_modelos_regresion_dag.py for tasks to queue
[2025-06-18T01:19:34.905+0000] {logging_mixin.py:188} INFO - [2025-06-18T01:19:34.904+0000] {dagbag.py:538} INFO - Filling up the DagBag from /opt/airflow/dags/entrenamiento_modelos_regresion_dag.py
[2025-06-18T01:19:34.925+0000] {processor.py:840} INFO - DAG(s) 'entrenamiento_modelos_regresion' retrieved from /opt/airflow/dags/entrenamiento_modelos_regresion_dag.py
[2025-06-18T01:19:34.972+0000] {logging_mixin.py:188} INFO - [2025-06-18T01:19:34.971+0000] {dag.py:3036} INFO - Sync 1 DAGs
[2025-06-18T01:19:35.012+0000] {logging_mixin.py:188} INFO - [2025-06-18T01:19:35.011+0000] {dag.py:3823} INFO - Setting next_dagrun for entrenamiento_modelos_regresion to 2025-06-17 21:00:00+00:00, run_after=2025-06-18 21:00:00+00:00
[2025-06-18T01:19:35.052+0000] {processor.py:183} INFO - Processing /opt/airflow/dags/entrenamiento_modelos_regresion_dag.py took 0.163 seconds
[2025-06-18T01:20:05.331+0000] {processor.py:161} INFO - Started process (PID=228) to work on /opt/airflow/dags/entrenamiento_modelos_regresion_dag.py
[2025-06-18T01:20:05.350+0000] {processor.py:830} INFO - Processing file /opt/airflow/dags/entrenamiento_modelos_regresion_dag.py for tasks to queue
[2025-06-18T01:20:05.351+0000] {logging_mixin.py:188} INFO - [2025-06-18T01:20:05.351+0000] {dagbag.py:538} INFO - Filling up the DagBag from /opt/airflow/dags/entrenamiento_modelos_regresion_dag.py
[2025-06-18T01:20:05.380+0000] {processor.py:840} INFO - DAG(s) 'entrenamiento_modelos_regresion' retrieved from /opt/airflow/dags/entrenamiento_modelos_regresion_dag.py
[2025-06-18T01:20:05.415+0000] {logging_mixin.py:188} INFO - [2025-06-18T01:20:05.415+0000] {dag.py:3036} INFO - Sync 1 DAGs
[2025-06-18T01:20:05.670+0000] {logging_mixin.py:188} INFO - [2025-06-18T01:20:05.670+0000] {dag.py:3823} INFO - Setting next_dagrun for entrenamiento_modelos_regresion to 2025-06-17 21:00:00+00:00, run_after=2025-06-18 21:00:00+00:00
[2025-06-18T01:20:05.704+0000] {processor.py:183} INFO - Processing /opt/airflow/dags/entrenamiento_modelos_regresion_dag.py took 0.377 seconds
[2025-06-18T01:20:36.033+0000] {processor.py:161} INFO - Started process (PID=264) to work on /opt/airflow/dags/entrenamiento_modelos_regresion_dag.py
[2025-06-18T01:20:36.035+0000] {processor.py:830} INFO - Processing file /opt/airflow/dags/entrenamiento_modelos_regresion_dag.py for tasks to queue
[2025-06-18T01:20:36.036+0000] {logging_mixin.py:188} INFO - [2025-06-18T01:20:36.036+0000] {dagbag.py:538} INFO - Filling up the DagBag from /opt/airflow/dags/entrenamiento_modelos_regresion_dag.py
[2025-06-18T01:20:36.084+0000] {processor.py:840} INFO - DAG(s) 'entrenamiento_modelos_regresion' retrieved from /opt/airflow/dags/entrenamiento_modelos_regresion_dag.py
[2025-06-18T01:20:36.147+0000] {logging_mixin.py:188} INFO - [2025-06-18T01:20:36.146+0000] {dag.py:3036} INFO - Sync 1 DAGs
[2025-06-18T01:20:36.214+0000] {logging_mixin.py:188} INFO - [2025-06-18T01:20:36.213+0000] {dag.py:3823} INFO - Setting next_dagrun for entrenamiento_modelos_regresion to 2025-06-17 21:00:00+00:00, run_after=2025-06-18 21:00:00+00:00
[2025-06-18T01:20:36.247+0000] {processor.py:183} INFO - Processing /opt/airflow/dags/entrenamiento_modelos_regresion_dag.py took 0.219 seconds
[2025-06-18T01:21:06.489+0000] {processor.py:161} INFO - Started process (PID=285) to work on /opt/airflow/dags/entrenamiento_modelos_regresion_dag.py
[2025-06-18T01:21:06.491+0000] {processor.py:830} INFO - Processing file /opt/airflow/dags/entrenamiento_modelos_regresion_dag.py for tasks to queue
[2025-06-18T01:21:06.492+0000] {logging_mixin.py:188} INFO - [2025-06-18T01:21:06.492+0000] {dagbag.py:538} INFO - Filling up the DagBag from /opt/airflow/dags/entrenamiento_modelos_regresion_dag.py
[2025-06-18T01:21:06.509+0000] {processor.py:840} INFO - DAG(s) 'entrenamiento_modelos_regresion' retrieved from /opt/airflow/dags/entrenamiento_modelos_regresion_dag.py
[2025-06-18T01:21:06.540+0000] {logging_mixin.py:188} INFO - [2025-06-18T01:21:06.540+0000] {dag.py:3036} INFO - Sync 1 DAGs
[2025-06-18T01:21:06.574+0000] {logging_mixin.py:188} INFO - [2025-06-18T01:21:06.573+0000] {dag.py:3823} INFO - Setting next_dagrun for entrenamiento_modelos_regresion to 2025-06-17 21:00:00+00:00, run_after=2025-06-18 21:00:00+00:00
[2025-06-18T01:21:06.603+0000] {processor.py:183} INFO - Processing /opt/airflow/dags/entrenamiento_modelos_regresion_dag.py took 0.119 seconds
[2025-06-18T01:21:36.764+0000] {processor.py:161} INFO - Started process (PID=321) to work on /opt/airflow/dags/entrenamiento_modelos_regresion_dag.py
[2025-06-18T01:21:36.766+0000] {processor.py:830} INFO - Processing file /opt/airflow/dags/entrenamiento_modelos_regresion_dag.py for tasks to queue
[2025-06-18T01:21:36.768+0000] {logging_mixin.py:188} INFO - [2025-06-18T01:21:36.768+0000] {dagbag.py:538} INFO - Filling up the DagBag from /opt/airflow/dags/entrenamiento_modelos_regresion_dag.py
[2025-06-18T01:21:36.786+0000] {processor.py:840} INFO - DAG(s) 'entrenamiento_modelos_regresion' retrieved from /opt/airflow/dags/entrenamiento_modelos_regresion_dag.py
[2025-06-18T01:21:36.829+0000] {logging_mixin.py:188} INFO - [2025-06-18T01:21:36.829+0000] {dag.py:3036} INFO - Sync 1 DAGs
[2025-06-18T01:21:36.869+0000] {logging_mixin.py:188} INFO - [2025-06-18T01:21:36.869+0000] {dag.py:3823} INFO - Setting next_dagrun for entrenamiento_modelos_regresion to 2025-06-17 21:00:00+00:00, run_after=2025-06-18 21:00:00+00:00
[2025-06-18T01:21:36.906+0000] {processor.py:183} INFO - Processing /opt/airflow/dags/entrenamiento_modelos_regresion_dag.py took 0.148 seconds
[2025-06-18T01:22:06.989+0000] {processor.py:161} INFO - Started process (PID=342) to work on /opt/airflow/dags/entrenamiento_modelos_regresion_dag.py
[2025-06-18T01:22:06.992+0000] {processor.py:830} INFO - Processing file /opt/airflow/dags/entrenamiento_modelos_regresion_dag.py for tasks to queue
[2025-06-18T01:22:06.994+0000] {logging_mixin.py:188} INFO - [2025-06-18T01:22:06.993+0000] {dagbag.py:538} INFO - Filling up the DagBag from /opt/airflow/dags/entrenamiento_modelos_regresion_dag.py
[2025-06-18T01:22:07.023+0000] {processor.py:840} INFO - DAG(s) 'entrenamiento_modelos_regresion' retrieved from /opt/airflow/dags/entrenamiento_modelos_regresion_dag.py
[2025-06-18T01:22:07.083+0000] {logging_mixin.py:188} INFO - [2025-06-18T01:22:07.082+0000] {dag.py:3036} INFO - Sync 1 DAGs
[2025-06-18T01:22:07.130+0000] {logging_mixin.py:188} INFO - [2025-06-18T01:22:07.130+0000] {dag.py:3823} INFO - Setting next_dagrun for entrenamiento_modelos_regresion to 2025-06-17 21:00:00+00:00, run_after=2025-06-18 21:00:00+00:00
[2025-06-18T01:22:07.163+0000] {processor.py:183} INFO - Processing /opt/airflow/dags/entrenamiento_modelos_regresion_dag.py took 0.181 seconds
[2025-06-18T01:22:37.717+0000] {processor.py:161} INFO - Started process (PID=378) to work on /opt/airflow/dags/entrenamiento_modelos_regresion_dag.py
[2025-06-18T01:22:37.718+0000] {processor.py:830} INFO - Processing file /opt/airflow/dags/entrenamiento_modelos_regresion_dag.py for tasks to queue
[2025-06-18T01:22:37.720+0000] {logging_mixin.py:188} INFO - [2025-06-18T01:22:37.719+0000] {dagbag.py:538} INFO - Filling up the DagBag from /opt/airflow/dags/entrenamiento_modelos_regresion_dag.py
[2025-06-18T01:22:37.736+0000] {processor.py:840} INFO - DAG(s) 'entrenamiento_modelos_regresion' retrieved from /opt/airflow/dags/entrenamiento_modelos_regresion_dag.py
[2025-06-18T01:22:37.784+0000] {logging_mixin.py:188} INFO - [2025-06-18T01:22:37.783+0000] {dag.py:3036} INFO - Sync 1 DAGs
[2025-06-18T01:22:37.831+0000] {logging_mixin.py:188} INFO - [2025-06-18T01:22:37.830+0000] {dag.py:3823} INFO - Setting next_dagrun for entrenamiento_modelos_regresion to 2025-06-17 21:00:00+00:00, run_after=2025-06-18 21:00:00+00:00
[2025-06-18T01:22:37.881+0000] {processor.py:183} INFO - Processing /opt/airflow/dags/entrenamiento_modelos_regresion_dag.py took 0.169 seconds
[2025-06-18T01:23:08.002+0000] {processor.py:161} INFO - Started process (PID=399) to work on /opt/airflow/dags/entrenamiento_modelos_regresion_dag.py
[2025-06-18T01:23:08.004+0000] {processor.py:830} INFO - Processing file /opt/airflow/dags/entrenamiento_modelos_regresion_dag.py for tasks to queue
[2025-06-18T01:23:08.005+0000] {logging_mixin.py:188} INFO - [2025-06-18T01:23:08.005+0000] {dagbag.py:538} INFO - Filling up the DagBag from /opt/airflow/dags/entrenamiento_modelos_regresion_dag.py
[2025-06-18T01:23:08.023+0000] {processor.py:840} INFO - DAG(s) 'entrenamiento_modelos_regresion' retrieved from /opt/airflow/dags/entrenamiento_modelos_regresion_dag.py
[2025-06-18T01:23:08.069+0000] {logging_mixin.py:188} INFO - [2025-06-18T01:23:08.068+0000] {dag.py:3036} INFO - Sync 1 DAGs
[2025-06-18T01:23:08.108+0000] {logging_mixin.py:188} INFO - [2025-06-18T01:23:08.108+0000] {dag.py:3823} INFO - Setting next_dagrun for entrenamiento_modelos_regresion to 2025-06-17 21:00:00+00:00, run_after=2025-06-18 21:00:00+00:00
[2025-06-18T01:23:08.143+0000] {processor.py:183} INFO - Processing /opt/airflow/dags/entrenamiento_modelos_regresion_dag.py took 0.148 seconds
[2025-06-18T01:23:38.247+0000] {processor.py:161} INFO - Started process (PID=435) to work on /opt/airflow/dags/entrenamiento_modelos_regresion_dag.py
[2025-06-18T01:23:38.249+0000] {processor.py:830} INFO - Processing file /opt/airflow/dags/entrenamiento_modelos_regresion_dag.py for tasks to queue
[2025-06-18T01:23:38.250+0000] {logging_mixin.py:188} INFO - [2025-06-18T01:23:38.249+0000] {dagbag.py:538} INFO - Filling up the DagBag from /opt/airflow/dags/entrenamiento_modelos_regresion_dag.py
[2025-06-18T01:23:38.265+0000] {processor.py:840} INFO - DAG(s) 'entrenamiento_modelos_regresion' retrieved from /opt/airflow/dags/entrenamiento_modelos_regresion_dag.py
[2025-06-18T01:23:38.303+0000] {logging_mixin.py:188} INFO - [2025-06-18T01:23:38.303+0000] {dag.py:3036} INFO - Sync 1 DAGs
[2025-06-18T01:23:38.332+0000] {logging_mixin.py:188} INFO - [2025-06-18T01:23:38.332+0000] {dag.py:3823} INFO - Setting next_dagrun for entrenamiento_modelos_regresion to 2025-06-17 21:00:00+00:00, run_after=2025-06-18 21:00:00+00:00
[2025-06-18T01:23:38.364+0000] {processor.py:183} INFO - Processing /opt/airflow/dags/entrenamiento_modelos_regresion_dag.py took 0.123 seconds
[2025-06-18T01:24:08.655+0000] {processor.py:161} INFO - Started process (PID=458) to work on /opt/airflow/dags/entrenamiento_modelos_regresion_dag.py
[2025-06-18T01:24:08.656+0000] {processor.py:830} INFO - Processing file /opt/airflow/dags/entrenamiento_modelos_regresion_dag.py for tasks to queue
[2025-06-18T01:24:08.657+0000] {logging_mixin.py:188} INFO - [2025-06-18T01:24:08.657+0000] {dagbag.py:538} INFO - Filling up the DagBag from /opt/airflow/dags/entrenamiento_modelos_regresion_dag.py
[2025-06-18T01:24:08.672+0000] {processor.py:840} INFO - DAG(s) 'entrenamiento_modelos_regresion' retrieved from /opt/airflow/dags/entrenamiento_modelos_regresion_dag.py
[2025-06-18T01:24:08.710+0000] {logging_mixin.py:188} INFO - [2025-06-18T01:24:08.710+0000] {dag.py:3036} INFO - Sync 1 DAGs
[2025-06-18T01:24:08.753+0000] {logging_mixin.py:188} INFO - [2025-06-18T01:24:08.753+0000] {dag.py:3823} INFO - Setting next_dagrun for entrenamiento_modelos_regresion to 2025-06-17 21:00:00+00:00, run_after=2025-06-18 21:00:00+00:00
[2025-06-18T01:24:08.793+0000] {processor.py:183} INFO - Processing /opt/airflow/dags/entrenamiento_modelos_regresion_dag.py took 0.143 seconds
[2025-06-18T01:24:39.715+0000] {processor.py:161} INFO - Started process (PID=494) to work on /opt/airflow/dags/entrenamiento_modelos_regresion_dag.py
[2025-06-18T01:24:39.719+0000] {processor.py:830} INFO - Processing file /opt/airflow/dags/entrenamiento_modelos_regresion_dag.py for tasks to queue
[2025-06-18T01:24:39.720+0000] {logging_mixin.py:188} INFO - [2025-06-18T01:24:39.720+0000] {dagbag.py:538} INFO - Filling up the DagBag from /opt/airflow/dags/entrenamiento_modelos_regresion_dag.py
[2025-06-18T01:24:39.735+0000] {processor.py:840} INFO - DAG(s) 'entrenamiento_modelos_regresion' retrieved from /opt/airflow/dags/entrenamiento_modelos_regresion_dag.py
[2025-06-18T01:24:39.777+0000] {logging_mixin.py:188} INFO - [2025-06-18T01:24:39.777+0000] {dag.py:3036} INFO - Sync 1 DAGs
[2025-06-18T01:24:39.818+0000] {logging_mixin.py:188} INFO - [2025-06-18T01:24:39.818+0000] {dag.py:3823} INFO - Setting next_dagrun for entrenamiento_modelos_regresion to 2025-06-17 21:00:00+00:00, run_after=2025-06-18 21:00:00+00:00
[2025-06-18T01:24:39.845+0000] {processor.py:183} INFO - Processing /opt/airflow/dags/entrenamiento_modelos_regresion_dag.py took 0.136 seconds
[2025-06-18T01:25:10.373+0000] {processor.py:161} INFO - Started process (PID=515) to work on /opt/airflow/dags/entrenamiento_modelos_regresion_dag.py
[2025-06-18T01:25:10.374+0000] {processor.py:830} INFO - Processing file /opt/airflow/dags/entrenamiento_modelos_regresion_dag.py for tasks to queue
[2025-06-18T01:25:10.375+0000] {logging_mixin.py:188} INFO - [2025-06-18T01:25:10.375+0000] {dagbag.py:538} INFO - Filling up the DagBag from /opt/airflow/dags/entrenamiento_modelos_regresion_dag.py
[2025-06-18T01:25:10.389+0000] {processor.py:840} INFO - DAG(s) 'entrenamiento_modelos_regresion' retrieved from /opt/airflow/dags/entrenamiento_modelos_regresion_dag.py
[2025-06-18T01:25:10.431+0000] {logging_mixin.py:188} INFO - [2025-06-18T01:25:10.431+0000] {dag.py:3036} INFO - Sync 1 DAGs
[2025-06-18T01:25:10.471+0000] {logging_mixin.py:188} INFO - [2025-06-18T01:25:10.471+0000] {dag.py:3823} INFO - Setting next_dagrun for entrenamiento_modelos_regresion to 2025-06-17 21:00:00+00:00, run_after=2025-06-18 21:00:00+00:00
[2025-06-18T01:25:10.503+0000] {processor.py:183} INFO - Processing /opt/airflow/dags/entrenamiento_modelos_regresion_dag.py took 0.135 seconds
[2025-06-18T01:25:41.156+0000] {processor.py:161} INFO - Started process (PID=551) to work on /opt/airflow/dags/entrenamiento_modelos_regresion_dag.py
[2025-06-18T01:25:41.160+0000] {processor.py:830} INFO - Processing file /opt/airflow/dags/entrenamiento_modelos_regresion_dag.py for tasks to queue
[2025-06-18T01:25:41.162+0000] {logging_mixin.py:188} INFO - [2025-06-18T01:25:41.161+0000] {dagbag.py:538} INFO - Filling up the DagBag from /opt/airflow/dags/entrenamiento_modelos_regresion_dag.py
[2025-06-18T01:25:41.192+0000] {processor.py:840} INFO - DAG(s) 'entrenamiento_modelos_regresion' retrieved from /opt/airflow/dags/entrenamiento_modelos_regresion_dag.py
[2025-06-18T01:25:41.258+0000] {logging_mixin.py:188} INFO - [2025-06-18T01:25:41.257+0000] {dag.py:3036} INFO - Sync 1 DAGs
[2025-06-18T01:25:41.314+0000] {logging_mixin.py:188} INFO - [2025-06-18T01:25:41.313+0000] {dag.py:3823} INFO - Setting next_dagrun for entrenamiento_modelos_regresion to 2025-06-17 21:00:00+00:00, run_after=2025-06-18 21:00:00+00:00
[2025-06-18T01:25:41.601+0000] {processor.py:183} INFO - Processing /opt/airflow/dags/entrenamiento_modelos_regresion_dag.py took 0.453 seconds
[2025-06-18T01:26:42.406+0000] {processor.py:161} INFO - Started process (PID=191) to work on /opt/airflow/dags/entrenamiento_modelos_regresion_dag.py
[2025-06-18T01:26:42.408+0000] {processor.py:830} INFO - Processing file /opt/airflow/dags/entrenamiento_modelos_regresion_dag.py for tasks to queue
[2025-06-18T01:26:42.410+0000] {logging_mixin.py:188} INFO - [2025-06-18T01:26:42.409+0000] {dagbag.py:538} INFO - Filling up the DagBag from /opt/airflow/dags/entrenamiento_modelos_regresion_dag.py
[2025-06-18T01:26:42.429+0000] {processor.py:840} INFO - DAG(s) 'entrenamiento_modelos_regresion' retrieved from /opt/airflow/dags/entrenamiento_modelos_regresion_dag.py
[2025-06-18T01:26:42.623+0000] {logging_mixin.py:188} INFO - [2025-06-18T01:26:42.623+0000] {dag.py:3036} INFO - Sync 1 DAGs
[2025-06-18T01:26:42.659+0000] {logging_mixin.py:188} INFO - [2025-06-18T01:26:42.658+0000] {dag.py:3823} INFO - Setting next_dagrun for entrenamiento_modelos_regresion to 2025-06-17 21:00:00+00:00, run_after=2025-06-18 21:00:00+00:00
[2025-06-18T01:26:42.698+0000] {processor.py:183} INFO - Processing /opt/airflow/dags/entrenamiento_modelos_regresion_dag.py took 0.298 seconds
[2025-06-18T01:27:13.055+0000] {processor.py:161} INFO - Started process (PID=283) to work on /opt/airflow/dags/entrenamiento_modelos_regresion_dag.py
[2025-06-18T01:27:13.056+0000] {processor.py:830} INFO - Processing file /opt/airflow/dags/entrenamiento_modelos_regresion_dag.py for tasks to queue
[2025-06-18T01:27:13.057+0000] {logging_mixin.py:188} INFO - [2025-06-18T01:27:13.057+0000] {dagbag.py:538} INFO - Filling up the DagBag from /opt/airflow/dags/entrenamiento_modelos_regresion_dag.py
[2025-06-18T01:27:13.072+0000] {processor.py:840} INFO - DAG(s) 'entrenamiento_modelos_regresion' retrieved from /opt/airflow/dags/entrenamiento_modelos_regresion_dag.py
[2025-06-18T01:27:13.105+0000] {logging_mixin.py:188} INFO - [2025-06-18T01:27:13.105+0000] {dag.py:3036} INFO - Sync 1 DAGs
[2025-06-18T01:27:13.133+0000] {logging_mixin.py:188} INFO - [2025-06-18T01:27:13.132+0000] {dag.py:3823} INFO - Setting next_dagrun for entrenamiento_modelos_regresion to 2025-06-17 21:00:00+00:00, run_after=2025-06-18 21:00:00+00:00
[2025-06-18T01:27:13.158+0000] {processor.py:183} INFO - Processing /opt/airflow/dags/entrenamiento_modelos_regresion_dag.py took 0.107 seconds
[2025-06-18T01:27:43.291+0000] {processor.py:161} INFO - Started process (PID=319) to work on /opt/airflow/dags/entrenamiento_modelos_regresion_dag.py
[2025-06-18T01:27:43.293+0000] {processor.py:830} INFO - Processing file /opt/airflow/dags/entrenamiento_modelos_regresion_dag.py for tasks to queue
[2025-06-18T01:27:43.295+0000] {logging_mixin.py:188} INFO - [2025-06-18T01:27:43.294+0000] {dagbag.py:538} INFO - Filling up the DagBag from /opt/airflow/dags/entrenamiento_modelos_regresion_dag.py
[2025-06-18T01:27:43.319+0000] {processor.py:840} INFO - DAG(s) 'entrenamiento_modelos_regresion' retrieved from /opt/airflow/dags/entrenamiento_modelos_regresion_dag.py
[2025-06-18T01:27:43.374+0000] {logging_mixin.py:188} INFO - [2025-06-18T01:27:43.374+0000] {dag.py:3036} INFO - Sync 1 DAGs
[2025-06-18T01:27:43.413+0000] {logging_mixin.py:188} INFO - [2025-06-18T01:27:43.413+0000] {dag.py:3823} INFO - Setting next_dagrun for entrenamiento_modelos_regresion to 2025-06-17 21:00:00+00:00, run_after=2025-06-18 21:00:00+00:00
[2025-06-18T01:27:43.442+0000] {processor.py:183} INFO - Processing /opt/airflow/dags/entrenamiento_modelos_regresion_dag.py took 0.160 seconds
[2025-06-18T01:28:13.560+0000] {processor.py:161} INFO - Started process (PID=340) to work on /opt/airflow/dags/entrenamiento_modelos_regresion_dag.py
[2025-06-18T01:28:13.561+0000] {processor.py:830} INFO - Processing file /opt/airflow/dags/entrenamiento_modelos_regresion_dag.py for tasks to queue
[2025-06-18T01:28:13.562+0000] {logging_mixin.py:188} INFO - [2025-06-18T01:28:13.562+0000] {dagbag.py:538} INFO - Filling up the DagBag from /opt/airflow/dags/entrenamiento_modelos_regresion_dag.py
[2025-06-18T01:28:13.579+0000] {processor.py:840} INFO - DAG(s) 'entrenamiento_modelos_regresion' retrieved from /opt/airflow/dags/entrenamiento_modelos_regresion_dag.py
[2025-06-18T01:28:13.609+0000] {logging_mixin.py:188} INFO - [2025-06-18T01:28:13.609+0000] {dag.py:3036} INFO - Sync 1 DAGs
[2025-06-18T01:28:13.633+0000] {logging_mixin.py:188} INFO - [2025-06-18T01:28:13.633+0000] {dag.py:3823} INFO - Setting next_dagrun for entrenamiento_modelos_regresion to 2025-06-17 21:00:00+00:00, run_after=2025-06-18 21:00:00+00:00
[2025-06-18T01:28:13.657+0000] {processor.py:183} INFO - Processing /opt/airflow/dags/entrenamiento_modelos_regresion_dag.py took 0.102 seconds
[2025-06-18T01:28:43.730+0000] {processor.py:161} INFO - Started process (PID=376) to work on /opt/airflow/dags/entrenamiento_modelos_regresion_dag.py
[2025-06-18T01:28:43.731+0000] {processor.py:830} INFO - Processing file /opt/airflow/dags/entrenamiento_modelos_regresion_dag.py for tasks to queue
[2025-06-18T01:28:43.732+0000] {logging_mixin.py:188} INFO - [2025-06-18T01:28:43.731+0000] {dagbag.py:538} INFO - Filling up the DagBag from /opt/airflow/dags/entrenamiento_modelos_regresion_dag.py
[2025-06-18T01:28:43.745+0000] {processor.py:840} INFO - DAG(s) 'entrenamiento_modelos_regresion' retrieved from /opt/airflow/dags/entrenamiento_modelos_regresion_dag.py
[2025-06-18T01:28:43.777+0000] {logging_mixin.py:188} INFO - [2025-06-18T01:28:43.777+0000] {dag.py:3036} INFO - Sync 1 DAGs
[2025-06-18T01:28:43.811+0000] {logging_mixin.py:188} INFO - [2025-06-18T01:28:43.810+0000] {dag.py:3823} INFO - Setting next_dagrun for entrenamiento_modelos_regresion to 2025-06-17 21:00:00+00:00, run_after=2025-06-18 21:00:00+00:00
[2025-06-18T01:28:43.836+0000] {processor.py:183} INFO - Processing /opt/airflow/dags/entrenamiento_modelos_regresion_dag.py took 0.110 seconds
