[2025-06-18T00:29:18.031+0000] {processor.py:161} INFO - Started process (PID=184) to work on /opt/airflow/dags/prediccion_modelo_produccion_dag.py
[2025-06-18T00:29:18.033+0000] {processor.py:830} INFO - Processing file /opt/airflow/dags/prediccion_modelo_produccion_dag.py for tasks to queue
[2025-06-18T00:29:18.035+0000] {logging_mixin.py:188} INFO - [2025-06-18T00:29:18.034+0000] {dagbag.py:538} INFO - Filling up the DagBag from /opt/airflow/dags/prediccion_modelo_produccion_dag.py
[2025-06-18T00:29:18.071+0000] {processor.py:840} INFO - DAG(s) 'prediccion_modelo_produccion_dag' retrieved from /opt/airflow/dags/prediccion_modelo_produccion_dag.py
[2025-06-18T00:29:18.831+0000] {logging_mixin.py:188} INFO - [2025-06-18T00:29:18.829+0000] {override.py:1769} INFO - Created Permission View: can delete on DAG:prediccion_modelo_produccion_dag
[2025-06-18T00:29:18.862+0000] {logging_mixin.py:188} INFO - [2025-06-18T00:29:18.861+0000] {override.py:1769} INFO - Created Permission View: can edit on DAG:prediccion_modelo_produccion_dag
[2025-06-18T00:29:18.954+0000] {logging_mixin.py:188} INFO - [2025-06-18T00:29:18.954+0000] {override.py:1769} INFO - Created Permission View: can read on DAG:prediccion_modelo_produccion_dag
[2025-06-18T00:29:18.955+0000] {logging_mixin.py:188} INFO - [2025-06-18T00:29:18.954+0000] {dag.py:3036} INFO - Sync 1 DAGs
[2025-06-18T00:29:18.970+0000] {logging_mixin.py:188} INFO - [2025-06-18T00:29:18.970+0000] {dag.py:3058} INFO - Creating ORM DAG for prediccion_modelo_produccion_dag
[2025-06-18T00:29:18.989+0000] {logging_mixin.py:188} INFO - [2025-06-18T00:29:18.988+0000] {dag.py:3823} INFO - Setting next_dagrun for prediccion_modelo_produccion_dag to 2025-06-16 22:00:00+00:00, run_after=2025-06-17 22:00:00+00:00
[2025-06-18T00:29:19.070+0000] {processor.py:183} INFO - Processing /opt/airflow/dags/prediccion_modelo_produccion_dag.py took 1.045 seconds
[2025-06-18T00:29:49.967+0000] {processor.py:161} INFO - Started process (PID=212) to work on /opt/airflow/dags/prediccion_modelo_produccion_dag.py
[2025-06-18T00:29:49.982+0000] {processor.py:830} INFO - Processing file /opt/airflow/dags/prediccion_modelo_produccion_dag.py for tasks to queue
[2025-06-18T00:29:49.984+0000] {logging_mixin.py:188} INFO - [2025-06-18T00:29:49.983+0000] {dagbag.py:538} INFO - Filling up the DagBag from /opt/airflow/dags/prediccion_modelo_produccion_dag.py
[2025-06-18T00:29:50.014+0000] {processor.py:840} INFO - DAG(s) 'prediccion_modelo_produccion_dag' retrieved from /opt/airflow/dags/prediccion_modelo_produccion_dag.py
[2025-06-18T00:29:50.266+0000] {logging_mixin.py:188} INFO - [2025-06-18T00:29:50.266+0000] {dag.py:3036} INFO - Sync 1 DAGs
[2025-06-18T00:29:50.474+0000] {logging_mixin.py:188} INFO - [2025-06-18T00:29:50.473+0000] {dag.py:3823} INFO - Setting next_dagrun for prediccion_modelo_produccion_dag to 2025-06-16 22:00:00+00:00, run_after=2025-06-17 22:00:00+00:00
[2025-06-18T00:29:50.742+0000] {processor.py:183} INFO - Processing /opt/airflow/dags/prediccion_modelo_produccion_dag.py took 0.780 seconds
[2025-06-18T00:30:21.056+0000] {processor.py:161} INFO - Started process (PID=238) to work on /opt/airflow/dags/prediccion_modelo_produccion_dag.py
[2025-06-18T00:30:22.653+0000] {processor.py:830} INFO - Processing file /opt/airflow/dags/prediccion_modelo_produccion_dag.py for tasks to queue
[2025-06-18T00:30:22.657+0000] {logging_mixin.py:188} INFO - [2025-06-18T00:30:22.655+0000] {dagbag.py:538} INFO - Filling up the DagBag from /opt/airflow/dags/prediccion_modelo_produccion_dag.py
[2025-06-18T00:30:22.700+0000] {processor.py:840} INFO - DAG(s) 'prediccion_modelo_produccion_dag' retrieved from /opt/airflow/dags/prediccion_modelo_produccion_dag.py
[2025-06-18T00:30:22.746+0000] {logging_mixin.py:188} INFO - [2025-06-18T00:30:22.746+0000] {dag.py:3036} INFO - Sync 1 DAGs
[2025-06-18T00:30:22.776+0000] {logging_mixin.py:188} INFO - [2025-06-18T00:30:22.775+0000] {dag.py:3823} INFO - Setting next_dagrun for prediccion_modelo_produccion_dag to 2025-06-16 22:00:00+00:00, run_after=2025-06-17 22:00:00+00:00
[2025-06-18T00:30:23.102+0000] {processor.py:183} INFO - Processing /opt/airflow/dags/prediccion_modelo_produccion_dag.py took 2.059 seconds
[2025-06-18T00:30:53.443+0000] {processor.py:161} INFO - Started process (PID=266) to work on /opt/airflow/dags/prediccion_modelo_produccion_dag.py
[2025-06-18T00:30:53.446+0000] {processor.py:830} INFO - Processing file /opt/airflow/dags/prediccion_modelo_produccion_dag.py for tasks to queue
[2025-06-18T00:30:53.448+0000] {logging_mixin.py:188} INFO - [2025-06-18T00:30:53.447+0000] {dagbag.py:538} INFO - Filling up the DagBag from /opt/airflow/dags/prediccion_modelo_produccion_dag.py
[2025-06-18T00:30:53.465+0000] {processor.py:840} INFO - DAG(s) 'prediccion_modelo_produccion_dag' retrieved from /opt/airflow/dags/prediccion_modelo_produccion_dag.py
[2025-06-18T00:30:53.510+0000] {logging_mixin.py:188} INFO - [2025-06-18T00:30:53.510+0000] {dag.py:3036} INFO - Sync 1 DAGs
[2025-06-18T00:30:53.560+0000] {logging_mixin.py:188} INFO - [2025-06-18T00:30:53.559+0000] {dag.py:3823} INFO - Setting next_dagrun for prediccion_modelo_produccion_dag to 2025-06-16 22:00:00+00:00, run_after=2025-06-17 22:00:00+00:00
[2025-06-18T00:30:53.616+0000] {processor.py:183} INFO - Processing /opt/airflow/dags/prediccion_modelo_produccion_dag.py took 0.178 seconds
[2025-06-18T00:31:23.744+0000] {processor.py:161} INFO - Started process (PID=295) to work on /opt/airflow/dags/prediccion_modelo_produccion_dag.py
[2025-06-18T00:31:23.750+0000] {processor.py:830} INFO - Processing file /opt/airflow/dags/prediccion_modelo_produccion_dag.py for tasks to queue
[2025-06-18T00:31:23.751+0000] {logging_mixin.py:188} INFO - [2025-06-18T00:31:23.751+0000] {dagbag.py:538} INFO - Filling up the DagBag from /opt/airflow/dags/prediccion_modelo_produccion_dag.py
[2025-06-18T00:31:23.766+0000] {processor.py:840} INFO - DAG(s) 'prediccion_modelo_produccion_dag' retrieved from /opt/airflow/dags/prediccion_modelo_produccion_dag.py
[2025-06-18T00:31:23.804+0000] {logging_mixin.py:188} INFO - [2025-06-18T00:31:23.804+0000] {dag.py:3036} INFO - Sync 1 DAGs
[2025-06-18T00:31:23.840+0000] {logging_mixin.py:188} INFO - [2025-06-18T00:31:23.839+0000] {dag.py:3823} INFO - Setting next_dagrun for prediccion_modelo_produccion_dag to 2025-06-16 22:00:00+00:00, run_after=2025-06-17 22:00:00+00:00
[2025-06-18T00:31:23.870+0000] {processor.py:183} INFO - Processing /opt/airflow/dags/prediccion_modelo_produccion_dag.py took 0.133 seconds
[2025-06-18T00:31:54.028+0000] {processor.py:161} INFO - Started process (PID=331) to work on /opt/airflow/dags/prediccion_modelo_produccion_dag.py
[2025-06-18T00:31:54.035+0000] {processor.py:830} INFO - Processing file /opt/airflow/dags/prediccion_modelo_produccion_dag.py for tasks to queue
[2025-06-18T00:31:54.038+0000] {logging_mixin.py:188} INFO - [2025-06-18T00:31:54.037+0000] {dagbag.py:538} INFO - Filling up the DagBag from /opt/airflow/dags/prediccion_modelo_produccion_dag.py
[2025-06-18T00:31:54.054+0000] {processor.py:840} INFO - DAG(s) 'prediccion_modelo_produccion_dag' retrieved from /opt/airflow/dags/prediccion_modelo_produccion_dag.py
[2025-06-18T00:31:54.091+0000] {logging_mixin.py:188} INFO - [2025-06-18T00:31:54.090+0000] {dag.py:3036} INFO - Sync 1 DAGs
[2025-06-18T00:31:54.121+0000] {logging_mixin.py:188} INFO - [2025-06-18T00:31:54.121+0000] {dag.py:3823} INFO - Setting next_dagrun for prediccion_modelo_produccion_dag to 2025-06-16 22:00:00+00:00, run_after=2025-06-17 22:00:00+00:00
[2025-06-18T00:31:54.194+0000] {processor.py:183} INFO - Processing /opt/airflow/dags/prediccion_modelo_produccion_dag.py took 0.171 seconds
[2025-06-18T00:32:24.278+0000] {processor.py:161} INFO - Started process (PID=352) to work on /opt/airflow/dags/prediccion_modelo_produccion_dag.py
[2025-06-18T00:32:24.284+0000] {processor.py:830} INFO - Processing file /opt/airflow/dags/prediccion_modelo_produccion_dag.py for tasks to queue
[2025-06-18T00:32:24.286+0000] {logging_mixin.py:188} INFO - [2025-06-18T00:32:24.286+0000] {dagbag.py:538} INFO - Filling up the DagBag from /opt/airflow/dags/prediccion_modelo_produccion_dag.py
[2025-06-18T00:32:24.317+0000] {processor.py:840} INFO - DAG(s) 'prediccion_modelo_produccion_dag' retrieved from /opt/airflow/dags/prediccion_modelo_produccion_dag.py
[2025-06-18T00:32:24.391+0000] {logging_mixin.py:188} INFO - [2025-06-18T00:32:24.390+0000] {dag.py:3036} INFO - Sync 1 DAGs
[2025-06-18T00:32:24.423+0000] {logging_mixin.py:188} INFO - [2025-06-18T00:32:24.423+0000] {dag.py:3823} INFO - Setting next_dagrun for prediccion_modelo_produccion_dag to 2025-06-16 22:00:00+00:00, run_after=2025-06-17 22:00:00+00:00
[2025-06-18T00:32:24.567+0000] {processor.py:183} INFO - Processing /opt/airflow/dags/prediccion_modelo_produccion_dag.py took 0.300 seconds
[2025-06-18T00:32:55.223+0000] {processor.py:161} INFO - Started process (PID=388) to work on /opt/airflow/dags/prediccion_modelo_produccion_dag.py
[2025-06-18T00:32:55.239+0000] {processor.py:830} INFO - Processing file /opt/airflow/dags/prediccion_modelo_produccion_dag.py for tasks to queue
[2025-06-18T00:32:55.240+0000] {logging_mixin.py:188} INFO - [2025-06-18T00:32:55.239+0000] {dagbag.py:538} INFO - Filling up the DagBag from /opt/airflow/dags/prediccion_modelo_produccion_dag.py
[2025-06-18T00:32:55.255+0000] {processor.py:840} INFO - DAG(s) 'prediccion_modelo_produccion_dag' retrieved from /opt/airflow/dags/prediccion_modelo_produccion_dag.py
[2025-06-18T00:32:55.299+0000] {logging_mixin.py:188} INFO - [2025-06-18T00:32:55.299+0000] {dag.py:3036} INFO - Sync 1 DAGs
[2025-06-18T00:32:55.360+0000] {logging_mixin.py:188} INFO - [2025-06-18T00:32:55.360+0000] {dag.py:3823} INFO - Setting next_dagrun for prediccion_modelo_produccion_dag to 2025-06-16 22:00:00+00:00, run_after=2025-06-17 22:00:00+00:00
[2025-06-18T00:32:55.401+0000] {processor.py:183} INFO - Processing /opt/airflow/dags/prediccion_modelo_produccion_dag.py took 0.186 seconds
[2025-06-18T00:33:26.123+0000] {processor.py:161} INFO - Started process (PID=409) to work on /opt/airflow/dags/prediccion_modelo_produccion_dag.py
[2025-06-18T00:33:26.134+0000] {processor.py:830} INFO - Processing file /opt/airflow/dags/prediccion_modelo_produccion_dag.py for tasks to queue
[2025-06-18T00:33:26.136+0000] {logging_mixin.py:188} INFO - [2025-06-18T00:33:26.135+0000] {dagbag.py:538} INFO - Filling up the DagBag from /opt/airflow/dags/prediccion_modelo_produccion_dag.py
[2025-06-18T00:33:26.150+0000] {processor.py:840} INFO - DAG(s) 'prediccion_modelo_produccion_dag' retrieved from /opt/airflow/dags/prediccion_modelo_produccion_dag.py
[2025-06-18T00:33:26.190+0000] {logging_mixin.py:188} INFO - [2025-06-18T00:33:26.190+0000] {dag.py:3036} INFO - Sync 1 DAGs
[2025-06-18T00:33:26.223+0000] {logging_mixin.py:188} INFO - [2025-06-18T00:33:26.222+0000] {dag.py:3823} INFO - Setting next_dagrun for prediccion_modelo_produccion_dag to 2025-06-16 22:00:00+00:00, run_after=2025-06-17 22:00:00+00:00
[2025-06-18T00:33:26.268+0000] {processor.py:183} INFO - Processing /opt/airflow/dags/prediccion_modelo_produccion_dag.py took 0.152 seconds
[2025-06-18T00:33:56.453+0000] {processor.py:161} INFO - Started process (PID=445) to work on /opt/airflow/dags/prediccion_modelo_produccion_dag.py
[2025-06-18T00:33:56.457+0000] {processor.py:830} INFO - Processing file /opt/airflow/dags/prediccion_modelo_produccion_dag.py for tasks to queue
[2025-06-18T00:33:56.458+0000] {logging_mixin.py:188} INFO - [2025-06-18T00:33:56.458+0000] {dagbag.py:538} INFO - Filling up the DagBag from /opt/airflow/dags/prediccion_modelo_produccion_dag.py
[2025-06-18T00:33:56.473+0000] {processor.py:840} INFO - DAG(s) 'prediccion_modelo_produccion_dag' retrieved from /opt/airflow/dags/prediccion_modelo_produccion_dag.py
[2025-06-18T00:33:56.511+0000] {logging_mixin.py:188} INFO - [2025-06-18T00:33:56.511+0000] {dag.py:3036} INFO - Sync 1 DAGs
[2025-06-18T00:33:56.544+0000] {logging_mixin.py:188} INFO - [2025-06-18T00:33:56.544+0000] {dag.py:3823} INFO - Setting next_dagrun for prediccion_modelo_produccion_dag to 2025-06-16 22:00:00+00:00, run_after=2025-06-17 22:00:00+00:00
[2025-06-18T00:33:56.571+0000] {processor.py:183} INFO - Processing /opt/airflow/dags/prediccion_modelo_produccion_dag.py took 0.133 seconds
[2025-06-18T00:34:27.160+0000] {processor.py:161} INFO - Started process (PID=466) to work on /opt/airflow/dags/prediccion_modelo_produccion_dag.py
[2025-06-18T00:34:27.163+0000] {processor.py:830} INFO - Processing file /opt/airflow/dags/prediccion_modelo_produccion_dag.py for tasks to queue
[2025-06-18T00:34:27.164+0000] {logging_mixin.py:188} INFO - [2025-06-18T00:34:27.164+0000] {dagbag.py:538} INFO - Filling up the DagBag from /opt/airflow/dags/prediccion_modelo_produccion_dag.py
[2025-06-18T00:34:27.179+0000] {processor.py:840} INFO - DAG(s) 'prediccion_modelo_produccion_dag' retrieved from /opt/airflow/dags/prediccion_modelo_produccion_dag.py
[2025-06-18T00:34:27.216+0000] {logging_mixin.py:188} INFO - [2025-06-18T00:34:27.216+0000] {dag.py:3036} INFO - Sync 1 DAGs
[2025-06-18T00:34:27.244+0000] {logging_mixin.py:188} INFO - [2025-06-18T00:34:27.244+0000] {dag.py:3823} INFO - Setting next_dagrun for prediccion_modelo_produccion_dag to 2025-06-16 22:00:00+00:00, run_after=2025-06-17 22:00:00+00:00
[2025-06-18T00:34:27.282+0000] {processor.py:183} INFO - Processing /opt/airflow/dags/prediccion_modelo_produccion_dag.py took 0.129 seconds
[2025-06-18T00:34:57.465+0000] {processor.py:161} INFO - Started process (PID=502) to work on /opt/airflow/dags/prediccion_modelo_produccion_dag.py
[2025-06-18T00:34:57.471+0000] {processor.py:830} INFO - Processing file /opt/airflow/dags/prediccion_modelo_produccion_dag.py for tasks to queue
[2025-06-18T00:34:57.474+0000] {logging_mixin.py:188} INFO - [2025-06-18T00:34:57.473+0000] {dagbag.py:538} INFO - Filling up the DagBag from /opt/airflow/dags/prediccion_modelo_produccion_dag.py
[2025-06-18T00:34:57.493+0000] {processor.py:840} INFO - DAG(s) 'prediccion_modelo_produccion_dag' retrieved from /opt/airflow/dags/prediccion_modelo_produccion_dag.py
[2025-06-18T00:34:57.530+0000] {logging_mixin.py:188} INFO - [2025-06-18T00:34:57.529+0000] {dag.py:3036} INFO - Sync 1 DAGs
[2025-06-18T00:34:57.561+0000] {logging_mixin.py:188} INFO - [2025-06-18T00:34:57.561+0000] {dag.py:3823} INFO - Setting next_dagrun for prediccion_modelo_produccion_dag to 2025-06-16 22:00:00+00:00, run_after=2025-06-17 22:00:00+00:00
[2025-06-18T00:34:57.605+0000] {processor.py:183} INFO - Processing /opt/airflow/dags/prediccion_modelo_produccion_dag.py took 0.150 seconds
[2025-06-18T00:35:28.203+0000] {processor.py:161} INFO - Started process (PID=523) to work on /opt/airflow/dags/prediccion_modelo_produccion_dag.py
[2025-06-18T00:35:28.377+0000] {processor.py:830} INFO - Processing file /opt/airflow/dags/prediccion_modelo_produccion_dag.py for tasks to queue
[2025-06-18T00:35:28.387+0000] {logging_mixin.py:188} INFO - [2025-06-18T00:35:28.384+0000] {dagbag.py:538} INFO - Filling up the DagBag from /opt/airflow/dags/prediccion_modelo_produccion_dag.py
[2025-06-18T00:35:28.427+0000] {processor.py:840} INFO - DAG(s) 'prediccion_modelo_produccion_dag' retrieved from /opt/airflow/dags/prediccion_modelo_produccion_dag.py
[2025-06-18T00:35:28.469+0000] {logging_mixin.py:188} INFO - [2025-06-18T00:35:28.469+0000] {dag.py:3036} INFO - Sync 1 DAGs
[2025-06-18T00:35:28.499+0000] {logging_mixin.py:188} INFO - [2025-06-18T00:35:28.498+0000] {dag.py:3823} INFO - Setting next_dagrun for prediccion_modelo_produccion_dag to 2025-06-16 22:00:00+00:00, run_after=2025-06-17 22:00:00+00:00
[2025-06-18T00:35:28.525+0000] {processor.py:183} INFO - Processing /opt/airflow/dags/prediccion_modelo_produccion_dag.py took 0.330 seconds
[2025-06-18T00:35:59.404+0000] {processor.py:161} INFO - Started process (PID=559) to work on /opt/airflow/dags/prediccion_modelo_produccion_dag.py
[2025-06-18T00:35:59.411+0000] {processor.py:830} INFO - Processing file /opt/airflow/dags/prediccion_modelo_produccion_dag.py for tasks to queue
[2025-06-18T00:35:59.413+0000] {logging_mixin.py:188} INFO - [2025-06-18T00:35:59.412+0000] {dagbag.py:538} INFO - Filling up the DagBag from /opt/airflow/dags/prediccion_modelo_produccion_dag.py
[2025-06-18T00:35:59.440+0000] {processor.py:840} INFO - DAG(s) 'prediccion_modelo_produccion_dag' retrieved from /opt/airflow/dags/prediccion_modelo_produccion_dag.py
[2025-06-18T00:35:59.480+0000] {logging_mixin.py:188} INFO - [2025-06-18T00:35:59.480+0000] {dag.py:3036} INFO - Sync 1 DAGs
[2025-06-18T00:35:59.512+0000] {logging_mixin.py:188} INFO - [2025-06-18T00:35:59.512+0000] {dag.py:3823} INFO - Setting next_dagrun for prediccion_modelo_produccion_dag to 2025-06-16 22:00:00+00:00, run_after=2025-06-17 22:00:00+00:00
[2025-06-18T00:35:59.539+0000] {processor.py:183} INFO - Processing /opt/airflow/dags/prediccion_modelo_produccion_dag.py took 0.144 seconds
[2025-06-18T00:36:29.822+0000] {processor.py:161} INFO - Started process (PID=580) to work on /opt/airflow/dags/prediccion_modelo_produccion_dag.py
[2025-06-18T00:36:29.833+0000] {processor.py:830} INFO - Processing file /opt/airflow/dags/prediccion_modelo_produccion_dag.py for tasks to queue
[2025-06-18T00:36:29.836+0000] {logging_mixin.py:188} INFO - [2025-06-18T00:36:29.835+0000] {dagbag.py:538} INFO - Filling up the DagBag from /opt/airflow/dags/prediccion_modelo_produccion_dag.py
[2025-06-18T00:36:29.868+0000] {processor.py:840} INFO - DAG(s) 'prediccion_modelo_produccion_dag' retrieved from /opt/airflow/dags/prediccion_modelo_produccion_dag.py
[2025-06-18T00:36:29.913+0000] {logging_mixin.py:188} INFO - [2025-06-18T00:36:29.913+0000] {dag.py:3036} INFO - Sync 1 DAGs
[2025-06-18T00:36:29.956+0000] {logging_mixin.py:188} INFO - [2025-06-18T00:36:29.955+0000] {dag.py:3823} INFO - Setting next_dagrun for prediccion_modelo_produccion_dag to 2025-06-16 22:00:00+00:00, run_after=2025-06-17 22:00:00+00:00
[2025-06-18T00:36:30.010+0000] {processor.py:183} INFO - Processing /opt/airflow/dags/prediccion_modelo_produccion_dag.py took 0.192 seconds
[2025-06-18T00:37:00.232+0000] {processor.py:161} INFO - Started process (PID=616) to work on /opt/airflow/dags/prediccion_modelo_produccion_dag.py
[2025-06-18T00:37:00.237+0000] {processor.py:830} INFO - Processing file /opt/airflow/dags/prediccion_modelo_produccion_dag.py for tasks to queue
[2025-06-18T00:37:00.239+0000] {logging_mixin.py:188} INFO - [2025-06-18T00:37:00.238+0000] {dagbag.py:538} INFO - Filling up the DagBag from /opt/airflow/dags/prediccion_modelo_produccion_dag.py
[2025-06-18T00:37:00.256+0000] {processor.py:840} INFO - DAG(s) 'prediccion_modelo_produccion_dag' retrieved from /opt/airflow/dags/prediccion_modelo_produccion_dag.py
[2025-06-18T00:37:00.288+0000] {logging_mixin.py:188} INFO - [2025-06-18T00:37:00.288+0000] {dag.py:3036} INFO - Sync 1 DAGs
[2025-06-18T00:37:00.313+0000] {logging_mixin.py:188} INFO - [2025-06-18T00:37:00.313+0000] {dag.py:3823} INFO - Setting next_dagrun for prediccion_modelo_produccion_dag to 2025-06-16 22:00:00+00:00, run_after=2025-06-17 22:00:00+00:00
[2025-06-18T00:37:00.344+0000] {processor.py:183} INFO - Processing /opt/airflow/dags/prediccion_modelo_produccion_dag.py took 0.119 seconds
[2025-06-18T00:37:30.543+0000] {processor.py:161} INFO - Started process (PID=637) to work on /opt/airflow/dags/prediccion_modelo_produccion_dag.py
[2025-06-18T00:37:30.553+0000] {processor.py:830} INFO - Processing file /opt/airflow/dags/prediccion_modelo_produccion_dag.py for tasks to queue
[2025-06-18T00:37:30.556+0000] {logging_mixin.py:188} INFO - [2025-06-18T00:37:30.555+0000] {dagbag.py:538} INFO - Filling up the DagBag from /opt/airflow/dags/prediccion_modelo_produccion_dag.py
[2025-06-18T00:37:30.583+0000] {processor.py:840} INFO - DAG(s) 'prediccion_modelo_produccion_dag' retrieved from /opt/airflow/dags/prediccion_modelo_produccion_dag.py
[2025-06-18T00:37:30.624+0000] {logging_mixin.py:188} INFO - [2025-06-18T00:37:30.624+0000] {dag.py:3036} INFO - Sync 1 DAGs
[2025-06-18T00:37:30.658+0000] {logging_mixin.py:188} INFO - [2025-06-18T00:37:30.657+0000] {dag.py:3823} INFO - Setting next_dagrun for prediccion_modelo_produccion_dag to 2025-06-16 22:00:00+00:00, run_after=2025-06-17 22:00:00+00:00
[2025-06-18T00:37:30.715+0000] {processor.py:183} INFO - Processing /opt/airflow/dags/prediccion_modelo_produccion_dag.py took 0.182 seconds
[2025-06-18T00:38:00.966+0000] {processor.py:161} INFO - Started process (PID=673) to work on /opt/airflow/dags/prediccion_modelo_produccion_dag.py
[2025-06-18T00:38:00.969+0000] {processor.py:830} INFO - Processing file /opt/airflow/dags/prediccion_modelo_produccion_dag.py for tasks to queue
[2025-06-18T00:38:00.970+0000] {logging_mixin.py:188} INFO - [2025-06-18T00:38:00.970+0000] {dagbag.py:538} INFO - Filling up the DagBag from /opt/airflow/dags/prediccion_modelo_produccion_dag.py
[2025-06-18T00:38:00.987+0000] {processor.py:840} INFO - DAG(s) 'prediccion_modelo_produccion_dag' retrieved from /opt/airflow/dags/prediccion_modelo_produccion_dag.py
[2025-06-18T00:38:01.026+0000] {logging_mixin.py:188} INFO - [2025-06-18T00:38:01.026+0000] {dag.py:3036} INFO - Sync 1 DAGs
[2025-06-18T00:38:01.059+0000] {logging_mixin.py:188} INFO - [2025-06-18T00:38:01.059+0000] {dag.py:3823} INFO - Setting next_dagrun for prediccion_modelo_produccion_dag to 2025-06-16 22:00:00+00:00, run_after=2025-06-17 22:00:00+00:00
[2025-06-18T00:38:01.092+0000] {processor.py:183} INFO - Processing /opt/airflow/dags/prediccion_modelo_produccion_dag.py took 0.133 seconds
[2025-06-18T00:38:31.579+0000] {processor.py:161} INFO - Started process (PID=694) to work on /opt/airflow/dags/prediccion_modelo_produccion_dag.py
[2025-06-18T00:38:31.584+0000] {processor.py:830} INFO - Processing file /opt/airflow/dags/prediccion_modelo_produccion_dag.py for tasks to queue
[2025-06-18T00:38:31.586+0000] {logging_mixin.py:188} INFO - [2025-06-18T00:38:31.585+0000] {dagbag.py:538} INFO - Filling up the DagBag from /opt/airflow/dags/prediccion_modelo_produccion_dag.py
[2025-06-18T00:38:31.601+0000] {processor.py:840} INFO - DAG(s) 'prediccion_modelo_produccion_dag' retrieved from /opt/airflow/dags/prediccion_modelo_produccion_dag.py
[2025-06-18T00:38:31.640+0000] {logging_mixin.py:188} INFO - [2025-06-18T00:38:31.640+0000] {dag.py:3036} INFO - Sync 1 DAGs
[2025-06-18T00:38:31.673+0000] {logging_mixin.py:188} INFO - [2025-06-18T00:38:31.672+0000] {dag.py:3823} INFO - Setting next_dagrun for prediccion_modelo_produccion_dag to 2025-06-16 22:00:00+00:00, run_after=2025-06-17 22:00:00+00:00
[2025-06-18T00:38:31.710+0000] {processor.py:183} INFO - Processing /opt/airflow/dags/prediccion_modelo_produccion_dag.py took 0.142 seconds
[2025-06-18T00:39:02.476+0000] {processor.py:161} INFO - Started process (PID=730) to work on /opt/airflow/dags/prediccion_modelo_produccion_dag.py
[2025-06-18T00:39:02.478+0000] {processor.py:830} INFO - Processing file /opt/airflow/dags/prediccion_modelo_produccion_dag.py for tasks to queue
[2025-06-18T00:39:02.479+0000] {logging_mixin.py:188} INFO - [2025-06-18T00:39:02.479+0000] {dagbag.py:538} INFO - Filling up the DagBag from /opt/airflow/dags/prediccion_modelo_produccion_dag.py
[2025-06-18T00:39:02.495+0000] {processor.py:840} INFO - DAG(s) 'prediccion_modelo_produccion_dag' retrieved from /opt/airflow/dags/prediccion_modelo_produccion_dag.py
[2025-06-18T00:39:02.534+0000] {logging_mixin.py:188} INFO - [2025-06-18T00:39:02.534+0000] {dag.py:3036} INFO - Sync 1 DAGs
[2025-06-18T00:39:02.566+0000] {logging_mixin.py:188} INFO - [2025-06-18T00:39:02.566+0000] {dag.py:3823} INFO - Setting next_dagrun for prediccion_modelo_produccion_dag to 2025-06-16 22:00:00+00:00, run_after=2025-06-17 22:00:00+00:00
[2025-06-18T00:39:02.622+0000] {processor.py:183} INFO - Processing /opt/airflow/dags/prediccion_modelo_produccion_dag.py took 0.154 seconds
[2025-06-18T00:39:33.297+0000] {processor.py:161} INFO - Started process (PID=766) to work on /opt/airflow/dags/prediccion_modelo_produccion_dag.py
[2025-06-18T00:39:33.303+0000] {processor.py:830} INFO - Processing file /opt/airflow/dags/prediccion_modelo_produccion_dag.py for tasks to queue
[2025-06-18T00:39:33.306+0000] {logging_mixin.py:188} INFO - [2025-06-18T00:39:33.305+0000] {dagbag.py:538} INFO - Filling up the DagBag from /opt/airflow/dags/prediccion_modelo_produccion_dag.py
[2025-06-18T00:39:33.329+0000] {processor.py:840} INFO - DAG(s) 'prediccion_modelo_produccion_dag' retrieved from /opt/airflow/dags/prediccion_modelo_produccion_dag.py
[2025-06-18T00:39:33.367+0000] {logging_mixin.py:188} INFO - [2025-06-18T00:39:33.366+0000] {dag.py:3036} INFO - Sync 1 DAGs
[2025-06-18T00:39:33.397+0000] {logging_mixin.py:188} INFO - [2025-06-18T00:39:33.397+0000] {dag.py:3823} INFO - Setting next_dagrun for prediccion_modelo_produccion_dag to 2025-06-16 22:00:00+00:00, run_after=2025-06-17 22:00:00+00:00
[2025-06-18T00:39:33.440+0000] {processor.py:183} INFO - Processing /opt/airflow/dags/prediccion_modelo_produccion_dag.py took 0.170 seconds
[2025-06-18T00:40:04.179+0000] {processor.py:161} INFO - Started process (PID=787) to work on /opt/airflow/dags/prediccion_modelo_produccion_dag.py
[2025-06-18T00:40:04.189+0000] {processor.py:830} INFO - Processing file /opt/airflow/dags/prediccion_modelo_produccion_dag.py for tasks to queue
[2025-06-18T00:40:04.190+0000] {logging_mixin.py:188} INFO - [2025-06-18T00:40:04.190+0000] {dagbag.py:538} INFO - Filling up the DagBag from /opt/airflow/dags/prediccion_modelo_produccion_dag.py
[2025-06-18T00:40:04.205+0000] {processor.py:840} INFO - DAG(s) 'prediccion_modelo_produccion_dag' retrieved from /opt/airflow/dags/prediccion_modelo_produccion_dag.py
[2025-06-18T00:40:04.244+0000] {logging_mixin.py:188} INFO - [2025-06-18T00:40:04.244+0000] {dag.py:3036} INFO - Sync 1 DAGs
[2025-06-18T00:40:04.278+0000] {logging_mixin.py:188} INFO - [2025-06-18T00:40:04.278+0000] {dag.py:3823} INFO - Setting next_dagrun for prediccion_modelo_produccion_dag to 2025-06-16 22:00:00+00:00, run_after=2025-06-17 22:00:00+00:00
[2025-06-18T00:40:04.344+0000] {processor.py:183} INFO - Processing /opt/airflow/dags/prediccion_modelo_produccion_dag.py took 0.173 seconds
[2025-06-18T00:40:34.907+0000] {processor.py:161} INFO - Started process (PID=823) to work on /opt/airflow/dags/prediccion_modelo_produccion_dag.py
[2025-06-18T00:40:34.910+0000] {processor.py:830} INFO - Processing file /opt/airflow/dags/prediccion_modelo_produccion_dag.py for tasks to queue
[2025-06-18T00:40:34.911+0000] {logging_mixin.py:188} INFO - [2025-06-18T00:40:34.910+0000] {dagbag.py:538} INFO - Filling up the DagBag from /opt/airflow/dags/prediccion_modelo_produccion_dag.py
[2025-06-18T00:40:34.927+0000] {processor.py:840} INFO - DAG(s) 'prediccion_modelo_produccion_dag' retrieved from /opt/airflow/dags/prediccion_modelo_produccion_dag.py
[2025-06-18T00:40:34.966+0000] {logging_mixin.py:188} INFO - [2025-06-18T00:40:34.965+0000] {dag.py:3036} INFO - Sync 1 DAGs
[2025-06-18T00:40:34.996+0000] {logging_mixin.py:188} INFO - [2025-06-18T00:40:34.996+0000] {dag.py:3823} INFO - Setting next_dagrun for prediccion_modelo_produccion_dag to 2025-06-16 22:00:00+00:00, run_after=2025-06-17 22:00:00+00:00
[2025-06-18T00:40:35.033+0000] {processor.py:183} INFO - Processing /opt/airflow/dags/prediccion_modelo_produccion_dag.py took 0.135 seconds
[2025-06-18T00:41:05.808+0000] {processor.py:161} INFO - Started process (PID=844) to work on /opt/airflow/dags/prediccion_modelo_produccion_dag.py
[2025-06-18T00:41:05.811+0000] {processor.py:830} INFO - Processing file /opt/airflow/dags/prediccion_modelo_produccion_dag.py for tasks to queue
[2025-06-18T00:41:05.813+0000] {logging_mixin.py:188} INFO - [2025-06-18T00:41:05.812+0000] {dagbag.py:538} INFO - Filling up the DagBag from /opt/airflow/dags/prediccion_modelo_produccion_dag.py
[2025-06-18T00:41:05.828+0000] {processor.py:840} INFO - DAG(s) 'prediccion_modelo_produccion_dag' retrieved from /opt/airflow/dags/prediccion_modelo_produccion_dag.py
[2025-06-18T00:41:05.865+0000] {logging_mixin.py:188} INFO - [2025-06-18T00:41:05.865+0000] {dag.py:3036} INFO - Sync 1 DAGs
[2025-06-18T00:41:05.897+0000] {logging_mixin.py:188} INFO - [2025-06-18T00:41:05.897+0000] {dag.py:3823} INFO - Setting next_dagrun for prediccion_modelo_produccion_dag to 2025-06-16 22:00:00+00:00, run_after=2025-06-17 22:00:00+00:00
[2025-06-18T00:41:05.924+0000] {processor.py:183} INFO - Processing /opt/airflow/dags/prediccion_modelo_produccion_dag.py took 0.121 seconds
[2025-06-18T00:41:36.632+0000] {processor.py:161} INFO - Started process (PID=880) to work on /opt/airflow/dags/prediccion_modelo_produccion_dag.py
[2025-06-18T00:41:36.633+0000] {processor.py:830} INFO - Processing file /opt/airflow/dags/prediccion_modelo_produccion_dag.py for tasks to queue
[2025-06-18T00:41:36.636+0000] {logging_mixin.py:188} INFO - [2025-06-18T00:41:36.635+0000] {dagbag.py:538} INFO - Filling up the DagBag from /opt/airflow/dags/prediccion_modelo_produccion_dag.py
[2025-06-18T00:41:36.652+0000] {processor.py:840} INFO - DAG(s) 'prediccion_modelo_produccion_dag' retrieved from /opt/airflow/dags/prediccion_modelo_produccion_dag.py
[2025-06-18T00:41:36.693+0000] {logging_mixin.py:188} INFO - [2025-06-18T00:41:36.692+0000] {dag.py:3036} INFO - Sync 1 DAGs
[2025-06-18T00:41:36.729+0000] {logging_mixin.py:188} INFO - [2025-06-18T00:41:36.729+0000] {dag.py:3823} INFO - Setting next_dagrun for prediccion_modelo_produccion_dag to 2025-06-16 22:00:00+00:00, run_after=2025-06-17 22:00:00+00:00
[2025-06-18T00:41:36.756+0000] {processor.py:183} INFO - Processing /opt/airflow/dags/prediccion_modelo_produccion_dag.py took 0.133 seconds
[2025-06-18T00:42:07.160+0000] {processor.py:161} INFO - Started process (PID=901) to work on /opt/airflow/dags/prediccion_modelo_produccion_dag.py
[2025-06-18T00:42:07.167+0000] {processor.py:830} INFO - Processing file /opt/airflow/dags/prediccion_modelo_produccion_dag.py for tasks to queue
[2025-06-18T00:42:07.169+0000] {logging_mixin.py:188} INFO - [2025-06-18T00:42:07.169+0000] {dagbag.py:538} INFO - Filling up the DagBag from /opt/airflow/dags/prediccion_modelo_produccion_dag.py
[2025-06-18T00:42:07.189+0000] {processor.py:840} INFO - DAG(s) 'prediccion_modelo_produccion_dag' retrieved from /opt/airflow/dags/prediccion_modelo_produccion_dag.py
[2025-06-18T00:42:07.228+0000] {logging_mixin.py:188} INFO - [2025-06-18T00:42:07.228+0000] {dag.py:3036} INFO - Sync 1 DAGs
[2025-06-18T00:42:07.260+0000] {logging_mixin.py:188} INFO - [2025-06-18T00:42:07.260+0000] {dag.py:3823} INFO - Setting next_dagrun for prediccion_modelo_produccion_dag to 2025-06-16 22:00:00+00:00, run_after=2025-06-17 22:00:00+00:00
[2025-06-18T00:42:07.291+0000] {processor.py:183} INFO - Processing /opt/airflow/dags/prediccion_modelo_produccion_dag.py took 0.139 seconds
[2025-06-18T00:42:37.887+0000] {processor.py:161} INFO - Started process (PID=937) to work on /opt/airflow/dags/prediccion_modelo_produccion_dag.py
[2025-06-18T00:42:37.889+0000] {processor.py:830} INFO - Processing file /opt/airflow/dags/prediccion_modelo_produccion_dag.py for tasks to queue
[2025-06-18T00:42:37.890+0000] {logging_mixin.py:188} INFO - [2025-06-18T00:42:37.890+0000] {dagbag.py:538} INFO - Filling up the DagBag from /opt/airflow/dags/prediccion_modelo_produccion_dag.py
[2025-06-18T00:42:37.907+0000] {processor.py:840} INFO - DAG(s) 'prediccion_modelo_produccion_dag' retrieved from /opt/airflow/dags/prediccion_modelo_produccion_dag.py
[2025-06-18T00:42:37.945+0000] {logging_mixin.py:188} INFO - [2025-06-18T00:42:37.944+0000] {dag.py:3036} INFO - Sync 1 DAGs
[2025-06-18T00:42:37.976+0000] {logging_mixin.py:188} INFO - [2025-06-18T00:42:37.976+0000] {dag.py:3823} INFO - Setting next_dagrun for prediccion_modelo_produccion_dag to 2025-06-16 22:00:00+00:00, run_after=2025-06-17 22:00:00+00:00
[2025-06-18T00:42:38.046+0000] {processor.py:183} INFO - Processing /opt/airflow/dags/prediccion_modelo_produccion_dag.py took 0.165 seconds
[2025-06-18T00:43:08.423+0000] {processor.py:161} INFO - Started process (PID=958) to work on /opt/airflow/dags/prediccion_modelo_produccion_dag.py
[2025-06-18T00:43:08.443+0000] {processor.py:830} INFO - Processing file /opt/airflow/dags/prediccion_modelo_produccion_dag.py for tasks to queue
[2025-06-18T00:43:08.446+0000] {logging_mixin.py:188} INFO - [2025-06-18T00:43:08.445+0000] {dagbag.py:538} INFO - Filling up the DagBag from /opt/airflow/dags/prediccion_modelo_produccion_dag.py
[2025-06-18T00:43:08.469+0000] {processor.py:840} INFO - DAG(s) 'prediccion_modelo_produccion_dag' retrieved from /opt/airflow/dags/prediccion_modelo_produccion_dag.py
[2025-06-18T00:43:08.529+0000] {logging_mixin.py:188} INFO - [2025-06-18T00:43:08.529+0000] {dag.py:3036} INFO - Sync 1 DAGs
[2025-06-18T00:43:08.583+0000] {logging_mixin.py:188} INFO - [2025-06-18T00:43:08.583+0000] {dag.py:3823} INFO - Setting next_dagrun for prediccion_modelo_produccion_dag to 2025-06-16 22:00:00+00:00, run_after=2025-06-17 22:00:00+00:00
[2025-06-18T00:43:08.622+0000] {processor.py:183} INFO - Processing /opt/airflow/dags/prediccion_modelo_produccion_dag.py took 0.207 seconds
[2025-06-18T00:43:38.893+0000] {processor.py:161} INFO - Started process (PID=994) to work on /opt/airflow/dags/prediccion_modelo_produccion_dag.py
[2025-06-18T00:43:38.895+0000] {processor.py:830} INFO - Processing file /opt/airflow/dags/prediccion_modelo_produccion_dag.py for tasks to queue
[2025-06-18T00:43:38.896+0000] {logging_mixin.py:188} INFO - [2025-06-18T00:43:38.896+0000] {dagbag.py:538} INFO - Filling up the DagBag from /opt/airflow/dags/prediccion_modelo_produccion_dag.py
[2025-06-18T00:43:38.915+0000] {processor.py:840} INFO - DAG(s) 'prediccion_modelo_produccion_dag' retrieved from /opt/airflow/dags/prediccion_modelo_produccion_dag.py
[2025-06-18T00:43:38.965+0000] {logging_mixin.py:188} INFO - [2025-06-18T00:43:38.965+0000] {dag.py:3036} INFO - Sync 1 DAGs
[2025-06-18T00:43:38.996+0000] {logging_mixin.py:188} INFO - [2025-06-18T00:43:38.996+0000] {dag.py:3823} INFO - Setting next_dagrun for prediccion_modelo_produccion_dag to 2025-06-16 22:00:00+00:00, run_after=2025-06-17 22:00:00+00:00
[2025-06-18T00:43:39.021+0000] {processor.py:183} INFO - Processing /opt/airflow/dags/prediccion_modelo_produccion_dag.py took 0.136 seconds
[2025-06-18T00:44:09.654+0000] {processor.py:161} INFO - Started process (PID=1015) to work on /opt/airflow/dags/prediccion_modelo_produccion_dag.py
[2025-06-18T00:44:09.661+0000] {processor.py:830} INFO - Processing file /opt/airflow/dags/prediccion_modelo_produccion_dag.py for tasks to queue
[2025-06-18T00:44:09.662+0000] {logging_mixin.py:188} INFO - [2025-06-18T00:44:09.662+0000] {dagbag.py:538} INFO - Filling up the DagBag from /opt/airflow/dags/prediccion_modelo_produccion_dag.py
[2025-06-18T00:44:09.679+0000] {processor.py:840} INFO - DAG(s) 'prediccion_modelo_produccion_dag' retrieved from /opt/airflow/dags/prediccion_modelo_produccion_dag.py
[2025-06-18T00:44:09.716+0000] {logging_mixin.py:188} INFO - [2025-06-18T00:44:09.715+0000] {dag.py:3036} INFO - Sync 1 DAGs
[2025-06-18T00:44:09.748+0000] {logging_mixin.py:188} INFO - [2025-06-18T00:44:09.748+0000] {dag.py:3823} INFO - Setting next_dagrun for prediccion_modelo_produccion_dag to 2025-06-16 22:00:00+00:00, run_after=2025-06-17 22:00:00+00:00
[2025-06-18T00:44:09.780+0000] {processor.py:183} INFO - Processing /opt/airflow/dags/prediccion_modelo_produccion_dag.py took 0.132 seconds
[2025-06-18T00:44:39.956+0000] {processor.py:161} INFO - Started process (PID=1051) to work on /opt/airflow/dags/prediccion_modelo_produccion_dag.py
[2025-06-18T00:44:40.155+0000] {processor.py:830} INFO - Processing file /opt/airflow/dags/prediccion_modelo_produccion_dag.py for tasks to queue
[2025-06-18T00:44:40.159+0000] {logging_mixin.py:188} INFO - [2025-06-18T00:44:40.158+0000] {dagbag.py:538} INFO - Filling up the DagBag from /opt/airflow/dags/prediccion_modelo_produccion_dag.py
[2025-06-18T00:44:40.197+0000] {processor.py:840} INFO - DAG(s) 'prediccion_modelo_produccion_dag' retrieved from /opt/airflow/dags/prediccion_modelo_produccion_dag.py
[2025-06-18T00:44:40.237+0000] {logging_mixin.py:188} INFO - [2025-06-18T00:44:40.237+0000] {dag.py:3036} INFO - Sync 1 DAGs
[2025-06-18T00:44:40.267+0000] {logging_mixin.py:188} INFO - [2025-06-18T00:44:40.266+0000] {dag.py:3823} INFO - Setting next_dagrun for prediccion_modelo_produccion_dag to 2025-06-16 22:00:00+00:00, run_after=2025-06-17 22:00:00+00:00
[2025-06-18T00:44:40.333+0000] {processor.py:183} INFO - Processing /opt/airflow/dags/prediccion_modelo_produccion_dag.py took 0.389 seconds
[2025-06-18T00:45:10.829+0000] {processor.py:161} INFO - Started process (PID=1072) to work on /opt/airflow/dags/prediccion_modelo_produccion_dag.py
[2025-06-18T00:45:10.830+0000] {processor.py:830} INFO - Processing file /opt/airflow/dags/prediccion_modelo_produccion_dag.py for tasks to queue
[2025-06-18T00:45:10.832+0000] {logging_mixin.py:188} INFO - [2025-06-18T00:45:10.831+0000] {dagbag.py:538} INFO - Filling up the DagBag from /opt/airflow/dags/prediccion_modelo_produccion_dag.py
[2025-06-18T00:45:10.847+0000] {processor.py:840} INFO - DAG(s) 'prediccion_modelo_produccion_dag' retrieved from /opt/airflow/dags/prediccion_modelo_produccion_dag.py
[2025-06-18T00:45:10.884+0000] {logging_mixin.py:188} INFO - [2025-06-18T00:45:10.883+0000] {dag.py:3036} INFO - Sync 1 DAGs
[2025-06-18T00:45:10.911+0000] {logging_mixin.py:188} INFO - [2025-06-18T00:45:10.911+0000] {dag.py:3823} INFO - Setting next_dagrun for prediccion_modelo_produccion_dag to 2025-06-16 22:00:00+00:00, run_after=2025-06-17 22:00:00+00:00
[2025-06-18T00:45:10.943+0000] {processor.py:183} INFO - Processing /opt/airflow/dags/prediccion_modelo_produccion_dag.py took 0.123 seconds
[2025-06-18T00:45:41.493+0000] {processor.py:161} INFO - Started process (PID=1108) to work on /opt/airflow/dags/prediccion_modelo_produccion_dag.py
[2025-06-18T00:45:41.591+0000] {processor.py:830} INFO - Processing file /opt/airflow/dags/prediccion_modelo_produccion_dag.py for tasks to queue
[2025-06-18T00:45:41.595+0000] {logging_mixin.py:188} INFO - [2025-06-18T00:45:41.594+0000] {dagbag.py:538} INFO - Filling up the DagBag from /opt/airflow/dags/prediccion_modelo_produccion_dag.py
[2025-06-18T00:45:41.631+0000] {processor.py:840} INFO - DAG(s) 'prediccion_modelo_produccion_dag' retrieved from /opt/airflow/dags/prediccion_modelo_produccion_dag.py
[2025-06-18T00:45:41.678+0000] {logging_mixin.py:188} INFO - [2025-06-18T00:45:41.678+0000] {dag.py:3036} INFO - Sync 1 DAGs
[2025-06-18T00:45:41.707+0000] {logging_mixin.py:188} INFO - [2025-06-18T00:45:41.706+0000] {dag.py:3823} INFO - Setting next_dagrun for prediccion_modelo_produccion_dag to 2025-06-16 22:00:00+00:00, run_after=2025-06-17 22:00:00+00:00
[2025-06-18T00:45:41.943+0000] {processor.py:183} INFO - Processing /opt/airflow/dags/prediccion_modelo_produccion_dag.py took 0.458 seconds
[2025-06-18T00:46:12.314+0000] {processor.py:161} INFO - Started process (PID=1144) to work on /opt/airflow/dags/prediccion_modelo_produccion_dag.py
[2025-06-18T00:46:12.319+0000] {processor.py:830} INFO - Processing file /opt/airflow/dags/prediccion_modelo_produccion_dag.py for tasks to queue
[2025-06-18T00:46:12.320+0000] {logging_mixin.py:188} INFO - [2025-06-18T00:46:12.320+0000] {dagbag.py:538} INFO - Filling up the DagBag from /opt/airflow/dags/prediccion_modelo_produccion_dag.py
[2025-06-18T00:46:12.336+0000] {processor.py:840} INFO - DAG(s) 'prediccion_modelo_produccion_dag' retrieved from /opt/airflow/dags/prediccion_modelo_produccion_dag.py
[2025-06-18T00:46:12.391+0000] {logging_mixin.py:188} INFO - [2025-06-18T00:46:12.390+0000] {dag.py:3036} INFO - Sync 1 DAGs
[2025-06-18T00:46:12.441+0000] {logging_mixin.py:188} INFO - [2025-06-18T00:46:12.441+0000] {dag.py:3823} INFO - Setting next_dagrun for prediccion_modelo_produccion_dag to 2025-06-16 22:00:00+00:00, run_after=2025-06-17 22:00:00+00:00
[2025-06-18T00:46:12.937+0000] {processor.py:183} INFO - Processing /opt/airflow/dags/prediccion_modelo_produccion_dag.py took 0.629 seconds
[2025-06-18T00:46:43.529+0000] {processor.py:161} INFO - Started process (PID=1165) to work on /opt/airflow/dags/prediccion_modelo_produccion_dag.py
[2025-06-18T00:46:43.531+0000] {processor.py:830} INFO - Processing file /opt/airflow/dags/prediccion_modelo_produccion_dag.py for tasks to queue
[2025-06-18T00:46:43.532+0000] {logging_mixin.py:188} INFO - [2025-06-18T00:46:43.532+0000] {dagbag.py:538} INFO - Filling up the DagBag from /opt/airflow/dags/prediccion_modelo_produccion_dag.py
[2025-06-18T00:46:43.550+0000] {processor.py:840} INFO - DAG(s) 'prediccion_modelo_produccion_dag' retrieved from /opt/airflow/dags/prediccion_modelo_produccion_dag.py
[2025-06-18T00:46:43.589+0000] {logging_mixin.py:188} INFO - [2025-06-18T00:46:43.589+0000] {dag.py:3036} INFO - Sync 1 DAGs
[2025-06-18T00:46:43.620+0000] {logging_mixin.py:188} INFO - [2025-06-18T00:46:43.620+0000] {dag.py:3823} INFO - Setting next_dagrun for prediccion_modelo_produccion_dag to 2025-06-16 22:00:00+00:00, run_after=2025-06-17 22:00:00+00:00
[2025-06-18T00:46:43.652+0000] {processor.py:183} INFO - Processing /opt/airflow/dags/prediccion_modelo_produccion_dag.py took 0.130 seconds
[2025-06-18T00:47:14.463+0000] {processor.py:161} INFO - Started process (PID=1201) to work on /opt/airflow/dags/prediccion_modelo_produccion_dag.py
[2025-06-18T00:47:14.466+0000] {processor.py:830} INFO - Processing file /opt/airflow/dags/prediccion_modelo_produccion_dag.py for tasks to queue
[2025-06-18T00:47:14.469+0000] {logging_mixin.py:188} INFO - [2025-06-18T00:47:14.468+0000] {dagbag.py:538} INFO - Filling up the DagBag from /opt/airflow/dags/prediccion_modelo_produccion_dag.py
[2025-06-18T00:47:14.491+0000] {processor.py:840} INFO - DAG(s) 'prediccion_modelo_produccion_dag' retrieved from /opt/airflow/dags/prediccion_modelo_produccion_dag.py
[2025-06-18T00:47:14.528+0000] {logging_mixin.py:188} INFO - [2025-06-18T00:47:14.528+0000] {dag.py:3036} INFO - Sync 1 DAGs
[2025-06-18T00:47:14.562+0000] {logging_mixin.py:188} INFO - [2025-06-18T00:47:14.561+0000] {dag.py:3823} INFO - Setting next_dagrun for prediccion_modelo_produccion_dag to 2025-06-16 22:00:00+00:00, run_after=2025-06-17 22:00:00+00:00
[2025-06-18T00:47:14.596+0000] {processor.py:183} INFO - Processing /opt/airflow/dags/prediccion_modelo_produccion_dag.py took 0.141 seconds
[2025-06-18T00:47:45.128+0000] {processor.py:161} INFO - Started process (PID=1222) to work on /opt/airflow/dags/prediccion_modelo_produccion_dag.py
[2025-06-18T00:47:45.130+0000] {processor.py:830} INFO - Processing file /opt/airflow/dags/prediccion_modelo_produccion_dag.py for tasks to queue
[2025-06-18T00:47:45.131+0000] {logging_mixin.py:188} INFO - [2025-06-18T00:47:45.130+0000] {dagbag.py:538} INFO - Filling up the DagBag from /opt/airflow/dags/prediccion_modelo_produccion_dag.py
[2025-06-18T00:47:45.149+0000] {processor.py:840} INFO - DAG(s) 'prediccion_modelo_produccion_dag' retrieved from /opt/airflow/dags/prediccion_modelo_produccion_dag.py
[2025-06-18T00:47:45.192+0000] {logging_mixin.py:188} INFO - [2025-06-18T00:47:45.192+0000] {dag.py:3036} INFO - Sync 1 DAGs
[2025-06-18T00:47:45.232+0000] {logging_mixin.py:188} INFO - [2025-06-18T00:47:45.231+0000] {dag.py:3823} INFO - Setting next_dagrun for prediccion_modelo_produccion_dag to 2025-06-16 22:00:00+00:00, run_after=2025-06-17 22:00:00+00:00
[2025-06-18T00:47:45.315+0000] {processor.py:183} INFO - Processing /opt/airflow/dags/prediccion_modelo_produccion_dag.py took 0.195 seconds
[2025-06-18T00:48:15.734+0000] {processor.py:161} INFO - Started process (PID=1259) to work on /opt/airflow/dags/prediccion_modelo_produccion_dag.py
[2025-06-18T00:48:15.737+0000] {processor.py:830} INFO - Processing file /opt/airflow/dags/prediccion_modelo_produccion_dag.py for tasks to queue
[2025-06-18T00:48:15.738+0000] {logging_mixin.py:188} INFO - [2025-06-18T00:48:15.738+0000] {dagbag.py:538} INFO - Filling up the DagBag from /opt/airflow/dags/prediccion_modelo_produccion_dag.py
[2025-06-18T00:48:15.754+0000] {processor.py:840} INFO - DAG(s) 'prediccion_modelo_produccion_dag' retrieved from /opt/airflow/dags/prediccion_modelo_produccion_dag.py
[2025-06-18T00:48:15.795+0000] {logging_mixin.py:188} INFO - [2025-06-18T00:48:15.795+0000] {dag.py:3036} INFO - Sync 1 DAGs
[2025-06-18T00:48:15.827+0000] {logging_mixin.py:188} INFO - [2025-06-18T00:48:15.827+0000] {dag.py:3823} INFO - Setting next_dagrun for prediccion_modelo_produccion_dag to 2025-06-16 22:00:00+00:00, run_after=2025-06-17 22:00:00+00:00
[2025-06-18T00:48:15.962+0000] {processor.py:183} INFO - Processing /opt/airflow/dags/prediccion_modelo_produccion_dag.py took 0.233 seconds
[2025-06-18T00:48:46.698+0000] {processor.py:161} INFO - Started process (PID=1280) to work on /opt/airflow/dags/prediccion_modelo_produccion_dag.py
[2025-06-18T00:48:46.705+0000] {processor.py:830} INFO - Processing file /opt/airflow/dags/prediccion_modelo_produccion_dag.py for tasks to queue
[2025-06-18T00:48:46.707+0000] {logging_mixin.py:188} INFO - [2025-06-18T00:48:46.706+0000] {dagbag.py:538} INFO - Filling up the DagBag from /opt/airflow/dags/prediccion_modelo_produccion_dag.py
[2025-06-18T00:48:46.724+0000] {processor.py:840} INFO - DAG(s) 'prediccion_modelo_produccion_dag' retrieved from /opt/airflow/dags/prediccion_modelo_produccion_dag.py
[2025-06-18T00:48:46.763+0000] {logging_mixin.py:188} INFO - [2025-06-18T00:48:46.763+0000] {dag.py:3036} INFO - Sync 1 DAGs
[2025-06-18T00:48:46.794+0000] {logging_mixin.py:188} INFO - [2025-06-18T00:48:46.794+0000] {dag.py:3823} INFO - Setting next_dagrun for prediccion_modelo_produccion_dag to 2025-06-16 22:00:00+00:00, run_after=2025-06-17 22:00:00+00:00
[2025-06-18T00:48:46.821+0000] {processor.py:183} INFO - Processing /opt/airflow/dags/prediccion_modelo_produccion_dag.py took 0.129 seconds
[2025-06-18T00:49:17.283+0000] {processor.py:161} INFO - Started process (PID=1316) to work on /opt/airflow/dags/prediccion_modelo_produccion_dag.py
[2025-06-18T00:49:17.284+0000] {processor.py:830} INFO - Processing file /opt/airflow/dags/prediccion_modelo_produccion_dag.py for tasks to queue
[2025-06-18T00:49:17.286+0000] {logging_mixin.py:188} INFO - [2025-06-18T00:49:17.285+0000] {dagbag.py:538} INFO - Filling up the DagBag from /opt/airflow/dags/prediccion_modelo_produccion_dag.py
[2025-06-18T00:49:17.302+0000] {processor.py:840} INFO - DAG(s) 'prediccion_modelo_produccion_dag' retrieved from /opt/airflow/dags/prediccion_modelo_produccion_dag.py
[2025-06-18T00:49:17.342+0000] {logging_mixin.py:188} INFO - [2025-06-18T00:49:17.341+0000] {dag.py:3036} INFO - Sync 1 DAGs
[2025-06-18T00:49:17.372+0000] {logging_mixin.py:188} INFO - [2025-06-18T00:49:17.372+0000] {dag.py:3823} INFO - Setting next_dagrun for prediccion_modelo_produccion_dag to 2025-06-16 22:00:00+00:00, run_after=2025-06-17 22:00:00+00:00
[2025-06-18T00:49:17.406+0000] {processor.py:183} INFO - Processing /opt/airflow/dags/prediccion_modelo_produccion_dag.py took 0.129 seconds
[2025-06-18T00:49:48.143+0000] {processor.py:161} INFO - Started process (PID=1337) to work on /opt/airflow/dags/prediccion_modelo_produccion_dag.py
[2025-06-18T00:49:48.406+0000] {processor.py:830} INFO - Processing file /opt/airflow/dags/prediccion_modelo_produccion_dag.py for tasks to queue
[2025-06-18T00:49:48.412+0000] {logging_mixin.py:188} INFO - [2025-06-18T00:49:48.410+0000] {dagbag.py:538} INFO - Filling up the DagBag from /opt/airflow/dags/prediccion_modelo_produccion_dag.py
[2025-06-18T00:49:48.485+0000] {processor.py:840} INFO - DAG(s) 'prediccion_modelo_produccion_dag' retrieved from /opt/airflow/dags/prediccion_modelo_produccion_dag.py
[2025-06-18T00:49:48.552+0000] {logging_mixin.py:188} INFO - [2025-06-18T00:49:48.551+0000] {dag.py:3036} INFO - Sync 1 DAGs
[2025-06-18T00:49:48.629+0000] {logging_mixin.py:188} INFO - [2025-06-18T00:49:48.628+0000] {dag.py:3823} INFO - Setting next_dagrun for prediccion_modelo_produccion_dag to 2025-06-16 22:00:00+00:00, run_after=2025-06-17 22:00:00+00:00
[2025-06-18T00:49:48.666+0000] {processor.py:183} INFO - Processing /opt/airflow/dags/prediccion_modelo_produccion_dag.py took 0.531 seconds
[2025-06-18T00:51:01.169+0000] {processor.py:161} INFO - Started process (PID=184) to work on /opt/airflow/dags/prediccion_modelo_produccion_dag.py
[2025-06-18T00:51:01.174+0000] {processor.py:830} INFO - Processing file /opt/airflow/dags/prediccion_modelo_produccion_dag.py for tasks to queue
[2025-06-18T00:51:01.177+0000] {logging_mixin.py:188} INFO - [2025-06-18T00:51:01.176+0000] {dagbag.py:538} INFO - Filling up the DagBag from /opt/airflow/dags/prediccion_modelo_produccion_dag.py
[2025-06-18T00:51:01.213+0000] {processor.py:840} INFO - DAG(s) 'prediccion_modelo_produccion_dag' retrieved from /opt/airflow/dags/prediccion_modelo_produccion_dag.py
[2025-06-18T00:51:01.727+0000] {logging_mixin.py:188} INFO - [2025-06-18T00:51:01.726+0000] {dag.py:3036} INFO - Sync 1 DAGs
[2025-06-18T00:51:01.782+0000] {logging_mixin.py:188} INFO - [2025-06-18T00:51:01.781+0000] {dag.py:3823} INFO - Setting next_dagrun for prediccion_modelo_produccion_dag to 2025-06-16 22:00:00+00:00, run_after=2025-06-17 22:00:00+00:00
[2025-06-18T00:51:01.837+0000] {processor.py:183} INFO - Processing /opt/airflow/dags/prediccion_modelo_produccion_dag.py took 0.677 seconds
[2025-06-18T00:51:32.767+0000] {processor.py:161} INFO - Started process (PID=202) to work on /opt/airflow/dags/prediccion_modelo_produccion_dag.py
[2025-06-18T00:51:32.770+0000] {processor.py:830} INFO - Processing file /opt/airflow/dags/prediccion_modelo_produccion_dag.py for tasks to queue
[2025-06-18T00:51:32.771+0000] {logging_mixin.py:188} INFO - [2025-06-18T00:51:32.771+0000] {dagbag.py:538} INFO - Filling up the DagBag from /opt/airflow/dags/prediccion_modelo_produccion_dag.py
[2025-06-18T00:51:32.789+0000] {processor.py:840} INFO - DAG(s) 'prediccion_modelo_produccion_dag' retrieved from /opt/airflow/dags/prediccion_modelo_produccion_dag.py
[2025-06-18T00:51:32.835+0000] {logging_mixin.py:188} INFO - [2025-06-18T00:51:32.834+0000] {dag.py:3036} INFO - Sync 1 DAGs
[2025-06-18T00:51:32.875+0000] {logging_mixin.py:188} INFO - [2025-06-18T00:51:32.874+0000] {dag.py:3823} INFO - Setting next_dagrun for prediccion_modelo_produccion_dag to 2025-06-16 22:00:00+00:00, run_after=2025-06-17 22:00:00+00:00
[2025-06-18T00:51:32.896+0000] {processor.py:183} INFO - Processing /opt/airflow/dags/prediccion_modelo_produccion_dag.py took 0.138 seconds
[2025-06-18T00:52:03.308+0000] {processor.py:161} INFO - Started process (PID=238) to work on /opt/airflow/dags/prediccion_modelo_produccion_dag.py
[2025-06-18T00:52:03.309+0000] {processor.py:830} INFO - Processing file /opt/airflow/dags/prediccion_modelo_produccion_dag.py for tasks to queue
[2025-06-18T00:52:03.311+0000] {logging_mixin.py:188} INFO - [2025-06-18T00:52:03.310+0000] {dagbag.py:538} INFO - Filling up the DagBag from /opt/airflow/dags/prediccion_modelo_produccion_dag.py
[2025-06-18T00:52:03.322+0000] {processor.py:840} INFO - DAG(s) 'prediccion_modelo_produccion_dag' retrieved from /opt/airflow/dags/prediccion_modelo_produccion_dag.py
[2025-06-18T00:52:03.351+0000] {logging_mixin.py:188} INFO - [2025-06-18T00:52:03.351+0000] {dag.py:3036} INFO - Sync 1 DAGs
[2025-06-18T00:52:03.376+0000] {logging_mixin.py:188} INFO - [2025-06-18T00:52:03.376+0000] {dag.py:3823} INFO - Setting next_dagrun for prediccion_modelo_produccion_dag to 2025-06-16 22:00:00+00:00, run_after=2025-06-17 22:00:00+00:00
[2025-06-18T00:52:03.403+0000] {processor.py:183} INFO - Processing /opt/airflow/dags/prediccion_modelo_produccion_dag.py took 0.099 seconds
[2025-06-18T00:52:33.934+0000] {processor.py:161} INFO - Started process (PID=274) to work on /opt/airflow/dags/prediccion_modelo_produccion_dag.py
[2025-06-18T00:52:33.939+0000] {processor.py:830} INFO - Processing file /opt/airflow/dags/prediccion_modelo_produccion_dag.py for tasks to queue
[2025-06-18T00:52:33.940+0000] {logging_mixin.py:188} INFO - [2025-06-18T00:52:33.940+0000] {dagbag.py:538} INFO - Filling up the DagBag from /opt/airflow/dags/prediccion_modelo_produccion_dag.py
[2025-06-18T00:52:33.952+0000] {processor.py:840} INFO - DAG(s) 'prediccion_modelo_produccion_dag' retrieved from /opt/airflow/dags/prediccion_modelo_produccion_dag.py
[2025-06-18T00:52:33.982+0000] {logging_mixin.py:188} INFO - [2025-06-18T00:52:33.981+0000] {dag.py:3036} INFO - Sync 1 DAGs
[2025-06-18T00:52:34.007+0000] {logging_mixin.py:188} INFO - [2025-06-18T00:52:34.006+0000] {dag.py:3823} INFO - Setting next_dagrun for prediccion_modelo_produccion_dag to 2025-06-16 22:00:00+00:00, run_after=2025-06-17 22:00:00+00:00
[2025-06-18T00:52:34.037+0000] {processor.py:183} INFO - Processing /opt/airflow/dags/prediccion_modelo_produccion_dag.py took 0.107 seconds
[2025-06-18T00:53:04.369+0000] {processor.py:161} INFO - Started process (PID=295) to work on /opt/airflow/dags/prediccion_modelo_produccion_dag.py
[2025-06-18T00:53:04.370+0000] {processor.py:830} INFO - Processing file /opt/airflow/dags/prediccion_modelo_produccion_dag.py for tasks to queue
[2025-06-18T00:53:04.371+0000] {logging_mixin.py:188} INFO - [2025-06-18T00:53:04.371+0000] {dagbag.py:538} INFO - Filling up the DagBag from /opt/airflow/dags/prediccion_modelo_produccion_dag.py
[2025-06-18T00:53:04.384+0000] {processor.py:840} INFO - DAG(s) 'prediccion_modelo_produccion_dag' retrieved from /opt/airflow/dags/prediccion_modelo_produccion_dag.py
[2025-06-18T00:53:04.415+0000] {logging_mixin.py:188} INFO - [2025-06-18T00:53:04.415+0000] {dag.py:3036} INFO - Sync 1 DAGs
[2025-06-18T00:53:04.439+0000] {logging_mixin.py:188} INFO - [2025-06-18T00:53:04.439+0000] {dag.py:3823} INFO - Setting next_dagrun for prediccion_modelo_produccion_dag to 2025-06-16 22:00:00+00:00, run_after=2025-06-17 22:00:00+00:00
[2025-06-18T00:53:04.463+0000] {processor.py:183} INFO - Processing /opt/airflow/dags/prediccion_modelo_produccion_dag.py took 0.099 seconds
[2025-06-18T00:53:34.652+0000] {processor.py:161} INFO - Started process (PID=331) to work on /opt/airflow/dags/prediccion_modelo_produccion_dag.py
[2025-06-18T00:53:34.653+0000] {processor.py:830} INFO - Processing file /opt/airflow/dags/prediccion_modelo_produccion_dag.py for tasks to queue
[2025-06-18T00:53:34.654+0000] {logging_mixin.py:188} INFO - [2025-06-18T00:53:34.654+0000] {dagbag.py:538} INFO - Filling up the DagBag from /opt/airflow/dags/prediccion_modelo_produccion_dag.py
[2025-06-18T00:53:34.668+0000] {processor.py:840} INFO - DAG(s) 'prediccion_modelo_produccion_dag' retrieved from /opt/airflow/dags/prediccion_modelo_produccion_dag.py
[2025-06-18T00:53:34.698+0000] {logging_mixin.py:188} INFO - [2025-06-18T00:53:34.698+0000] {dag.py:3036} INFO - Sync 1 DAGs
[2025-06-18T00:53:34.721+0000] {logging_mixin.py:188} INFO - [2025-06-18T00:53:34.720+0000] {dag.py:3823} INFO - Setting next_dagrun for prediccion_modelo_produccion_dag to 2025-06-16 22:00:00+00:00, run_after=2025-06-17 22:00:00+00:00
[2025-06-18T00:53:34.747+0000] {processor.py:183} INFO - Processing /opt/airflow/dags/prediccion_modelo_produccion_dag.py took 0.100 seconds
[2025-06-18T00:54:04.969+0000] {processor.py:161} INFO - Started process (PID=352) to work on /opt/airflow/dags/prediccion_modelo_produccion_dag.py
[2025-06-18T00:54:04.974+0000] {processor.py:830} INFO - Processing file /opt/airflow/dags/prediccion_modelo_produccion_dag.py for tasks to queue
[2025-06-18T00:54:04.975+0000] {logging_mixin.py:188} INFO - [2025-06-18T00:54:04.975+0000] {dagbag.py:538} INFO - Filling up the DagBag from /opt/airflow/dags/prediccion_modelo_produccion_dag.py
[2025-06-18T00:54:04.987+0000] {processor.py:840} INFO - DAG(s) 'prediccion_modelo_produccion_dag' retrieved from /opt/airflow/dags/prediccion_modelo_produccion_dag.py
[2025-06-18T00:54:05.016+0000] {logging_mixin.py:188} INFO - [2025-06-18T00:54:05.015+0000] {dag.py:3036} INFO - Sync 1 DAGs
[2025-06-18T00:54:05.038+0000] {logging_mixin.py:188} INFO - [2025-06-18T00:54:05.038+0000] {dag.py:3823} INFO - Setting next_dagrun for prediccion_modelo_produccion_dag to 2025-06-16 22:00:00+00:00, run_after=2025-06-17 22:00:00+00:00
[2025-06-18T00:54:05.065+0000] {processor.py:183} INFO - Processing /opt/airflow/dags/prediccion_modelo_produccion_dag.py took 0.101 seconds
[2025-06-18T00:54:35.241+0000] {processor.py:161} INFO - Started process (PID=388) to work on /opt/airflow/dags/prediccion_modelo_produccion_dag.py
[2025-06-18T00:54:35.242+0000] {processor.py:830} INFO - Processing file /opt/airflow/dags/prediccion_modelo_produccion_dag.py for tasks to queue
[2025-06-18T00:54:35.244+0000] {logging_mixin.py:188} INFO - [2025-06-18T00:54:35.243+0000] {dagbag.py:538} INFO - Filling up the DagBag from /opt/airflow/dags/prediccion_modelo_produccion_dag.py
[2025-06-18T00:54:35.259+0000] {processor.py:840} INFO - DAG(s) 'prediccion_modelo_produccion_dag' retrieved from /opt/airflow/dags/prediccion_modelo_produccion_dag.py
[2025-06-18T00:54:35.301+0000] {logging_mixin.py:188} INFO - [2025-06-18T00:54:35.301+0000] {dag.py:3036} INFO - Sync 1 DAGs
[2025-06-18T00:54:35.338+0000] {logging_mixin.py:188} INFO - [2025-06-18T00:54:35.337+0000] {dag.py:3823} INFO - Setting next_dagrun for prediccion_modelo_produccion_dag to 2025-06-16 22:00:00+00:00, run_after=2025-06-17 22:00:00+00:00
[2025-06-18T00:54:35.368+0000] {processor.py:183} INFO - Processing /opt/airflow/dags/prediccion_modelo_produccion_dag.py took 0.133 seconds
[2025-06-18T00:55:05.723+0000] {processor.py:161} INFO - Started process (PID=409) to work on /opt/airflow/dags/prediccion_modelo_produccion_dag.py
[2025-06-18T00:55:05.728+0000] {processor.py:830} INFO - Processing file /opt/airflow/dags/prediccion_modelo_produccion_dag.py for tasks to queue
[2025-06-18T00:55:05.729+0000] {logging_mixin.py:188} INFO - [2025-06-18T00:55:05.729+0000] {dagbag.py:538} INFO - Filling up the DagBag from /opt/airflow/dags/prediccion_modelo_produccion_dag.py
[2025-06-18T00:55:05.741+0000] {processor.py:840} INFO - DAG(s) 'prediccion_modelo_produccion_dag' retrieved from /opt/airflow/dags/prediccion_modelo_produccion_dag.py
[2025-06-18T00:55:05.776+0000] {logging_mixin.py:188} INFO - [2025-06-18T00:55:05.775+0000] {dag.py:3036} INFO - Sync 1 DAGs
[2025-06-18T00:55:05.804+0000] {logging_mixin.py:188} INFO - [2025-06-18T00:55:05.804+0000] {dag.py:3823} INFO - Setting next_dagrun for prediccion_modelo_produccion_dag to 2025-06-16 22:00:00+00:00, run_after=2025-06-17 22:00:00+00:00
[2025-06-18T00:55:05.832+0000] {processor.py:183} INFO - Processing /opt/airflow/dags/prediccion_modelo_produccion_dag.py took 0.114 seconds
[2025-06-18T00:55:36.104+0000] {processor.py:161} INFO - Started process (PID=445) to work on /opt/airflow/dags/prediccion_modelo_produccion_dag.py
[2025-06-18T00:55:36.108+0000] {processor.py:830} INFO - Processing file /opt/airflow/dags/prediccion_modelo_produccion_dag.py for tasks to queue
[2025-06-18T00:55:36.110+0000] {logging_mixin.py:188} INFO - [2025-06-18T00:55:36.110+0000] {dagbag.py:538} INFO - Filling up the DagBag from /opt/airflow/dags/prediccion_modelo_produccion_dag.py
[2025-06-18T00:55:36.130+0000] {processor.py:840} INFO - DAG(s) 'prediccion_modelo_produccion_dag' retrieved from /opt/airflow/dags/prediccion_modelo_produccion_dag.py
[2025-06-18T00:55:36.162+0000] {logging_mixin.py:188} INFO - [2025-06-18T00:55:36.162+0000] {dag.py:3036} INFO - Sync 1 DAGs
[2025-06-18T00:55:36.186+0000] {logging_mixin.py:188} INFO - [2025-06-18T00:55:36.186+0000] {dag.py:3823} INFO - Setting next_dagrun for prediccion_modelo_produccion_dag to 2025-06-16 22:00:00+00:00, run_after=2025-06-17 22:00:00+00:00
[2025-06-18T00:55:36.214+0000] {processor.py:183} INFO - Processing /opt/airflow/dags/prediccion_modelo_produccion_dag.py took 0.121 seconds
[2025-06-18T00:56:06.548+0000] {processor.py:161} INFO - Started process (PID=492) to work on /opt/airflow/dags/prediccion_modelo_produccion_dag.py
[2025-06-18T00:56:06.656+0000] {processor.py:830} INFO - Processing file /opt/airflow/dags/prediccion_modelo_produccion_dag.py for tasks to queue
[2025-06-18T00:56:06.838+0000] {logging_mixin.py:188} INFO - [2025-06-18T00:56:06.838+0000] {dagbag.py:538} INFO - Filling up the DagBag from /opt/airflow/dags/prediccion_modelo_produccion_dag.py
[2025-06-18T00:56:06.950+0000] {processor.py:840} INFO - DAG(s) 'prediccion_modelo_produccion_dag' retrieved from /opt/airflow/dags/prediccion_modelo_produccion_dag.py
[2025-06-18T00:56:07.076+0000] {logging_mixin.py:188} INFO - [2025-06-18T00:56:07.076+0000] {dag.py:3036} INFO - Sync 1 DAGs
[2025-06-18T00:56:07.315+0000] {logging_mixin.py:188} INFO - [2025-06-18T00:56:07.314+0000] {dag.py:3823} INFO - Setting next_dagrun for prediccion_modelo_produccion_dag to 2025-06-17 22:00:00+00:00, run_after=2025-06-18 22:00:00+00:00
[2025-06-18T00:56:07.474+0000] {processor.py:183} INFO - Processing /opt/airflow/dags/prediccion_modelo_produccion_dag.py took 1.048 seconds
[2025-06-18T00:56:37.725+0000] {processor.py:161} INFO - Started process (PID=650) to work on /opt/airflow/dags/prediccion_modelo_produccion_dag.py
[2025-06-18T00:56:37.727+0000] {processor.py:830} INFO - Processing file /opt/airflow/dags/prediccion_modelo_produccion_dag.py for tasks to queue
[2025-06-18T00:56:37.729+0000] {logging_mixin.py:188} INFO - [2025-06-18T00:56:37.728+0000] {dagbag.py:538} INFO - Filling up the DagBag from /opt/airflow/dags/prediccion_modelo_produccion_dag.py
[2025-06-18T00:56:37.754+0000] {processor.py:840} INFO - DAG(s) 'prediccion_modelo_produccion_dag' retrieved from /opt/airflow/dags/prediccion_modelo_produccion_dag.py
[2025-06-18T00:56:37.814+0000] {logging_mixin.py:188} INFO - [2025-06-18T00:56:37.814+0000] {dag.py:3036} INFO - Sync 1 DAGs
[2025-06-18T00:56:37.854+0000] {logging_mixin.py:188} INFO - [2025-06-18T00:56:37.854+0000] {dag.py:3823} INFO - Setting next_dagrun for prediccion_modelo_produccion_dag to 2025-06-17 22:00:00+00:00, run_after=2025-06-18 22:00:00+00:00
[2025-06-18T00:56:37.876+0000] {processor.py:183} INFO - Processing /opt/airflow/dags/prediccion_modelo_produccion_dag.py took 0.162 seconds
[2025-06-18T00:57:08.011+0000] {processor.py:161} INFO - Started process (PID=835) to work on /opt/airflow/dags/prediccion_modelo_produccion_dag.py
[2025-06-18T00:57:08.014+0000] {processor.py:830} INFO - Processing file /opt/airflow/dags/prediccion_modelo_produccion_dag.py for tasks to queue
[2025-06-18T00:57:08.017+0000] {logging_mixin.py:188} INFO - [2025-06-18T00:57:08.016+0000] {dagbag.py:538} INFO - Filling up the DagBag from /opt/airflow/dags/prediccion_modelo_produccion_dag.py
[2025-06-18T00:57:08.053+0000] {processor.py:840} INFO - DAG(s) 'prediccion_modelo_produccion_dag' retrieved from /opt/airflow/dags/prediccion_modelo_produccion_dag.py
[2025-06-18T00:57:08.144+0000] {logging_mixin.py:188} INFO - [2025-06-18T00:57:08.144+0000] {dag.py:3036} INFO - Sync 1 DAGs
[2025-06-18T00:57:08.232+0000] {logging_mixin.py:188} INFO - [2025-06-18T00:57:08.231+0000] {dag.py:3823} INFO - Setting next_dagrun for prediccion_modelo_produccion_dag to 2025-06-17 22:00:00+00:00, run_after=2025-06-18 22:00:00+00:00
[2025-06-18T00:57:08.279+0000] {processor.py:183} INFO - Processing /opt/airflow/dags/prediccion_modelo_produccion_dag.py took 0.278 seconds
[2025-06-18T00:57:38.710+0000] {processor.py:161} INFO - Started process (PID=1012) to work on /opt/airflow/dags/prediccion_modelo_produccion_dag.py
[2025-06-18T00:57:38.712+0000] {processor.py:830} INFO - Processing file /opt/airflow/dags/prediccion_modelo_produccion_dag.py for tasks to queue
[2025-06-18T00:57:38.714+0000] {logging_mixin.py:188} INFO - [2025-06-18T00:57:38.713+0000] {dagbag.py:538} INFO - Filling up the DagBag from /opt/airflow/dags/prediccion_modelo_produccion_dag.py
[2025-06-18T00:57:38.735+0000] {processor.py:840} INFO - DAG(s) 'prediccion_modelo_produccion_dag' retrieved from /opt/airflow/dags/prediccion_modelo_produccion_dag.py
[2025-06-18T00:57:38.820+0000] {logging_mixin.py:188} INFO - [2025-06-18T00:57:38.820+0000] {dag.py:3036} INFO - Sync 1 DAGs
[2025-06-18T00:57:38.862+0000] {logging_mixin.py:188} INFO - [2025-06-18T00:57:38.862+0000] {dag.py:3823} INFO - Setting next_dagrun for prediccion_modelo_produccion_dag to 2025-06-17 22:00:00+00:00, run_after=2025-06-18 22:00:00+00:00
[2025-06-18T00:57:38.901+0000] {processor.py:183} INFO - Processing /opt/airflow/dags/prediccion_modelo_produccion_dag.py took 0.198 seconds
[2025-06-18T00:58:09.428+0000] {processor.py:161} INFO - Started process (PID=1145) to work on /opt/airflow/dags/prediccion_modelo_produccion_dag.py
[2025-06-18T00:58:09.434+0000] {processor.py:830} INFO - Processing file /opt/airflow/dags/prediccion_modelo_produccion_dag.py for tasks to queue
[2025-06-18T00:58:09.436+0000] {logging_mixin.py:188} INFO - [2025-06-18T00:58:09.435+0000] {dagbag.py:538} INFO - Filling up the DagBag from /opt/airflow/dags/prediccion_modelo_produccion_dag.py
[2025-06-18T00:58:09.464+0000] {processor.py:840} INFO - DAG(s) 'prediccion_modelo_produccion_dag' retrieved from /opt/airflow/dags/prediccion_modelo_produccion_dag.py
[2025-06-18T00:58:09.529+0000] {logging_mixin.py:188} INFO - [2025-06-18T00:58:09.528+0000] {dag.py:3036} INFO - Sync 1 DAGs
[2025-06-18T00:58:09.647+0000] {logging_mixin.py:188} INFO - [2025-06-18T00:58:09.647+0000] {dag.py:3823} INFO - Setting next_dagrun for prediccion_modelo_produccion_dag to 2025-06-17 22:00:00+00:00, run_after=2025-06-18 22:00:00+00:00
[2025-06-18T00:58:09.724+0000] {processor.py:183} INFO - Processing /opt/airflow/dags/prediccion_modelo_produccion_dag.py took 0.305 seconds
[2025-06-18T00:58:40.374+0000] {processor.py:161} INFO - Started process (PID=1288) to work on /opt/airflow/dags/prediccion_modelo_produccion_dag.py
[2025-06-18T00:58:40.377+0000] {processor.py:830} INFO - Processing file /opt/airflow/dags/prediccion_modelo_produccion_dag.py for tasks to queue
[2025-06-18T00:58:40.379+0000] {logging_mixin.py:188} INFO - [2025-06-18T00:58:40.378+0000] {dagbag.py:538} INFO - Filling up the DagBag from /opt/airflow/dags/prediccion_modelo_produccion_dag.py
[2025-06-18T00:58:40.406+0000] {processor.py:840} INFO - DAG(s) 'prediccion_modelo_produccion_dag' retrieved from /opt/airflow/dags/prediccion_modelo_produccion_dag.py
[2025-06-18T00:58:40.459+0000] {logging_mixin.py:188} INFO - [2025-06-18T00:58:40.458+0000] {dag.py:3036} INFO - Sync 1 DAGs
[2025-06-18T00:58:40.504+0000] {logging_mixin.py:188} INFO - [2025-06-18T00:58:40.503+0000] {dag.py:3823} INFO - Setting next_dagrun for prediccion_modelo_produccion_dag to 2025-06-17 22:00:00+00:00, run_after=2025-06-18 22:00:00+00:00
[2025-06-18T00:58:40.553+0000] {processor.py:183} INFO - Processing /opt/airflow/dags/prediccion_modelo_produccion_dag.py took 0.187 seconds
[2025-06-18T00:59:10.740+0000] {processor.py:161} INFO - Started process (PID=1347) to work on /opt/airflow/dags/prediccion_modelo_produccion_dag.py
[2025-06-18T00:59:10.810+0000] {processor.py:830} INFO - Processing file /opt/airflow/dags/prediccion_modelo_produccion_dag.py for tasks to queue
[2025-06-18T00:59:10.814+0000] {logging_mixin.py:188} INFO - [2025-06-18T00:59:10.813+0000] {dagbag.py:538} INFO - Filling up the DagBag from /opt/airflow/dags/prediccion_modelo_produccion_dag.py
[2025-06-18T00:59:10.952+0000] {processor.py:840} INFO - DAG(s) 'prediccion_modelo_produccion_dag' retrieved from /opt/airflow/dags/prediccion_modelo_produccion_dag.py
[2025-06-18T00:59:11.033+0000] {logging_mixin.py:188} INFO - [2025-06-18T00:59:11.033+0000] {dag.py:3036} INFO - Sync 1 DAGs
[2025-06-18T00:59:11.087+0000] {logging_mixin.py:188} INFO - [2025-06-18T00:59:11.087+0000] {dag.py:3823} INFO - Setting next_dagrun for prediccion_modelo_produccion_dag to 2025-06-17 22:00:00+00:00, run_after=2025-06-18 22:00:00+00:00
[2025-06-18T00:59:11.131+0000] {processor.py:183} INFO - Processing /opt/airflow/dags/prediccion_modelo_produccion_dag.py took 0.422 seconds
[2025-06-18T00:59:41.415+0000] {processor.py:161} INFO - Started process (PID=1384) to work on /opt/airflow/dags/prediccion_modelo_produccion_dag.py
[2025-06-18T00:59:41.417+0000] {processor.py:830} INFO - Processing file /opt/airflow/dags/prediccion_modelo_produccion_dag.py for tasks to queue
[2025-06-18T00:59:41.419+0000] {logging_mixin.py:188} INFO - [2025-06-18T00:59:41.418+0000] {dagbag.py:538} INFO - Filling up the DagBag from /opt/airflow/dags/prediccion_modelo_produccion_dag.py
[2025-06-18T00:59:41.432+0000] {processor.py:840} INFO - DAG(s) 'prediccion_modelo_produccion_dag' retrieved from /opt/airflow/dags/prediccion_modelo_produccion_dag.py
[2025-06-18T00:59:41.469+0000] {logging_mixin.py:188} INFO - [2025-06-18T00:59:41.468+0000] {dag.py:3036} INFO - Sync 1 DAGs
[2025-06-18T00:59:41.503+0000] {logging_mixin.py:188} INFO - [2025-06-18T00:59:41.503+0000] {dag.py:3823} INFO - Setting next_dagrun for prediccion_modelo_produccion_dag to 2025-06-17 22:00:00+00:00, run_after=2025-06-18 22:00:00+00:00
[2025-06-18T00:59:41.543+0000] {processor.py:183} INFO - Processing /opt/airflow/dags/prediccion_modelo_produccion_dag.py took 0.133 seconds
[2025-06-18T01:00:11.937+0000] {processor.py:161} INFO - Started process (PID=1405) to work on /opt/airflow/dags/prediccion_modelo_produccion_dag.py
[2025-06-18T01:00:11.942+0000] {processor.py:830} INFO - Processing file /opt/airflow/dags/prediccion_modelo_produccion_dag.py for tasks to queue
[2025-06-18T01:00:11.944+0000] {logging_mixin.py:188} INFO - [2025-06-18T01:00:11.943+0000] {dagbag.py:538} INFO - Filling up the DagBag from /opt/airflow/dags/prediccion_modelo_produccion_dag.py
[2025-06-18T01:00:11.959+0000] {processor.py:840} INFO - DAG(s) 'prediccion_modelo_produccion_dag' retrieved from /opt/airflow/dags/prediccion_modelo_produccion_dag.py
[2025-06-18T01:00:11.996+0000] {logging_mixin.py:188} INFO - [2025-06-18T01:00:11.996+0000] {dag.py:3036} INFO - Sync 1 DAGs
[2025-06-18T01:00:12.029+0000] {logging_mixin.py:188} INFO - [2025-06-18T01:00:12.028+0000] {dag.py:3823} INFO - Setting next_dagrun for prediccion_modelo_produccion_dag to 2025-06-17 22:00:00+00:00, run_after=2025-06-18 22:00:00+00:00
[2025-06-18T01:00:12.061+0000] {processor.py:183} INFO - Processing /opt/airflow/dags/prediccion_modelo_produccion_dag.py took 0.129 seconds
[2025-06-18T01:00:42.346+0000] {processor.py:161} INFO - Started process (PID=1441) to work on /opt/airflow/dags/prediccion_modelo_produccion_dag.py
[2025-06-18T01:00:42.498+0000] {processor.py:830} INFO - Processing file /opt/airflow/dags/prediccion_modelo_produccion_dag.py for tasks to queue
[2025-06-18T01:00:42.499+0000] {logging_mixin.py:188} INFO - [2025-06-18T01:00:42.499+0000] {dagbag.py:538} INFO - Filling up the DagBag from /opt/airflow/dags/prediccion_modelo_produccion_dag.py
[2025-06-18T01:00:42.517+0000] {processor.py:840} INFO - DAG(s) 'prediccion_modelo_produccion_dag' retrieved from /opt/airflow/dags/prediccion_modelo_produccion_dag.py
[2025-06-18T01:00:42.553+0000] {logging_mixin.py:188} INFO - [2025-06-18T01:00:42.553+0000] {dag.py:3036} INFO - Sync 1 DAGs
[2025-06-18T01:00:42.587+0000] {logging_mixin.py:188} INFO - [2025-06-18T01:00:42.587+0000] {dag.py:3823} INFO - Setting next_dagrun for prediccion_modelo_produccion_dag to 2025-06-17 22:00:00+00:00, run_after=2025-06-18 22:00:00+00:00
[2025-06-18T01:00:42.630+0000] {processor.py:183} INFO - Processing /opt/airflow/dags/prediccion_modelo_produccion_dag.py took 0.292 seconds
[2025-06-18T01:01:13.419+0000] {processor.py:161} INFO - Started process (PID=1472) to work on /opt/airflow/dags/prediccion_modelo_produccion_dag.py
[2025-06-18T01:01:13.422+0000] {processor.py:830} INFO - Processing file /opt/airflow/dags/prediccion_modelo_produccion_dag.py for tasks to queue
[2025-06-18T01:01:13.423+0000] {logging_mixin.py:188} INFO - [2025-06-18T01:01:13.423+0000] {dagbag.py:538} INFO - Filling up the DagBag from /opt/airflow/dags/prediccion_modelo_produccion_dag.py
[2025-06-18T01:01:13.439+0000] {processor.py:840} INFO - DAG(s) 'prediccion_modelo_produccion_dag' retrieved from /opt/airflow/dags/prediccion_modelo_produccion_dag.py
[2025-06-18T01:01:13.479+0000] {logging_mixin.py:188} INFO - [2025-06-18T01:01:13.478+0000] {dag.py:3036} INFO - Sync 1 DAGs
[2025-06-18T01:01:13.512+0000] {logging_mixin.py:188} INFO - [2025-06-18T01:01:13.511+0000] {dag.py:3823} INFO - Setting next_dagrun for prediccion_modelo_produccion_dag to 2025-06-17 22:00:00+00:00, run_after=2025-06-18 22:00:00+00:00
[2025-06-18T01:01:13.542+0000] {processor.py:183} INFO - Processing /opt/airflow/dags/prediccion_modelo_produccion_dag.py took 0.129 seconds
[2025-06-18T01:01:43.810+0000] {processor.py:161} INFO - Started process (PID=1537) to work on /opt/airflow/dags/prediccion_modelo_produccion_dag.py
[2025-06-18T01:01:43.815+0000] {processor.py:830} INFO - Processing file /opt/airflow/dags/prediccion_modelo_produccion_dag.py for tasks to queue
[2025-06-18T01:01:43.816+0000] {logging_mixin.py:188} INFO - [2025-06-18T01:01:43.815+0000] {dagbag.py:538} INFO - Filling up the DagBag from /opt/airflow/dags/prediccion_modelo_produccion_dag.py
[2025-06-18T01:01:43.828+0000] {processor.py:840} INFO - DAG(s) 'prediccion_modelo_produccion_dag' retrieved from /opt/airflow/dags/prediccion_modelo_produccion_dag.py
[2025-06-18T01:01:43.861+0000] {logging_mixin.py:188} INFO - [2025-06-18T01:01:43.860+0000] {dag.py:3036} INFO - Sync 1 DAGs
[2025-06-18T01:01:43.888+0000] {logging_mixin.py:188} INFO - [2025-06-18T01:01:43.888+0000] {dag.py:3823} INFO - Setting next_dagrun for prediccion_modelo_produccion_dag to 2025-06-17 22:00:00+00:00, run_after=2025-06-18 22:00:00+00:00
[2025-06-18T01:01:43.916+0000] {processor.py:183} INFO - Processing /opt/airflow/dags/prediccion_modelo_produccion_dag.py took 0.111 seconds
[2025-06-18T01:02:14.293+0000] {processor.py:161} INFO - Started process (PID=1566) to work on /opt/airflow/dags/prediccion_modelo_produccion_dag.py
[2025-06-18T01:02:14.294+0000] {processor.py:830} INFO - Processing file /opt/airflow/dags/prediccion_modelo_produccion_dag.py for tasks to queue
[2025-06-18T01:02:14.296+0000] {logging_mixin.py:188} INFO - [2025-06-18T01:02:14.295+0000] {dagbag.py:538} INFO - Filling up the DagBag from /opt/airflow/dags/prediccion_modelo_produccion_dag.py
[2025-06-18T01:02:14.309+0000] {processor.py:840} INFO - DAG(s) 'prediccion_modelo_produccion_dag' retrieved from /opt/airflow/dags/prediccion_modelo_produccion_dag.py
[2025-06-18T01:02:14.342+0000] {logging_mixin.py:188} INFO - [2025-06-18T01:02:14.342+0000] {dag.py:3036} INFO - Sync 1 DAGs
[2025-06-18T01:02:14.373+0000] {logging_mixin.py:188} INFO - [2025-06-18T01:02:14.373+0000] {dag.py:3823} INFO - Setting next_dagrun for prediccion_modelo_produccion_dag to 2025-06-17 22:00:00+00:00, run_after=2025-06-18 22:00:00+00:00
[2025-06-18T01:02:14.399+0000] {processor.py:183} INFO - Processing /opt/airflow/dags/prediccion_modelo_produccion_dag.py took 0.111 seconds
[2025-06-18T01:02:44.638+0000] {processor.py:161} INFO - Started process (PID=1594) to work on /opt/airflow/dags/prediccion_modelo_produccion_dag.py
[2025-06-18T01:02:44.643+0000] {processor.py:830} INFO - Processing file /opt/airflow/dags/prediccion_modelo_produccion_dag.py for tasks to queue
[2025-06-18T01:02:44.645+0000] {logging_mixin.py:188} INFO - [2025-06-18T01:02:44.644+0000] {dagbag.py:538} INFO - Filling up the DagBag from /opt/airflow/dags/prediccion_modelo_produccion_dag.py
[2025-06-18T01:02:44.659+0000] {processor.py:840} INFO - DAG(s) 'prediccion_modelo_produccion_dag' retrieved from /opt/airflow/dags/prediccion_modelo_produccion_dag.py
[2025-06-18T01:02:44.694+0000] {logging_mixin.py:188} INFO - [2025-06-18T01:02:44.694+0000] {dag.py:3036} INFO - Sync 1 DAGs
[2025-06-18T01:02:44.723+0000] {logging_mixin.py:188} INFO - [2025-06-18T01:02:44.722+0000] {dag.py:3823} INFO - Setting next_dagrun for prediccion_modelo_produccion_dag to 2025-06-17 22:00:00+00:00, run_after=2025-06-18 22:00:00+00:00
[2025-06-18T01:02:44.750+0000] {processor.py:183} INFO - Processing /opt/airflow/dags/prediccion_modelo_produccion_dag.py took 0.117 seconds
[2025-06-18T01:03:15.114+0000] {processor.py:161} INFO - Started process (PID=1630) to work on /opt/airflow/dags/prediccion_modelo_produccion_dag.py
[2025-06-18T01:03:15.115+0000] {processor.py:830} INFO - Processing file /opt/airflow/dags/prediccion_modelo_produccion_dag.py for tasks to queue
[2025-06-18T01:03:15.117+0000] {logging_mixin.py:188} INFO - [2025-06-18T01:03:15.116+0000] {dagbag.py:538} INFO - Filling up the DagBag from /opt/airflow/dags/prediccion_modelo_produccion_dag.py
[2025-06-18T01:03:15.131+0000] {processor.py:840} INFO - DAG(s) 'prediccion_modelo_produccion_dag' retrieved from /opt/airflow/dags/prediccion_modelo_produccion_dag.py
[2025-06-18T01:03:15.163+0000] {logging_mixin.py:188} INFO - [2025-06-18T01:03:15.163+0000] {dag.py:3036} INFO - Sync 1 DAGs
[2025-06-18T01:03:15.190+0000] {logging_mixin.py:188} INFO - [2025-06-18T01:03:15.190+0000] {dag.py:3823} INFO - Setting next_dagrun for prediccion_modelo_produccion_dag to 2025-06-17 22:00:00+00:00, run_after=2025-06-18 22:00:00+00:00
[2025-06-18T01:03:15.213+0000] {processor.py:183} INFO - Processing /opt/airflow/dags/prediccion_modelo_produccion_dag.py took 0.103 seconds
[2025-06-18T01:19:34.666+0000] {processor.py:161} INFO - Started process (PID=183) to work on /opt/airflow/dags/prediccion_modelo_produccion_dag.py
[2025-06-18T01:19:34.669+0000] {processor.py:830} INFO - Processing file /opt/airflow/dags/prediccion_modelo_produccion_dag.py for tasks to queue
[2025-06-18T01:19:34.670+0000] {logging_mixin.py:188} INFO - [2025-06-18T01:19:34.669+0000] {dagbag.py:538} INFO - Filling up the DagBag from /opt/airflow/dags/prediccion_modelo_produccion_dag.py
[2025-06-18T01:19:34.688+0000] {processor.py:840} INFO - DAG(s) 'prediccion_modelo_produccion_dag' retrieved from /opt/airflow/dags/prediccion_modelo_produccion_dag.py
[2025-06-18T01:19:34.762+0000] {logging_mixin.py:188} INFO - [2025-06-18T01:19:34.761+0000] {dag.py:3036} INFO - Sync 1 DAGs
[2025-06-18T01:19:34.809+0000] {logging_mixin.py:188} INFO - [2025-06-18T01:19:34.808+0000] {dag.py:3823} INFO - Setting next_dagrun for prediccion_modelo_produccion_dag to 2025-06-17 22:00:00+00:00, run_after=2025-06-18 22:00:00+00:00
[2025-06-18T01:19:34.849+0000] {processor.py:183} INFO - Processing /opt/airflow/dags/prediccion_modelo_produccion_dag.py took 0.189 seconds
[2025-06-18T01:20:05.319+0000] {processor.py:161} INFO - Started process (PID=225) to work on /opt/airflow/dags/prediccion_modelo_produccion_dag.py
[2025-06-18T01:20:05.327+0000] {processor.py:830} INFO - Processing file /opt/airflow/dags/prediccion_modelo_produccion_dag.py for tasks to queue
[2025-06-18T01:20:05.328+0000] {logging_mixin.py:188} INFO - [2025-06-18T01:20:05.327+0000] {dagbag.py:538} INFO - Filling up the DagBag from /opt/airflow/dags/prediccion_modelo_produccion_dag.py
[2025-06-18T01:20:05.378+0000] {processor.py:840} INFO - DAG(s) 'prediccion_modelo_produccion_dag' retrieved from /opt/airflow/dags/prediccion_modelo_produccion_dag.py
[2025-06-18T01:20:05.415+0000] {logging_mixin.py:188} INFO - [2025-06-18T01:20:05.415+0000] {dag.py:3036} INFO - Sync 1 DAGs
[2025-06-18T01:20:05.670+0000] {logging_mixin.py:188} INFO - [2025-06-18T01:20:05.670+0000] {dag.py:3823} INFO - Setting next_dagrun for prediccion_modelo_produccion_dag to 2025-06-17 22:00:00+00:00, run_after=2025-06-18 22:00:00+00:00
[2025-06-18T01:20:05.710+0000] {processor.py:183} INFO - Processing /opt/airflow/dags/prediccion_modelo_produccion_dag.py took 0.395 seconds
[2025-06-18T01:20:36.015+0000] {processor.py:161} INFO - Started process (PID=261) to work on /opt/airflow/dags/prediccion_modelo_produccion_dag.py
[2025-06-18T01:20:36.027+0000] {processor.py:830} INFO - Processing file /opt/airflow/dags/prediccion_modelo_produccion_dag.py for tasks to queue
[2025-06-18T01:20:36.030+0000] {logging_mixin.py:188} INFO - [2025-06-18T01:20:36.029+0000] {dagbag.py:538} INFO - Filling up the DagBag from /opt/airflow/dags/prediccion_modelo_produccion_dag.py
[2025-06-18T01:20:36.083+0000] {processor.py:840} INFO - DAG(s) 'prediccion_modelo_produccion_dag' retrieved from /opt/airflow/dags/prediccion_modelo_produccion_dag.py
[2025-06-18T01:20:36.145+0000] {logging_mixin.py:188} INFO - [2025-06-18T01:20:36.145+0000] {dag.py:3036} INFO - Sync 1 DAGs
[2025-06-18T01:20:36.213+0000] {logging_mixin.py:188} INFO - [2025-06-18T01:20:36.213+0000] {dag.py:3823} INFO - Setting next_dagrun for prediccion_modelo_produccion_dag to 2025-06-17 22:00:00+00:00, run_after=2025-06-18 22:00:00+00:00
[2025-06-18T01:20:36.247+0000] {processor.py:183} INFO - Processing /opt/airflow/dags/prediccion_modelo_produccion_dag.py took 0.237 seconds
[2025-06-18T01:21:06.480+0000] {processor.py:161} INFO - Started process (PID=282) to work on /opt/airflow/dags/prediccion_modelo_produccion_dag.py
[2025-06-18T01:21:06.485+0000] {processor.py:830} INFO - Processing file /opt/airflow/dags/prediccion_modelo_produccion_dag.py for tasks to queue
[2025-06-18T01:21:06.486+0000] {logging_mixin.py:188} INFO - [2025-06-18T01:21:06.486+0000] {dagbag.py:538} INFO - Filling up the DagBag from /opt/airflow/dags/prediccion_modelo_produccion_dag.py
[2025-06-18T01:21:06.500+0000] {processor.py:840} INFO - DAG(s) 'prediccion_modelo_produccion_dag' retrieved from /opt/airflow/dags/prediccion_modelo_produccion_dag.py
[2025-06-18T01:21:06.534+0000] {logging_mixin.py:188} INFO - [2025-06-18T01:21:06.533+0000] {dag.py:3036} INFO - Sync 1 DAGs
[2025-06-18T01:21:06.563+0000] {logging_mixin.py:188} INFO - [2025-06-18T01:21:06.562+0000] {dag.py:3823} INFO - Setting next_dagrun for prediccion_modelo_produccion_dag to 2025-06-17 22:00:00+00:00, run_after=2025-06-18 22:00:00+00:00
[2025-06-18T01:21:06.596+0000] {processor.py:183} INFO - Processing /opt/airflow/dags/prediccion_modelo_produccion_dag.py took 0.121 seconds
[2025-06-18T01:21:36.753+0000] {processor.py:161} INFO - Started process (PID=318) to work on /opt/airflow/dags/prediccion_modelo_produccion_dag.py
[2025-06-18T01:21:36.755+0000] {processor.py:830} INFO - Processing file /opt/airflow/dags/prediccion_modelo_produccion_dag.py for tasks to queue
[2025-06-18T01:21:36.756+0000] {logging_mixin.py:188} INFO - [2025-06-18T01:21:36.756+0000] {dagbag.py:538} INFO - Filling up the DagBag from /opt/airflow/dags/prediccion_modelo_produccion_dag.py
[2025-06-18T01:21:36.773+0000] {processor.py:840} INFO - DAG(s) 'prediccion_modelo_produccion_dag' retrieved from /opt/airflow/dags/prediccion_modelo_produccion_dag.py
[2025-06-18T01:21:36.813+0000] {logging_mixin.py:188} INFO - [2025-06-18T01:21:36.812+0000] {dag.py:3036} INFO - Sync 1 DAGs
[2025-06-18T01:21:36.853+0000] {logging_mixin.py:188} INFO - [2025-06-18T01:21:36.852+0000] {dag.py:3823} INFO - Setting next_dagrun for prediccion_modelo_produccion_dag to 2025-06-17 22:00:00+00:00, run_after=2025-06-18 22:00:00+00:00
[2025-06-18T01:21:36.889+0000] {processor.py:183} INFO - Processing /opt/airflow/dags/prediccion_modelo_produccion_dag.py took 0.143 seconds
[2025-06-18T01:22:06.970+0000] {processor.py:161} INFO - Started process (PID=339) to work on /opt/airflow/dags/prediccion_modelo_produccion_dag.py
[2025-06-18T01:22:06.972+0000] {processor.py:830} INFO - Processing file /opt/airflow/dags/prediccion_modelo_produccion_dag.py for tasks to queue
[2025-06-18T01:22:06.975+0000] {logging_mixin.py:188} INFO - [2025-06-18T01:22:06.974+0000] {dagbag.py:538} INFO - Filling up the DagBag from /opt/airflow/dags/prediccion_modelo_produccion_dag.py
[2025-06-18T01:22:06.997+0000] {processor.py:840} INFO - DAG(s) 'prediccion_modelo_produccion_dag' retrieved from /opt/airflow/dags/prediccion_modelo_produccion_dag.py
[2025-06-18T01:22:07.058+0000] {logging_mixin.py:188} INFO - [2025-06-18T01:22:07.058+0000] {dag.py:3036} INFO - Sync 1 DAGs
[2025-06-18T01:22:07.106+0000] {logging_mixin.py:188} INFO - [2025-06-18T01:22:07.105+0000] {dag.py:3823} INFO - Setting next_dagrun for prediccion_modelo_produccion_dag to 2025-06-17 22:00:00+00:00, run_after=2025-06-18 22:00:00+00:00
[2025-06-18T01:22:07.140+0000] {processor.py:183} INFO - Processing /opt/airflow/dags/prediccion_modelo_produccion_dag.py took 0.177 seconds
[2025-06-18T01:22:37.705+0000] {processor.py:161} INFO - Started process (PID=375) to work on /opt/airflow/dags/prediccion_modelo_produccion_dag.py
[2025-06-18T01:22:37.707+0000] {processor.py:830} INFO - Processing file /opt/airflow/dags/prediccion_modelo_produccion_dag.py for tasks to queue
[2025-06-18T01:22:37.708+0000] {logging_mixin.py:188} INFO - [2025-06-18T01:22:37.708+0000] {dagbag.py:538} INFO - Filling up the DagBag from /opt/airflow/dags/prediccion_modelo_produccion_dag.py
[2025-06-18T01:22:37.723+0000] {processor.py:840} INFO - DAG(s) 'prediccion_modelo_produccion_dag' retrieved from /opt/airflow/dags/prediccion_modelo_produccion_dag.py
[2025-06-18T01:22:37.760+0000] {logging_mixin.py:188} INFO - [2025-06-18T01:22:37.759+0000] {dag.py:3036} INFO - Sync 1 DAGs
[2025-06-18T01:22:37.815+0000] {logging_mixin.py:188} INFO - [2025-06-18T01:22:37.814+0000] {dag.py:3823} INFO - Setting next_dagrun for prediccion_modelo_produccion_dag to 2025-06-17 22:00:00+00:00, run_after=2025-06-18 22:00:00+00:00
[2025-06-18T01:22:37.863+0000] {processor.py:183} INFO - Processing /opt/airflow/dags/prediccion_modelo_produccion_dag.py took 0.164 seconds
[2025-06-18T01:23:07.986+0000] {processor.py:161} INFO - Started process (PID=396) to work on /opt/airflow/dags/prediccion_modelo_produccion_dag.py
[2025-06-18T01:23:07.992+0000] {processor.py:830} INFO - Processing file /opt/airflow/dags/prediccion_modelo_produccion_dag.py for tasks to queue
[2025-06-18T01:23:07.994+0000] {logging_mixin.py:188} INFO - [2025-06-18T01:23:07.993+0000] {dagbag.py:538} INFO - Filling up the DagBag from /opt/airflow/dags/prediccion_modelo_produccion_dag.py
[2025-06-18T01:23:08.011+0000] {processor.py:840} INFO - DAG(s) 'prediccion_modelo_produccion_dag' retrieved from /opt/airflow/dags/prediccion_modelo_produccion_dag.py
[2025-06-18T01:23:08.044+0000] {logging_mixin.py:188} INFO - [2025-06-18T01:23:08.044+0000] {dag.py:3036} INFO - Sync 1 DAGs
[2025-06-18T01:23:08.091+0000] {logging_mixin.py:188} INFO - [2025-06-18T01:23:08.091+0000] {dag.py:3823} INFO - Setting next_dagrun for prediccion_modelo_produccion_dag to 2025-06-17 22:00:00+00:00, run_after=2025-06-18 22:00:00+00:00
[2025-06-18T01:23:08.126+0000] {processor.py:183} INFO - Processing /opt/airflow/dags/prediccion_modelo_produccion_dag.py took 0.151 seconds
[2025-06-18T01:23:38.234+0000] {processor.py:161} INFO - Started process (PID=432) to work on /opt/airflow/dags/prediccion_modelo_produccion_dag.py
[2025-06-18T01:23:38.239+0000] {processor.py:830} INFO - Processing file /opt/airflow/dags/prediccion_modelo_produccion_dag.py for tasks to queue
[2025-06-18T01:23:38.240+0000] {logging_mixin.py:188} INFO - [2025-06-18T01:23:38.240+0000] {dagbag.py:538} INFO - Filling up the DagBag from /opt/airflow/dags/prediccion_modelo_produccion_dag.py
[2025-06-18T01:23:38.258+0000] {processor.py:840} INFO - DAG(s) 'prediccion_modelo_produccion_dag' retrieved from /opt/airflow/dags/prediccion_modelo_produccion_dag.py
[2025-06-18T01:23:38.298+0000] {logging_mixin.py:188} INFO - [2025-06-18T01:23:38.298+0000] {dag.py:3036} INFO - Sync 1 DAGs
[2025-06-18T01:23:38.327+0000] {logging_mixin.py:188} INFO - [2025-06-18T01:23:38.327+0000] {dag.py:3823} INFO - Setting next_dagrun for prediccion_modelo_produccion_dag to 2025-06-17 22:00:00+00:00, run_after=2025-06-18 22:00:00+00:00
[2025-06-18T01:23:38.357+0000] {processor.py:183} INFO - Processing /opt/airflow/dags/prediccion_modelo_produccion_dag.py took 0.128 seconds
[2025-06-18T01:24:08.406+0000] {processor.py:161} INFO - Started process (PID=453) to work on /opt/airflow/dags/prediccion_modelo_produccion_dag.py
[2025-06-18T01:24:08.407+0000] {processor.py:830} INFO - Processing file /opt/airflow/dags/prediccion_modelo_produccion_dag.py for tasks to queue
[2025-06-18T01:24:08.409+0000] {logging_mixin.py:188} INFO - [2025-06-18T01:24:08.409+0000] {dagbag.py:538} INFO - Filling up the DagBag from /opt/airflow/dags/prediccion_modelo_produccion_dag.py
[2025-06-18T01:24:08.428+0000] {processor.py:840} INFO - DAG(s) 'prediccion_modelo_produccion_dag' retrieved from /opt/airflow/dags/prediccion_modelo_produccion_dag.py
[2025-06-18T01:24:08.477+0000] {logging_mixin.py:188} INFO - [2025-06-18T01:24:08.477+0000] {dag.py:3036} INFO - Sync 1 DAGs
[2025-06-18T01:24:08.561+0000] {logging_mixin.py:188} INFO - [2025-06-18T01:24:08.560+0000] {dag.py:3823} INFO - Setting next_dagrun for prediccion_modelo_produccion_dag to 2025-06-17 22:00:00+00:00, run_after=2025-06-18 22:00:00+00:00
[2025-06-18T01:24:08.618+0000] {processor.py:183} INFO - Processing /opt/airflow/dags/prediccion_modelo_produccion_dag.py took 0.218 seconds
[2025-06-18T01:24:38.663+0000] {processor.py:161} INFO - Started process (PID=489) to work on /opt/airflow/dags/prediccion_modelo_produccion_dag.py
[2025-06-18T01:24:38.669+0000] {processor.py:830} INFO - Processing file /opt/airflow/dags/prediccion_modelo_produccion_dag.py for tasks to queue
[2025-06-18T01:24:38.670+0000] {logging_mixin.py:188} INFO - [2025-06-18T01:24:38.670+0000] {dagbag.py:538} INFO - Filling up the DagBag from /opt/airflow/dags/prediccion_modelo_produccion_dag.py
[2025-06-18T01:24:38.686+0000] {processor.py:840} INFO - DAG(s) 'prediccion_modelo_produccion_dag' retrieved from /opt/airflow/dags/prediccion_modelo_produccion_dag.py
[2025-06-18T01:24:38.723+0000] {logging_mixin.py:188} INFO - [2025-06-18T01:24:38.723+0000] {dag.py:3036} INFO - Sync 1 DAGs
[2025-06-18T01:24:38.754+0000] {logging_mixin.py:188} INFO - [2025-06-18T01:24:38.753+0000] {dag.py:3823} INFO - Setting next_dagrun for prediccion_modelo_produccion_dag to 2025-06-17 22:00:00+00:00, run_after=2025-06-18 22:00:00+00:00
[2025-06-18T01:24:38.782+0000] {processor.py:183} INFO - Processing /opt/airflow/dags/prediccion_modelo_produccion_dag.py took 0.123 seconds
[2025-06-18T01:25:09.368+0000] {processor.py:161} INFO - Started process (PID=510) to work on /opt/airflow/dags/prediccion_modelo_produccion_dag.py
[2025-06-18T01:25:09.370+0000] {processor.py:830} INFO - Processing file /opt/airflow/dags/prediccion_modelo_produccion_dag.py for tasks to queue
[2025-06-18T01:25:09.372+0000] {logging_mixin.py:188} INFO - [2025-06-18T01:25:09.371+0000] {dagbag.py:538} INFO - Filling up the DagBag from /opt/airflow/dags/prediccion_modelo_produccion_dag.py
[2025-06-18T01:25:09.397+0000] {processor.py:840} INFO - DAG(s) 'prediccion_modelo_produccion_dag' retrieved from /opt/airflow/dags/prediccion_modelo_produccion_dag.py
[2025-06-18T01:25:09.453+0000] {logging_mixin.py:188} INFO - [2025-06-18T01:25:09.453+0000] {dag.py:3036} INFO - Sync 1 DAGs
[2025-06-18T01:25:09.490+0000] {logging_mixin.py:188} INFO - [2025-06-18T01:25:09.490+0000] {dag.py:3823} INFO - Setting next_dagrun for prediccion_modelo_produccion_dag to 2025-06-17 22:00:00+00:00, run_after=2025-06-18 22:00:00+00:00
[2025-06-18T01:25:09.513+0000] {processor.py:183} INFO - Processing /opt/airflow/dags/prediccion_modelo_produccion_dag.py took 0.153 seconds
[2025-06-18T01:25:40.135+0000] {processor.py:161} INFO - Started process (PID=546) to work on /opt/airflow/dags/prediccion_modelo_produccion_dag.py
[2025-06-18T01:25:40.138+0000] {processor.py:830} INFO - Processing file /opt/airflow/dags/prediccion_modelo_produccion_dag.py for tasks to queue
[2025-06-18T01:25:40.139+0000] {logging_mixin.py:188} INFO - [2025-06-18T01:25:40.139+0000] {dagbag.py:538} INFO - Filling up the DagBag from /opt/airflow/dags/prediccion_modelo_produccion_dag.py
[2025-06-18T01:25:40.155+0000] {processor.py:840} INFO - DAG(s) 'prediccion_modelo_produccion_dag' retrieved from /opt/airflow/dags/prediccion_modelo_produccion_dag.py
[2025-06-18T01:25:40.191+0000] {logging_mixin.py:188} INFO - [2025-06-18T01:25:40.191+0000] {dag.py:3036} INFO - Sync 1 DAGs
[2025-06-18T01:25:40.219+0000] {logging_mixin.py:188} INFO - [2025-06-18T01:25:40.218+0000] {dag.py:3823} INFO - Setting next_dagrun for prediccion_modelo_produccion_dag to 2025-06-17 22:00:00+00:00, run_after=2025-06-18 22:00:00+00:00
[2025-06-18T01:25:40.243+0000] {processor.py:183} INFO - Processing /opt/airflow/dags/prediccion_modelo_produccion_dag.py took 0.115 seconds
[2025-06-18T01:26:41.866+0000] {processor.py:161} INFO - Started process (PID=185) to work on /opt/airflow/dags/prediccion_modelo_produccion_dag.py
[2025-06-18T01:26:41.868+0000] {processor.py:830} INFO - Processing file /opt/airflow/dags/prediccion_modelo_produccion_dag.py for tasks to queue
[2025-06-18T01:26:41.869+0000] {logging_mixin.py:188} INFO - [2025-06-18T01:26:41.869+0000] {dagbag.py:538} INFO - Filling up the DagBag from /opt/airflow/dags/prediccion_modelo_produccion_dag.py
[2025-06-18T01:26:41.888+0000] {processor.py:840} INFO - DAG(s) 'prediccion_modelo_produccion_dag' retrieved from /opt/airflow/dags/prediccion_modelo_produccion_dag.py
[2025-06-18T01:26:42.287+0000] {logging_mixin.py:188} INFO - [2025-06-18T01:26:42.287+0000] {dag.py:3036} INFO - Sync 1 DAGs
[2025-06-18T01:26:42.322+0000] {logging_mixin.py:188} INFO - [2025-06-18T01:26:42.322+0000] {dag.py:3823} INFO - Setting next_dagrun for prediccion_modelo_produccion_dag to 2025-06-17 22:00:00+00:00, run_after=2025-06-18 22:00:00+00:00
[2025-06-18T01:26:42.360+0000] {processor.py:183} INFO - Processing /opt/airflow/dags/prediccion_modelo_produccion_dag.py took 0.501 seconds
[2025-06-18T01:27:13.044+0000] {processor.py:161} INFO - Started process (PID=280) to work on /opt/airflow/dags/prediccion_modelo_produccion_dag.py
[2025-06-18T01:27:13.049+0000] {processor.py:830} INFO - Processing file /opt/airflow/dags/prediccion_modelo_produccion_dag.py for tasks to queue
[2025-06-18T01:27:13.050+0000] {logging_mixin.py:188} INFO - [2025-06-18T01:27:13.049+0000] {dagbag.py:538} INFO - Filling up the DagBag from /opt/airflow/dags/prediccion_modelo_produccion_dag.py
[2025-06-18T01:27:13.063+0000] {processor.py:840} INFO - DAG(s) 'prediccion_modelo_produccion_dag' retrieved from /opt/airflow/dags/prediccion_modelo_produccion_dag.py
[2025-06-18T01:27:13.098+0000] {logging_mixin.py:188} INFO - [2025-06-18T01:27:13.098+0000] {dag.py:3036} INFO - Sync 1 DAGs
[2025-06-18T01:27:13.127+0000] {logging_mixin.py:188} INFO - [2025-06-18T01:27:13.127+0000] {dag.py:3823} INFO - Setting next_dagrun for prediccion_modelo_produccion_dag to 2025-06-17 22:00:00+00:00, run_after=2025-06-18 22:00:00+00:00
[2025-06-18T01:27:13.150+0000] {processor.py:183} INFO - Processing /opt/airflow/dags/prediccion_modelo_produccion_dag.py took 0.110 seconds
[2025-06-18T01:27:43.275+0000] {processor.py:161} INFO - Started process (PID=316) to work on /opt/airflow/dags/prediccion_modelo_produccion_dag.py
[2025-06-18T01:27:43.276+0000] {processor.py:830} INFO - Processing file /opt/airflow/dags/prediccion_modelo_produccion_dag.py for tasks to queue
[2025-06-18T01:27:43.277+0000] {logging_mixin.py:188} INFO - [2025-06-18T01:27:43.277+0000] {dagbag.py:538} INFO - Filling up the DagBag from /opt/airflow/dags/prediccion_modelo_produccion_dag.py
[2025-06-18T01:27:43.299+0000] {processor.py:840} INFO - DAG(s) 'prediccion_modelo_produccion_dag' retrieved from /opt/airflow/dags/prediccion_modelo_produccion_dag.py
[2025-06-18T01:27:43.354+0000] {logging_mixin.py:188} INFO - [2025-06-18T01:27:43.354+0000] {dag.py:3036} INFO - Sync 1 DAGs
[2025-06-18T01:27:43.399+0000] {logging_mixin.py:188} INFO - [2025-06-18T01:27:43.399+0000] {dag.py:3823} INFO - Setting next_dagrun for prediccion_modelo_produccion_dag to 2025-06-17 22:00:00+00:00, run_after=2025-06-18 22:00:00+00:00
[2025-06-18T01:27:43.430+0000] {processor.py:183} INFO - Processing /opt/airflow/dags/prediccion_modelo_produccion_dag.py took 0.159 seconds
[2025-06-18T01:28:13.550+0000] {processor.py:161} INFO - Started process (PID=337) to work on /opt/airflow/dags/prediccion_modelo_produccion_dag.py
[2025-06-18T01:28:13.555+0000] {processor.py:830} INFO - Processing file /opt/airflow/dags/prediccion_modelo_produccion_dag.py for tasks to queue
[2025-06-18T01:28:13.556+0000] {logging_mixin.py:188} INFO - [2025-06-18T01:28:13.555+0000] {dagbag.py:538} INFO - Filling up the DagBag from /opt/airflow/dags/prediccion_modelo_produccion_dag.py
[2025-06-18T01:28:13.568+0000] {processor.py:840} INFO - DAG(s) 'prediccion_modelo_produccion_dag' retrieved from /opt/airflow/dags/prediccion_modelo_produccion_dag.py
[2025-06-18T01:28:13.603+0000] {logging_mixin.py:188} INFO - [2025-06-18T01:28:13.602+0000] {dag.py:3036} INFO - Sync 1 DAGs
[2025-06-18T01:28:13.630+0000] {logging_mixin.py:188} INFO - [2025-06-18T01:28:13.630+0000] {dag.py:3823} INFO - Setting next_dagrun for prediccion_modelo_produccion_dag to 2025-06-17 22:00:00+00:00, run_after=2025-06-18 22:00:00+00:00
[2025-06-18T01:28:13.656+0000] {processor.py:183} INFO - Processing /opt/airflow/dags/prediccion_modelo_produccion_dag.py took 0.110 seconds
[2025-06-18T01:28:43.721+0000] {processor.py:161} INFO - Started process (PID=373) to work on /opt/airflow/dags/prediccion_modelo_produccion_dag.py
[2025-06-18T01:28:43.722+0000] {processor.py:830} INFO - Processing file /opt/airflow/dags/prediccion_modelo_produccion_dag.py for tasks to queue
[2025-06-18T01:28:43.723+0000] {logging_mixin.py:188} INFO - [2025-06-18T01:28:43.722+0000] {dagbag.py:538} INFO - Filling up the DagBag from /opt/airflow/dags/prediccion_modelo_produccion_dag.py
[2025-06-18T01:28:43.735+0000] {processor.py:840} INFO - DAG(s) 'prediccion_modelo_produccion_dag' retrieved from /opt/airflow/dags/prediccion_modelo_produccion_dag.py
[2025-06-18T01:28:43.766+0000] {logging_mixin.py:188} INFO - [2025-06-18T01:28:43.766+0000] {dag.py:3036} INFO - Sync 1 DAGs
[2025-06-18T01:28:43.809+0000] {logging_mixin.py:188} INFO - [2025-06-18T01:28:43.808+0000] {dag.py:3823} INFO - Setting next_dagrun for prediccion_modelo_produccion_dag to 2025-06-17 22:00:00+00:00, run_after=2025-06-18 22:00:00+00:00
[2025-06-18T01:28:43.833+0000] {processor.py:183} INFO - Processing /opt/airflow/dags/prediccion_modelo_produccion_dag.py took 0.117 seconds
