[2025-06-18T00:29:19.604+0000] {processor.py:161} INFO - Started process (PID=195) to work on /opt/airflow/dags/procesamiento_datos_autopia_dag.py
[2025-06-18T00:29:19.607+0000] {processor.py:830} INFO - Processing file /opt/airflow/dags/procesamiento_datos_autopia_dag.py for tasks to queue
[2025-06-18T00:29:19.610+0000] {logging_mixin.py:188} INFO - [2025-06-18T00:29:19.609+0000] {dagbag.py:538} INFO - Filling up the DagBag from /opt/airflow/dags/procesamiento_datos_autopia_dag.py
[2025-06-18T00:29:19.631+0000] {processor.py:840} INFO - DAG(s) 'procesamiento_datos_autopia_dag' retrieved from /opt/airflow/dags/procesamiento_datos_autopia_dag.py
[2025-06-18T00:29:19.804+0000] {logging_mixin.py:188} INFO - [2025-06-18T00:29:19.803+0000] {override.py:1769} INFO - Created Permission View: can delete on DAG:procesamiento_datos_autopia_dag
[2025-06-18T00:29:19.821+0000] {logging_mixin.py:188} INFO - [2025-06-18T00:29:19.820+0000] {override.py:1769} INFO - Created Permission View: can edit on DAG:procesamiento_datos_autopia_dag
[2025-06-18T00:29:19.846+0000] {logging_mixin.py:188} INFO - [2025-06-18T00:29:19.846+0000] {override.py:1769} INFO - Created Permission View: can read on DAG:procesamiento_datos_autopia_dag
[2025-06-18T00:29:19.847+0000] {logging_mixin.py:188} INFO - [2025-06-18T00:29:19.847+0000] {dag.py:3036} INFO - Sync 1 DAGs
[2025-06-18T00:29:19.861+0000] {logging_mixin.py:188} INFO - [2025-06-18T00:29:19.861+0000] {dag.py:3058} INFO - Creating ORM DAG for procesamiento_datos_autopia_dag
[2025-06-18T00:29:19.862+0000] {logging_mixin.py:188} INFO - [2025-06-18T00:29:19.862+0000] {dag.py:3823} INFO - Setting next_dagrun for procesamiento_datos_autopia_dag to None, run_after=None
[2025-06-18T00:29:19.891+0000] {processor.py:183} INFO - Processing /opt/airflow/dags/procesamiento_datos_autopia_dag.py took 0.297 seconds
[2025-06-18T00:29:51.131+0000] {processor.py:161} INFO - Started process (PID=222) to work on /opt/airflow/dags/procesamiento_datos_autopia_dag.py
[2025-06-18T00:29:51.133+0000] {processor.py:830} INFO - Processing file /opt/airflow/dags/procesamiento_datos_autopia_dag.py for tasks to queue
[2025-06-18T00:29:51.135+0000] {logging_mixin.py:188} INFO - [2025-06-18T00:29:51.134+0000] {dagbag.py:538} INFO - Filling up the DagBag from /opt/airflow/dags/procesamiento_datos_autopia_dag.py
[2025-06-18T00:29:51.150+0000] {processor.py:840} INFO - DAG(s) 'procesamiento_datos_autopia_dag' retrieved from /opt/airflow/dags/procesamiento_datos_autopia_dag.py
[2025-06-18T00:29:51.203+0000] {logging_mixin.py:188} INFO - [2025-06-18T00:29:51.202+0000] {dag.py:3036} INFO - Sync 1 DAGs
[2025-06-18T00:29:51.223+0000] {logging_mixin.py:188} INFO - [2025-06-18T00:29:51.223+0000] {dag.py:3823} INFO - Setting next_dagrun for procesamiento_datos_autopia_dag to None, run_after=None
[2025-06-18T00:29:51.268+0000] {processor.py:183} INFO - Processing /opt/airflow/dags/procesamiento_datos_autopia_dag.py took 0.143 seconds
[2025-06-18T00:30:23.145+0000] {processor.py:161} INFO - Started process (PID=248) to work on /opt/airflow/dags/procesamiento_datos_autopia_dag.py
[2025-06-18T00:30:24.243+0000] {processor.py:830} INFO - Processing file /opt/airflow/dags/procesamiento_datos_autopia_dag.py for tasks to queue
[2025-06-18T00:30:24.248+0000] {logging_mixin.py:188} INFO - [2025-06-18T00:30:24.246+0000] {dagbag.py:538} INFO - Filling up the DagBag from /opt/airflow/dags/procesamiento_datos_autopia_dag.py
[2025-06-18T00:30:24.292+0000] {processor.py:840} INFO - DAG(s) 'procesamiento_datos_autopia_dag' retrieved from /opt/airflow/dags/procesamiento_datos_autopia_dag.py
[2025-06-18T00:30:24.337+0000] {logging_mixin.py:188} INFO - [2025-06-18T00:30:24.337+0000] {dag.py:3036} INFO - Sync 1 DAGs
[2025-06-18T00:30:24.355+0000] {logging_mixin.py:188} INFO - [2025-06-18T00:30:24.354+0000] {dag.py:3823} INFO - Setting next_dagrun for procesamiento_datos_autopia_dag to None, run_after=None
[2025-06-18T00:30:25.729+0000] {processor.py:183} INFO - Processing /opt/airflow/dags/procesamiento_datos_autopia_dag.py took 2.589 seconds
[2025-06-18T00:30:56.741+0000] {processor.py:161} INFO - Started process (PID=287) to work on /opt/airflow/dags/procesamiento_datos_autopia_dag.py
[2025-06-18T00:30:56.747+0000] {processor.py:830} INFO - Processing file /opt/airflow/dags/procesamiento_datos_autopia_dag.py for tasks to queue
[2025-06-18T00:30:56.751+0000] {logging_mixin.py:188} INFO - [2025-06-18T00:30:56.750+0000] {dagbag.py:538} INFO - Filling up the DagBag from /opt/airflow/dags/procesamiento_datos_autopia_dag.py
[2025-06-18T00:30:56.796+0000] {processor.py:840} INFO - DAG(s) 'procesamiento_datos_autopia_dag' retrieved from /opt/airflow/dags/procesamiento_datos_autopia_dag.py
[2025-06-18T00:30:56.896+0000] {logging_mixin.py:188} INFO - [2025-06-18T00:30:56.896+0000] {dag.py:3036} INFO - Sync 1 DAGs
[2025-06-18T00:30:56.919+0000] {logging_mixin.py:188} INFO - [2025-06-18T00:30:56.919+0000] {dag.py:3823} INFO - Setting next_dagrun for procesamiento_datos_autopia_dag to None, run_after=None
[2025-06-18T00:30:56.950+0000] {processor.py:183} INFO - Processing /opt/airflow/dags/procesamiento_datos_autopia_dag.py took 0.224 seconds
[2025-06-18T00:31:27.290+0000] {processor.py:161} INFO - Started process (PID=305) to work on /opt/airflow/dags/procesamiento_datos_autopia_dag.py
[2025-06-18T00:31:27.335+0000] {processor.py:830} INFO - Processing file /opt/airflow/dags/procesamiento_datos_autopia_dag.py for tasks to queue
[2025-06-18T00:31:27.337+0000] {logging_mixin.py:188} INFO - [2025-06-18T00:31:27.336+0000] {dagbag.py:538} INFO - Filling up the DagBag from /opt/airflow/dags/procesamiento_datos_autopia_dag.py
[2025-06-18T00:31:27.351+0000] {processor.py:840} INFO - DAG(s) 'procesamiento_datos_autopia_dag' retrieved from /opt/airflow/dags/procesamiento_datos_autopia_dag.py
[2025-06-18T00:31:27.391+0000] {logging_mixin.py:188} INFO - [2025-06-18T00:31:27.391+0000] {dag.py:3036} INFO - Sync 1 DAGs
[2025-06-18T00:31:27.407+0000] {logging_mixin.py:188} INFO - [2025-06-18T00:31:27.407+0000] {dag.py:3823} INFO - Setting next_dagrun for procesamiento_datos_autopia_dag to None, run_after=None
[2025-06-18T00:31:27.447+0000] {processor.py:183} INFO - Processing /opt/airflow/dags/procesamiento_datos_autopia_dag.py took 0.164 seconds
[2025-06-18T00:31:58.356+0000] {processor.py:161} INFO - Started process (PID=341) to work on /opt/airflow/dags/procesamiento_datos_autopia_dag.py
[2025-06-18T00:31:58.363+0000] {processor.py:830} INFO - Processing file /opt/airflow/dags/procesamiento_datos_autopia_dag.py for tasks to queue
[2025-06-18T00:31:58.365+0000] {logging_mixin.py:188} INFO - [2025-06-18T00:31:58.364+0000] {dagbag.py:538} INFO - Filling up the DagBag from /opt/airflow/dags/procesamiento_datos_autopia_dag.py
[2025-06-18T00:31:58.388+0000] {processor.py:840} INFO - DAG(s) 'procesamiento_datos_autopia_dag' retrieved from /opt/airflow/dags/procesamiento_datos_autopia_dag.py
[2025-06-18T00:31:58.452+0000] {logging_mixin.py:188} INFO - [2025-06-18T00:31:58.451+0000] {dag.py:3036} INFO - Sync 1 DAGs
[2025-06-18T00:31:58.483+0000] {logging_mixin.py:188} INFO - [2025-06-18T00:31:58.482+0000] {dag.py:3823} INFO - Setting next_dagrun for procesamiento_datos_autopia_dag to None, run_after=None
[2025-06-18T00:31:58.536+0000] {processor.py:183} INFO - Processing /opt/airflow/dags/procesamiento_datos_autopia_dag.py took 0.198 seconds
[2025-06-18T00:32:28.740+0000] {processor.py:161} INFO - Started process (PID=362) to work on /opt/airflow/dags/procesamiento_datos_autopia_dag.py
[2025-06-18T00:32:28.756+0000] {processor.py:830} INFO - Processing file /opt/airflow/dags/procesamiento_datos_autopia_dag.py for tasks to queue
[2025-06-18T00:32:28.759+0000] {logging_mixin.py:188} INFO - [2025-06-18T00:32:28.758+0000] {dagbag.py:538} INFO - Filling up the DagBag from /opt/airflow/dags/procesamiento_datos_autopia_dag.py
[2025-06-18T00:32:28.786+0000] {processor.py:840} INFO - DAG(s) 'procesamiento_datos_autopia_dag' retrieved from /opt/airflow/dags/procesamiento_datos_autopia_dag.py
[2025-06-18T00:32:28.824+0000] {logging_mixin.py:188} INFO - [2025-06-18T00:32:28.824+0000] {dag.py:3036} INFO - Sync 1 DAGs
[2025-06-18T00:32:28.841+0000] {logging_mixin.py:188} INFO - [2025-06-18T00:32:28.841+0000] {dag.py:3823} INFO - Setting next_dagrun for procesamiento_datos_autopia_dag to None, run_after=None
[2025-06-18T00:32:28.868+0000] {processor.py:183} INFO - Processing /opt/airflow/dags/procesamiento_datos_autopia_dag.py took 0.136 seconds
[2025-06-18T00:32:59.325+0000] {processor.py:161} INFO - Started process (PID=398) to work on /opt/airflow/dags/procesamiento_datos_autopia_dag.py
[2025-06-18T00:32:59.329+0000] {processor.py:830} INFO - Processing file /opt/airflow/dags/procesamiento_datos_autopia_dag.py for tasks to queue
[2025-06-18T00:32:59.331+0000] {logging_mixin.py:188} INFO - [2025-06-18T00:32:59.331+0000] {dagbag.py:538} INFO - Filling up the DagBag from /opt/airflow/dags/procesamiento_datos_autopia_dag.py
[2025-06-18T00:32:59.350+0000] {processor.py:840} INFO - DAG(s) 'procesamiento_datos_autopia_dag' retrieved from /opt/airflow/dags/procesamiento_datos_autopia_dag.py
[2025-06-18T00:32:59.397+0000] {logging_mixin.py:188} INFO - [2025-06-18T00:32:59.397+0000] {dag.py:3036} INFO - Sync 1 DAGs
[2025-06-18T00:32:59.413+0000] {logging_mixin.py:188} INFO - [2025-06-18T00:32:59.413+0000] {dag.py:3823} INFO - Setting next_dagrun for procesamiento_datos_autopia_dag to None, run_after=None
[2025-06-18T00:32:59.461+0000] {processor.py:183} INFO - Processing /opt/airflow/dags/procesamiento_datos_autopia_dag.py took 0.145 seconds
[2025-06-18T00:33:29.613+0000] {processor.py:161} INFO - Started process (PID=419) to work on /opt/airflow/dags/procesamiento_datos_autopia_dag.py
[2025-06-18T00:33:29.617+0000] {processor.py:830} INFO - Processing file /opt/airflow/dags/procesamiento_datos_autopia_dag.py for tasks to queue
[2025-06-18T00:33:29.618+0000] {logging_mixin.py:188} INFO - [2025-06-18T00:33:29.618+0000] {dagbag.py:538} INFO - Filling up the DagBag from /opt/airflow/dags/procesamiento_datos_autopia_dag.py
[2025-06-18T00:33:29.631+0000] {processor.py:840} INFO - DAG(s) 'procesamiento_datos_autopia_dag' retrieved from /opt/airflow/dags/procesamiento_datos_autopia_dag.py
[2025-06-18T00:33:29.668+0000] {logging_mixin.py:188} INFO - [2025-06-18T00:33:29.668+0000] {dag.py:3036} INFO - Sync 1 DAGs
[2025-06-18T00:33:29.682+0000] {logging_mixin.py:188} INFO - [2025-06-18T00:33:29.682+0000] {dag.py:3823} INFO - Setting next_dagrun for procesamiento_datos_autopia_dag to None, run_after=None
[2025-06-18T00:33:29.733+0000] {processor.py:183} INFO - Processing /opt/airflow/dags/procesamiento_datos_autopia_dag.py took 0.127 seconds
[2025-06-18T00:34:00.687+0000] {processor.py:161} INFO - Started process (PID=455) to work on /opt/airflow/dags/procesamiento_datos_autopia_dag.py
[2025-06-18T00:34:00.712+0000] {processor.py:830} INFO - Processing file /opt/airflow/dags/procesamiento_datos_autopia_dag.py for tasks to queue
[2025-06-18T00:34:00.715+0000] {logging_mixin.py:188} INFO - [2025-06-18T00:34:00.714+0000] {dagbag.py:538} INFO - Filling up the DagBag from /opt/airflow/dags/procesamiento_datos_autopia_dag.py
[2025-06-18T00:34:00.743+0000] {processor.py:840} INFO - DAG(s) 'procesamiento_datos_autopia_dag' retrieved from /opt/airflow/dags/procesamiento_datos_autopia_dag.py
[2025-06-18T00:34:00.831+0000] {logging_mixin.py:188} INFO - [2025-06-18T00:34:00.831+0000] {dag.py:3036} INFO - Sync 1 DAGs
[2025-06-18T00:34:00.860+0000] {logging_mixin.py:188} INFO - [2025-06-18T00:34:00.860+0000] {dag.py:3823} INFO - Setting next_dagrun for procesamiento_datos_autopia_dag to None, run_after=None
[2025-06-18T00:34:00.891+0000] {processor.py:183} INFO - Processing /opt/airflow/dags/procesamiento_datos_autopia_dag.py took 0.209 seconds
[2025-06-18T00:34:31.268+0000] {processor.py:161} INFO - Started process (PID=476) to work on /opt/airflow/dags/procesamiento_datos_autopia_dag.py
[2025-06-18T00:34:31.277+0000] {processor.py:830} INFO - Processing file /opt/airflow/dags/procesamiento_datos_autopia_dag.py for tasks to queue
[2025-06-18T00:34:31.279+0000] {logging_mixin.py:188} INFO - [2025-06-18T00:34:31.278+0000] {dagbag.py:538} INFO - Filling up the DagBag from /opt/airflow/dags/procesamiento_datos_autopia_dag.py
[2025-06-18T00:34:31.308+0000] {processor.py:840} INFO - DAG(s) 'procesamiento_datos_autopia_dag' retrieved from /opt/airflow/dags/procesamiento_datos_autopia_dag.py
[2025-06-18T00:34:31.380+0000] {logging_mixin.py:188} INFO - [2025-06-18T00:34:31.379+0000] {dag.py:3036} INFO - Sync 1 DAGs
[2025-06-18T00:34:31.397+0000] {logging_mixin.py:188} INFO - [2025-06-18T00:34:31.397+0000] {dag.py:3823} INFO - Setting next_dagrun for procesamiento_datos_autopia_dag to None, run_after=None
[2025-06-18T00:34:31.691+0000] {processor.py:183} INFO - Processing /opt/airflow/dags/procesamiento_datos_autopia_dag.py took 0.436 seconds
[2025-06-18T00:35:02.564+0000] {processor.py:161} INFO - Started process (PID=512) to work on /opt/airflow/dags/procesamiento_datos_autopia_dag.py
[2025-06-18T00:35:02.567+0000] {processor.py:830} INFO - Processing file /opt/airflow/dags/procesamiento_datos_autopia_dag.py for tasks to queue
[2025-06-18T00:35:02.568+0000] {logging_mixin.py:188} INFO - [2025-06-18T00:35:02.568+0000] {dagbag.py:538} INFO - Filling up the DagBag from /opt/airflow/dags/procesamiento_datos_autopia_dag.py
[2025-06-18T00:35:02.583+0000] {processor.py:840} INFO - DAG(s) 'procesamiento_datos_autopia_dag' retrieved from /opt/airflow/dags/procesamiento_datos_autopia_dag.py
[2025-06-18T00:35:02.620+0000] {logging_mixin.py:188} INFO - [2025-06-18T00:35:02.620+0000] {dag.py:3036} INFO - Sync 1 DAGs
[2025-06-18T00:35:02.636+0000] {logging_mixin.py:188} INFO - [2025-06-18T00:35:02.636+0000] {dag.py:3823} INFO - Setting next_dagrun for procesamiento_datos_autopia_dag to None, run_after=None
[2025-06-18T00:35:02.663+0000] {processor.py:183} INFO - Processing /opt/airflow/dags/procesamiento_datos_autopia_dag.py took 0.108 seconds
[2025-06-18T00:35:33.318+0000] {processor.py:161} INFO - Started process (PID=533) to work on /opt/airflow/dags/procesamiento_datos_autopia_dag.py
[2025-06-18T00:35:33.462+0000] {processor.py:830} INFO - Processing file /opt/airflow/dags/procesamiento_datos_autopia_dag.py for tasks to queue
[2025-06-18T00:35:33.467+0000] {logging_mixin.py:188} INFO - [2025-06-18T00:35:33.465+0000] {dagbag.py:538} INFO - Filling up the DagBag from /opt/airflow/dags/procesamiento_datos_autopia_dag.py
[2025-06-18T00:35:33.504+0000] {processor.py:840} INFO - DAG(s) 'procesamiento_datos_autopia_dag' retrieved from /opt/airflow/dags/procesamiento_datos_autopia_dag.py
[2025-06-18T00:35:33.551+0000] {logging_mixin.py:188} INFO - [2025-06-18T00:35:33.551+0000] {dag.py:3036} INFO - Sync 1 DAGs
[2025-06-18T00:35:33.568+0000] {logging_mixin.py:188} INFO - [2025-06-18T00:35:33.568+0000] {dag.py:3823} INFO - Setting next_dagrun for procesamiento_datos_autopia_dag to None, run_after=None
[2025-06-18T00:35:33.657+0000] {processor.py:183} INFO - Processing /opt/airflow/dags/procesamiento_datos_autopia_dag.py took 0.352 seconds
[2025-06-18T00:36:04.011+0000] {processor.py:161} INFO - Started process (PID=569) to work on /opt/airflow/dags/procesamiento_datos_autopia_dag.py
[2025-06-18T00:36:04.018+0000] {processor.py:830} INFO - Processing file /opt/airflow/dags/procesamiento_datos_autopia_dag.py for tasks to queue
[2025-06-18T00:36:04.021+0000] {logging_mixin.py:188} INFO - [2025-06-18T00:36:04.020+0000] {dagbag.py:538} INFO - Filling up the DagBag from /opt/airflow/dags/procesamiento_datos_autopia_dag.py
[2025-06-18T00:36:04.044+0000] {processor.py:840} INFO - DAG(s) 'procesamiento_datos_autopia_dag' retrieved from /opt/airflow/dags/procesamiento_datos_autopia_dag.py
[2025-06-18T00:36:04.078+0000] {logging_mixin.py:188} INFO - [2025-06-18T00:36:04.078+0000] {dag.py:3036} INFO - Sync 1 DAGs
[2025-06-18T00:36:04.093+0000] {logging_mixin.py:188} INFO - [2025-06-18T00:36:04.093+0000] {dag.py:3823} INFO - Setting next_dagrun for procesamiento_datos_autopia_dag to None, run_after=None
[2025-06-18T00:36:04.138+0000] {processor.py:183} INFO - Processing /opt/airflow/dags/procesamiento_datos_autopia_dag.py took 0.139 seconds
[2025-06-18T00:36:34.418+0000] {processor.py:161} INFO - Started process (PID=590) to work on /opt/airflow/dags/procesamiento_datos_autopia_dag.py
[2025-06-18T00:36:34.422+0000] {processor.py:830} INFO - Processing file /opt/airflow/dags/procesamiento_datos_autopia_dag.py for tasks to queue
[2025-06-18T00:36:34.424+0000] {logging_mixin.py:188} INFO - [2025-06-18T00:36:34.423+0000] {dagbag.py:538} INFO - Filling up the DagBag from /opt/airflow/dags/procesamiento_datos_autopia_dag.py
[2025-06-18T00:36:34.440+0000] {processor.py:840} INFO - DAG(s) 'procesamiento_datos_autopia_dag' retrieved from /opt/airflow/dags/procesamiento_datos_autopia_dag.py
[2025-06-18T00:36:34.491+0000] {logging_mixin.py:188} INFO - [2025-06-18T00:36:34.491+0000] {dag.py:3036} INFO - Sync 1 DAGs
[2025-06-18T00:36:34.510+0000] {logging_mixin.py:188} INFO - [2025-06-18T00:36:34.509+0000] {dag.py:3823} INFO - Setting next_dagrun for procesamiento_datos_autopia_dag to None, run_after=None
[2025-06-18T00:36:34.564+0000] {processor.py:183} INFO - Processing /opt/airflow/dags/procesamiento_datos_autopia_dag.py took 0.155 seconds
[2025-06-18T00:37:04.645+0000] {processor.py:161} INFO - Started process (PID=626) to work on /opt/airflow/dags/procesamiento_datos_autopia_dag.py
[2025-06-18T00:37:04.650+0000] {processor.py:830} INFO - Processing file /opt/airflow/dags/procesamiento_datos_autopia_dag.py for tasks to queue
[2025-06-18T00:37:04.652+0000] {logging_mixin.py:188} INFO - [2025-06-18T00:37:04.651+0000] {dagbag.py:538} INFO - Filling up the DagBag from /opt/airflow/dags/procesamiento_datos_autopia_dag.py
[2025-06-18T00:37:04.681+0000] {processor.py:840} INFO - DAG(s) 'procesamiento_datos_autopia_dag' retrieved from /opt/airflow/dags/procesamiento_datos_autopia_dag.py
[2025-06-18T00:37:04.757+0000] {logging_mixin.py:188} INFO - [2025-06-18T00:37:04.756+0000] {dag.py:3036} INFO - Sync 1 DAGs
[2025-06-18T00:37:04.792+0000] {logging_mixin.py:188} INFO - [2025-06-18T00:37:04.791+0000] {dag.py:3823} INFO - Setting next_dagrun for procesamiento_datos_autopia_dag to None, run_after=None
[2025-06-18T00:37:04.850+0000] {processor.py:183} INFO - Processing /opt/airflow/dags/procesamiento_datos_autopia_dag.py took 0.214 seconds
[2025-06-18T00:37:35.146+0000] {processor.py:161} INFO - Started process (PID=655) to work on /opt/airflow/dags/procesamiento_datos_autopia_dag.py
[2025-06-18T00:37:35.148+0000] {processor.py:830} INFO - Processing file /opt/airflow/dags/procesamiento_datos_autopia_dag.py for tasks to queue
[2025-06-18T00:37:35.150+0000] {logging_mixin.py:188} INFO - [2025-06-18T00:37:35.149+0000] {dagbag.py:538} INFO - Filling up the DagBag from /opt/airflow/dags/procesamiento_datos_autopia_dag.py
[2025-06-18T00:37:35.162+0000] {processor.py:840} INFO - DAG(s) 'procesamiento_datos_autopia_dag' retrieved from /opt/airflow/dags/procesamiento_datos_autopia_dag.py
[2025-06-18T00:37:35.198+0000] {logging_mixin.py:188} INFO - [2025-06-18T00:37:35.197+0000] {dag.py:3036} INFO - Sync 1 DAGs
[2025-06-18T00:37:35.213+0000] {logging_mixin.py:188} INFO - [2025-06-18T00:37:35.212+0000] {dag.py:3823} INFO - Setting next_dagrun for procesamiento_datos_autopia_dag to None, run_after=None
[2025-06-18T00:37:35.275+0000] {processor.py:183} INFO - Processing /opt/airflow/dags/procesamiento_datos_autopia_dag.py took 0.134 seconds
[2025-06-18T00:38:06.245+0000] {processor.py:161} INFO - Started process (PID=683) to work on /opt/airflow/dags/procesamiento_datos_autopia_dag.py
[2025-06-18T00:38:06.257+0000] {processor.py:830} INFO - Processing file /opt/airflow/dags/procesamiento_datos_autopia_dag.py for tasks to queue
[2025-06-18T00:38:06.260+0000] {logging_mixin.py:188} INFO - [2025-06-18T00:38:06.259+0000] {dagbag.py:538} INFO - Filling up the DagBag from /opt/airflow/dags/procesamiento_datos_autopia_dag.py
[2025-06-18T00:38:06.300+0000] {processor.py:840} INFO - DAG(s) 'procesamiento_datos_autopia_dag' retrieved from /opt/airflow/dags/procesamiento_datos_autopia_dag.py
[2025-06-18T00:38:06.382+0000] {logging_mixin.py:188} INFO - [2025-06-18T00:38:06.381+0000] {dag.py:3036} INFO - Sync 1 DAGs
[2025-06-18T00:38:06.405+0000] {logging_mixin.py:188} INFO - [2025-06-18T00:38:06.405+0000] {dag.py:3823} INFO - Setting next_dagrun for procesamiento_datos_autopia_dag to None, run_after=None
[2025-06-18T00:38:06.460+0000] {processor.py:183} INFO - Processing /opt/airflow/dags/procesamiento_datos_autopia_dag.py took 0.226 seconds
[2025-06-18T00:38:36.690+0000] {processor.py:161} INFO - Started process (PID=719) to work on /opt/airflow/dags/procesamiento_datos_autopia_dag.py
[2025-06-18T00:38:36.696+0000] {processor.py:830} INFO - Processing file /opt/airflow/dags/procesamiento_datos_autopia_dag.py for tasks to queue
[2025-06-18T00:38:36.701+0000] {logging_mixin.py:188} INFO - [2025-06-18T00:38:36.699+0000] {dagbag.py:538} INFO - Filling up the DagBag from /opt/airflow/dags/procesamiento_datos_autopia_dag.py
[2025-06-18T00:38:36.742+0000] {processor.py:840} INFO - DAG(s) 'procesamiento_datos_autopia_dag' retrieved from /opt/airflow/dags/procesamiento_datos_autopia_dag.py
[2025-06-18T00:38:36.863+0000] {logging_mixin.py:188} INFO - [2025-06-18T00:38:36.862+0000] {dag.py:3036} INFO - Sync 1 DAGs
[2025-06-18T00:38:36.884+0000] {logging_mixin.py:188} INFO - [2025-06-18T00:38:36.883+0000] {dag.py:3823} INFO - Setting next_dagrun for procesamiento_datos_autopia_dag to None, run_after=None
[2025-06-18T00:38:36.927+0000] {processor.py:183} INFO - Processing /opt/airflow/dags/procesamiento_datos_autopia_dag.py took 0.260 seconds
[2025-06-18T00:39:07.694+0000] {processor.py:161} INFO - Started process (PID=740) to work on /opt/airflow/dags/procesamiento_datos_autopia_dag.py
[2025-06-18T00:39:07.696+0000] {processor.py:830} INFO - Processing file /opt/airflow/dags/procesamiento_datos_autopia_dag.py for tasks to queue
[2025-06-18T00:39:07.697+0000] {logging_mixin.py:188} INFO - [2025-06-18T00:39:07.697+0000] {dagbag.py:538} INFO - Filling up the DagBag from /opt/airflow/dags/procesamiento_datos_autopia_dag.py
[2025-06-18T00:39:07.710+0000] {processor.py:840} INFO - DAG(s) 'procesamiento_datos_autopia_dag' retrieved from /opt/airflow/dags/procesamiento_datos_autopia_dag.py
[2025-06-18T00:39:07.743+0000] {logging_mixin.py:188} INFO - [2025-06-18T00:39:07.742+0000] {dag.py:3036} INFO - Sync 1 DAGs
[2025-06-18T00:39:07.758+0000] {logging_mixin.py:188} INFO - [2025-06-18T00:39:07.758+0000] {dag.py:3823} INFO - Setting next_dagrun for procesamiento_datos_autopia_dag to None, run_after=None
[2025-06-18T00:39:07.810+0000] {processor.py:183} INFO - Processing /opt/airflow/dags/procesamiento_datos_autopia_dag.py took 0.122 seconds
[2025-06-18T00:39:38.565+0000] {processor.py:161} INFO - Started process (PID=776) to work on /opt/airflow/dags/procesamiento_datos_autopia_dag.py
[2025-06-18T00:39:38.568+0000] {processor.py:830} INFO - Processing file /opt/airflow/dags/procesamiento_datos_autopia_dag.py for tasks to queue
[2025-06-18T00:39:38.569+0000] {logging_mixin.py:188} INFO - [2025-06-18T00:39:38.569+0000] {dagbag.py:538} INFO - Filling up the DagBag from /opt/airflow/dags/procesamiento_datos_autopia_dag.py
[2025-06-18T00:39:38.587+0000] {processor.py:840} INFO - DAG(s) 'procesamiento_datos_autopia_dag' retrieved from /opt/airflow/dags/procesamiento_datos_autopia_dag.py
[2025-06-18T00:39:38.632+0000] {logging_mixin.py:188} INFO - [2025-06-18T00:39:38.632+0000] {dag.py:3036} INFO - Sync 1 DAGs
[2025-06-18T00:39:38.650+0000] {logging_mixin.py:188} INFO - [2025-06-18T00:39:38.649+0000] {dag.py:3823} INFO - Setting next_dagrun for procesamiento_datos_autopia_dag to None, run_after=None
[2025-06-18T00:39:38.712+0000] {processor.py:183} INFO - Processing /opt/airflow/dags/procesamiento_datos_autopia_dag.py took 0.153 seconds
[2025-06-18T00:40:09.304+0000] {processor.py:161} INFO - Started process (PID=797) to work on /opt/airflow/dags/procesamiento_datos_autopia_dag.py
[2025-06-18T00:40:09.306+0000] {processor.py:830} INFO - Processing file /opt/airflow/dags/procesamiento_datos_autopia_dag.py for tasks to queue
[2025-06-18T00:40:09.307+0000] {logging_mixin.py:188} INFO - [2025-06-18T00:40:09.306+0000] {dagbag.py:538} INFO - Filling up the DagBag from /opt/airflow/dags/procesamiento_datos_autopia_dag.py
[2025-06-18T00:40:09.319+0000] {processor.py:840} INFO - DAG(s) 'procesamiento_datos_autopia_dag' retrieved from /opt/airflow/dags/procesamiento_datos_autopia_dag.py
[2025-06-18T00:40:09.353+0000] {logging_mixin.py:188} INFO - [2025-06-18T00:40:09.352+0000] {dag.py:3036} INFO - Sync 1 DAGs
[2025-06-18T00:40:09.366+0000] {logging_mixin.py:188} INFO - [2025-06-18T00:40:09.366+0000] {dag.py:3823} INFO - Setting next_dagrun for procesamiento_datos_autopia_dag to None, run_after=None
[2025-06-18T00:40:09.411+0000] {processor.py:183} INFO - Processing /opt/airflow/dags/procesamiento_datos_autopia_dag.py took 0.112 seconds
[2025-06-18T00:40:40.134+0000] {processor.py:161} INFO - Started process (PID=833) to work on /opt/airflow/dags/procesamiento_datos_autopia_dag.py
[2025-06-18T00:40:40.136+0000] {processor.py:830} INFO - Processing file /opt/airflow/dags/procesamiento_datos_autopia_dag.py for tasks to queue
[2025-06-18T00:40:40.138+0000] {logging_mixin.py:188} INFO - [2025-06-18T00:40:40.138+0000] {dagbag.py:538} INFO - Filling up the DagBag from /opt/airflow/dags/procesamiento_datos_autopia_dag.py
[2025-06-18T00:40:40.170+0000] {processor.py:840} INFO - DAG(s) 'procesamiento_datos_autopia_dag' retrieved from /opt/airflow/dags/procesamiento_datos_autopia_dag.py
[2025-06-18T00:40:40.217+0000] {logging_mixin.py:188} INFO - [2025-06-18T00:40:40.216+0000] {dag.py:3036} INFO - Sync 1 DAGs
[2025-06-18T00:40:40.236+0000] {logging_mixin.py:188} INFO - [2025-06-18T00:40:40.235+0000] {dag.py:3823} INFO - Setting next_dagrun for procesamiento_datos_autopia_dag to None, run_after=None
[2025-06-18T00:40:40.319+0000] {processor.py:183} INFO - Processing /opt/airflow/dags/procesamiento_datos_autopia_dag.py took 0.192 seconds
[2025-06-18T00:41:10.404+0000] {processor.py:161} INFO - Started process (PID=854) to work on /opt/airflow/dags/procesamiento_datos_autopia_dag.py
[2025-06-18T00:41:10.409+0000] {processor.py:830} INFO - Processing file /opt/airflow/dags/procesamiento_datos_autopia_dag.py for tasks to queue
[2025-06-18T00:41:10.411+0000] {logging_mixin.py:188} INFO - [2025-06-18T00:41:10.410+0000] {dagbag.py:538} INFO - Filling up the DagBag from /opt/airflow/dags/procesamiento_datos_autopia_dag.py
[2025-06-18T00:41:10.425+0000] {processor.py:840} INFO - DAG(s) 'procesamiento_datos_autopia_dag' retrieved from /opt/airflow/dags/procesamiento_datos_autopia_dag.py
[2025-06-18T00:41:10.464+0000] {logging_mixin.py:188} INFO - [2025-06-18T00:41:10.464+0000] {dag.py:3036} INFO - Sync 1 DAGs
[2025-06-18T00:41:10.478+0000] {logging_mixin.py:188} INFO - [2025-06-18T00:41:10.478+0000] {dag.py:3823} INFO - Setting next_dagrun for procesamiento_datos_autopia_dag to None, run_after=None
[2025-06-18T00:41:10.552+0000] {processor.py:183} INFO - Processing /opt/airflow/dags/procesamiento_datos_autopia_dag.py took 0.153 seconds
[2025-06-18T00:41:41.138+0000] {processor.py:161} INFO - Started process (PID=890) to work on /opt/airflow/dags/procesamiento_datos_autopia_dag.py
[2025-06-18T00:41:41.140+0000] {processor.py:830} INFO - Processing file /opt/airflow/dags/procesamiento_datos_autopia_dag.py for tasks to queue
[2025-06-18T00:41:41.141+0000] {logging_mixin.py:188} INFO - [2025-06-18T00:41:41.141+0000] {dagbag.py:538} INFO - Filling up the DagBag from /opt/airflow/dags/procesamiento_datos_autopia_dag.py
[2025-06-18T00:41:41.155+0000] {processor.py:840} INFO - DAG(s) 'procesamiento_datos_autopia_dag' retrieved from /opt/airflow/dags/procesamiento_datos_autopia_dag.py
[2025-06-18T00:41:41.189+0000] {logging_mixin.py:188} INFO - [2025-06-18T00:41:41.189+0000] {dag.py:3036} INFO - Sync 1 DAGs
[2025-06-18T00:41:41.204+0000] {logging_mixin.py:188} INFO - [2025-06-18T00:41:41.204+0000] {dag.py:3823} INFO - Setting next_dagrun for procesamiento_datos_autopia_dag to None, run_after=None
[2025-06-18T00:41:41.445+0000] {processor.py:183} INFO - Processing /opt/airflow/dags/procesamiento_datos_autopia_dag.py took 0.316 seconds
[2025-06-18T00:42:12.429+0000] {processor.py:161} INFO - Started process (PID=911) to work on /opt/airflow/dags/procesamiento_datos_autopia_dag.py
[2025-06-18T00:42:12.446+0000] {processor.py:830} INFO - Processing file /opt/airflow/dags/procesamiento_datos_autopia_dag.py for tasks to queue
[2025-06-18T00:42:12.449+0000] {logging_mixin.py:188} INFO - [2025-06-18T00:42:12.448+0000] {dagbag.py:538} INFO - Filling up the DagBag from /opt/airflow/dags/procesamiento_datos_autopia_dag.py
[2025-06-18T00:42:12.470+0000] {processor.py:840} INFO - DAG(s) 'procesamiento_datos_autopia_dag' retrieved from /opt/airflow/dags/procesamiento_datos_autopia_dag.py
[2025-06-18T00:42:12.508+0000] {logging_mixin.py:188} INFO - [2025-06-18T00:42:12.508+0000] {dag.py:3036} INFO - Sync 1 DAGs
[2025-06-18T00:42:12.522+0000] {logging_mixin.py:188} INFO - [2025-06-18T00:42:12.522+0000] {dag.py:3823} INFO - Setting next_dagrun for procesamiento_datos_autopia_dag to None, run_after=None
[2025-06-18T00:42:12.564+0000] {processor.py:183} INFO - Processing /opt/airflow/dags/procesamiento_datos_autopia_dag.py took 0.141 seconds
[2025-06-18T00:42:43.008+0000] {processor.py:161} INFO - Started process (PID=947) to work on /opt/airflow/dags/procesamiento_datos_autopia_dag.py
[2025-06-18T00:42:43.011+0000] {processor.py:830} INFO - Processing file /opt/airflow/dags/procesamiento_datos_autopia_dag.py for tasks to queue
[2025-06-18T00:42:43.014+0000] {logging_mixin.py:188} INFO - [2025-06-18T00:42:43.013+0000] {dagbag.py:538} INFO - Filling up the DagBag from /opt/airflow/dags/procesamiento_datos_autopia_dag.py
[2025-06-18T00:42:43.042+0000] {processor.py:840} INFO - DAG(s) 'procesamiento_datos_autopia_dag' retrieved from /opt/airflow/dags/procesamiento_datos_autopia_dag.py
[2025-06-18T00:42:43.084+0000] {logging_mixin.py:188} INFO - [2025-06-18T00:42:43.084+0000] {dag.py:3036} INFO - Sync 1 DAGs
[2025-06-18T00:42:43.102+0000] {logging_mixin.py:188} INFO - [2025-06-18T00:42:43.102+0000] {dag.py:3823} INFO - Setting next_dagrun for procesamiento_datos_autopia_dag to None, run_after=None
[2025-06-18T00:42:43.128+0000] {processor.py:183} INFO - Processing /opt/airflow/dags/procesamiento_datos_autopia_dag.py took 0.133 seconds
[2025-06-18T00:43:13.540+0000] {processor.py:161} INFO - Started process (PID=968) to work on /opt/airflow/dags/procesamiento_datos_autopia_dag.py
[2025-06-18T00:43:13.545+0000] {processor.py:830} INFO - Processing file /opt/airflow/dags/procesamiento_datos_autopia_dag.py for tasks to queue
[2025-06-18T00:43:13.546+0000] {logging_mixin.py:188} INFO - [2025-06-18T00:43:13.546+0000] {dagbag.py:538} INFO - Filling up the DagBag from /opt/airflow/dags/procesamiento_datos_autopia_dag.py
[2025-06-18T00:43:13.559+0000] {processor.py:840} INFO - DAG(s) 'procesamiento_datos_autopia_dag' retrieved from /opt/airflow/dags/procesamiento_datos_autopia_dag.py
[2025-06-18T00:43:13.593+0000] {logging_mixin.py:188} INFO - [2025-06-18T00:43:13.593+0000] {dag.py:3036} INFO - Sync 1 DAGs
[2025-06-18T00:43:13.606+0000] {logging_mixin.py:188} INFO - [2025-06-18T00:43:13.606+0000] {dag.py:3823} INFO - Setting next_dagrun for procesamiento_datos_autopia_dag to None, run_after=None
[2025-06-18T00:43:13.651+0000] {processor.py:183} INFO - Processing /opt/airflow/dags/procesamiento_datos_autopia_dag.py took 0.119 seconds
[2025-06-18T00:43:44.122+0000] {processor.py:161} INFO - Started process (PID=1004) to work on /opt/airflow/dags/procesamiento_datos_autopia_dag.py
[2025-06-18T00:43:44.124+0000] {processor.py:830} INFO - Processing file /opt/airflow/dags/procesamiento_datos_autopia_dag.py for tasks to queue
[2025-06-18T00:43:44.125+0000] {logging_mixin.py:188} INFO - [2025-06-18T00:43:44.125+0000] {dagbag.py:538} INFO - Filling up the DagBag from /opt/airflow/dags/procesamiento_datos_autopia_dag.py
[2025-06-18T00:43:44.139+0000] {processor.py:840} INFO - DAG(s) 'procesamiento_datos_autopia_dag' retrieved from /opt/airflow/dags/procesamiento_datos_autopia_dag.py
[2025-06-18T00:43:44.175+0000] {logging_mixin.py:188} INFO - [2025-06-18T00:43:44.174+0000] {dag.py:3036} INFO - Sync 1 DAGs
[2025-06-18T00:43:44.190+0000] {logging_mixin.py:188} INFO - [2025-06-18T00:43:44.190+0000] {dag.py:3823} INFO - Setting next_dagrun for procesamiento_datos_autopia_dag to None, run_after=None
[2025-06-18T00:43:44.329+0000] {processor.py:183} INFO - Processing /opt/airflow/dags/procesamiento_datos_autopia_dag.py took 0.213 seconds
[2025-06-18T00:44:14.749+0000] {processor.py:161} INFO - Started process (PID=1025) to work on /opt/airflow/dags/procesamiento_datos_autopia_dag.py
[2025-06-18T00:44:14.755+0000] {processor.py:830} INFO - Processing file /opt/airflow/dags/procesamiento_datos_autopia_dag.py for tasks to queue
[2025-06-18T00:44:14.756+0000] {logging_mixin.py:188} INFO - [2025-06-18T00:44:14.756+0000] {dagbag.py:538} INFO - Filling up the DagBag from /opt/airflow/dags/procesamiento_datos_autopia_dag.py
[2025-06-18T00:44:14.769+0000] {processor.py:840} INFO - DAG(s) 'procesamiento_datos_autopia_dag' retrieved from /opt/airflow/dags/procesamiento_datos_autopia_dag.py
[2025-06-18T00:44:14.810+0000] {logging_mixin.py:188} INFO - [2025-06-18T00:44:14.809+0000] {dag.py:3036} INFO - Sync 1 DAGs
[2025-06-18T00:44:14.825+0000] {logging_mixin.py:188} INFO - [2025-06-18T00:44:14.825+0000] {dag.py:3823} INFO - Setting next_dagrun for procesamiento_datos_autopia_dag to None, run_after=None
[2025-06-18T00:44:15.138+0000] {processor.py:183} INFO - Processing /opt/airflow/dags/procesamiento_datos_autopia_dag.py took 0.395 seconds
[2025-06-18T00:44:45.513+0000] {processor.py:161} INFO - Started process (PID=1061) to work on /opt/airflow/dags/procesamiento_datos_autopia_dag.py
[2025-06-18T00:44:45.516+0000] {processor.py:830} INFO - Processing file /opt/airflow/dags/procesamiento_datos_autopia_dag.py for tasks to queue
[2025-06-18T00:44:45.518+0000] {logging_mixin.py:188} INFO - [2025-06-18T00:44:45.517+0000] {dagbag.py:538} INFO - Filling up the DagBag from /opt/airflow/dags/procesamiento_datos_autopia_dag.py
[2025-06-18T00:44:45.534+0000] {processor.py:840} INFO - DAG(s) 'procesamiento_datos_autopia_dag' retrieved from /opt/airflow/dags/procesamiento_datos_autopia_dag.py
[2025-06-18T00:44:45.568+0000] {logging_mixin.py:188} INFO - [2025-06-18T00:44:45.568+0000] {dag.py:3036} INFO - Sync 1 DAGs
[2025-06-18T00:44:45.583+0000] {logging_mixin.py:188} INFO - [2025-06-18T00:44:45.582+0000] {dag.py:3823} INFO - Setting next_dagrun for procesamiento_datos_autopia_dag to None, run_after=None
[2025-06-18T00:44:45.642+0000] {processor.py:183} INFO - Processing /opt/airflow/dags/procesamiento_datos_autopia_dag.py took 0.146 seconds
[2025-06-18T00:45:16.041+0000] {processor.py:161} INFO - Started process (PID=1089) to work on /opt/airflow/dags/procesamiento_datos_autopia_dag.py
[2025-06-18T00:45:16.059+0000] {processor.py:830} INFO - Processing file /opt/airflow/dags/procesamiento_datos_autopia_dag.py for tasks to queue
[2025-06-18T00:45:16.061+0000] {logging_mixin.py:188} INFO - [2025-06-18T00:45:16.061+0000] {dagbag.py:538} INFO - Filling up the DagBag from /opt/airflow/dags/procesamiento_datos_autopia_dag.py
[2025-06-18T00:45:16.074+0000] {processor.py:840} INFO - DAG(s) 'procesamiento_datos_autopia_dag' retrieved from /opt/airflow/dags/procesamiento_datos_autopia_dag.py
[2025-06-18T00:45:16.113+0000] {logging_mixin.py:188} INFO - [2025-06-18T00:45:16.113+0000] {dag.py:3036} INFO - Sync 1 DAGs
[2025-06-18T00:45:16.129+0000] {logging_mixin.py:188} INFO - [2025-06-18T00:45:16.129+0000] {dag.py:3823} INFO - Setting next_dagrun for procesamiento_datos_autopia_dag to None, run_after=None
[2025-06-18T00:45:16.179+0000] {processor.py:183} INFO - Processing /opt/airflow/dags/procesamiento_datos_autopia_dag.py took 0.143 seconds
[2025-06-18T00:45:46.368+0000] {processor.py:161} INFO - Started process (PID=1118) to work on /opt/airflow/dags/procesamiento_datos_autopia_dag.py
[2025-06-18T00:45:46.379+0000] {processor.py:830} INFO - Processing file /opt/airflow/dags/procesamiento_datos_autopia_dag.py for tasks to queue
[2025-06-18T00:45:46.384+0000] {logging_mixin.py:188} INFO - [2025-06-18T00:45:46.383+0000] {dagbag.py:538} INFO - Filling up the DagBag from /opt/airflow/dags/procesamiento_datos_autopia_dag.py
[2025-06-18T00:45:46.413+0000] {processor.py:840} INFO - DAG(s) 'procesamiento_datos_autopia_dag' retrieved from /opt/airflow/dags/procesamiento_datos_autopia_dag.py
[2025-06-18T00:45:46.484+0000] {logging_mixin.py:188} INFO - [2025-06-18T00:45:46.483+0000] {dag.py:3036} INFO - Sync 1 DAGs
[2025-06-18T00:45:46.512+0000] {logging_mixin.py:188} INFO - [2025-06-18T00:45:46.511+0000] {dag.py:3823} INFO - Setting next_dagrun for procesamiento_datos_autopia_dag to None, run_after=None
[2025-06-18T00:45:46.568+0000] {processor.py:183} INFO - Processing /opt/airflow/dags/procesamiento_datos_autopia_dag.py took 0.219 seconds
[2025-06-18T00:46:16.820+0000] {processor.py:161} INFO - Started process (PID=1154) to work on /opt/airflow/dags/procesamiento_datos_autopia_dag.py
[2025-06-18T00:46:16.822+0000] {processor.py:830} INFO - Processing file /opt/airflow/dags/procesamiento_datos_autopia_dag.py for tasks to queue
[2025-06-18T00:46:16.824+0000] {logging_mixin.py:188} INFO - [2025-06-18T00:46:16.823+0000] {dagbag.py:538} INFO - Filling up the DagBag from /opt/airflow/dags/procesamiento_datos_autopia_dag.py
[2025-06-18T00:46:16.840+0000] {processor.py:840} INFO - DAG(s) 'procesamiento_datos_autopia_dag' retrieved from /opt/airflow/dags/procesamiento_datos_autopia_dag.py
[2025-06-18T00:46:16.880+0000] {logging_mixin.py:188} INFO - [2025-06-18T00:46:16.879+0000] {dag.py:3036} INFO - Sync 1 DAGs
[2025-06-18T00:46:16.893+0000] {logging_mixin.py:188} INFO - [2025-06-18T00:46:16.893+0000] {dag.py:3823} INFO - Setting next_dagrun for procesamiento_datos_autopia_dag to None, run_after=None
[2025-06-18T00:46:16.986+0000] {processor.py:183} INFO - Processing /opt/airflow/dags/procesamiento_datos_autopia_dag.py took 0.178 seconds
[2025-06-18T00:46:47.757+0000] {processor.py:161} INFO - Started process (PID=1175) to work on /opt/airflow/dags/procesamiento_datos_autopia_dag.py
[2025-06-18T00:46:47.761+0000] {processor.py:830} INFO - Processing file /opt/airflow/dags/procesamiento_datos_autopia_dag.py for tasks to queue
[2025-06-18T00:46:47.763+0000] {logging_mixin.py:188} INFO - [2025-06-18T00:46:47.763+0000] {dagbag.py:538} INFO - Filling up the DagBag from /opt/airflow/dags/procesamiento_datos_autopia_dag.py
[2025-06-18T00:46:47.779+0000] {processor.py:840} INFO - DAG(s) 'procesamiento_datos_autopia_dag' retrieved from /opt/airflow/dags/procesamiento_datos_autopia_dag.py
[2025-06-18T00:46:47.828+0000] {logging_mixin.py:188} INFO - [2025-06-18T00:46:47.828+0000] {dag.py:3036} INFO - Sync 1 DAGs
[2025-06-18T00:46:47.846+0000] {logging_mixin.py:188} INFO - [2025-06-18T00:46:47.845+0000] {dag.py:3823} INFO - Setting next_dagrun for procesamiento_datos_autopia_dag to None, run_after=None
[2025-06-18T00:46:47.895+0000] {processor.py:183} INFO - Processing /opt/airflow/dags/procesamiento_datos_autopia_dag.py took 0.145 seconds
[2025-06-18T00:47:18.567+0000] {processor.py:161} INFO - Started process (PID=1211) to work on /opt/airflow/dags/procesamiento_datos_autopia_dag.py
[2025-06-18T00:47:18.569+0000] {processor.py:830} INFO - Processing file /opt/airflow/dags/procesamiento_datos_autopia_dag.py for tasks to queue
[2025-06-18T00:47:18.571+0000] {logging_mixin.py:188} INFO - [2025-06-18T00:47:18.570+0000] {dagbag.py:538} INFO - Filling up the DagBag from /opt/airflow/dags/procesamiento_datos_autopia_dag.py
[2025-06-18T00:47:18.588+0000] {processor.py:840} INFO - DAG(s) 'procesamiento_datos_autopia_dag' retrieved from /opt/airflow/dags/procesamiento_datos_autopia_dag.py
[2025-06-18T00:47:18.628+0000] {logging_mixin.py:188} INFO - [2025-06-18T00:47:18.627+0000] {dag.py:3036} INFO - Sync 1 DAGs
[2025-06-18T00:47:18.643+0000] {logging_mixin.py:188} INFO - [2025-06-18T00:47:18.642+0000] {dag.py:3823} INFO - Setting next_dagrun for procesamiento_datos_autopia_dag to None, run_after=None
[2025-06-18T00:47:18.671+0000] {processor.py:183} INFO - Processing /opt/airflow/dags/procesamiento_datos_autopia_dag.py took 0.112 seconds
[2025-06-18T00:47:49.437+0000] {processor.py:161} INFO - Started process (PID=1232) to work on /opt/airflow/dags/procesamiento_datos_autopia_dag.py
[2025-06-18T00:47:49.440+0000] {processor.py:830} INFO - Processing file /opt/airflow/dags/procesamiento_datos_autopia_dag.py for tasks to queue
[2025-06-18T00:47:49.441+0000] {logging_mixin.py:188} INFO - [2025-06-18T00:47:49.441+0000] {dagbag.py:538} INFO - Filling up the DagBag from /opt/airflow/dags/procesamiento_datos_autopia_dag.py
[2025-06-18T00:47:49.454+0000] {processor.py:840} INFO - DAG(s) 'procesamiento_datos_autopia_dag' retrieved from /opt/airflow/dags/procesamiento_datos_autopia_dag.py
[2025-06-18T00:47:49.485+0000] {logging_mixin.py:188} INFO - [2025-06-18T00:47:49.485+0000] {dag.py:3036} INFO - Sync 1 DAGs
[2025-06-18T00:47:49.500+0000] {logging_mixin.py:188} INFO - [2025-06-18T00:47:49.500+0000] {dag.py:3823} INFO - Setting next_dagrun for procesamiento_datos_autopia_dag to None, run_after=None
[2025-06-18T00:47:49.544+0000] {processor.py:183} INFO - Processing /opt/airflow/dags/procesamiento_datos_autopia_dag.py took 0.112 seconds
[2025-06-18T00:48:20.070+0000] {processor.py:161} INFO - Started process (PID=1269) to work on /opt/airflow/dags/procesamiento_datos_autopia_dag.py
[2025-06-18T00:48:20.073+0000] {processor.py:830} INFO - Processing file /opt/airflow/dags/procesamiento_datos_autopia_dag.py for tasks to queue
[2025-06-18T00:48:20.075+0000] {logging_mixin.py:188} INFO - [2025-06-18T00:48:20.074+0000] {dagbag.py:538} INFO - Filling up the DagBag from /opt/airflow/dags/procesamiento_datos_autopia_dag.py
[2025-06-18T00:48:20.094+0000] {processor.py:840} INFO - DAG(s) 'procesamiento_datos_autopia_dag' retrieved from /opt/airflow/dags/procesamiento_datos_autopia_dag.py
[2025-06-18T00:48:20.150+0000] {logging_mixin.py:188} INFO - [2025-06-18T00:48:20.149+0000] {dag.py:3036} INFO - Sync 1 DAGs
[2025-06-18T00:48:20.169+0000] {logging_mixin.py:188} INFO - [2025-06-18T00:48:20.168+0000] {dag.py:3823} INFO - Setting next_dagrun for procesamiento_datos_autopia_dag to None, run_after=None
[2025-06-18T00:48:20.201+0000] {processor.py:183} INFO - Processing /opt/airflow/dags/procesamiento_datos_autopia_dag.py took 0.137 seconds
[2025-06-18T00:48:50.928+0000] {processor.py:161} INFO - Started process (PID=1290) to work on /opt/airflow/dags/procesamiento_datos_autopia_dag.py
[2025-06-18T00:48:50.930+0000] {processor.py:830} INFO - Processing file /opt/airflow/dags/procesamiento_datos_autopia_dag.py for tasks to queue
[2025-06-18T00:48:50.932+0000] {logging_mixin.py:188} INFO - [2025-06-18T00:48:50.932+0000] {dagbag.py:538} INFO - Filling up the DagBag from /opt/airflow/dags/procesamiento_datos_autopia_dag.py
[2025-06-18T00:48:50.950+0000] {processor.py:840} INFO - DAG(s) 'procesamiento_datos_autopia_dag' retrieved from /opt/airflow/dags/procesamiento_datos_autopia_dag.py
[2025-06-18T00:48:50.985+0000] {logging_mixin.py:188} INFO - [2025-06-18T00:48:50.984+0000] {dag.py:3036} INFO - Sync 1 DAGs
[2025-06-18T00:48:50.999+0000] {logging_mixin.py:188} INFO - [2025-06-18T00:48:50.999+0000] {dag.py:3823} INFO - Setting next_dagrun for procesamiento_datos_autopia_dag to None, run_after=None
[2025-06-18T00:48:51.084+0000] {processor.py:183} INFO - Processing /opt/airflow/dags/procesamiento_datos_autopia_dag.py took 0.163 seconds
[2025-06-18T00:49:21.542+0000] {processor.py:161} INFO - Started process (PID=1326) to work on /opt/airflow/dags/procesamiento_datos_autopia_dag.py
[2025-06-18T00:49:21.551+0000] {processor.py:830} INFO - Processing file /opt/airflow/dags/procesamiento_datos_autopia_dag.py for tasks to queue
[2025-06-18T00:49:21.552+0000] {logging_mixin.py:188} INFO - [2025-06-18T00:49:21.552+0000] {dagbag.py:538} INFO - Filling up the DagBag from /opt/airflow/dags/procesamiento_datos_autopia_dag.py
[2025-06-18T00:49:21.566+0000] {processor.py:840} INFO - DAG(s) 'procesamiento_datos_autopia_dag' retrieved from /opt/airflow/dags/procesamiento_datos_autopia_dag.py
[2025-06-18T00:49:21.599+0000] {logging_mixin.py:188} INFO - [2025-06-18T00:49:21.599+0000] {dag.py:3036} INFO - Sync 1 DAGs
[2025-06-18T00:49:21.614+0000] {logging_mixin.py:188} INFO - [2025-06-18T00:49:21.614+0000] {dag.py:3823} INFO - Setting next_dagrun for procesamiento_datos_autopia_dag to None, run_after=None
[2025-06-18T00:49:21.700+0000] {processor.py:183} INFO - Processing /opt/airflow/dags/procesamiento_datos_autopia_dag.py took 0.165 seconds
[2025-06-18T00:49:51.924+0000] {processor.py:161} INFO - Started process (PID=1347) to work on /opt/airflow/dags/procesamiento_datos_autopia_dag.py
[2025-06-18T00:49:51.938+0000] {processor.py:830} INFO - Processing file /opt/airflow/dags/procesamiento_datos_autopia_dag.py for tasks to queue
[2025-06-18T00:49:51.943+0000] {logging_mixin.py:188} INFO - [2025-06-18T00:49:51.941+0000] {dagbag.py:538} INFO - Filling up the DagBag from /opt/airflow/dags/procesamiento_datos_autopia_dag.py
[2025-06-18T00:49:51.996+0000] {processor.py:840} INFO - DAG(s) 'procesamiento_datos_autopia_dag' retrieved from /opt/airflow/dags/procesamiento_datos_autopia_dag.py
[2025-06-18T00:49:52.142+0000] {logging_mixin.py:188} INFO - [2025-06-18T00:49:52.140+0000] {dag.py:3036} INFO - Sync 1 DAGs
[2025-06-18T00:49:52.208+0000] {logging_mixin.py:188} INFO - [2025-06-18T00:49:52.207+0000] {dag.py:3823} INFO - Setting next_dagrun for procesamiento_datos_autopia_dag to None, run_after=None
[2025-06-18T00:49:52.313+0000] {processor.py:183} INFO - Processing /opt/airflow/dags/procesamiento_datos_autopia_dag.py took 0.411 seconds
[2025-06-18T00:51:02.912+0000] {processor.py:161} INFO - Started process (PID=195) to work on /opt/airflow/dags/procesamiento_datos_autopia_dag.py
[2025-06-18T00:51:02.914+0000] {processor.py:830} INFO - Processing file /opt/airflow/dags/procesamiento_datos_autopia_dag.py for tasks to queue
[2025-06-18T00:51:02.915+0000] {logging_mixin.py:188} INFO - [2025-06-18T00:51:02.915+0000] {dagbag.py:538} INFO - Filling up the DagBag from /opt/airflow/dags/procesamiento_datos_autopia_dag.py
[2025-06-18T00:51:02.954+0000] {processor.py:840} INFO - DAG(s) 'procesamiento_datos_autopia_dag' retrieved from /opt/airflow/dags/procesamiento_datos_autopia_dag.py
[2025-06-18T00:51:03.164+0000] {logging_mixin.py:188} INFO - [2025-06-18T00:51:03.163+0000] {dag.py:3036} INFO - Sync 1 DAGs
[2025-06-18T00:51:03.187+0000] {logging_mixin.py:188} INFO - [2025-06-18T00:51:03.187+0000] {dag.py:3823} INFO - Setting next_dagrun for procesamiento_datos_autopia_dag to None, run_after=None
[2025-06-18T00:51:03.689+0000] {processor.py:183} INFO - Processing /opt/airflow/dags/procesamiento_datos_autopia_dag.py took 0.782 seconds
[2025-06-18T00:51:33.775+0000] {processor.py:161} INFO - Started process (PID=212) to work on /opt/airflow/dags/procesamiento_datos_autopia_dag.py
[2025-06-18T00:51:33.843+0000] {processor.py:830} INFO - Processing file /opt/airflow/dags/procesamiento_datos_autopia_dag.py for tasks to queue
[2025-06-18T00:51:33.844+0000] {logging_mixin.py:188} INFO - [2025-06-18T00:51:33.844+0000] {dagbag.py:538} INFO - Filling up the DagBag from /opt/airflow/dags/procesamiento_datos_autopia_dag.py
[2025-06-18T00:51:33.857+0000] {processor.py:840} INFO - DAG(s) 'procesamiento_datos_autopia_dag' retrieved from /opt/airflow/dags/procesamiento_datos_autopia_dag.py
[2025-06-18T00:51:33.889+0000] {logging_mixin.py:188} INFO - [2025-06-18T00:51:33.889+0000] {dag.py:3036} INFO - Sync 1 DAGs
[2025-06-18T00:51:33.902+0000] {logging_mixin.py:188} INFO - [2025-06-18T00:51:33.901+0000] {dag.py:3823} INFO - Setting next_dagrun for procesamiento_datos_autopia_dag to None, run_after=None
[2025-06-18T00:51:33.925+0000] {processor.py:183} INFO - Processing /opt/airflow/dags/procesamiento_datos_autopia_dag.py took 0.154 seconds
[2025-06-18T00:52:04.342+0000] {processor.py:161} INFO - Started process (PID=246) to work on /opt/airflow/dags/procesamiento_datos_autopia_dag.py
[2025-06-18T00:52:04.343+0000] {processor.py:830} INFO - Processing file /opt/airflow/dags/procesamiento_datos_autopia_dag.py for tasks to queue
[2025-06-18T00:52:04.344+0000] {logging_mixin.py:188} INFO - [2025-06-18T00:52:04.343+0000] {dagbag.py:538} INFO - Filling up the DagBag from /opt/airflow/dags/procesamiento_datos_autopia_dag.py
[2025-06-18T00:52:04.356+0000] {processor.py:840} INFO - DAG(s) 'procesamiento_datos_autopia_dag' retrieved from /opt/airflow/dags/procesamiento_datos_autopia_dag.py
[2025-06-18T00:52:04.387+0000] {logging_mixin.py:188} INFO - [2025-06-18T00:52:04.386+0000] {dag.py:3036} INFO - Sync 1 DAGs
[2025-06-18T00:52:04.401+0000] {logging_mixin.py:188} INFO - [2025-06-18T00:52:04.400+0000] {dag.py:3823} INFO - Setting next_dagrun for procesamiento_datos_autopia_dag to None, run_after=None
[2025-06-18T00:52:04.428+0000] {processor.py:183} INFO - Processing /opt/airflow/dags/procesamiento_datos_autopia_dag.py took 0.092 seconds
[2025-06-18T00:52:34.983+0000] {processor.py:161} INFO - Started process (PID=282) to work on /opt/airflow/dags/procesamiento_datos_autopia_dag.py
[2025-06-18T00:52:34.984+0000] {processor.py:830} INFO - Processing file /opt/airflow/dags/procesamiento_datos_autopia_dag.py for tasks to queue
[2025-06-18T00:52:34.985+0000] {logging_mixin.py:188} INFO - [2025-06-18T00:52:34.985+0000] {dagbag.py:538} INFO - Filling up the DagBag from /opt/airflow/dags/procesamiento_datos_autopia_dag.py
[2025-06-18T00:52:34.997+0000] {processor.py:840} INFO - DAG(s) 'procesamiento_datos_autopia_dag' retrieved from /opt/airflow/dags/procesamiento_datos_autopia_dag.py
[2025-06-18T00:52:35.028+0000] {logging_mixin.py:188} INFO - [2025-06-18T00:52:35.028+0000] {dag.py:3036} INFO - Sync 1 DAGs
[2025-06-18T00:52:35.041+0000] {logging_mixin.py:188} INFO - [2025-06-18T00:52:35.041+0000] {dag.py:3823} INFO - Setting next_dagrun for procesamiento_datos_autopia_dag to None, run_after=None
[2025-06-18T00:52:35.069+0000] {processor.py:183} INFO - Processing /opt/airflow/dags/procesamiento_datos_autopia_dag.py took 0.091 seconds
[2025-06-18T00:53:05.392+0000] {processor.py:161} INFO - Started process (PID=303) to work on /opt/airflow/dags/procesamiento_datos_autopia_dag.py
[2025-06-18T00:53:05.393+0000] {processor.py:830} INFO - Processing file /opt/airflow/dags/procesamiento_datos_autopia_dag.py for tasks to queue
[2025-06-18T00:53:05.394+0000] {logging_mixin.py:188} INFO - [2025-06-18T00:53:05.394+0000] {dagbag.py:538} INFO - Filling up the DagBag from /opt/airflow/dags/procesamiento_datos_autopia_dag.py
[2025-06-18T00:53:05.407+0000] {processor.py:840} INFO - DAG(s) 'procesamiento_datos_autopia_dag' retrieved from /opt/airflow/dags/procesamiento_datos_autopia_dag.py
[2025-06-18T00:53:05.439+0000] {logging_mixin.py:188} INFO - [2025-06-18T00:53:05.439+0000] {dag.py:3036} INFO - Sync 1 DAGs
[2025-06-18T00:53:05.453+0000] {logging_mixin.py:188} INFO - [2025-06-18T00:53:05.453+0000] {dag.py:3823} INFO - Setting next_dagrun for procesamiento_datos_autopia_dag to None, run_after=None
[2025-06-18T00:53:05.481+0000] {processor.py:183} INFO - Processing /opt/airflow/dags/procesamiento_datos_autopia_dag.py took 0.094 seconds
[2025-06-18T00:53:35.673+0000] {processor.py:161} INFO - Started process (PID=339) to work on /opt/airflow/dags/procesamiento_datos_autopia_dag.py
[2025-06-18T00:53:35.674+0000] {processor.py:830} INFO - Processing file /opt/airflow/dags/procesamiento_datos_autopia_dag.py for tasks to queue
[2025-06-18T00:53:35.676+0000] {logging_mixin.py:188} INFO - [2025-06-18T00:53:35.675+0000] {dagbag.py:538} INFO - Filling up the DagBag from /opt/airflow/dags/procesamiento_datos_autopia_dag.py
[2025-06-18T00:53:35.686+0000] {processor.py:840} INFO - DAG(s) 'procesamiento_datos_autopia_dag' retrieved from /opt/airflow/dags/procesamiento_datos_autopia_dag.py
[2025-06-18T00:53:35.717+0000] {logging_mixin.py:188} INFO - [2025-06-18T00:53:35.717+0000] {dag.py:3036} INFO - Sync 1 DAGs
[2025-06-18T00:53:35.730+0000] {logging_mixin.py:188} INFO - [2025-06-18T00:53:35.730+0000] {dag.py:3823} INFO - Setting next_dagrun for procesamiento_datos_autopia_dag to None, run_after=None
[2025-06-18T00:53:35.756+0000] {processor.py:183} INFO - Processing /opt/airflow/dags/procesamiento_datos_autopia_dag.py took 0.088 seconds
[2025-06-18T00:54:05.994+0000] {processor.py:161} INFO - Started process (PID=360) to work on /opt/airflow/dags/procesamiento_datos_autopia_dag.py
[2025-06-18T00:54:05.995+0000] {processor.py:830} INFO - Processing file /opt/airflow/dags/procesamiento_datos_autopia_dag.py for tasks to queue
[2025-06-18T00:54:05.996+0000] {logging_mixin.py:188} INFO - [2025-06-18T00:54:05.996+0000] {dagbag.py:538} INFO - Filling up the DagBag from /opt/airflow/dags/procesamiento_datos_autopia_dag.py
[2025-06-18T00:54:06.007+0000] {processor.py:840} INFO - DAG(s) 'procesamiento_datos_autopia_dag' retrieved from /opt/airflow/dags/procesamiento_datos_autopia_dag.py
[2025-06-18T00:54:06.039+0000] {logging_mixin.py:188} INFO - [2025-06-18T00:54:06.039+0000] {dag.py:3036} INFO - Sync 1 DAGs
[2025-06-18T00:54:06.053+0000] {logging_mixin.py:188} INFO - [2025-06-18T00:54:06.052+0000] {dag.py:3823} INFO - Setting next_dagrun for procesamiento_datos_autopia_dag to None, run_after=None
[2025-06-18T00:54:06.076+0000] {processor.py:183} INFO - Processing /opt/airflow/dags/procesamiento_datos_autopia_dag.py took 0.086 seconds
[2025-06-18T00:54:36.309+0000] {processor.py:161} INFO - Started process (PID=396) to work on /opt/airflow/dags/procesamiento_datos_autopia_dag.py
[2025-06-18T00:54:36.312+0000] {processor.py:830} INFO - Processing file /opt/airflow/dags/procesamiento_datos_autopia_dag.py for tasks to queue
[2025-06-18T00:54:36.317+0000] {logging_mixin.py:188} INFO - [2025-06-18T00:54:36.316+0000] {dagbag.py:538} INFO - Filling up the DagBag from /opt/airflow/dags/procesamiento_datos_autopia_dag.py
[2025-06-18T00:54:36.352+0000] {processor.py:840} INFO - DAG(s) 'procesamiento_datos_autopia_dag' retrieved from /opt/airflow/dags/procesamiento_datos_autopia_dag.py
[2025-06-18T00:54:36.441+0000] {logging_mixin.py:188} INFO - [2025-06-18T00:54:36.440+0000] {dag.py:3036} INFO - Sync 1 DAGs
[2025-06-18T00:54:36.481+0000] {logging_mixin.py:188} INFO - [2025-06-18T00:54:36.480+0000] {dag.py:3823} INFO - Setting next_dagrun for procesamiento_datos_autopia_dag to None, run_after=None
[2025-06-18T00:54:36.530+0000] {processor.py:183} INFO - Processing /opt/airflow/dags/procesamiento_datos_autopia_dag.py took 0.231 seconds
[2025-06-18T00:55:06.759+0000] {processor.py:161} INFO - Started process (PID=417) to work on /opt/airflow/dags/procesamiento_datos_autopia_dag.py
[2025-06-18T00:55:06.761+0000] {processor.py:830} INFO - Processing file /opt/airflow/dags/procesamiento_datos_autopia_dag.py for tasks to queue
[2025-06-18T00:55:06.762+0000] {logging_mixin.py:188} INFO - [2025-06-18T00:55:06.762+0000] {dagbag.py:538} INFO - Filling up the DagBag from /opt/airflow/dags/procesamiento_datos_autopia_dag.py
[2025-06-18T00:55:06.773+0000] {processor.py:840} INFO - DAG(s) 'procesamiento_datos_autopia_dag' retrieved from /opt/airflow/dags/procesamiento_datos_autopia_dag.py
[2025-06-18T00:55:06.805+0000] {logging_mixin.py:188} INFO - [2025-06-18T00:55:06.805+0000] {dag.py:3036} INFO - Sync 1 DAGs
[2025-06-18T00:55:06.818+0000] {logging_mixin.py:188} INFO - [2025-06-18T00:55:06.818+0000] {dag.py:3823} INFO - Setting next_dagrun for procesamiento_datos_autopia_dag to None, run_after=None
[2025-06-18T00:55:06.843+0000] {processor.py:183} INFO - Processing /opt/airflow/dags/procesamiento_datos_autopia_dag.py took 0.089 seconds
[2025-06-18T00:55:37.101+0000] {processor.py:161} INFO - Started process (PID=453) to work on /opt/airflow/dags/procesamiento_datos_autopia_dag.py
[2025-06-18T00:55:37.103+0000] {processor.py:830} INFO - Processing file /opt/airflow/dags/procesamiento_datos_autopia_dag.py for tasks to queue
[2025-06-18T00:55:37.104+0000] {logging_mixin.py:188} INFO - [2025-06-18T00:55:37.104+0000] {dagbag.py:538} INFO - Filling up the DagBag from /opt/airflow/dags/procesamiento_datos_autopia_dag.py
[2025-06-18T00:55:37.115+0000] {processor.py:840} INFO - DAG(s) 'procesamiento_datos_autopia_dag' retrieved from /opt/airflow/dags/procesamiento_datos_autopia_dag.py
[2025-06-18T00:55:37.147+0000] {logging_mixin.py:188} INFO - [2025-06-18T00:55:37.147+0000] {dag.py:3036} INFO - Sync 1 DAGs
[2025-06-18T00:55:37.161+0000] {logging_mixin.py:188} INFO - [2025-06-18T00:55:37.161+0000] {dag.py:3823} INFO - Setting next_dagrun for procesamiento_datos_autopia_dag to None, run_after=None
[2025-06-18T00:55:37.188+0000] {processor.py:183} INFO - Processing /opt/airflow/dags/procesamiento_datos_autopia_dag.py took 0.092 seconds
[2025-06-18T00:56:07.524+0000] {processor.py:161} INFO - Started process (PID=506) to work on /opt/airflow/dags/procesamiento_datos_autopia_dag.py
[2025-06-18T00:56:07.533+0000] {processor.py:830} INFO - Processing file /opt/airflow/dags/procesamiento_datos_autopia_dag.py for tasks to queue
[2025-06-18T00:56:07.534+0000] {logging_mixin.py:188} INFO - [2025-06-18T00:56:07.534+0000] {dagbag.py:538} INFO - Filling up the DagBag from /opt/airflow/dags/procesamiento_datos_autopia_dag.py
[2025-06-18T00:56:07.609+0000] {processor.py:840} INFO - DAG(s) 'procesamiento_datos_autopia_dag' retrieved from /opt/airflow/dags/procesamiento_datos_autopia_dag.py
[2025-06-18T00:56:09.069+0000] {logging_mixin.py:188} INFO - [2025-06-18T00:56:09.068+0000] {dag.py:3036} INFO - Sync 1 DAGs
[2025-06-18T00:56:09.108+0000] {logging_mixin.py:188} INFO - [2025-06-18T00:56:09.107+0000] {dag.py:3823} INFO - Setting next_dagrun for procesamiento_datos_autopia_dag to None, run_after=None
[2025-06-18T00:56:09.179+0000] {processor.py:183} INFO - Processing /opt/airflow/dags/procesamiento_datos_autopia_dag.py took 1.659 seconds
[2025-06-18T00:56:39.237+0000] {processor.py:161} INFO - Started process (PID=680) to work on /opt/airflow/dags/procesamiento_datos_autopia_dag.py
[2025-06-18T00:56:39.239+0000] {processor.py:830} INFO - Processing file /opt/airflow/dags/procesamiento_datos_autopia_dag.py for tasks to queue
[2025-06-18T00:56:39.240+0000] {logging_mixin.py:188} INFO - [2025-06-18T00:56:39.240+0000] {dagbag.py:538} INFO - Filling up the DagBag from /opt/airflow/dags/procesamiento_datos_autopia_dag.py
[2025-06-18T00:56:39.255+0000] {processor.py:840} INFO - DAG(s) 'procesamiento_datos_autopia_dag' retrieved from /opt/airflow/dags/procesamiento_datos_autopia_dag.py
[2025-06-18T00:56:39.295+0000] {logging_mixin.py:188} INFO - [2025-06-18T00:56:39.294+0000] {dag.py:3036} INFO - Sync 1 DAGs
[2025-06-18T00:56:39.314+0000] {logging_mixin.py:188} INFO - [2025-06-18T00:56:39.313+0000] {dag.py:3823} INFO - Setting next_dagrun for procesamiento_datos_autopia_dag to None, run_after=None
[2025-06-18T00:56:39.348+0000] {processor.py:183} INFO - Processing /opt/airflow/dags/procesamiento_datos_autopia_dag.py took 0.117 seconds
[2025-06-18T00:57:10.060+0000] {processor.py:161} INFO - Started process (PID=846) to work on /opt/airflow/dags/procesamiento_datos_autopia_dag.py
[2025-06-18T00:57:10.065+0000] {processor.py:830} INFO - Processing file /opt/airflow/dags/procesamiento_datos_autopia_dag.py for tasks to queue
[2025-06-18T00:57:10.067+0000] {logging_mixin.py:188} INFO - [2025-06-18T00:57:10.067+0000] {dagbag.py:538} INFO - Filling up the DagBag from /opt/airflow/dags/procesamiento_datos_autopia_dag.py
[2025-06-18T00:57:10.093+0000] {processor.py:840} INFO - DAG(s) 'procesamiento_datos_autopia_dag' retrieved from /opt/airflow/dags/procesamiento_datos_autopia_dag.py
[2025-06-18T00:57:10.152+0000] {logging_mixin.py:188} INFO - [2025-06-18T00:57:10.152+0000] {dag.py:3036} INFO - Sync 1 DAGs
[2025-06-18T00:57:10.171+0000] {logging_mixin.py:188} INFO - [2025-06-18T00:57:10.171+0000] {dag.py:3823} INFO - Setting next_dagrun for procesamiento_datos_autopia_dag to None, run_after=None
[2025-06-18T00:57:10.203+0000] {processor.py:183} INFO - Processing /opt/airflow/dags/procesamiento_datos_autopia_dag.py took 0.153 seconds
[2025-06-18T00:57:40.759+0000] {processor.py:161} INFO - Started process (PID=1024) to work on /opt/airflow/dags/procesamiento_datos_autopia_dag.py
[2025-06-18T00:57:40.761+0000] {processor.py:830} INFO - Processing file /opt/airflow/dags/procesamiento_datos_autopia_dag.py for tasks to queue
[2025-06-18T00:57:40.763+0000] {logging_mixin.py:188} INFO - [2025-06-18T00:57:40.763+0000] {dagbag.py:538} INFO - Filling up the DagBag from /opt/airflow/dags/procesamiento_datos_autopia_dag.py
[2025-06-18T00:57:40.786+0000] {processor.py:840} INFO - DAG(s) 'procesamiento_datos_autopia_dag' retrieved from /opt/airflow/dags/procesamiento_datos_autopia_dag.py
[2025-06-18T00:57:40.836+0000] {logging_mixin.py:188} INFO - [2025-06-18T00:57:40.835+0000] {dag.py:3036} INFO - Sync 1 DAGs
[2025-06-18T00:57:40.855+0000] {logging_mixin.py:188} INFO - [2025-06-18T00:57:40.854+0000] {dag.py:3823} INFO - Setting next_dagrun for procesamiento_datos_autopia_dag to None, run_after=None
[2025-06-18T00:57:40.892+0000] {processor.py:183} INFO - Processing /opt/airflow/dags/procesamiento_datos_autopia_dag.py took 0.139 seconds
[2025-06-18T00:58:11.742+0000] {processor.py:161} INFO - Started process (PID=1165) to work on /opt/airflow/dags/procesamiento_datos_autopia_dag.py
[2025-06-18T00:58:11.744+0000] {processor.py:830} INFO - Processing file /opt/airflow/dags/procesamiento_datos_autopia_dag.py for tasks to queue
[2025-06-18T00:58:11.745+0000] {logging_mixin.py:188} INFO - [2025-06-18T00:58:11.745+0000] {dagbag.py:538} INFO - Filling up the DagBag from /opt/airflow/dags/procesamiento_datos_autopia_dag.py
[2025-06-18T00:58:11.760+0000] {processor.py:840} INFO - DAG(s) 'procesamiento_datos_autopia_dag' retrieved from /opt/airflow/dags/procesamiento_datos_autopia_dag.py
[2025-06-18T00:58:11.797+0000] {logging_mixin.py:188} INFO - [2025-06-18T00:58:11.796+0000] {dag.py:3036} INFO - Sync 1 DAGs
[2025-06-18T00:58:11.816+0000] {logging_mixin.py:188} INFO - [2025-06-18T00:58:11.816+0000] {dag.py:3823} INFO - Setting next_dagrun for procesamiento_datos_autopia_dag to None, run_after=None
[2025-06-18T00:58:11.850+0000] {processor.py:183} INFO - Processing /opt/airflow/dags/procesamiento_datos_autopia_dag.py took 0.113 seconds
[2025-06-18T00:58:42.423+0000] {processor.py:161} INFO - Started process (PID=1297) to work on /opt/airflow/dags/procesamiento_datos_autopia_dag.py
[2025-06-18T00:58:42.425+0000] {processor.py:830} INFO - Processing file /opt/airflow/dags/procesamiento_datos_autopia_dag.py for tasks to queue
[2025-06-18T00:58:42.427+0000] {logging_mixin.py:188} INFO - [2025-06-18T00:58:42.426+0000] {dagbag.py:538} INFO - Filling up the DagBag from /opt/airflow/dags/procesamiento_datos_autopia_dag.py
[2025-06-18T00:58:42.447+0000] {processor.py:840} INFO - DAG(s) 'procesamiento_datos_autopia_dag' retrieved from /opt/airflow/dags/procesamiento_datos_autopia_dag.py
[2025-06-18T00:58:42.521+0000] {logging_mixin.py:188} INFO - [2025-06-18T00:58:42.520+0000] {dag.py:3036} INFO - Sync 1 DAGs
[2025-06-18T00:58:42.551+0000] {logging_mixin.py:188} INFO - [2025-06-18T00:58:42.551+0000] {dag.py:3823} INFO - Setting next_dagrun for procesamiento_datos_autopia_dag to None, run_after=None
[2025-06-18T00:58:42.592+0000] {processor.py:183} INFO - Processing /opt/airflow/dags/procesamiento_datos_autopia_dag.py took 0.179 seconds
[2025-06-18T00:59:12.735+0000] {processor.py:161} INFO - Started process (PID=1355) to work on /opt/airflow/dags/procesamiento_datos_autopia_dag.py
[2025-06-18T00:59:12.737+0000] {processor.py:830} INFO - Processing file /opt/airflow/dags/procesamiento_datos_autopia_dag.py for tasks to queue
[2025-06-18T00:59:12.738+0000] {logging_mixin.py:188} INFO - [2025-06-18T00:59:12.738+0000] {dagbag.py:538} INFO - Filling up the DagBag from /opt/airflow/dags/procesamiento_datos_autopia_dag.py
[2025-06-18T00:59:12.756+0000] {processor.py:840} INFO - DAG(s) 'procesamiento_datos_autopia_dag' retrieved from /opt/airflow/dags/procesamiento_datos_autopia_dag.py
[2025-06-18T00:59:12.805+0000] {logging_mixin.py:188} INFO - [2025-06-18T00:59:12.804+0000] {dag.py:3036} INFO - Sync 1 DAGs
[2025-06-18T00:59:12.827+0000] {logging_mixin.py:188} INFO - [2025-06-18T00:59:12.827+0000] {dag.py:3823} INFO - Setting next_dagrun for procesamiento_datos_autopia_dag to None, run_after=None
[2025-06-18T00:59:12.869+0000] {processor.py:183} INFO - Processing /opt/airflow/dags/procesamiento_datos_autopia_dag.py took 0.140 seconds
[2025-06-18T00:59:43.463+0000] {processor.py:161} INFO - Started process (PID=1392) to work on /opt/airflow/dags/procesamiento_datos_autopia_dag.py
[2025-06-18T00:59:43.464+0000] {processor.py:830} INFO - Processing file /opt/airflow/dags/procesamiento_datos_autopia_dag.py for tasks to queue
[2025-06-18T00:59:43.465+0000] {logging_mixin.py:188} INFO - [2025-06-18T00:59:43.465+0000] {dagbag.py:538} INFO - Filling up the DagBag from /opt/airflow/dags/procesamiento_datos_autopia_dag.py
[2025-06-18T00:59:43.480+0000] {processor.py:840} INFO - DAG(s) 'procesamiento_datos_autopia_dag' retrieved from /opt/airflow/dags/procesamiento_datos_autopia_dag.py
[2025-06-18T00:59:43.522+0000] {logging_mixin.py:188} INFO - [2025-06-18T00:59:43.521+0000] {dag.py:3036} INFO - Sync 1 DAGs
[2025-06-18T00:59:43.542+0000] {logging_mixin.py:188} INFO - [2025-06-18T00:59:43.542+0000] {dag.py:3823} INFO - Setting next_dagrun for procesamiento_datos_autopia_dag to None, run_after=None
[2025-06-18T00:59:43.575+0000] {processor.py:183} INFO - Processing /opt/airflow/dags/procesamiento_datos_autopia_dag.py took 0.120 seconds
[2025-06-18T01:00:13.967+0000] {processor.py:161} INFO - Started process (PID=1413) to work on /opt/airflow/dags/procesamiento_datos_autopia_dag.py
[2025-06-18T01:00:13.969+0000] {processor.py:830} INFO - Processing file /opt/airflow/dags/procesamiento_datos_autopia_dag.py for tasks to queue
[2025-06-18T01:00:13.970+0000] {logging_mixin.py:188} INFO - [2025-06-18T01:00:13.970+0000] {dagbag.py:538} INFO - Filling up the DagBag from /opt/airflow/dags/procesamiento_datos_autopia_dag.py
[2025-06-18T01:00:13.985+0000] {processor.py:840} INFO - DAG(s) 'procesamiento_datos_autopia_dag' retrieved from /opt/airflow/dags/procesamiento_datos_autopia_dag.py
[2025-06-18T01:00:14.026+0000] {logging_mixin.py:188} INFO - [2025-06-18T01:00:14.026+0000] {dag.py:3036} INFO - Sync 1 DAGs
[2025-06-18T01:00:14.047+0000] {logging_mixin.py:188} INFO - [2025-06-18T01:00:14.047+0000] {dag.py:3823} INFO - Setting next_dagrun for procesamiento_datos_autopia_dag to None, run_after=None
[2025-06-18T01:00:14.079+0000] {processor.py:183} INFO - Processing /opt/airflow/dags/procesamiento_datos_autopia_dag.py took 0.120 seconds
[2025-06-18T01:00:44.958+0000] {processor.py:161} INFO - Started process (PID=1449) to work on /opt/airflow/dags/procesamiento_datos_autopia_dag.py
[2025-06-18T01:00:44.961+0000] {processor.py:830} INFO - Processing file /opt/airflow/dags/procesamiento_datos_autopia_dag.py for tasks to queue
[2025-06-18T01:00:44.963+0000] {logging_mixin.py:188} INFO - [2025-06-18T01:00:44.962+0000] {dagbag.py:538} INFO - Filling up the DagBag from /opt/airflow/dags/procesamiento_datos_autopia_dag.py
[2025-06-18T01:00:44.977+0000] {processor.py:840} INFO - DAG(s) 'procesamiento_datos_autopia_dag' retrieved from /opt/airflow/dags/procesamiento_datos_autopia_dag.py
[2025-06-18T01:00:45.021+0000] {logging_mixin.py:188} INFO - [2025-06-18T01:00:45.021+0000] {dag.py:3036} INFO - Sync 1 DAGs
[2025-06-18T01:00:45.040+0000] {logging_mixin.py:188} INFO - [2025-06-18T01:00:45.040+0000] {dag.py:3823} INFO - Setting next_dagrun for procesamiento_datos_autopia_dag to None, run_after=None
[2025-06-18T01:00:45.071+0000] {processor.py:183} INFO - Processing /opt/airflow/dags/procesamiento_datos_autopia_dag.py took 0.117 seconds
[2025-06-18T01:01:15.472+0000] {processor.py:161} INFO - Started process (PID=1488) to work on /opt/airflow/dags/procesamiento_datos_autopia_dag.py
[2025-06-18T01:01:15.475+0000] {processor.py:830} INFO - Processing file /opt/airflow/dags/procesamiento_datos_autopia_dag.py for tasks to queue
[2025-06-18T01:01:15.478+0000] {logging_mixin.py:188} INFO - [2025-06-18T01:01:15.477+0000] {dagbag.py:538} INFO - Filling up the DagBag from /opt/airflow/dags/procesamiento_datos_autopia_dag.py
[2025-06-18T01:01:15.503+0000] {processor.py:840} INFO - DAG(s) 'procesamiento_datos_autopia_dag' retrieved from /opt/airflow/dags/procesamiento_datos_autopia_dag.py
[2025-06-18T01:01:15.564+0000] {logging_mixin.py:188} INFO - [2025-06-18T01:01:15.564+0000] {dag.py:3036} INFO - Sync 1 DAGs
[2025-06-18T01:01:15.592+0000] {logging_mixin.py:188} INFO - [2025-06-18T01:01:15.592+0000] {dag.py:3823} INFO - Setting next_dagrun for procesamiento_datos_autopia_dag to None, run_after=None
[2025-06-18T01:01:15.644+0000] {processor.py:183} INFO - Processing /opt/airflow/dags/procesamiento_datos_autopia_dag.py took 0.181 seconds
[2025-06-18T01:01:45.864+0000] {processor.py:161} INFO - Started process (PID=1545) to work on /opt/airflow/dags/procesamiento_datos_autopia_dag.py
[2025-06-18T01:01:45.865+0000] {processor.py:830} INFO - Processing file /opt/airflow/dags/procesamiento_datos_autopia_dag.py for tasks to queue
[2025-06-18T01:01:45.866+0000] {logging_mixin.py:188} INFO - [2025-06-18T01:01:45.866+0000] {dagbag.py:538} INFO - Filling up the DagBag from /opt/airflow/dags/procesamiento_datos_autopia_dag.py
[2025-06-18T01:01:45.880+0000] {processor.py:840} INFO - DAG(s) 'procesamiento_datos_autopia_dag' retrieved from /opt/airflow/dags/procesamiento_datos_autopia_dag.py
[2025-06-18T01:01:45.918+0000] {logging_mixin.py:188} INFO - [2025-06-18T01:01:45.918+0000] {dag.py:3036} INFO - Sync 1 DAGs
[2025-06-18T01:01:45.933+0000] {logging_mixin.py:188} INFO - [2025-06-18T01:01:45.933+0000] {dag.py:3823} INFO - Setting next_dagrun for procesamiento_datos_autopia_dag to None, run_after=None
[2025-06-18T01:01:45.963+0000] {processor.py:183} INFO - Processing /opt/airflow/dags/procesamiento_datos_autopia_dag.py took 0.105 seconds
[2025-06-18T01:02:16.362+0000] {processor.py:161} INFO - Started process (PID=1581) to work on /opt/airflow/dags/procesamiento_datos_autopia_dag.py
[2025-06-18T01:02:16.365+0000] {processor.py:830} INFO - Processing file /opt/airflow/dags/procesamiento_datos_autopia_dag.py for tasks to queue
[2025-06-18T01:02:16.366+0000] {logging_mixin.py:188} INFO - [2025-06-18T01:02:16.366+0000] {dagbag.py:538} INFO - Filling up the DagBag from /opt/airflow/dags/procesamiento_datos_autopia_dag.py
[2025-06-18T01:02:16.381+0000] {processor.py:840} INFO - DAG(s) 'procesamiento_datos_autopia_dag' retrieved from /opt/airflow/dags/procesamiento_datos_autopia_dag.py
[2025-06-18T01:02:16.416+0000] {logging_mixin.py:188} INFO - [2025-06-18T01:02:16.416+0000] {dag.py:3036} INFO - Sync 1 DAGs
[2025-06-18T01:02:16.434+0000] {logging_mixin.py:188} INFO - [2025-06-18T01:02:16.433+0000] {dag.py:3823} INFO - Setting next_dagrun for procesamiento_datos_autopia_dag to None, run_after=None
[2025-06-18T01:02:16.459+0000] {processor.py:183} INFO - Processing /opt/airflow/dags/procesamiento_datos_autopia_dag.py took 0.107 seconds
[2025-06-18T01:02:46.769+0000] {processor.py:161} INFO - Started process (PID=1602) to work on /opt/airflow/dags/procesamiento_datos_autopia_dag.py
[2025-06-18T01:02:46.786+0000] {processor.py:830} INFO - Processing file /opt/airflow/dags/procesamiento_datos_autopia_dag.py for tasks to queue
[2025-06-18T01:02:46.792+0000] {logging_mixin.py:188} INFO - [2025-06-18T01:02:46.789+0000] {dagbag.py:538} INFO - Filling up the DagBag from /opt/airflow/dags/procesamiento_datos_autopia_dag.py
[2025-06-18T01:02:46.836+0000] {processor.py:840} INFO - DAG(s) 'procesamiento_datos_autopia_dag' retrieved from /opt/airflow/dags/procesamiento_datos_autopia_dag.py
[2025-06-18T01:02:46.895+0000] {logging_mixin.py:188} INFO - [2025-06-18T01:02:46.895+0000] {dag.py:3036} INFO - Sync 1 DAGs
[2025-06-18T01:02:46.924+0000] {logging_mixin.py:188} INFO - [2025-06-18T01:02:46.924+0000] {dag.py:3823} INFO - Setting next_dagrun for procesamiento_datos_autopia_dag to None, run_after=None
[2025-06-18T01:02:46.965+0000] {processor.py:183} INFO - Processing /opt/airflow/dags/procesamiento_datos_autopia_dag.py took 0.219 seconds
[2025-06-18T01:03:17.172+0000] {processor.py:161} INFO - Started process (PID=1638) to work on /opt/airflow/dags/procesamiento_datos_autopia_dag.py
[2025-06-18T01:03:17.174+0000] {processor.py:830} INFO - Processing file /opt/airflow/dags/procesamiento_datos_autopia_dag.py for tasks to queue
[2025-06-18T01:03:17.175+0000] {logging_mixin.py:188} INFO - [2025-06-18T01:03:17.174+0000] {dagbag.py:538} INFO - Filling up the DagBag from /opt/airflow/dags/procesamiento_datos_autopia_dag.py
[2025-06-18T01:03:17.187+0000] {processor.py:840} INFO - DAG(s) 'procesamiento_datos_autopia_dag' retrieved from /opt/airflow/dags/procesamiento_datos_autopia_dag.py
[2025-06-18T01:03:17.220+0000] {logging_mixin.py:188} INFO - [2025-06-18T01:03:17.220+0000] {dag.py:3036} INFO - Sync 1 DAGs
[2025-06-18T01:03:17.234+0000] {logging_mixin.py:188} INFO - [2025-06-18T01:03:17.234+0000] {dag.py:3823} INFO - Setting next_dagrun for procesamiento_datos_autopia_dag to None, run_after=None
[2025-06-18T01:03:17.263+0000] {processor.py:183} INFO - Processing /opt/airflow/dags/procesamiento_datos_autopia_dag.py took 0.096 seconds
[2025-06-18T01:19:35.098+0000] {processor.py:161} INFO - Started process (PID=198) to work on /opt/airflow/dags/procesamiento_datos_autopia_dag.py
[2025-06-18T01:19:35.101+0000] {processor.py:830} INFO - Processing file /opt/airflow/dags/procesamiento_datos_autopia_dag.py for tasks to queue
[2025-06-18T01:19:35.102+0000] {logging_mixin.py:188} INFO - [2025-06-18T01:19:35.102+0000] {dagbag.py:538} INFO - Filling up the DagBag from /opt/airflow/dags/procesamiento_datos_autopia_dag.py
[2025-06-18T01:19:35.117+0000] {processor.py:840} INFO - DAG(s) 'procesamiento_datos_autopia_dag' retrieved from /opt/airflow/dags/procesamiento_datos_autopia_dag.py
[2025-06-18T01:19:35.162+0000] {logging_mixin.py:188} INFO - [2025-06-18T01:19:35.162+0000] {dag.py:3036} INFO - Sync 1 DAGs
[2025-06-18T01:19:35.183+0000] {logging_mixin.py:188} INFO - [2025-06-18T01:19:35.183+0000] {dag.py:3823} INFO - Setting next_dagrun for procesamiento_datos_autopia_dag to None, run_after=None
[2025-06-18T01:19:35.218+0000] {processor.py:183} INFO - Processing /opt/airflow/dags/procesamiento_datos_autopia_dag.py took 0.127 seconds
[2025-06-18T01:20:05.737+0000] {processor.py:161} INFO - Started process (PID=235) to work on /opt/airflow/dags/procesamiento_datos_autopia_dag.py
[2025-06-18T01:20:05.739+0000] {processor.py:830} INFO - Processing file /opt/airflow/dags/procesamiento_datos_autopia_dag.py for tasks to queue
[2025-06-18T01:20:05.740+0000] {logging_mixin.py:188} INFO - [2025-06-18T01:20:05.739+0000] {dagbag.py:538} INFO - Filling up the DagBag from /opt/airflow/dags/procesamiento_datos_autopia_dag.py
[2025-06-18T01:20:05.754+0000] {processor.py:840} INFO - DAG(s) 'procesamiento_datos_autopia_dag' retrieved from /opt/airflow/dags/procesamiento_datos_autopia_dag.py
[2025-06-18T01:20:05.818+0000] {logging_mixin.py:188} INFO - [2025-06-18T01:20:05.818+0000] {dag.py:3036} INFO - Sync 1 DAGs
[2025-06-18T01:20:05.850+0000] {logging_mixin.py:188} INFO - [2025-06-18T01:20:05.849+0000] {dag.py:3823} INFO - Setting next_dagrun for procesamiento_datos_autopia_dag to None, run_after=None
[2025-06-18T01:20:05.893+0000] {processor.py:183} INFO - Processing /opt/airflow/dags/procesamiento_datos_autopia_dag.py took 0.161 seconds
[2025-06-18T01:20:36.289+0000] {processor.py:161} INFO - Started process (PID=271) to work on /opt/airflow/dags/procesamiento_datos_autopia_dag.py
[2025-06-18T01:20:36.291+0000] {processor.py:830} INFO - Processing file /opt/airflow/dags/procesamiento_datos_autopia_dag.py for tasks to queue
[2025-06-18T01:20:36.292+0000] {logging_mixin.py:188} INFO - [2025-06-18T01:20:36.292+0000] {dagbag.py:538} INFO - Filling up the DagBag from /opt/airflow/dags/procesamiento_datos_autopia_dag.py
[2025-06-18T01:20:36.304+0000] {processor.py:840} INFO - DAG(s) 'procesamiento_datos_autopia_dag' retrieved from /opt/airflow/dags/procesamiento_datos_autopia_dag.py
[2025-06-18T01:20:36.338+0000] {logging_mixin.py:188} INFO - [2025-06-18T01:20:36.337+0000] {dag.py:3036} INFO - Sync 1 DAGs
[2025-06-18T01:20:36.355+0000] {logging_mixin.py:188} INFO - [2025-06-18T01:20:36.355+0000] {dag.py:3823} INFO - Setting next_dagrun for procesamiento_datos_autopia_dag to None, run_after=None
[2025-06-18T01:20:36.382+0000] {processor.py:183} INFO - Processing /opt/airflow/dags/procesamiento_datos_autopia_dag.py took 0.098 seconds
[2025-06-18T01:21:06.635+0000] {processor.py:161} INFO - Started process (PID=292) to work on /opt/airflow/dags/procesamiento_datos_autopia_dag.py
[2025-06-18T01:21:06.636+0000] {processor.py:830} INFO - Processing file /opt/airflow/dags/procesamiento_datos_autopia_dag.py for tasks to queue
[2025-06-18T01:21:06.637+0000] {logging_mixin.py:188} INFO - [2025-06-18T01:21:06.637+0000] {dagbag.py:538} INFO - Filling up the DagBag from /opt/airflow/dags/procesamiento_datos_autopia_dag.py
[2025-06-18T01:21:06.650+0000] {processor.py:840} INFO - DAG(s) 'procesamiento_datos_autopia_dag' retrieved from /opt/airflow/dags/procesamiento_datos_autopia_dag.py
[2025-06-18T01:21:06.685+0000] {logging_mixin.py:188} INFO - [2025-06-18T01:21:06.685+0000] {dag.py:3036} INFO - Sync 1 DAGs
[2025-06-18T01:21:06.704+0000] {logging_mixin.py:188} INFO - [2025-06-18T01:21:06.704+0000] {dag.py:3823} INFO - Setting next_dagrun for procesamiento_datos_autopia_dag to None, run_after=None
[2025-06-18T01:21:06.734+0000] {processor.py:183} INFO - Processing /opt/airflow/dags/procesamiento_datos_autopia_dag.py took 0.104 seconds
[2025-06-18T01:21:36.932+0000] {processor.py:161} INFO - Started process (PID=328) to work on /opt/airflow/dags/procesamiento_datos_autopia_dag.py
[2025-06-18T01:21:36.934+0000] {processor.py:830} INFO - Processing file /opt/airflow/dags/procesamiento_datos_autopia_dag.py for tasks to queue
[2025-06-18T01:21:36.935+0000] {logging_mixin.py:188} INFO - [2025-06-18T01:21:36.934+0000] {dagbag.py:538} INFO - Filling up the DagBag from /opt/airflow/dags/procesamiento_datos_autopia_dag.py
[2025-06-18T01:21:36.949+0000] {processor.py:840} INFO - DAG(s) 'procesamiento_datos_autopia_dag' retrieved from /opt/airflow/dags/procesamiento_datos_autopia_dag.py
[2025-06-18T01:21:36.984+0000] {logging_mixin.py:188} INFO - [2025-06-18T01:21:36.984+0000] {dag.py:3036} INFO - Sync 1 DAGs
[2025-06-18T01:21:37.006+0000] {logging_mixin.py:188} INFO - [2025-06-18T01:21:37.006+0000] {dag.py:3823} INFO - Setting next_dagrun for procesamiento_datos_autopia_dag to None, run_after=None
[2025-06-18T01:21:37.043+0000] {processor.py:183} INFO - Processing /opt/airflow/dags/procesamiento_datos_autopia_dag.py took 0.116 seconds
[2025-06-18T01:22:07.180+0000] {processor.py:161} INFO - Started process (PID=348) to work on /opt/airflow/dags/procesamiento_datos_autopia_dag.py
[2025-06-18T01:22:07.182+0000] {processor.py:830} INFO - Processing file /opt/airflow/dags/procesamiento_datos_autopia_dag.py for tasks to queue
[2025-06-18T01:22:07.183+0000] {logging_mixin.py:188} INFO - [2025-06-18T01:22:07.182+0000] {dagbag.py:538} INFO - Filling up the DagBag from /opt/airflow/dags/procesamiento_datos_autopia_dag.py
[2025-06-18T01:22:07.194+0000] {processor.py:840} INFO - DAG(s) 'procesamiento_datos_autopia_dag' retrieved from /opt/airflow/dags/procesamiento_datos_autopia_dag.py
[2025-06-18T01:22:07.228+0000] {logging_mixin.py:188} INFO - [2025-06-18T01:22:07.228+0000] {dag.py:3036} INFO - Sync 1 DAGs
[2025-06-18T01:22:07.247+0000] {logging_mixin.py:188} INFO - [2025-06-18T01:22:07.246+0000] {dag.py:3823} INFO - Setting next_dagrun for procesamiento_datos_autopia_dag to None, run_after=None
[2025-06-18T01:22:07.268+0000] {processor.py:183} INFO - Processing /opt/airflow/dags/procesamiento_datos_autopia_dag.py took 0.093 seconds
[2025-06-18T01:22:37.933+0000] {processor.py:161} INFO - Started process (PID=385) to work on /opt/airflow/dags/procesamiento_datos_autopia_dag.py
[2025-06-18T01:22:37.936+0000] {processor.py:830} INFO - Processing file /opt/airflow/dags/procesamiento_datos_autopia_dag.py for tasks to queue
[2025-06-18T01:22:37.938+0000] {logging_mixin.py:188} INFO - [2025-06-18T01:22:37.937+0000] {dagbag.py:538} INFO - Filling up the DagBag from /opt/airflow/dags/procesamiento_datos_autopia_dag.py
[2025-06-18T01:22:37.962+0000] {processor.py:840} INFO - DAG(s) 'procesamiento_datos_autopia_dag' retrieved from /opt/airflow/dags/procesamiento_datos_autopia_dag.py
[2025-06-18T01:22:38.027+0000] {logging_mixin.py:188} INFO - [2025-06-18T01:22:38.026+0000] {dag.py:3036} INFO - Sync 1 DAGs
[2025-06-18T01:22:38.051+0000] {logging_mixin.py:188} INFO - [2025-06-18T01:22:38.051+0000] {dag.py:3823} INFO - Setting next_dagrun for procesamiento_datos_autopia_dag to None, run_after=None
[2025-06-18T01:22:38.084+0000] {processor.py:183} INFO - Processing /opt/airflow/dags/procesamiento_datos_autopia_dag.py took 0.163 seconds
[2025-06-18T01:23:08.176+0000] {processor.py:161} INFO - Started process (PID=406) to work on /opt/airflow/dags/procesamiento_datos_autopia_dag.py
[2025-06-18T01:23:08.178+0000] {processor.py:830} INFO - Processing file /opt/airflow/dags/procesamiento_datos_autopia_dag.py for tasks to queue
[2025-06-18T01:23:08.180+0000] {logging_mixin.py:188} INFO - [2025-06-18T01:23:08.179+0000] {dagbag.py:538} INFO - Filling up the DagBag from /opt/airflow/dags/procesamiento_datos_autopia_dag.py
[2025-06-18T01:23:08.196+0000] {processor.py:840} INFO - DAG(s) 'procesamiento_datos_autopia_dag' retrieved from /opt/airflow/dags/procesamiento_datos_autopia_dag.py
[2025-06-18T01:23:08.237+0000] {logging_mixin.py:188} INFO - [2025-06-18T01:23:08.237+0000] {dag.py:3036} INFO - Sync 1 DAGs
[2025-06-18T01:23:08.258+0000] {logging_mixin.py:188} INFO - [2025-06-18T01:23:08.258+0000] {dag.py:3823} INFO - Setting next_dagrun for procesamiento_datos_autopia_dag to None, run_after=None
[2025-06-18T01:23:08.297+0000] {processor.py:183} INFO - Processing /opt/airflow/dags/procesamiento_datos_autopia_dag.py took 0.128 seconds
[2025-06-18T01:23:38.399+0000] {processor.py:161} INFO - Started process (PID=442) to work on /opt/airflow/dags/procesamiento_datos_autopia_dag.py
[2025-06-18T01:23:38.401+0000] {processor.py:830} INFO - Processing file /opt/airflow/dags/procesamiento_datos_autopia_dag.py for tasks to queue
[2025-06-18T01:23:38.402+0000] {logging_mixin.py:188} INFO - [2025-06-18T01:23:38.402+0000] {dagbag.py:538} INFO - Filling up the DagBag from /opt/airflow/dags/procesamiento_datos_autopia_dag.py
[2025-06-18T01:23:38.419+0000] {processor.py:840} INFO - DAG(s) 'procesamiento_datos_autopia_dag' retrieved from /opt/airflow/dags/procesamiento_datos_autopia_dag.py
[2025-06-18T01:23:38.454+0000] {logging_mixin.py:188} INFO - [2025-06-18T01:23:38.454+0000] {dag.py:3036} INFO - Sync 1 DAGs
[2025-06-18T01:23:38.471+0000] {logging_mixin.py:188} INFO - [2025-06-18T01:23:38.471+0000] {dag.py:3823} INFO - Setting next_dagrun for procesamiento_datos_autopia_dag to None, run_after=None
[2025-06-18T01:23:38.498+0000] {processor.py:183} INFO - Processing /opt/airflow/dags/procesamiento_datos_autopia_dag.py took 0.105 seconds
[2025-06-18T01:24:08.663+0000] {processor.py:161} INFO - Started process (PID=461) to work on /opt/airflow/dags/procesamiento_datos_autopia_dag.py
[2025-06-18T01:24:08.665+0000] {processor.py:830} INFO - Processing file /opt/airflow/dags/procesamiento_datos_autopia_dag.py for tasks to queue
[2025-06-18T01:24:08.666+0000] {logging_mixin.py:188} INFO - [2025-06-18T01:24:08.665+0000] {dagbag.py:538} INFO - Filling up the DagBag from /opt/airflow/dags/procesamiento_datos_autopia_dag.py
[2025-06-18T01:24:08.678+0000] {processor.py:840} INFO - DAG(s) 'procesamiento_datos_autopia_dag' retrieved from /opt/airflow/dags/procesamiento_datos_autopia_dag.py
[2025-06-18T01:24:08.739+0000] {logging_mixin.py:188} INFO - [2025-06-18T01:24:08.739+0000] {dag.py:3036} INFO - Sync 1 DAGs
[2025-06-18T01:24:08.768+0000] {logging_mixin.py:188} INFO - [2025-06-18T01:24:08.767+0000] {dag.py:3823} INFO - Setting next_dagrun for procesamiento_datos_autopia_dag to None, run_after=None
[2025-06-18T01:24:08.823+0000] {processor.py:183} INFO - Processing /opt/airflow/dags/procesamiento_datos_autopia_dag.py took 0.165 seconds
[2025-06-18T01:24:39.725+0000] {processor.py:161} INFO - Started process (PID=497) to work on /opt/airflow/dags/procesamiento_datos_autopia_dag.py
[2025-06-18T01:24:39.727+0000] {processor.py:830} INFO - Processing file /opt/airflow/dags/procesamiento_datos_autopia_dag.py for tasks to queue
[2025-06-18T01:24:39.728+0000] {logging_mixin.py:188} INFO - [2025-06-18T01:24:39.728+0000] {dagbag.py:538} INFO - Filling up the DagBag from /opt/airflow/dags/procesamiento_datos_autopia_dag.py
[2025-06-18T01:24:39.741+0000] {processor.py:840} INFO - DAG(s) 'procesamiento_datos_autopia_dag' retrieved from /opt/airflow/dags/procesamiento_datos_autopia_dag.py
[2025-06-18T01:24:39.783+0000] {logging_mixin.py:188} INFO - [2025-06-18T01:24:39.782+0000] {dag.py:3036} INFO - Sync 1 DAGs
[2025-06-18T01:24:39.803+0000] {logging_mixin.py:188} INFO - [2025-06-18T01:24:39.803+0000] {dag.py:3823} INFO - Setting next_dagrun for procesamiento_datos_autopia_dag to None, run_after=None
[2025-06-18T01:24:39.844+0000] {processor.py:183} INFO - Processing /opt/airflow/dags/procesamiento_datos_autopia_dag.py took 0.124 seconds
[2025-06-18T01:25:10.383+0000] {processor.py:161} INFO - Started process (PID=518) to work on /opt/airflow/dags/procesamiento_datos_autopia_dag.py
[2025-06-18T01:25:10.384+0000] {processor.py:830} INFO - Processing file /opt/airflow/dags/procesamiento_datos_autopia_dag.py for tasks to queue
[2025-06-18T01:25:10.385+0000] {logging_mixin.py:188} INFO - [2025-06-18T01:25:10.385+0000] {dagbag.py:538} INFO - Filling up the DagBag from /opt/airflow/dags/procesamiento_datos_autopia_dag.py
[2025-06-18T01:25:10.399+0000] {processor.py:840} INFO - DAG(s) 'procesamiento_datos_autopia_dag' retrieved from /opt/airflow/dags/procesamiento_datos_autopia_dag.py
[2025-06-18T01:25:10.443+0000] {logging_mixin.py:188} INFO - [2025-06-18T01:25:10.443+0000] {dag.py:3036} INFO - Sync 1 DAGs
[2025-06-18T01:25:10.460+0000] {logging_mixin.py:188} INFO - [2025-06-18T01:25:10.459+0000] {dag.py:3823} INFO - Setting next_dagrun for procesamiento_datos_autopia_dag to None, run_after=None
[2025-06-18T01:25:10.487+0000] {processor.py:183} INFO - Processing /opt/airflow/dags/procesamiento_datos_autopia_dag.py took 0.110 seconds
[2025-06-18T01:25:41.174+0000] {processor.py:161} INFO - Started process (PID=554) to work on /opt/airflow/dags/procesamiento_datos_autopia_dag.py
[2025-06-18T01:25:41.177+0000] {processor.py:830} INFO - Processing file /opt/airflow/dags/procesamiento_datos_autopia_dag.py for tasks to queue
[2025-06-18T01:25:41.179+0000] {logging_mixin.py:188} INFO - [2025-06-18T01:25:41.178+0000] {dagbag.py:538} INFO - Filling up the DagBag from /opt/airflow/dags/procesamiento_datos_autopia_dag.py
[2025-06-18T01:25:41.203+0000] {processor.py:840} INFO - DAG(s) 'procesamiento_datos_autopia_dag' retrieved from /opt/airflow/dags/procesamiento_datos_autopia_dag.py
[2025-06-18T01:25:41.275+0000] {logging_mixin.py:188} INFO - [2025-06-18T01:25:41.275+0000] {dag.py:3036} INFO - Sync 1 DAGs
[2025-06-18T01:25:41.305+0000] {logging_mixin.py:188} INFO - [2025-06-18T01:25:41.304+0000] {dag.py:3823} INFO - Setting next_dagrun for procesamiento_datos_autopia_dag to None, run_after=None
[2025-06-18T01:25:41.517+0000] {processor.py:183} INFO - Processing /opt/airflow/dags/procesamiento_datos_autopia_dag.py took 0.352 seconds
[2025-06-18T01:26:42.746+0000] {processor.py:161} INFO - Started process (PID=196) to work on /opt/airflow/dags/procesamiento_datos_autopia_dag.py
[2025-06-18T01:26:42.748+0000] {processor.py:830} INFO - Processing file /opt/airflow/dags/procesamiento_datos_autopia_dag.py for tasks to queue
[2025-06-18T01:26:42.749+0000] {logging_mixin.py:188} INFO - [2025-06-18T01:26:42.749+0000] {dagbag.py:538} INFO - Filling up the DagBag from /opt/airflow/dags/procesamiento_datos_autopia_dag.py
[2025-06-18T01:26:42.763+0000] {processor.py:840} INFO - DAG(s) 'procesamiento_datos_autopia_dag' retrieved from /opt/airflow/dags/procesamiento_datos_autopia_dag.py
[2025-06-18T01:26:43.031+0000] {logging_mixin.py:188} INFO - [2025-06-18T01:26:43.031+0000] {dag.py:3036} INFO - Sync 1 DAGs
[2025-06-18T01:26:43.053+0000] {logging_mixin.py:188} INFO - [2025-06-18T01:26:43.053+0000] {dag.py:3823} INFO - Setting next_dagrun for procesamiento_datos_autopia_dag to None, run_after=None
[2025-06-18T01:26:43.101+0000] {processor.py:183} INFO - Processing /opt/airflow/dags/procesamiento_datos_autopia_dag.py took 0.362 seconds
[2025-06-18T01:27:13.183+0000] {processor.py:161} INFO - Started process (PID=290) to work on /opt/airflow/dags/procesamiento_datos_autopia_dag.py
[2025-06-18T01:27:13.184+0000] {processor.py:830} INFO - Processing file /opt/airflow/dags/procesamiento_datos_autopia_dag.py for tasks to queue
[2025-06-18T01:27:13.185+0000] {logging_mixin.py:188} INFO - [2025-06-18T01:27:13.185+0000] {dagbag.py:538} INFO - Filling up the DagBag from /opt/airflow/dags/procesamiento_datos_autopia_dag.py
[2025-06-18T01:27:13.196+0000] {processor.py:840} INFO - DAG(s) 'procesamiento_datos_autopia_dag' retrieved from /opt/airflow/dags/procesamiento_datos_autopia_dag.py
[2025-06-18T01:27:13.225+0000] {logging_mixin.py:188} INFO - [2025-06-18T01:27:13.225+0000] {dag.py:3036} INFO - Sync 1 DAGs
[2025-06-18T01:27:13.238+0000] {logging_mixin.py:188} INFO - [2025-06-18T01:27:13.238+0000] {dag.py:3823} INFO - Setting next_dagrun for procesamiento_datos_autopia_dag to None, run_after=None
[2025-06-18T01:27:13.266+0000] {processor.py:183} INFO - Processing /opt/airflow/dags/procesamiento_datos_autopia_dag.py took 0.088 seconds
[2025-06-18T01:27:43.472+0000] {processor.py:161} INFO - Started process (PID=326) to work on /opt/airflow/dags/procesamiento_datos_autopia_dag.py
[2025-06-18T01:27:43.473+0000] {processor.py:830} INFO - Processing file /opt/airflow/dags/procesamiento_datos_autopia_dag.py for tasks to queue
[2025-06-18T01:27:43.474+0000] {logging_mixin.py:188} INFO - [2025-06-18T01:27:43.474+0000] {dagbag.py:538} INFO - Filling up the DagBag from /opt/airflow/dags/procesamiento_datos_autopia_dag.py
[2025-06-18T01:27:43.489+0000] {processor.py:840} INFO - DAG(s) 'procesamiento_datos_autopia_dag' retrieved from /opt/airflow/dags/procesamiento_datos_autopia_dag.py
[2025-06-18T01:27:43.527+0000] {logging_mixin.py:188} INFO - [2025-06-18T01:27:43.526+0000] {dag.py:3036} INFO - Sync 1 DAGs
[2025-06-18T01:27:43.545+0000] {logging_mixin.py:188} INFO - [2025-06-18T01:27:43.545+0000] {dag.py:3823} INFO - Setting next_dagrun for procesamiento_datos_autopia_dag to None, run_after=None
[2025-06-18T01:27:43.570+0000] {processor.py:183} INFO - Processing /opt/airflow/dags/procesamiento_datos_autopia_dag.py took 0.104 seconds
[2025-06-18T01:28:13.688+0000] {processor.py:161} INFO - Started process (PID=347) to work on /opt/airflow/dags/procesamiento_datos_autopia_dag.py
[2025-06-18T01:28:13.690+0000] {processor.py:830} INFO - Processing file /opt/airflow/dags/procesamiento_datos_autopia_dag.py for tasks to queue
[2025-06-18T01:28:13.692+0000] {logging_mixin.py:188} INFO - [2025-06-18T01:28:13.691+0000] {dagbag.py:538} INFO - Filling up the DagBag from /opt/airflow/dags/procesamiento_datos_autopia_dag.py
[2025-06-18T01:28:13.705+0000] {processor.py:840} INFO - DAG(s) 'procesamiento_datos_autopia_dag' retrieved from /opt/airflow/dags/procesamiento_datos_autopia_dag.py
[2025-06-18T01:28:13.742+0000] {logging_mixin.py:188} INFO - [2025-06-18T01:28:13.742+0000] {dag.py:3036} INFO - Sync 1 DAGs
[2025-06-18T01:28:13.759+0000] {logging_mixin.py:188} INFO - [2025-06-18T01:28:13.758+0000] {dag.py:3823} INFO - Setting next_dagrun for procesamiento_datos_autopia_dag to None, run_after=None
[2025-06-18T01:28:13.786+0000] {processor.py:183} INFO - Processing /opt/airflow/dags/procesamiento_datos_autopia_dag.py took 0.103 seconds
[2025-06-18T01:28:43.866+0000] {processor.py:161} INFO - Started process (PID=383) to work on /opt/airflow/dags/procesamiento_datos_autopia_dag.py
[2025-06-18T01:28:43.867+0000] {processor.py:830} INFO - Processing file /opt/airflow/dags/procesamiento_datos_autopia_dag.py for tasks to queue
[2025-06-18T01:28:43.868+0000] {logging_mixin.py:188} INFO - [2025-06-18T01:28:43.867+0000] {dagbag.py:538} INFO - Filling up the DagBag from /opt/airflow/dags/procesamiento_datos_autopia_dag.py
[2025-06-18T01:28:43.878+0000] {processor.py:840} INFO - DAG(s) 'procesamiento_datos_autopia_dag' retrieved from /opt/airflow/dags/procesamiento_datos_autopia_dag.py
[2025-06-18T01:28:43.907+0000] {logging_mixin.py:188} INFO - [2025-06-18T01:28:43.907+0000] {dag.py:3036} INFO - Sync 1 DAGs
[2025-06-18T01:28:43.920+0000] {logging_mixin.py:188} INFO - [2025-06-18T01:28:43.920+0000] {dag.py:3823} INFO - Setting next_dagrun for procesamiento_datos_autopia_dag to None, run_after=None
[2025-06-18T01:28:43.940+0000] {processor.py:183} INFO - Processing /opt/airflow/dags/procesamiento_datos_autopia_dag.py took 0.079 seconds
