[2025-06-18T00:29:17.941+0000] {processor.py:161} INFO - Started process (PID=180) to work on /opt/airflow/dags/scraping_autopia_dag.py
[2025-06-18T00:29:17.945+0000] {processor.py:830} INFO - Processing file /opt/airflow/dags/scraping_autopia_dag.py for tasks to queue
[2025-06-18T00:29:17.949+0000] {logging_mixin.py:188} INFO - [2025-06-18T00:29:17.947+0000] {dagbag.py:538} INFO - Filling up the DagBag from /opt/airflow/dags/scraping_autopia_dag.py
[2025-06-18T00:29:18.952+0000] {processor.py:840} INFO - DAG(s) 'scraping_autopia_dag' retrieved from /opt/airflow/dags/scraping_autopia_dag.py
[2025-06-18T00:29:19.200+0000] {logging_mixin.py:188} INFO - [2025-06-18T00:29:19.198+0000] {override.py:1769} INFO - Created Permission View: can delete on DAG:scraping_autopia_dag
[2025-06-18T00:29:19.238+0000] {logging_mixin.py:188} INFO - [2025-06-18T00:29:19.237+0000] {override.py:1769} INFO - Created Permission View: can edit on DAG:scraping_autopia_dag
[2025-06-18T00:29:19.259+0000] {logging_mixin.py:188} INFO - [2025-06-18T00:29:19.258+0000] {override.py:1769} INFO - Created Permission View: can read on DAG:scraping_autopia_dag
[2025-06-18T00:29:19.260+0000] {logging_mixin.py:188} INFO - [2025-06-18T00:29:19.259+0000] {dag.py:3036} INFO - Sync 1 DAGs
[2025-06-18T00:29:19.283+0000] {logging_mixin.py:188} INFO - [2025-06-18T00:29:19.283+0000] {dag.py:3058} INFO - Creating ORM DAG for scraping_autopia_dag
[2025-06-18T00:29:19.285+0000] {logging_mixin.py:188} INFO - [2025-06-18T00:29:19.284+0000] {dag.py:3823} INFO - Setting next_dagrun for scraping_autopia_dag to None, run_after=None
[2025-06-18T00:29:19.313+0000] {processor.py:183} INFO - Processing /opt/airflow/dags/scraping_autopia_dag.py took 3.980 seconds
[2025-06-18T00:29:49.957+0000] {processor.py:161} INFO - Started process (PID=209) to work on /opt/airflow/dags/scraping_autopia_dag.py
[2025-06-18T00:29:49.982+0000] {processor.py:830} INFO - Processing file /opt/airflow/dags/scraping_autopia_dag.py for tasks to queue
[2025-06-18T00:29:49.984+0000] {logging_mixin.py:188} INFO - [2025-06-18T00:29:49.983+0000] {dagbag.py:538} INFO - Filling up the DagBag from /opt/airflow/dags/scraping_autopia_dag.py
[2025-06-18T00:29:52.414+0000] {processor.py:840} INFO - DAG(s) 'scraping_autopia_dag' retrieved from /opt/airflow/dags/scraping_autopia_dag.py
[2025-06-18T00:29:52.446+0000] {logging_mixin.py:188} INFO - [2025-06-18T00:29:52.445+0000] {dag.py:3036} INFO - Sync 1 DAGs
[2025-06-18T00:29:52.461+0000] {logging_mixin.py:188} INFO - [2025-06-18T00:29:52.461+0000] {dag.py:3823} INFO - Setting next_dagrun for scraping_autopia_dag to None, run_after=None
[2025-06-18T00:29:52.599+0000] {processor.py:183} INFO - Processing /opt/airflow/dags/scraping_autopia_dag.py took 2.651 seconds
[2025-06-18T00:30:24.141+0000] {processor.py:161} INFO - Started process (PID=251) to work on /opt/airflow/dags/scraping_autopia_dag.py
[2025-06-18T00:30:24.255+0000] {processor.py:830} INFO - Processing file /opt/airflow/dags/scraping_autopia_dag.py for tasks to queue
[2025-06-18T00:30:24.262+0000] {logging_mixin.py:188} INFO - [2025-06-18T00:30:24.260+0000] {dagbag.py:538} INFO - Filling up the DagBag from /opt/airflow/dags/scraping_autopia_dag.py
[2025-06-18T00:30:24.848+0000] {processor.py:840} INFO - DAG(s) 'scraping_autopia_dag' retrieved from /opt/airflow/dags/scraping_autopia_dag.py
[2025-06-18T00:30:24.884+0000] {logging_mixin.py:188} INFO - [2025-06-18T00:30:24.883+0000] {dag.py:3036} INFO - Sync 1 DAGs
[2025-06-18T00:30:24.903+0000] {logging_mixin.py:188} INFO - [2025-06-18T00:30:24.902+0000] {dag.py:3823} INFO - Setting next_dagrun for scraping_autopia_dag to None, run_after=None
[2025-06-18T00:30:25.732+0000] {processor.py:183} INFO - Processing /opt/airflow/dags/scraping_autopia_dag.py took 1.601 seconds
[2025-06-18T00:30:56.708+0000] {processor.py:161} INFO - Started process (PID=284) to work on /opt/airflow/dags/scraping_autopia_dag.py
[2025-06-18T00:30:56.717+0000] {processor.py:830} INFO - Processing file /opt/airflow/dags/scraping_autopia_dag.py for tasks to queue
[2025-06-18T00:30:56.722+0000] {logging_mixin.py:188} INFO - [2025-06-18T00:30:56.720+0000] {dagbag.py:538} INFO - Filling up the DagBag from /opt/airflow/dags/scraping_autopia_dag.py
[2025-06-18T00:30:57.457+0000] {processor.py:840} INFO - DAG(s) 'scraping_autopia_dag' retrieved from /opt/airflow/dags/scraping_autopia_dag.py
[2025-06-18T00:30:57.494+0000] {logging_mixin.py:188} INFO - [2025-06-18T00:30:57.494+0000] {dag.py:3036} INFO - Sync 1 DAGs
[2025-06-18T00:30:57.510+0000] {logging_mixin.py:188} INFO - [2025-06-18T00:30:57.510+0000] {dag.py:3823} INFO - Setting next_dagrun for scraping_autopia_dag to None, run_after=None
[2025-06-18T00:30:57.554+0000] {processor.py:183} INFO - Processing /opt/airflow/dags/scraping_autopia_dag.py took 0.864 seconds
[2025-06-18T00:31:28.345+0000] {processor.py:161} INFO - Started process (PID=310) to work on /opt/airflow/dags/scraping_autopia_dag.py
[2025-06-18T00:31:28.589+0000] {processor.py:830} INFO - Processing file /opt/airflow/dags/scraping_autopia_dag.py for tasks to queue
[2025-06-18T00:31:28.593+0000] {logging_mixin.py:188} INFO - [2025-06-18T00:31:28.591+0000] {dagbag.py:538} INFO - Filling up the DagBag from /opt/airflow/dags/scraping_autopia_dag.py
[2025-06-18T00:31:29.157+0000] {processor.py:840} INFO - DAG(s) 'scraping_autopia_dag' retrieved from /opt/airflow/dags/scraping_autopia_dag.py
[2025-06-18T00:31:29.192+0000] {logging_mixin.py:188} INFO - [2025-06-18T00:31:29.191+0000] {dag.py:3036} INFO - Sync 1 DAGs
[2025-06-18T00:31:29.209+0000] {logging_mixin.py:188} INFO - [2025-06-18T00:31:29.208+0000] {dag.py:3823} INFO - Setting next_dagrun for scraping_autopia_dag to None, run_after=None
[2025-06-18T00:31:29.248+0000] {processor.py:183} INFO - Processing /opt/airflow/dags/scraping_autopia_dag.py took 0.913 seconds
[2025-06-18T00:31:59.527+0000] {processor.py:161} INFO - Started process (PID=346) to work on /opt/airflow/dags/scraping_autopia_dag.py
[2025-06-18T00:31:59.535+0000] {processor.py:830} INFO - Processing file /opt/airflow/dags/scraping_autopia_dag.py for tasks to queue
[2025-06-18T00:31:59.538+0000] {logging_mixin.py:188} INFO - [2025-06-18T00:31:59.537+0000] {dagbag.py:538} INFO - Filling up the DagBag from /opt/airflow/dags/scraping_autopia_dag.py
[2025-06-18T00:32:00.097+0000] {processor.py:840} INFO - DAG(s) 'scraping_autopia_dag' retrieved from /opt/airflow/dags/scraping_autopia_dag.py
[2025-06-18T00:32:00.134+0000] {logging_mixin.py:188} INFO - [2025-06-18T00:32:00.133+0000] {dag.py:3036} INFO - Sync 1 DAGs
[2025-06-18T00:32:00.154+0000] {logging_mixin.py:188} INFO - [2025-06-18T00:32:00.153+0000] {dag.py:3823} INFO - Setting next_dagrun for scraping_autopia_dag to None, run_after=None
[2025-06-18T00:32:00.203+0000] {processor.py:183} INFO - Processing /opt/airflow/dags/scraping_autopia_dag.py took 0.689 seconds
[2025-06-18T00:32:30.799+0000] {processor.py:161} INFO - Started process (PID=367) to work on /opt/airflow/dags/scraping_autopia_dag.py
[2025-06-18T00:32:30.803+0000] {processor.py:830} INFO - Processing file /opt/airflow/dags/scraping_autopia_dag.py for tasks to queue
[2025-06-18T00:32:30.805+0000] {logging_mixin.py:188} INFO - [2025-06-18T00:32:30.805+0000] {dagbag.py:538} INFO - Filling up the DagBag from /opt/airflow/dags/scraping_autopia_dag.py
[2025-06-18T00:32:31.333+0000] {processor.py:840} INFO - DAG(s) 'scraping_autopia_dag' retrieved from /opt/airflow/dags/scraping_autopia_dag.py
[2025-06-18T00:32:31.382+0000] {logging_mixin.py:188} INFO - [2025-06-18T00:32:31.381+0000] {dag.py:3036} INFO - Sync 1 DAGs
[2025-06-18T00:32:31.403+0000] {logging_mixin.py:188} INFO - [2025-06-18T00:32:31.402+0000] {dag.py:3823} INFO - Setting next_dagrun for scraping_autopia_dag to None, run_after=None
[2025-06-18T00:32:31.484+0000] {processor.py:183} INFO - Processing /opt/airflow/dags/scraping_autopia_dag.py took 0.696 seconds
[2025-06-18T00:33:01.823+0000] {processor.py:161} INFO - Started process (PID=403) to work on /opt/airflow/dags/scraping_autopia_dag.py
[2025-06-18T00:33:01.830+0000] {processor.py:830} INFO - Processing file /opt/airflow/dags/scraping_autopia_dag.py for tasks to queue
[2025-06-18T00:33:01.832+0000] {logging_mixin.py:188} INFO - [2025-06-18T00:33:01.831+0000] {dagbag.py:538} INFO - Filling up the DagBag from /opt/airflow/dags/scraping_autopia_dag.py
[2025-06-18T00:33:02.447+0000] {processor.py:840} INFO - DAG(s) 'scraping_autopia_dag' retrieved from /opt/airflow/dags/scraping_autopia_dag.py
[2025-06-18T00:33:02.483+0000] {logging_mixin.py:188} INFO - [2025-06-18T00:33:02.482+0000] {dag.py:3036} INFO - Sync 1 DAGs
[2025-06-18T00:33:02.680+0000] {logging_mixin.py:188} INFO - [2025-06-18T00:33:02.680+0000] {dag.py:3823} INFO - Setting next_dagrun for scraping_autopia_dag to None, run_after=None
[2025-06-18T00:33:02.712+0000] {processor.py:183} INFO - Processing /opt/airflow/dags/scraping_autopia_dag.py took 0.898 seconds
[2025-06-18T00:33:32.820+0000] {processor.py:161} INFO - Started process (PID=424) to work on /opt/airflow/dags/scraping_autopia_dag.py
[2025-06-18T00:33:32.827+0000] {processor.py:830} INFO - Processing file /opt/airflow/dags/scraping_autopia_dag.py for tasks to queue
[2025-06-18T00:33:32.829+0000] {logging_mixin.py:188} INFO - [2025-06-18T00:33:32.829+0000] {dagbag.py:538} INFO - Filling up the DagBag from /opt/airflow/dags/scraping_autopia_dag.py
[2025-06-18T00:33:33.335+0000] {processor.py:840} INFO - DAG(s) 'scraping_autopia_dag' retrieved from /opt/airflow/dags/scraping_autopia_dag.py
[2025-06-18T00:33:33.367+0000] {logging_mixin.py:188} INFO - [2025-06-18T00:33:33.366+0000] {dag.py:3036} INFO - Sync 1 DAGs
[2025-06-18T00:33:33.379+0000] {logging_mixin.py:188} INFO - [2025-06-18T00:33:33.379+0000] {dag.py:3823} INFO - Setting next_dagrun for scraping_autopia_dag to None, run_after=None
[2025-06-18T00:33:33.480+0000] {processor.py:183} INFO - Processing /opt/airflow/dags/scraping_autopia_dag.py took 0.667 seconds
[2025-06-18T00:34:03.761+0000] {processor.py:161} INFO - Started process (PID=460) to work on /opt/airflow/dags/scraping_autopia_dag.py
[2025-06-18T00:34:03.770+0000] {processor.py:830} INFO - Processing file /opt/airflow/dags/scraping_autopia_dag.py for tasks to queue
[2025-06-18T00:34:03.772+0000] {logging_mixin.py:188} INFO - [2025-06-18T00:34:03.772+0000] {dagbag.py:538} INFO - Filling up the DagBag from /opt/airflow/dags/scraping_autopia_dag.py
[2025-06-18T00:34:04.356+0000] {processor.py:840} INFO - DAG(s) 'scraping_autopia_dag' retrieved from /opt/airflow/dags/scraping_autopia_dag.py
[2025-06-18T00:34:04.393+0000] {logging_mixin.py:188} INFO - [2025-06-18T00:34:04.392+0000] {dag.py:3036} INFO - Sync 1 DAGs
[2025-06-18T00:34:04.411+0000] {logging_mixin.py:188} INFO - [2025-06-18T00:34:04.411+0000] {dag.py:3823} INFO - Setting next_dagrun for scraping_autopia_dag to None, run_after=None
[2025-06-18T00:34:04.456+0000] {processor.py:183} INFO - Processing /opt/airflow/dags/scraping_autopia_dag.py took 0.703 seconds
[2025-06-18T00:34:34.831+0000] {processor.py:161} INFO - Started process (PID=481) to work on /opt/airflow/dags/scraping_autopia_dag.py
[2025-06-18T00:34:34.864+0000] {processor.py:830} INFO - Processing file /opt/airflow/dags/scraping_autopia_dag.py for tasks to queue
[2025-06-18T00:34:34.866+0000] {logging_mixin.py:188} INFO - [2025-06-18T00:34:34.866+0000] {dagbag.py:538} INFO - Filling up the DagBag from /opt/airflow/dags/scraping_autopia_dag.py
[2025-06-18T00:34:35.343+0000] {processor.py:840} INFO - DAG(s) 'scraping_autopia_dag' retrieved from /opt/airflow/dags/scraping_autopia_dag.py
[2025-06-18T00:34:35.374+0000] {logging_mixin.py:188} INFO - [2025-06-18T00:34:35.373+0000] {dag.py:3036} INFO - Sync 1 DAGs
[2025-06-18T00:34:35.388+0000] {logging_mixin.py:188} INFO - [2025-06-18T00:34:35.387+0000] {dag.py:3823} INFO - Setting next_dagrun for scraping_autopia_dag to None, run_after=None
[2025-06-18T00:34:35.710+0000] {processor.py:183} INFO - Processing /opt/airflow/dags/scraping_autopia_dag.py took 0.891 seconds
[2025-06-18T00:35:06.608+0000] {processor.py:161} INFO - Started process (PID=517) to work on /opt/airflow/dags/scraping_autopia_dag.py
[2025-06-18T00:35:06.610+0000] {processor.py:830} INFO - Processing file /opt/airflow/dags/scraping_autopia_dag.py for tasks to queue
[2025-06-18T00:35:06.611+0000] {logging_mixin.py:188} INFO - [2025-06-18T00:35:06.611+0000] {dagbag.py:538} INFO - Filling up the DagBag from /opt/airflow/dags/scraping_autopia_dag.py
[2025-06-18T00:35:07.495+0000] {processor.py:840} INFO - DAG(s) 'scraping_autopia_dag' retrieved from /opt/airflow/dags/scraping_autopia_dag.py
[2025-06-18T00:35:07.536+0000] {logging_mixin.py:188} INFO - [2025-06-18T00:35:07.536+0000] {dag.py:3036} INFO - Sync 1 DAGs
[2025-06-18T00:35:07.554+0000] {logging_mixin.py:188} INFO - [2025-06-18T00:35:07.553+0000] {dag.py:3823} INFO - Setting next_dagrun for scraping_autopia_dag to None, run_after=None
[2025-06-18T00:35:07.589+0000] {processor.py:183} INFO - Processing /opt/airflow/dags/scraping_autopia_dag.py took 0.987 seconds
[2025-06-18T00:35:37.712+0000] {processor.py:161} INFO - Started process (PID=538) to work on /opt/airflow/dags/scraping_autopia_dag.py
[2025-06-18T00:35:37.734+0000] {processor.py:830} INFO - Processing file /opt/airflow/dags/scraping_autopia_dag.py for tasks to queue
[2025-06-18T00:35:37.738+0000] {logging_mixin.py:188} INFO - [2025-06-18T00:35:37.737+0000] {dagbag.py:538} INFO - Filling up the DagBag from /opt/airflow/dags/scraping_autopia_dag.py
[2025-06-18T00:35:38.333+0000] {processor.py:840} INFO - DAG(s) 'scraping_autopia_dag' retrieved from /opt/airflow/dags/scraping_autopia_dag.py
[2025-06-18T00:35:38.366+0000] {logging_mixin.py:188} INFO - [2025-06-18T00:35:38.366+0000] {dag.py:3036} INFO - Sync 1 DAGs
[2025-06-18T00:35:38.383+0000] {logging_mixin.py:188} INFO - [2025-06-18T00:35:38.383+0000] {dag.py:3823} INFO - Setting next_dagrun for scraping_autopia_dag to None, run_after=None
[2025-06-18T00:35:38.695+0000] {processor.py:183} INFO - Processing /opt/airflow/dags/scraping_autopia_dag.py took 1.002 seconds
[2025-06-18T00:36:09.116+0000] {processor.py:161} INFO - Started process (PID=574) to work on /opt/airflow/dags/scraping_autopia_dag.py
[2025-06-18T00:36:09.122+0000] {processor.py:830} INFO - Processing file /opt/airflow/dags/scraping_autopia_dag.py for tasks to queue
[2025-06-18T00:36:09.123+0000] {logging_mixin.py:188} INFO - [2025-06-18T00:36:09.123+0000] {dagbag.py:538} INFO - Filling up the DagBag from /opt/airflow/dags/scraping_autopia_dag.py
[2025-06-18T00:36:09.594+0000] {processor.py:840} INFO - DAG(s) 'scraping_autopia_dag' retrieved from /opt/airflow/dags/scraping_autopia_dag.py
[2025-06-18T00:36:09.628+0000] {logging_mixin.py:188} INFO - [2025-06-18T00:36:09.627+0000] {dag.py:3036} INFO - Sync 1 DAGs
[2025-06-18T00:36:09.641+0000] {logging_mixin.py:188} INFO - [2025-06-18T00:36:09.641+0000] {dag.py:3823} INFO - Setting next_dagrun for scraping_autopia_dag to None, run_after=None
[2025-06-18T00:36:09.702+0000] {processor.py:183} INFO - Processing /opt/airflow/dags/scraping_autopia_dag.py took 0.594 seconds
[2025-06-18T00:36:39.942+0000] {processor.py:161} INFO - Started process (PID=610) to work on /opt/airflow/dags/scraping_autopia_dag.py
[2025-06-18T00:36:39.948+0000] {processor.py:830} INFO - Processing file /opt/airflow/dags/scraping_autopia_dag.py for tasks to queue
[2025-06-18T00:36:39.951+0000] {logging_mixin.py:188} INFO - [2025-06-18T00:36:39.950+0000] {dagbag.py:538} INFO - Filling up the DagBag from /opt/airflow/dags/scraping_autopia_dag.py
[2025-06-18T00:36:40.489+0000] {processor.py:840} INFO - DAG(s) 'scraping_autopia_dag' retrieved from /opt/airflow/dags/scraping_autopia_dag.py
[2025-06-18T00:36:40.523+0000] {logging_mixin.py:188} INFO - [2025-06-18T00:36:40.522+0000] {dag.py:3036} INFO - Sync 1 DAGs
[2025-06-18T00:36:40.538+0000] {logging_mixin.py:188} INFO - [2025-06-18T00:36:40.538+0000] {dag.py:3823} INFO - Setting next_dagrun for scraping_autopia_dag to None, run_after=None
[2025-06-18T00:36:40.597+0000] {processor.py:183} INFO - Processing /opt/airflow/dags/scraping_autopia_dag.py took 0.670 seconds
[2025-06-18T00:37:11.115+0000] {processor.py:161} INFO - Started process (PID=631) to work on /opt/airflow/dags/scraping_autopia_dag.py
[2025-06-18T00:37:11.120+0000] {processor.py:830} INFO - Processing file /opt/airflow/dags/scraping_autopia_dag.py for tasks to queue
[2025-06-18T00:37:11.123+0000] {logging_mixin.py:188} INFO - [2025-06-18T00:37:11.122+0000] {dagbag.py:538} INFO - Filling up the DagBag from /opt/airflow/dags/scraping_autopia_dag.py
[2025-06-18T00:37:11.626+0000] {processor.py:840} INFO - DAG(s) 'scraping_autopia_dag' retrieved from /opt/airflow/dags/scraping_autopia_dag.py
[2025-06-18T00:37:11.659+0000] {logging_mixin.py:188} INFO - [2025-06-18T00:37:11.658+0000] {dag.py:3036} INFO - Sync 1 DAGs
[2025-06-18T00:37:11.675+0000] {logging_mixin.py:188} INFO - [2025-06-18T00:37:11.674+0000] {dag.py:3823} INFO - Setting next_dagrun for scraping_autopia_dag to None, run_after=None
[2025-06-18T00:37:11.710+0000] {processor.py:183} INFO - Processing /opt/airflow/dags/scraping_autopia_dag.py took 0.609 seconds
[2025-06-18T00:37:42.373+0000] {processor.py:161} INFO - Started process (PID=667) to work on /opt/airflow/dags/scraping_autopia_dag.py
[2025-06-18T00:37:42.382+0000] {processor.py:830} INFO - Processing file /opt/airflow/dags/scraping_autopia_dag.py for tasks to queue
[2025-06-18T00:37:42.384+0000] {logging_mixin.py:188} INFO - [2025-06-18T00:37:42.383+0000] {dagbag.py:538} INFO - Filling up the DagBag from /opt/airflow/dags/scraping_autopia_dag.py
[2025-06-18T00:37:42.967+0000] {processor.py:840} INFO - DAG(s) 'scraping_autopia_dag' retrieved from /opt/airflow/dags/scraping_autopia_dag.py
[2025-06-18T00:37:42.997+0000] {logging_mixin.py:188} INFO - [2025-06-18T00:37:42.996+0000] {dag.py:3036} INFO - Sync 1 DAGs
[2025-06-18T00:37:43.016+0000] {logging_mixin.py:188} INFO - [2025-06-18T00:37:43.016+0000] {dag.py:3823} INFO - Setting next_dagrun for scraping_autopia_dag to None, run_after=None
[2025-06-18T00:37:43.135+0000] {processor.py:183} INFO - Processing /opt/airflow/dags/scraping_autopia_dag.py took 0.770 seconds
[2025-06-18T00:38:13.401+0000] {processor.py:161} INFO - Started process (PID=688) to work on /opt/airflow/dags/scraping_autopia_dag.py
[2025-06-18T00:38:13.404+0000] {processor.py:830} INFO - Processing file /opt/airflow/dags/scraping_autopia_dag.py for tasks to queue
[2025-06-18T00:38:13.406+0000] {logging_mixin.py:188} INFO - [2025-06-18T00:38:13.405+0000] {dagbag.py:538} INFO - Filling up the DagBag from /opt/airflow/dags/scraping_autopia_dag.py
[2025-06-18T00:38:13.889+0000] {processor.py:840} INFO - DAG(s) 'scraping_autopia_dag' retrieved from /opt/airflow/dags/scraping_autopia_dag.py
[2025-06-18T00:38:13.918+0000] {logging_mixin.py:188} INFO - [2025-06-18T00:38:13.917+0000] {dag.py:3036} INFO - Sync 1 DAGs
[2025-06-18T00:38:13.929+0000] {logging_mixin.py:188} INFO - [2025-06-18T00:38:13.929+0000] {dag.py:3823} INFO - Setting next_dagrun for scraping_autopia_dag to None, run_after=None
[2025-06-18T00:38:13.973+0000] {processor.py:183} INFO - Processing /opt/airflow/dags/scraping_autopia_dag.py took 0.588 seconds
[2025-06-18T00:38:44.101+0000] {processor.py:161} INFO - Started process (PID=724) to work on /opt/airflow/dags/scraping_autopia_dag.py
[2025-06-18T00:38:44.130+0000] {processor.py:830} INFO - Processing file /opt/airflow/dags/scraping_autopia_dag.py for tasks to queue
[2025-06-18T00:38:44.133+0000] {logging_mixin.py:188} INFO - [2025-06-18T00:38:44.132+0000] {dagbag.py:538} INFO - Filling up the DagBag from /opt/airflow/dags/scraping_autopia_dag.py
[2025-06-18T00:38:44.635+0000] {processor.py:840} INFO - DAG(s) 'scraping_autopia_dag' retrieved from /opt/airflow/dags/scraping_autopia_dag.py
[2025-06-18T00:38:44.666+0000] {logging_mixin.py:188} INFO - [2025-06-18T00:38:44.666+0000] {dag.py:3036} INFO - Sync 1 DAGs
[2025-06-18T00:38:44.678+0000] {logging_mixin.py:188} INFO - [2025-06-18T00:38:44.678+0000] {dag.py:3823} INFO - Setting next_dagrun for scraping_autopia_dag to None, run_after=None
[2025-06-18T00:38:44.819+0000] {processor.py:183} INFO - Processing /opt/airflow/dags/scraping_autopia_dag.py took 0.738 seconds
[2025-06-18T00:39:15.005+0000] {processor.py:161} INFO - Started process (PID=745) to work on /opt/airflow/dags/scraping_autopia_dag.py
[2025-06-18T00:39:15.009+0000] {processor.py:830} INFO - Processing file /opt/airflow/dags/scraping_autopia_dag.py for tasks to queue
[2025-06-18T00:39:15.012+0000] {logging_mixin.py:188} INFO - [2025-06-18T00:39:15.011+0000] {dagbag.py:538} INFO - Filling up the DagBag from /opt/airflow/dags/scraping_autopia_dag.py
[2025-06-18T00:39:15.475+0000] {processor.py:840} INFO - DAG(s) 'scraping_autopia_dag' retrieved from /opt/airflow/dags/scraping_autopia_dag.py
[2025-06-18T00:39:15.502+0000] {logging_mixin.py:188} INFO - [2025-06-18T00:39:15.502+0000] {dag.py:3036} INFO - Sync 1 DAGs
[2025-06-18T00:39:15.517+0000] {logging_mixin.py:188} INFO - [2025-06-18T00:39:15.517+0000] {dag.py:3823} INFO - Setting next_dagrun for scraping_autopia_dag to None, run_after=None
[2025-06-18T00:39:15.566+0000] {processor.py:183} INFO - Processing /opt/airflow/dags/scraping_autopia_dag.py took 0.583 seconds
[2025-06-18T00:39:45.703+0000] {processor.py:161} INFO - Started process (PID=781) to work on /opt/airflow/dags/scraping_autopia_dag.py
[2025-06-18T00:39:45.792+0000] {processor.py:830} INFO - Processing file /opt/airflow/dags/scraping_autopia_dag.py for tasks to queue
[2025-06-18T00:39:45.796+0000] {logging_mixin.py:188} INFO - [2025-06-18T00:39:45.795+0000] {dagbag.py:538} INFO - Filling up the DagBag from /opt/airflow/dags/scraping_autopia_dag.py
[2025-06-18T00:39:46.565+0000] {processor.py:840} INFO - DAG(s) 'scraping_autopia_dag' retrieved from /opt/airflow/dags/scraping_autopia_dag.py
[2025-06-18T00:39:46.596+0000] {logging_mixin.py:188} INFO - [2025-06-18T00:39:46.596+0000] {dag.py:3036} INFO - Sync 1 DAGs
[2025-06-18T00:39:46.612+0000] {logging_mixin.py:188} INFO - [2025-06-18T00:39:46.612+0000] {dag.py:3823} INFO - Setting next_dagrun for scraping_autopia_dag to None, run_after=None
[2025-06-18T00:39:46.659+0000] {processor.py:183} INFO - Processing /opt/airflow/dags/scraping_autopia_dag.py took 0.969 seconds
[2025-06-18T00:40:16.897+0000] {processor.py:161} INFO - Started process (PID=802) to work on /opt/airflow/dags/scraping_autopia_dag.py
[2025-06-18T00:40:16.911+0000] {processor.py:830} INFO - Processing file /opt/airflow/dags/scraping_autopia_dag.py for tasks to queue
[2025-06-18T00:40:16.914+0000] {logging_mixin.py:188} INFO - [2025-06-18T00:40:16.913+0000] {dagbag.py:538} INFO - Filling up the DagBag from /opt/airflow/dags/scraping_autopia_dag.py
[2025-06-18T00:40:17.402+0000] {processor.py:840} INFO - DAG(s) 'scraping_autopia_dag' retrieved from /opt/airflow/dags/scraping_autopia_dag.py
[2025-06-18T00:40:17.439+0000] {logging_mixin.py:188} INFO - [2025-06-18T00:40:17.438+0000] {dag.py:3036} INFO - Sync 1 DAGs
[2025-06-18T00:40:17.458+0000] {logging_mixin.py:188} INFO - [2025-06-18T00:40:17.458+0000] {dag.py:3823} INFO - Setting next_dagrun for scraping_autopia_dag to None, run_after=None
[2025-06-18T00:40:17.577+0000] {processor.py:183} INFO - Processing /opt/airflow/dags/scraping_autopia_dag.py took 0.688 seconds
[2025-06-18T00:40:47.774+0000] {processor.py:161} INFO - Started process (PID=838) to work on /opt/airflow/dags/scraping_autopia_dag.py
[2025-06-18T00:40:47.777+0000] {processor.py:830} INFO - Processing file /opt/airflow/dags/scraping_autopia_dag.py for tasks to queue
[2025-06-18T00:40:47.779+0000] {logging_mixin.py:188} INFO - [2025-06-18T00:40:47.778+0000] {dagbag.py:538} INFO - Filling up the DagBag from /opt/airflow/dags/scraping_autopia_dag.py
[2025-06-18T00:40:48.235+0000] {processor.py:840} INFO - DAG(s) 'scraping_autopia_dag' retrieved from /opt/airflow/dags/scraping_autopia_dag.py
[2025-06-18T00:40:48.264+0000] {logging_mixin.py:188} INFO - [2025-06-18T00:40:48.263+0000] {dag.py:3036} INFO - Sync 1 DAGs
[2025-06-18T00:40:48.282+0000] {logging_mixin.py:188} INFO - [2025-06-18T00:40:48.281+0000] {dag.py:3823} INFO - Setting next_dagrun for scraping_autopia_dag to None, run_after=None
[2025-06-18T00:40:48.566+0000] {processor.py:183} INFO - Processing /opt/airflow/dags/scraping_autopia_dag.py took 0.812 seconds
[2025-06-18T00:41:18.705+0000] {processor.py:161} INFO - Started process (PID=859) to work on /opt/airflow/dags/scraping_autopia_dag.py
[2025-06-18T00:41:18.712+0000] {processor.py:830} INFO - Processing file /opt/airflow/dags/scraping_autopia_dag.py for tasks to queue
[2025-06-18T00:41:18.714+0000] {logging_mixin.py:188} INFO - [2025-06-18T00:41:18.714+0000] {dagbag.py:538} INFO - Filling up the DagBag from /opt/airflow/dags/scraping_autopia_dag.py
[2025-06-18T00:41:19.245+0000] {processor.py:840} INFO - DAG(s) 'scraping_autopia_dag' retrieved from /opt/airflow/dags/scraping_autopia_dag.py
[2025-06-18T00:41:19.283+0000] {logging_mixin.py:188} INFO - [2025-06-18T00:41:19.282+0000] {dag.py:3036} INFO - Sync 1 DAGs
[2025-06-18T00:41:19.297+0000] {logging_mixin.py:188} INFO - [2025-06-18T00:41:19.297+0000] {dag.py:3823} INFO - Setting next_dagrun for scraping_autopia_dag to None, run_after=None
[2025-06-18T00:41:19.331+0000] {processor.py:183} INFO - Processing /opt/airflow/dags/scraping_autopia_dag.py took 0.638 seconds
[2025-06-18T00:41:49.633+0000] {processor.py:161} INFO - Started process (PID=895) to work on /opt/airflow/dags/scraping_autopia_dag.py
[2025-06-18T00:41:49.635+0000] {processor.py:830} INFO - Processing file /opt/airflow/dags/scraping_autopia_dag.py for tasks to queue
[2025-06-18T00:41:49.636+0000] {logging_mixin.py:188} INFO - [2025-06-18T00:41:49.636+0000] {dagbag.py:538} INFO - Filling up the DagBag from /opt/airflow/dags/scraping_autopia_dag.py
[2025-06-18T00:41:50.099+0000] {processor.py:840} INFO - DAG(s) 'scraping_autopia_dag' retrieved from /opt/airflow/dags/scraping_autopia_dag.py
[2025-06-18T00:41:50.129+0000] {logging_mixin.py:188} INFO - [2025-06-18T00:41:50.128+0000] {dag.py:3036} INFO - Sync 1 DAGs
[2025-06-18T00:41:50.144+0000] {logging_mixin.py:188} INFO - [2025-06-18T00:41:50.144+0000] {dag.py:3823} INFO - Setting next_dagrun for scraping_autopia_dag to None, run_after=None
[2025-06-18T00:41:50.180+0000] {processor.py:183} INFO - Processing /opt/airflow/dags/scraping_autopia_dag.py took 0.553 seconds
[2025-06-18T00:42:20.613+0000] {processor.py:161} INFO - Started process (PID=916) to work on /opt/airflow/dags/scraping_autopia_dag.py
[2025-06-18T00:42:20.634+0000] {processor.py:830} INFO - Processing file /opt/airflow/dags/scraping_autopia_dag.py for tasks to queue
[2025-06-18T00:42:20.637+0000] {logging_mixin.py:188} INFO - [2025-06-18T00:42:20.636+0000] {dagbag.py:538} INFO - Filling up the DagBag from /opt/airflow/dags/scraping_autopia_dag.py
[2025-06-18T00:42:21.125+0000] {processor.py:840} INFO - DAG(s) 'scraping_autopia_dag' retrieved from /opt/airflow/dags/scraping_autopia_dag.py
[2025-06-18T00:42:21.169+0000] {logging_mixin.py:188} INFO - [2025-06-18T00:42:21.168+0000] {dag.py:3036} INFO - Sync 1 DAGs
[2025-06-18T00:42:21.209+0000] {logging_mixin.py:188} INFO - [2025-06-18T00:42:21.208+0000] {dag.py:3823} INFO - Setting next_dagrun for scraping_autopia_dag to None, run_after=None
[2025-06-18T00:42:21.276+0000] {processor.py:183} INFO - Processing /opt/airflow/dags/scraping_autopia_dag.py took 0.675 seconds
[2025-06-18T00:42:52.274+0000] {processor.py:161} INFO - Started process (PID=952) to work on /opt/airflow/dags/scraping_autopia_dag.py
[2025-06-18T00:42:52.276+0000] {processor.py:830} INFO - Processing file /opt/airflow/dags/scraping_autopia_dag.py for tasks to queue
[2025-06-18T00:42:52.278+0000] {logging_mixin.py:188} INFO - [2025-06-18T00:42:52.277+0000] {dagbag.py:538} INFO - Filling up the DagBag from /opt/airflow/dags/scraping_autopia_dag.py
[2025-06-18T00:42:52.766+0000] {processor.py:840} INFO - DAG(s) 'scraping_autopia_dag' retrieved from /opt/airflow/dags/scraping_autopia_dag.py
[2025-06-18T00:42:52.792+0000] {logging_mixin.py:188} INFO - [2025-06-18T00:42:52.792+0000] {dag.py:3036} INFO - Sync 1 DAGs
[2025-06-18T00:42:52.804+0000] {logging_mixin.py:188} INFO - [2025-06-18T00:42:52.804+0000] {dag.py:3823} INFO - Setting next_dagrun for scraping_autopia_dag to None, run_after=None
[2025-06-18T00:42:52.857+0000] {processor.py:183} INFO - Processing /opt/airflow/dags/scraping_autopia_dag.py took 0.592 seconds
[2025-06-18T00:43:23.668+0000] {processor.py:161} INFO - Started process (PID=988) to work on /opt/airflow/dags/scraping_autopia_dag.py
[2025-06-18T00:43:23.761+0000] {processor.py:830} INFO - Processing file /opt/airflow/dags/scraping_autopia_dag.py for tasks to queue
[2025-06-18T00:43:23.765+0000] {logging_mixin.py:188} INFO - [2025-06-18T00:43:23.764+0000] {dagbag.py:538} INFO - Filling up the DagBag from /opt/airflow/dags/scraping_autopia_dag.py
[2025-06-18T00:43:24.287+0000] {processor.py:840} INFO - DAG(s) 'scraping_autopia_dag' retrieved from /opt/airflow/dags/scraping_autopia_dag.py
[2025-06-18T00:43:24.315+0000] {logging_mixin.py:188} INFO - [2025-06-18T00:43:24.315+0000] {dag.py:3036} INFO - Sync 1 DAGs
[2025-06-18T00:43:24.326+0000] {logging_mixin.py:188} INFO - [2025-06-18T00:43:24.325+0000] {dag.py:3823} INFO - Setting next_dagrun for scraping_autopia_dag to None, run_after=None
[2025-06-18T00:43:24.350+0000] {processor.py:183} INFO - Processing /opt/airflow/dags/scraping_autopia_dag.py took 0.694 seconds
[2025-06-18T00:43:54.477+0000] {processor.py:161} INFO - Started process (PID=1009) to work on /opt/airflow/dags/scraping_autopia_dag.py
[2025-06-18T00:43:54.479+0000] {processor.py:830} INFO - Processing file /opt/airflow/dags/scraping_autopia_dag.py for tasks to queue
[2025-06-18T00:43:54.480+0000] {logging_mixin.py:188} INFO - [2025-06-18T00:43:54.480+0000] {dagbag.py:538} INFO - Filling up the DagBag from /opt/airflow/dags/scraping_autopia_dag.py
[2025-06-18T00:43:54.135+0000] {processor.py:840} INFO - DAG(s) 'scraping_autopia_dag' retrieved from /opt/airflow/dags/scraping_autopia_dag.py
[2025-06-18T00:43:54.163+0000] {logging_mixin.py:188} INFO - [2025-06-18T00:43:54.163+0000] {dag.py:3036} INFO - Sync 1 DAGs
[2025-06-18T00:43:54.175+0000] {logging_mixin.py:188} INFO - [2025-06-18T00:43:54.175+0000] {dag.py:3823} INFO - Setting next_dagrun for scraping_autopia_dag to None, run_after=None
[2025-06-18T00:43:52.339+0000] {processor.py:183} INFO - Processing /opt/airflow/dags/scraping_autopia_dag.py took 0.577 seconds
[2025-06-18T00:44:22.792+0000] {processor.py:161} INFO - Started process (PID=1045) to work on /opt/airflow/dags/scraping_autopia_dag.py
[2025-06-18T00:44:23.046+0000] {processor.py:830} INFO - Processing file /opt/airflow/dags/scraping_autopia_dag.py for tasks to queue
[2025-06-18T00:44:23.050+0000] {logging_mixin.py:188} INFO - [2025-06-18T00:44:23.049+0000] {dagbag.py:538} INFO - Filling up the DagBag from /opt/airflow/dags/scraping_autopia_dag.py
[2025-06-18T00:44:23.567+0000] {processor.py:840} INFO - DAG(s) 'scraping_autopia_dag' retrieved from /opt/airflow/dags/scraping_autopia_dag.py
[2025-06-18T00:44:23.600+0000] {logging_mixin.py:188} INFO - [2025-06-18T00:44:23.599+0000] {dag.py:3036} INFO - Sync 1 DAGs
[2025-06-18T00:44:23.623+0000] {logging_mixin.py:188} INFO - [2025-06-18T00:44:23.623+0000] {dag.py:3823} INFO - Setting next_dagrun for scraping_autopia_dag to None, run_after=None
[2025-06-18T00:44:23.676+0000] {processor.py:183} INFO - Processing /opt/airflow/dags/scraping_autopia_dag.py took 0.893 seconds
[2025-06-18T00:44:53.894+0000] {processor.py:161} INFO - Started process (PID=1066) to work on /opt/airflow/dags/scraping_autopia_dag.py
[2025-06-18T00:44:53.895+0000] {processor.py:830} INFO - Processing file /opt/airflow/dags/scraping_autopia_dag.py for tasks to queue
[2025-06-18T00:44:53.897+0000] {logging_mixin.py:188} INFO - [2025-06-18T00:44:53.896+0000] {dagbag.py:538} INFO - Filling up the DagBag from /opt/airflow/dags/scraping_autopia_dag.py
[2025-06-18T00:44:54.365+0000] {processor.py:840} INFO - DAG(s) 'scraping_autopia_dag' retrieved from /opt/airflow/dags/scraping_autopia_dag.py
[2025-06-18T00:44:54.410+0000] {logging_mixin.py:188} INFO - [2025-06-18T00:44:54.409+0000] {dag.py:3036} INFO - Sync 1 DAGs
[2025-06-18T00:44:54.434+0000] {logging_mixin.py:188} INFO - [2025-06-18T00:44:54.433+0000] {dag.py:3823} INFO - Setting next_dagrun for scraping_autopia_dag to None, run_after=None
[2025-06-18T00:44:54.483+0000] {processor.py:183} INFO - Processing /opt/airflow/dags/scraping_autopia_dag.py took 0.598 seconds
[2025-06-18T00:45:24.639+0000] {processor.py:161} INFO - Started process (PID=1102) to work on /opt/airflow/dags/scraping_autopia_dag.py
[2025-06-18T00:45:24.654+0000] {processor.py:830} INFO - Processing file /opt/airflow/dags/scraping_autopia_dag.py for tasks to queue
[2025-06-18T00:45:24.657+0000] {logging_mixin.py:188} INFO - [2025-06-18T00:45:24.656+0000] {dagbag.py:538} INFO - Filling up the DagBag from /opt/airflow/dags/scraping_autopia_dag.py
[2025-06-18T00:45:25.136+0000] {processor.py:840} INFO - DAG(s) 'scraping_autopia_dag' retrieved from /opt/airflow/dags/scraping_autopia_dag.py
[2025-06-18T00:45:25.171+0000] {logging_mixin.py:188} INFO - [2025-06-18T00:45:25.170+0000] {dag.py:3036} INFO - Sync 1 DAGs
[2025-06-18T00:45:25.186+0000] {logging_mixin.py:188} INFO - [2025-06-18T00:45:25.185+0000] {dag.py:3823} INFO - Setting next_dagrun for scraping_autopia_dag to None, run_after=None
[2025-06-18T00:45:25.214+0000] {processor.py:183} INFO - Processing /opt/airflow/dags/scraping_autopia_dag.py took 0.580 seconds
[2025-06-18T00:45:55.504+0000] {processor.py:161} INFO - Started process (PID=1123) to work on /opt/airflow/dags/scraping_autopia_dag.py
[2025-06-18T00:45:55.507+0000] {processor.py:830} INFO - Processing file /opt/airflow/dags/scraping_autopia_dag.py for tasks to queue
[2025-06-18T00:45:55.509+0000] {logging_mixin.py:188} INFO - [2025-06-18T00:45:55.508+0000] {dagbag.py:538} INFO - Filling up the DagBag from /opt/airflow/dags/scraping_autopia_dag.py
[2025-06-18T00:45:56.007+0000] {processor.py:840} INFO - DAG(s) 'scraping_autopia_dag' retrieved from /opt/airflow/dags/scraping_autopia_dag.py
[2025-06-18T00:45:56.043+0000] {logging_mixin.py:188} INFO - [2025-06-18T00:45:56.042+0000] {dag.py:3036} INFO - Sync 1 DAGs
[2025-06-18T00:45:56.057+0000] {logging_mixin.py:188} INFO - [2025-06-18T00:45:56.057+0000] {dag.py:3823} INFO - Setting next_dagrun for scraping_autopia_dag to None, run_after=None
[2025-06-18T00:45:56.133+0000] {processor.py:183} INFO - Processing /opt/airflow/dags/scraping_autopia_dag.py took 0.645 seconds
[2025-06-18T00:46:27.188+0000] {processor.py:161} INFO - Started process (PID=1159) to work on /opt/airflow/dags/scraping_autopia_dag.py
[2025-06-18T00:46:27.191+0000] {processor.py:830} INFO - Processing file /opt/airflow/dags/scraping_autopia_dag.py for tasks to queue
[2025-06-18T00:46:27.194+0000] {logging_mixin.py:188} INFO - [2025-06-18T00:46:27.193+0000] {dagbag.py:538} INFO - Filling up the DagBag from /opt/airflow/dags/scraping_autopia_dag.py
[2025-06-18T00:46:27.822+0000] {processor.py:840} INFO - DAG(s) 'scraping_autopia_dag' retrieved from /opt/airflow/dags/scraping_autopia_dag.py
[2025-06-18T00:46:27.849+0000] {logging_mixin.py:188} INFO - [2025-06-18T00:46:27.848+0000] {dag.py:3036} INFO - Sync 1 DAGs
[2025-06-18T00:46:27.859+0000] {logging_mixin.py:188} INFO - [2025-06-18T00:46:27.859+0000] {dag.py:3823} INFO - Setting next_dagrun for scraping_autopia_dag to None, run_after=None
[2025-06-18T00:46:27.896+0000] {processor.py:183} INFO - Processing /opt/airflow/dags/scraping_autopia_dag.py took 0.721 seconds
[2025-06-18T00:46:58.113+0000] {processor.py:161} INFO - Started process (PID=1180) to work on /opt/airflow/dags/scraping_autopia_dag.py
[2025-06-18T00:46:58.119+0000] {processor.py:830} INFO - Processing file /opt/airflow/dags/scraping_autopia_dag.py for tasks to queue
[2025-06-18T00:46:58.120+0000] {logging_mixin.py:188} INFO - [2025-06-18T00:46:58.120+0000] {dagbag.py:538} INFO - Filling up the DagBag from /opt/airflow/dags/scraping_autopia_dag.py
[2025-06-18T00:46:58.654+0000] {processor.py:840} INFO - DAG(s) 'scraping_autopia_dag' retrieved from /opt/airflow/dags/scraping_autopia_dag.py
[2025-06-18T00:46:58.685+0000] {logging_mixin.py:188} INFO - [2025-06-18T00:46:58.685+0000] {dag.py:3036} INFO - Sync 1 DAGs
[2025-06-18T00:46:58.699+0000] {logging_mixin.py:188} INFO - [2025-06-18T00:46:58.698+0000] {dag.py:3823} INFO - Setting next_dagrun for scraping_autopia_dag to None, run_after=None
[2025-06-18T00:46:58.893+0000] {processor.py:183} INFO - Processing /opt/airflow/dags/scraping_autopia_dag.py took 0.786 seconds
[2025-06-18T00:47:29.858+0000] {processor.py:161} INFO - Started process (PID=1216) to work on /opt/airflow/dags/scraping_autopia_dag.py
[2025-06-18T00:47:29.861+0000] {processor.py:830} INFO - Processing file /opt/airflow/dags/scraping_autopia_dag.py for tasks to queue
[2025-06-18T00:47:29.864+0000] {logging_mixin.py:188} INFO - [2025-06-18T00:47:29.863+0000] {dagbag.py:538} INFO - Filling up the DagBag from /opt/airflow/dags/scraping_autopia_dag.py
[2025-06-18T00:47:30.386+0000] {processor.py:840} INFO - DAG(s) 'scraping_autopia_dag' retrieved from /opt/airflow/dags/scraping_autopia_dag.py
[2025-06-18T00:47:30.417+0000] {logging_mixin.py:188} INFO - [2025-06-18T00:47:30.417+0000] {dag.py:3036} INFO - Sync 1 DAGs
[2025-06-18T00:47:30.431+0000] {logging_mixin.py:188} INFO - [2025-06-18T00:47:30.430+0000] {dag.py:3823} INFO - Setting next_dagrun for scraping_autopia_dag to None, run_after=None
[2025-06-18T00:47:30.465+0000] {processor.py:183} INFO - Processing /opt/airflow/dags/scraping_autopia_dag.py took 0.617 seconds
[2025-06-18T00:48:00.940+0000] {processor.py:161} INFO - Started process (PID=1237) to work on /opt/airflow/dags/scraping_autopia_dag.py
[2025-06-18T00:48:00.949+0000] {processor.py:830} INFO - Processing file /opt/airflow/dags/scraping_autopia_dag.py for tasks to queue
[2025-06-18T00:48:00.952+0000] {logging_mixin.py:188} INFO - [2025-06-18T00:48:00.951+0000] {dagbag.py:538} INFO - Filling up the DagBag from /opt/airflow/dags/scraping_autopia_dag.py
[2025-06-18T00:48:01.423+0000] {processor.py:840} INFO - DAG(s) 'scraping_autopia_dag' retrieved from /opt/airflow/dags/scraping_autopia_dag.py
[2025-06-18T00:48:01.453+0000] {logging_mixin.py:188} INFO - [2025-06-18T00:48:01.452+0000] {dag.py:3036} INFO - Sync 1 DAGs
[2025-06-18T00:48:01.466+0000] {logging_mixin.py:188} INFO - [2025-06-18T00:48:01.466+0000] {dag.py:3823} INFO - Setting next_dagrun for scraping_autopia_dag to None, run_after=None
[2025-06-18T00:48:01.538+0000] {processor.py:183} INFO - Processing /opt/airflow/dags/scraping_autopia_dag.py took 0.613 seconds
[2025-06-18T00:48:31.668+0000] {processor.py:161} INFO - Started process (PID=1274) to work on /opt/airflow/dags/scraping_autopia_dag.py
[2025-06-18T00:48:31.670+0000] {processor.py:830} INFO - Processing file /opt/airflow/dags/scraping_autopia_dag.py for tasks to queue
[2025-06-18T00:48:31.672+0000] {logging_mixin.py:188} INFO - [2025-06-18T00:48:31.671+0000] {dagbag.py:538} INFO - Filling up the DagBag from /opt/airflow/dags/scraping_autopia_dag.py
[2025-06-18T00:48:32.235+0000] {processor.py:840} INFO - DAG(s) 'scraping_autopia_dag' retrieved from /opt/airflow/dags/scraping_autopia_dag.py
[2025-06-18T00:48:32.281+0000] {logging_mixin.py:188} INFO - [2025-06-18T00:48:32.280+0000] {dag.py:3036} INFO - Sync 1 DAGs
[2025-06-18T00:48:32.295+0000] {logging_mixin.py:188} INFO - [2025-06-18T00:48:32.295+0000] {dag.py:3823} INFO - Setting next_dagrun for scraping_autopia_dag to None, run_after=None
[2025-06-18T00:48:32.572+0000] {processor.py:183} INFO - Processing /opt/airflow/dags/scraping_autopia_dag.py took 0.910 seconds
[2025-06-18T00:49:03.410+0000] {processor.py:161} INFO - Started process (PID=1295) to work on /opt/airflow/dags/scraping_autopia_dag.py
[2025-06-18T00:49:03.412+0000] {processor.py:830} INFO - Processing file /opt/airflow/dags/scraping_autopia_dag.py for tasks to queue
[2025-06-18T00:49:03.414+0000] {logging_mixin.py:188} INFO - [2025-06-18T00:49:03.413+0000] {dagbag.py:538} INFO - Filling up the DagBag from /opt/airflow/dags/scraping_autopia_dag.py
[2025-06-18T00:49:03.945+0000] {processor.py:840} INFO - DAG(s) 'scraping_autopia_dag' retrieved from /opt/airflow/dags/scraping_autopia_dag.py
[2025-06-18T00:49:03.975+0000] {logging_mixin.py:188} INFO - [2025-06-18T00:49:03.974+0000] {dag.py:3036} INFO - Sync 1 DAGs
[2025-06-18T00:49:03.988+0000] {logging_mixin.py:188} INFO - [2025-06-18T00:49:03.988+0000] {dag.py:3823} INFO - Setting next_dagrun for scraping_autopia_dag to None, run_after=None
[2025-06-18T00:49:04.013+0000] {processor.py:183} INFO - Processing /opt/airflow/dags/scraping_autopia_dag.py took 0.630 seconds
[2025-06-18T00:49:34.305+0000] {processor.py:161} INFO - Started process (PID=1331) to work on /opt/airflow/dags/scraping_autopia_dag.py
[2025-06-18T00:49:34.321+0000] {processor.py:830} INFO - Processing file /opt/airflow/dags/scraping_autopia_dag.py for tasks to queue
[2025-06-18T00:49:34.324+0000] {logging_mixin.py:188} INFO - [2025-06-18T00:49:34.323+0000] {dagbag.py:538} INFO - Filling up the DagBag from /opt/airflow/dags/scraping_autopia_dag.py
[2025-06-18T00:49:34.821+0000] {processor.py:840} INFO - DAG(s) 'scraping_autopia_dag' retrieved from /opt/airflow/dags/scraping_autopia_dag.py
[2025-06-18T00:49:34.857+0000] {logging_mixin.py:188} INFO - [2025-06-18T00:49:34.857+0000] {dag.py:3036} INFO - Sync 1 DAGs
[2025-06-18T00:49:34.870+0000] {logging_mixin.py:188} INFO - [2025-06-18T00:49:34.870+0000] {dag.py:3823} INFO - Setting next_dagrun for scraping_autopia_dag to None, run_after=None
[2025-06-18T00:49:34.894+0000] {processor.py:183} INFO - Processing /opt/airflow/dags/scraping_autopia_dag.py took 0.607 seconds
[2025-06-18T00:51:01.065+0000] {processor.py:161} INFO - Started process (PID=181) to work on /opt/airflow/dags/scraping_autopia_dag.py
[2025-06-18T00:51:01.069+0000] {processor.py:830} INFO - Processing file /opt/airflow/dags/scraping_autopia_dag.py for tasks to queue
[2025-06-18T00:51:01.071+0000] {logging_mixin.py:188} INFO - [2025-06-18T00:51:01.070+0000] {dagbag.py:538} INFO - Filling up the DagBag from /opt/airflow/dags/scraping_autopia_dag.py
[2025-06-18T00:51:03.171+0000] {processor.py:840} INFO - DAG(s) 'scraping_autopia_dag' retrieved from /opt/airflow/dags/scraping_autopia_dag.py
[2025-06-18T00:51:03.308+0000] {logging_mixin.py:188} INFO - [2025-06-18T00:51:03.308+0000] {dag.py:3036} INFO - Sync 1 DAGs
[2025-06-18T00:51:03.323+0000] {logging_mixin.py:188} INFO - [2025-06-18T00:51:03.322+0000] {dag.py:3823} INFO - Setting next_dagrun for scraping_autopia_dag to None, run_after=None
[2025-06-18T00:51:03.742+0000] {processor.py:183} INFO - Processing /opt/airflow/dags/scraping_autopia_dag.py took 2.687 seconds
[2025-06-18T00:51:33.938+0000] {processor.py:161} INFO - Started process (PID=215) to work on /opt/airflow/dags/scraping_autopia_dag.py
[2025-06-18T00:51:33.940+0000] {processor.py:830} INFO - Processing file /opt/airflow/dags/scraping_autopia_dag.py for tasks to queue
[2025-06-18T00:51:33.941+0000] {logging_mixin.py:188} INFO - [2025-06-18T00:51:33.941+0000] {dagbag.py:538} INFO - Filling up the DagBag from /opt/airflow/dags/scraping_autopia_dag.py
[2025-06-18T00:51:34.550+0000] {processor.py:840} INFO - DAG(s) 'scraping_autopia_dag' retrieved from /opt/airflow/dags/scraping_autopia_dag.py
[2025-06-18T00:51:34.574+0000] {logging_mixin.py:188} INFO - [2025-06-18T00:51:34.574+0000] {dag.py:3036} INFO - Sync 1 DAGs
[2025-06-18T00:51:34.586+0000] {logging_mixin.py:188} INFO - [2025-06-18T00:51:34.586+0000] {dag.py:3823} INFO - Setting next_dagrun for scraping_autopia_dag to None, run_after=None
[2025-06-18T00:51:34.626+0000] {processor.py:183} INFO - Processing /opt/airflow/dags/scraping_autopia_dag.py took 0.692 seconds
[2025-06-18T00:52:05.463+0000] {processor.py:161} INFO - Started process (PID=253) to work on /opt/airflow/dags/scraping_autopia_dag.py
[2025-06-18T00:52:05.464+0000] {processor.py:830} INFO - Processing file /opt/airflow/dags/scraping_autopia_dag.py for tasks to queue
[2025-06-18T00:52:05.465+0000] {logging_mixin.py:188} INFO - [2025-06-18T00:52:05.464+0000] {dagbag.py:538} INFO - Filling up the DagBag from /opt/airflow/dags/scraping_autopia_dag.py
[2025-06-18T00:52:05.075+0000] {processor.py:840} INFO - DAG(s) 'scraping_autopia_dag' retrieved from /opt/airflow/dags/scraping_autopia_dag.py
[2025-06-18T00:52:05.100+0000] {logging_mixin.py:188} INFO - [2025-06-18T00:52:05.100+0000] {dag.py:3036} INFO - Sync 1 DAGs
[2025-06-18T00:52:05.110+0000] {logging_mixin.py:188} INFO - [2025-06-18T00:52:05.110+0000] {dag.py:3823} INFO - Setting next_dagrun for scraping_autopia_dag to None, run_after=None
[2025-06-18T00:52:05.139+0000] {processor.py:183} INFO - Processing /opt/airflow/dags/scraping_autopia_dag.py took 0.546 seconds
[2025-06-18T00:52:36.118+0000] {processor.py:161} INFO - Started process (PID=289) to work on /opt/airflow/dags/scraping_autopia_dag.py
[2025-06-18T00:52:36.123+0000] {processor.py:830} INFO - Processing file /opt/airflow/dags/scraping_autopia_dag.py for tasks to queue
[2025-06-18T00:52:36.124+0000] {logging_mixin.py:188} INFO - [2025-06-18T00:52:36.124+0000] {dagbag.py:538} INFO - Filling up the DagBag from /opt/airflow/dags/scraping_autopia_dag.py
[2025-06-18T00:52:36.684+0000] {processor.py:840} INFO - DAG(s) 'scraping_autopia_dag' retrieved from /opt/airflow/dags/scraping_autopia_dag.py
[2025-06-18T00:52:36.707+0000] {logging_mixin.py:188} INFO - [2025-06-18T00:52:36.707+0000] {dag.py:3036} INFO - Sync 1 DAGs
[2025-06-18T00:52:36.718+0000] {logging_mixin.py:188} INFO - [2025-06-18T00:52:36.717+0000] {dag.py:3823} INFO - Setting next_dagrun for scraping_autopia_dag to None, run_after=None
[2025-06-18T00:52:36.738+0000] {processor.py:183} INFO - Processing /opt/airflow/dags/scraping_autopia_dag.py took 0.623 seconds
[2025-06-18T00:53:07.525+0000] {processor.py:161} INFO - Started process (PID=310) to work on /opt/airflow/dags/scraping_autopia_dag.py
[2025-06-18T00:53:07.526+0000] {processor.py:830} INFO - Processing file /opt/airflow/dags/scraping_autopia_dag.py for tasks to queue
[2025-06-18T00:53:07.527+0000] {logging_mixin.py:188} INFO - [2025-06-18T00:53:07.527+0000] {dagbag.py:538} INFO - Filling up the DagBag from /opt/airflow/dags/scraping_autopia_dag.py
[2025-06-18T00:53:07.972+0000] {processor.py:840} INFO - DAG(s) 'scraping_autopia_dag' retrieved from /opt/airflow/dags/scraping_autopia_dag.py
[2025-06-18T00:53:07.997+0000] {logging_mixin.py:188} INFO - [2025-06-18T00:53:07.996+0000] {dag.py:3036} INFO - Sync 1 DAGs
[2025-06-18T00:53:08.007+0000] {logging_mixin.py:188} INFO - [2025-06-18T00:53:08.007+0000] {dag.py:3823} INFO - Setting next_dagrun for scraping_autopia_dag to None, run_after=None
[2025-06-18T00:53:08.031+0000] {processor.py:183} INFO - Processing /opt/airflow/dags/scraping_autopia_dag.py took 0.510 seconds
[2025-06-18T00:53:38.838+0000] {processor.py:161} INFO - Started process (PID=346) to work on /opt/airflow/dags/scraping_autopia_dag.py
[2025-06-18T00:53:38.843+0000] {processor.py:830} INFO - Processing file /opt/airflow/dags/scraping_autopia_dag.py for tasks to queue
[2025-06-18T00:53:38.844+0000] {logging_mixin.py:188} INFO - [2025-06-18T00:53:38.844+0000] {dagbag.py:538} INFO - Filling up the DagBag from /opt/airflow/dags/scraping_autopia_dag.py
[2025-06-18T00:53:39.312+0000] {processor.py:840} INFO - DAG(s) 'scraping_autopia_dag' retrieved from /opt/airflow/dags/scraping_autopia_dag.py
[2025-06-18T00:53:39.336+0000] {logging_mixin.py:188} INFO - [2025-06-18T00:53:39.335+0000] {dag.py:3036} INFO - Sync 1 DAGs
[2025-06-18T00:53:39.347+0000] {logging_mixin.py:188} INFO - [2025-06-18T00:53:39.347+0000] {dag.py:3823} INFO - Setting next_dagrun for scraping_autopia_dag to None, run_after=None
[2025-06-18T00:53:39.370+0000] {processor.py:183} INFO - Processing /opt/airflow/dags/scraping_autopia_dag.py took 0.537 seconds
[2025-06-18T00:54:10.156+0000] {processor.py:161} INFO - Started process (PID=367) to work on /opt/airflow/dags/scraping_autopia_dag.py
[2025-06-18T00:54:10.157+0000] {processor.py:830} INFO - Processing file /opt/airflow/dags/scraping_autopia_dag.py for tasks to queue
[2025-06-18T00:54:10.158+0000] {logging_mixin.py:188} INFO - [2025-06-18T00:54:10.158+0000] {dagbag.py:538} INFO - Filling up the DagBag from /opt/airflow/dags/scraping_autopia_dag.py
[2025-06-18T00:54:10.601+0000] {processor.py:840} INFO - DAG(s) 'scraping_autopia_dag' retrieved from /opt/airflow/dags/scraping_autopia_dag.py
[2025-06-18T00:54:10.626+0000] {logging_mixin.py:188} INFO - [2025-06-18T00:54:10.626+0000] {dag.py:3036} INFO - Sync 1 DAGs
[2025-06-18T00:54:10.637+0000] {logging_mixin.py:188} INFO - [2025-06-18T00:54:10.637+0000] {dag.py:3823} INFO - Setting next_dagrun for scraping_autopia_dag to None, run_after=None
[2025-06-18T00:54:10.659+0000] {processor.py:183} INFO - Processing /opt/airflow/dags/scraping_autopia_dag.py took 0.508 seconds
[2025-06-18T00:54:41.457+0000] {processor.py:161} INFO - Started process (PID=403) to work on /opt/airflow/dags/scraping_autopia_dag.py
[2025-06-18T00:54:41.462+0000] {processor.py:830} INFO - Processing file /opt/airflow/dags/scraping_autopia_dag.py for tasks to queue
[2025-06-18T00:54:41.463+0000] {logging_mixin.py:188} INFO - [2025-06-18T00:54:41.462+0000] {dagbag.py:538} INFO - Filling up the DagBag from /opt/airflow/dags/scraping_autopia_dag.py
[2025-06-18T00:54:42.043+0000] {processor.py:840} INFO - DAG(s) 'scraping_autopia_dag' retrieved from /opt/airflow/dags/scraping_autopia_dag.py
[2025-06-18T00:54:42.082+0000] {logging_mixin.py:188} INFO - [2025-06-18T00:54:42.081+0000] {dag.py:3036} INFO - Sync 1 DAGs
[2025-06-18T00:54:42.105+0000] {logging_mixin.py:188} INFO - [2025-06-18T00:54:42.105+0000] {dag.py:3823} INFO - Setting next_dagrun for scraping_autopia_dag to None, run_after=None
[2025-06-18T00:54:42.152+0000] {processor.py:183} INFO - Processing /opt/airflow/dags/scraping_autopia_dag.py took 0.699 seconds
[2025-06-18T00:55:12.940+0000] {processor.py:161} INFO - Started process (PID=424) to work on /opt/airflow/dags/scraping_autopia_dag.py
[2025-06-18T00:55:12.941+0000] {processor.py:830} INFO - Processing file /opt/airflow/dags/scraping_autopia_dag.py for tasks to queue
[2025-06-18T00:55:12.942+0000] {logging_mixin.py:188} INFO - [2025-06-18T00:55:12.942+0000] {dagbag.py:538} INFO - Filling up the DagBag from /opt/airflow/dags/scraping_autopia_dag.py
[2025-06-18T00:55:13.443+0000] {processor.py:840} INFO - DAG(s) 'scraping_autopia_dag' retrieved from /opt/airflow/dags/scraping_autopia_dag.py
[2025-06-18T00:55:13.473+0000] {logging_mixin.py:188} INFO - [2025-06-18T00:55:13.472+0000] {dag.py:3036} INFO - Sync 1 DAGs
[2025-06-18T00:55:13.486+0000] {logging_mixin.py:188} INFO - [2025-06-18T00:55:13.486+0000] {dag.py:3823} INFO - Setting next_dagrun for scraping_autopia_dag to None, run_after=None
[2025-06-18T00:55:13.528+0000] {processor.py:183} INFO - Processing /opt/airflow/dags/scraping_autopia_dag.py took 0.593 seconds
[2025-06-18T00:55:44.568+0000] {processor.py:161} INFO - Started process (PID=460) to work on /opt/airflow/dags/scraping_autopia_dag.py
[2025-06-18T00:55:44.570+0000] {processor.py:830} INFO - Processing file /opt/airflow/dags/scraping_autopia_dag.py for tasks to queue
[2025-06-18T00:55:44.571+0000] {logging_mixin.py:188} INFO - [2025-06-18T00:55:44.571+0000] {dagbag.py:538} INFO - Filling up the DagBag from /opt/airflow/dags/scraping_autopia_dag.py
[2025-06-18T00:55:45.724+0000] {processor.py:840} INFO - DAG(s) 'scraping_autopia_dag' retrieved from /opt/airflow/dags/scraping_autopia_dag.py
[2025-06-18T00:55:45.755+0000] {logging_mixin.py:188} INFO - [2025-06-18T00:55:45.754+0000] {dag.py:3036} INFO - Sync 1 DAGs
[2025-06-18T00:55:45.773+0000] {logging_mixin.py:188} INFO - [2025-06-18T00:55:45.773+0000] {dag.py:3823} INFO - Setting next_dagrun for scraping_autopia_dag to None, run_after=None
[2025-06-18T00:55:46.802+0000] {processor.py:183} INFO - Processing /opt/airflow/dags/scraping_autopia_dag.py took 2.239 seconds
[2025-06-18T00:56:17.570+0000] {processor.py:161} INFO - Started process (PID=590) to work on /opt/airflow/dags/scraping_autopia_dag.py
[2025-06-18T00:56:17.573+0000] {processor.py:830} INFO - Processing file /opt/airflow/dags/scraping_autopia_dag.py for tasks to queue
[2025-06-18T00:56:17.578+0000] {logging_mixin.py:188} INFO - [2025-06-18T00:56:17.574+0000] {dagbag.py:538} INFO - Filling up the DagBag from /opt/airflow/dags/scraping_autopia_dag.py
[2025-06-18T00:56:19.723+0000] {processor.py:840} INFO - DAG(s) 'scraping_autopia_dag' retrieved from /opt/airflow/dags/scraping_autopia_dag.py
[2025-06-18T00:56:19.791+0000] {logging_mixin.py:188} INFO - [2025-06-18T00:56:19.791+0000] {dag.py:3036} INFO - Sync 1 DAGs
[2025-06-18T00:56:19.822+0000] {logging_mixin.py:188} INFO - [2025-06-18T00:56:19.822+0000] {dag.py:3823} INFO - Setting next_dagrun for scraping_autopia_dag to None, run_after=None
[2025-06-18T00:56:19.870+0000] {processor.py:183} INFO - Processing /opt/airflow/dags/scraping_autopia_dag.py took 2.307 seconds
[2025-06-18T00:56:50.458+0000] {processor.py:161} INFO - Started process (PID=726) to work on /opt/airflow/dags/scraping_autopia_dag.py
[2025-06-18T00:56:50.463+0000] {processor.py:830} INFO - Processing file /opt/airflow/dags/scraping_autopia_dag.py for tasks to queue
[2025-06-18T00:56:50.464+0000] {logging_mixin.py:188} INFO - [2025-06-18T00:56:50.464+0000] {dagbag.py:538} INFO - Filling up the DagBag from /opt/airflow/dags/scraping_autopia_dag.py
[2025-06-18T00:56:51.063+0000] {processor.py:840} INFO - DAG(s) 'scraping_autopia_dag' retrieved from /opt/airflow/dags/scraping_autopia_dag.py
[2025-06-18T00:56:51.089+0000] {logging_mixin.py:188} INFO - [2025-06-18T00:56:51.089+0000] {dag.py:3036} INFO - Sync 1 DAGs
[2025-06-18T00:56:51.101+0000] {logging_mixin.py:188} INFO - [2025-06-18T00:56:51.100+0000] {dag.py:3823} INFO - Setting next_dagrun for scraping_autopia_dag to None, run_after=None
[2025-06-18T00:56:51.127+0000] {processor.py:183} INFO - Processing /opt/airflow/dags/scraping_autopia_dag.py took 0.674 seconds
[2025-06-18T00:57:21.318+0000] {processor.py:161} INFO - Started process (PID=915) to work on /opt/airflow/dags/scraping_autopia_dag.py
[2025-06-18T00:57:21.320+0000] {processor.py:830} INFO - Processing file /opt/airflow/dags/scraping_autopia_dag.py for tasks to queue
[2025-06-18T00:57:21.322+0000] {logging_mixin.py:188} INFO - [2025-06-18T00:57:21.321+0000] {dagbag.py:538} INFO - Filling up the DagBag from /opt/airflow/dags/scraping_autopia_dag.py
[2025-06-18T00:57:22.171+0000] {processor.py:840} INFO - DAG(s) 'scraping_autopia_dag' retrieved from /opt/airflow/dags/scraping_autopia_dag.py
[2025-06-18T00:57:22.201+0000] {logging_mixin.py:188} INFO - [2025-06-18T00:57:22.200+0000] {dag.py:3036} INFO - Sync 1 DAGs
[2025-06-18T00:57:22.221+0000] {logging_mixin.py:188} INFO - [2025-06-18T00:57:22.221+0000] {dag.py:3823} INFO - Setting next_dagrun for scraping_autopia_dag to None, run_after=None
[2025-06-18T00:57:22.252+0000] {processor.py:183} INFO - Processing /opt/airflow/dags/scraping_autopia_dag.py took 0.940 seconds
[2025-06-18T00:57:53.008+0000] {processor.py:161} INFO - Started process (PID=1087) to work on /opt/airflow/dags/scraping_autopia_dag.py
[2025-06-18T00:57:53.012+0000] {processor.py:830} INFO - Processing file /opt/airflow/dags/scraping_autopia_dag.py for tasks to queue
[2025-06-18T00:57:53.013+0000] {logging_mixin.py:188} INFO - [2025-06-18T00:57:53.013+0000] {dagbag.py:538} INFO - Filling up the DagBag from /opt/airflow/dags/scraping_autopia_dag.py
[2025-06-18T00:57:54.177+0000] {processor.py:840} INFO - DAG(s) 'scraping_autopia_dag' retrieved from /opt/airflow/dags/scraping_autopia_dag.py
[2025-06-18T00:57:54.207+0000] {logging_mixin.py:188} INFO - [2025-06-18T00:57:54.207+0000] {dag.py:3036} INFO - Sync 1 DAGs
[2025-06-18T00:57:54.220+0000] {logging_mixin.py:188} INFO - [2025-06-18T00:57:54.219+0000] {dag.py:3823} INFO - Setting next_dagrun for scraping_autopia_dag to None, run_after=None
[2025-06-18T00:57:54.250+0000] {processor.py:183} INFO - Processing /opt/airflow/dags/scraping_autopia_dag.py took 1.247 seconds
[2025-06-18T00:58:24.981+0000] {processor.py:161} INFO - Started process (PID=1230) to work on /opt/airflow/dags/scraping_autopia_dag.py
[2025-06-18T00:58:24.983+0000] {processor.py:830} INFO - Processing file /opt/airflow/dags/scraping_autopia_dag.py for tasks to queue
[2025-06-18T00:58:24.984+0000] {logging_mixin.py:188} INFO - [2025-06-18T00:58:24.984+0000] {dagbag.py:538} INFO - Filling up the DagBag from /opt/airflow/dags/scraping_autopia_dag.py
[2025-06-18T00:58:25.808+0000] {processor.py:840} INFO - DAG(s) 'scraping_autopia_dag' retrieved from /opt/airflow/dags/scraping_autopia_dag.py
[2025-06-18T00:58:25.867+0000] {logging_mixin.py:188} INFO - [2025-06-18T00:58:25.866+0000] {dag.py:3036} INFO - Sync 1 DAGs
[2025-06-18T00:58:25.887+0000] {logging_mixin.py:188} INFO - [2025-06-18T00:58:25.886+0000] {dag.py:3823} INFO - Setting next_dagrun for scraping_autopia_dag to None, run_after=None
[2025-06-18T00:58:25.922+0000] {processor.py:183} INFO - Processing /opt/airflow/dags/scraping_autopia_dag.py took 0.948 seconds
[2025-06-18T00:58:56.783+0000] {processor.py:161} INFO - Started process (PID=1315) to work on /opt/airflow/dags/scraping_autopia_dag.py
[2025-06-18T00:58:56.794+0000] {processor.py:830} INFO - Processing file /opt/airflow/dags/scraping_autopia_dag.py for tasks to queue
[2025-06-18T00:58:56.797+0000] {logging_mixin.py:188} INFO - [2025-06-18T00:58:56.796+0000] {dagbag.py:538} INFO - Filling up the DagBag from /opt/airflow/dags/scraping_autopia_dag.py
[2025-06-18T00:58:58.370+0000] {processor.py:840} INFO - DAG(s) 'scraping_autopia_dag' retrieved from /opt/airflow/dags/scraping_autopia_dag.py
[2025-06-18T00:58:58.436+0000] {logging_mixin.py:188} INFO - [2025-06-18T00:58:58.435+0000] {dag.py:3036} INFO - Sync 1 DAGs
[2025-06-18T00:58:58.485+0000] {logging_mixin.py:188} INFO - [2025-06-18T00:58:58.484+0000] {dag.py:3823} INFO - Setting next_dagrun for scraping_autopia_dag to None, run_after=None
[2025-06-18T00:58:58.540+0000] {processor.py:183} INFO - Processing /opt/airflow/dags/scraping_autopia_dag.py took 1.812 seconds
[2025-06-18T00:59:29.171+0000] {processor.py:161} INFO - Started process (PID=1378) to work on /opt/airflow/dags/scraping_autopia_dag.py
[2025-06-18T00:59:29.173+0000] {processor.py:830} INFO - Processing file /opt/airflow/dags/scraping_autopia_dag.py for tasks to queue
[2025-06-18T00:59:29.175+0000] {logging_mixin.py:188} INFO - [2025-06-18T00:59:29.175+0000] {dagbag.py:538} INFO - Filling up the DagBag from /opt/airflow/dags/scraping_autopia_dag.py
[2025-06-18T00:59:29.882+0000] {processor.py:840} INFO - DAG(s) 'scraping_autopia_dag' retrieved from /opt/airflow/dags/scraping_autopia_dag.py
[2025-06-18T00:59:29.915+0000] {logging_mixin.py:188} INFO - [2025-06-18T00:59:29.915+0000] {dag.py:3036} INFO - Sync 1 DAGs
[2025-06-18T00:59:29.929+0000] {logging_mixin.py:188} INFO - [2025-06-18T00:59:29.929+0000] {dag.py:3823} INFO - Setting next_dagrun for scraping_autopia_dag to None, run_after=None
[2025-06-18T00:59:29.956+0000] {processor.py:183} INFO - Processing /opt/airflow/dags/scraping_autopia_dag.py took 0.792 seconds
[2025-06-18T01:00:00.035+0000] {processor.py:161} INFO - Started process (PID=1399) to work on /opt/airflow/dags/scraping_autopia_dag.py
[2025-06-18T01:00:00.045+0000] {processor.py:830} INFO - Processing file /opt/airflow/dags/scraping_autopia_dag.py for tasks to queue
[2025-06-18T01:00:00.047+0000] {logging_mixin.py:188} INFO - [2025-06-18T01:00:00.046+0000] {dagbag.py:538} INFO - Filling up the DagBag from /opt/airflow/dags/scraping_autopia_dag.py
[2025-06-18T01:00:00.713+0000] {processor.py:840} INFO - DAG(s) 'scraping_autopia_dag' retrieved from /opt/airflow/dags/scraping_autopia_dag.py
[2025-06-18T01:00:00.747+0000] {logging_mixin.py:188} INFO - [2025-06-18T01:00:00.746+0000] {dag.py:3036} INFO - Sync 1 DAGs
[2025-06-18T01:00:00.765+0000] {logging_mixin.py:188} INFO - [2025-06-18T01:00:00.764+0000] {dag.py:3823} INFO - Setting next_dagrun for scraping_autopia_dag to None, run_after=None
[2025-06-18T01:00:00.797+0000] {processor.py:183} INFO - Processing /opt/airflow/dags/scraping_autopia_dag.py took 0.768 seconds
[2025-06-18T01:00:31.533+0000] {processor.py:161} INFO - Started process (PID=1435) to work on /opt/airflow/dags/scraping_autopia_dag.py
[2025-06-18T01:00:31.534+0000] {processor.py:830} INFO - Processing file /opt/airflow/dags/scraping_autopia_dag.py for tasks to queue
[2025-06-18T01:00:31.534+0000] {logging_mixin.py:188} INFO - [2025-06-18T01:00:31.534+0000] {dagbag.py:538} INFO - Filling up the DagBag from /opt/airflow/dags/scraping_autopia_dag.py
[2025-06-18T01:00:32.103+0000] {processor.py:840} INFO - DAG(s) 'scraping_autopia_dag' retrieved from /opt/airflow/dags/scraping_autopia_dag.py
[2025-06-18T01:00:32.139+0000] {logging_mixin.py:188} INFO - [2025-06-18T01:00:32.138+0000] {dag.py:3036} INFO - Sync 1 DAGs
[2025-06-18T01:00:32.155+0000] {logging_mixin.py:188} INFO - [2025-06-18T01:00:32.155+0000] {dag.py:3823} INFO - Setting next_dagrun for scraping_autopia_dag to None, run_after=None
[2025-06-18T01:00:32.192+0000] {processor.py:183} INFO - Processing /opt/airflow/dags/scraping_autopia_dag.py took 0.664 seconds
[2025-06-18T01:01:02.261+0000] {processor.py:161} INFO - Started process (PID=1466) to work on /opt/airflow/dags/scraping_autopia_dag.py
[2025-06-18T01:01:02.263+0000] {processor.py:830} INFO - Processing file /opt/airflow/dags/scraping_autopia_dag.py for tasks to queue
[2025-06-18T01:01:02.266+0000] {logging_mixin.py:188} INFO - [2025-06-18T01:01:02.265+0000] {dagbag.py:538} INFO - Filling up the DagBag from /opt/airflow/dags/scraping_autopia_dag.py
[2025-06-18T01:01:02.917+0000] {processor.py:840} INFO - DAG(s) 'scraping_autopia_dag' retrieved from /opt/airflow/dags/scraping_autopia_dag.py
[2025-06-18T01:01:02.949+0000] {logging_mixin.py:188} INFO - [2025-06-18T01:01:02.948+0000] {dag.py:3036} INFO - Sync 1 DAGs
[2025-06-18T01:01:02.966+0000] {logging_mixin.py:188} INFO - [2025-06-18T01:01:02.965+0000] {dag.py:3823} INFO - Setting next_dagrun for scraping_autopia_dag to None, run_after=None
[2025-06-18T01:01:02.993+0000] {processor.py:183} INFO - Processing /opt/airflow/dags/scraping_autopia_dag.py took 0.736 seconds
[2025-06-18T01:01:33.816+0000] {processor.py:161} INFO - Started process (PID=1531) to work on /opt/airflow/dags/scraping_autopia_dag.py
[2025-06-18T01:01:33.817+0000] {processor.py:830} INFO - Processing file /opt/airflow/dags/scraping_autopia_dag.py for tasks to queue
[2025-06-18T01:01:33.818+0000] {logging_mixin.py:188} INFO - [2025-06-18T01:01:33.818+0000] {dagbag.py:538} INFO - Filling up the DagBag from /opt/airflow/dags/scraping_autopia_dag.py
[2025-06-18T01:01:34.343+0000] {processor.py:840} INFO - DAG(s) 'scraping_autopia_dag' retrieved from /opt/airflow/dags/scraping_autopia_dag.py
[2025-06-18T01:01:34.371+0000] {logging_mixin.py:188} INFO - [2025-06-18T01:01:34.371+0000] {dag.py:3036} INFO - Sync 1 DAGs
[2025-06-18T01:01:34.382+0000] {logging_mixin.py:188} INFO - [2025-06-18T01:01:34.382+0000] {dag.py:3823} INFO - Setting next_dagrun for scraping_autopia_dag to None, run_after=None
[2025-06-18T01:01:34.411+0000] {processor.py:183} INFO - Processing /opt/airflow/dags/scraping_autopia_dag.py took 0.599 seconds
[2025-06-18T01:02:05.093+0000] {processor.py:161} INFO - Started process (PID=1552) to work on /opt/airflow/dags/scraping_autopia_dag.py
[2025-06-18T01:02:05.098+0000] {processor.py:830} INFO - Processing file /opt/airflow/dags/scraping_autopia_dag.py for tasks to queue
[2025-06-18T01:02:05.099+0000] {logging_mixin.py:188} INFO - [2025-06-18T01:02:05.099+0000] {dagbag.py:538} INFO - Filling up the DagBag from /opt/airflow/dags/scraping_autopia_dag.py
[2025-06-18T01:02:05.738+0000] {processor.py:840} INFO - DAG(s) 'scraping_autopia_dag' retrieved from /opt/airflow/dags/scraping_autopia_dag.py
[2025-06-18T01:02:05.775+0000] {logging_mixin.py:188} INFO - [2025-06-18T01:02:05.774+0000] {dag.py:3036} INFO - Sync 1 DAGs
[2025-06-18T01:02:05.800+0000] {logging_mixin.py:188} INFO - [2025-06-18T01:02:05.800+0000] {dag.py:3823} INFO - Setting next_dagrun for scraping_autopia_dag to None, run_after=None
[2025-06-18T01:02:05.833+0000] {processor.py:183} INFO - Processing /opt/airflow/dags/scraping_autopia_dag.py took 0.746 seconds
[2025-06-18T01:02:35.968+0000] {processor.py:161} INFO - Started process (PID=1588) to work on /opt/airflow/dags/scraping_autopia_dag.py
[2025-06-18T01:02:35.969+0000] {processor.py:830} INFO - Processing file /opt/airflow/dags/scraping_autopia_dag.py for tasks to queue
[2025-06-18T01:02:35.971+0000] {logging_mixin.py:188} INFO - [2025-06-18T01:02:35.971+0000] {dagbag.py:538} INFO - Filling up the DagBag from /opt/airflow/dags/scraping_autopia_dag.py
[2025-06-18T01:02:36.451+0000] {processor.py:840} INFO - DAG(s) 'scraping_autopia_dag' retrieved from /opt/airflow/dags/scraping_autopia_dag.py
[2025-06-18T01:02:36.479+0000] {logging_mixin.py:188} INFO - [2025-06-18T01:02:36.478+0000] {dag.py:3036} INFO - Sync 1 DAGs
[2025-06-18T01:02:36.490+0000] {logging_mixin.py:188} INFO - [2025-06-18T01:02:36.490+0000] {dag.py:3823} INFO - Setting next_dagrun for scraping_autopia_dag to None, run_after=None
[2025-06-18T01:02:36.515+0000] {processor.py:183} INFO - Processing /opt/airflow/dags/scraping_autopia_dag.py took 0.551 seconds
[2025-06-18T01:03:07.287+0000] {processor.py:161} INFO - Started process (PID=1609) to work on /opt/airflow/dags/scraping_autopia_dag.py
[2025-06-18T01:03:07.292+0000] {processor.py:830} INFO - Processing file /opt/airflow/dags/scraping_autopia_dag.py for tasks to queue
[2025-06-18T01:03:07.294+0000] {logging_mixin.py:188} INFO - [2025-06-18T01:03:07.293+0000] {dagbag.py:538} INFO - Filling up the DagBag from /opt/airflow/dags/scraping_autopia_dag.py
[2025-06-18T01:03:07.962+0000] {processor.py:840} INFO - DAG(s) 'scraping_autopia_dag' retrieved from /opt/airflow/dags/scraping_autopia_dag.py
[2025-06-18T01:03:07.991+0000] {logging_mixin.py:188} INFO - [2025-06-18T01:03:07.990+0000] {dag.py:3036} INFO - Sync 1 DAGs
[2025-06-18T01:03:08.004+0000] {logging_mixin.py:188} INFO - [2025-06-18T01:03:08.004+0000] {dag.py:3823} INFO - Setting next_dagrun for scraping_autopia_dag to None, run_after=None
[2025-06-18T01:03:08.030+0000] {processor.py:183} INFO - Processing /opt/airflow/dags/scraping_autopia_dag.py took 0.753 seconds
[2025-06-18T01:19:34.587+0000] {processor.py:161} INFO - Started process (PID=180) to work on /opt/airflow/dags/scraping_autopia_dag.py
[2025-06-18T01:19:34.608+0000] {processor.py:830} INFO - Processing file /opt/airflow/dags/scraping_autopia_dag.py for tasks to queue
[2025-06-18T01:19:34.609+0000] {logging_mixin.py:188} INFO - [2025-06-18T01:19:34.608+0000] {dagbag.py:538} INFO - Filling up the DagBag from /opt/airflow/dags/scraping_autopia_dag.py
[2025-06-18T01:19:36.022+0000] {processor.py:840} INFO - DAG(s) 'scraping_autopia_dag' retrieved from /opt/airflow/dags/scraping_autopia_dag.py
[2025-06-18T01:19:36.069+0000] {logging_mixin.py:188} INFO - [2025-06-18T01:19:36.069+0000] {dag.py:3036} INFO - Sync 1 DAGs
[2025-06-18T01:19:36.082+0000] {logging_mixin.py:188} INFO - [2025-06-18T01:19:36.081+0000] {dag.py:3823} INFO - Setting next_dagrun for scraping_autopia_dag to None, run_after=None
[2025-06-18T01:19:36.107+0000] {processor.py:183} INFO - Processing /opt/airflow/dags/scraping_autopia_dag.py took 1.525 seconds
[2025-06-18T01:20:06.750+0000] {processor.py:161} INFO - Started process (PID=240) to work on /opt/airflow/dags/scraping_autopia_dag.py
[2025-06-18T01:20:06.753+0000] {processor.py:830} INFO - Processing file /opt/airflow/dags/scraping_autopia_dag.py for tasks to queue
[2025-06-18T01:20:06.754+0000] {logging_mixin.py:188} INFO - [2025-06-18T01:20:06.753+0000] {dagbag.py:538} INFO - Filling up the DagBag from /opt/airflow/dags/scraping_autopia_dag.py
[2025-06-18T01:20:09.141+0000] {processor.py:840} INFO - DAG(s) 'scraping_autopia_dag' retrieved from /opt/airflow/dags/scraping_autopia_dag.py
[2025-06-18T01:20:09.196+0000] {logging_mixin.py:188} INFO - [2025-06-18T01:20:09.195+0000] {dag.py:3036} INFO - Sync 1 DAGs
[2025-06-18T01:20:09.257+0000] {logging_mixin.py:188} INFO - [2025-06-18T01:20:09.257+0000] {dag.py:3823} INFO - Setting next_dagrun for scraping_autopia_dag to None, run_after=None
[2025-06-18T01:20:06.862+0000] {processor.py:183} INFO - Processing /opt/airflow/dags/scraping_autopia_dag.py took 1.214 seconds
[2025-06-18T01:20:36.949+0000] {processor.py:161} INFO - Started process (PID=276) to work on /opt/airflow/dags/scraping_autopia_dag.py
[2025-06-18T01:20:36.951+0000] {processor.py:830} INFO - Processing file /opt/airflow/dags/scraping_autopia_dag.py for tasks to queue
[2025-06-18T01:20:36.952+0000] {logging_mixin.py:188} INFO - [2025-06-18T01:20:36.952+0000] {dagbag.py:538} INFO - Filling up the DagBag from /opt/airflow/dags/scraping_autopia_dag.py
[2025-06-18T01:20:37.625+0000] {processor.py:840} INFO - DAG(s) 'scraping_autopia_dag' retrieved from /opt/airflow/dags/scraping_autopia_dag.py
[2025-06-18T01:20:37.661+0000] {logging_mixin.py:188} INFO - [2025-06-18T01:20:37.660+0000] {dag.py:3036} INFO - Sync 1 DAGs
[2025-06-18T01:20:37.675+0000] {logging_mixin.py:188} INFO - [2025-06-18T01:20:37.674+0000] {dag.py:3823} INFO - Setting next_dagrun for scraping_autopia_dag to None, run_after=None
[2025-06-18T01:20:37.700+0000] {processor.py:183} INFO - Processing /opt/airflow/dags/scraping_autopia_dag.py took 0.755 seconds
[2025-06-18T01:21:07.806+0000] {processor.py:161} INFO - Started process (PID=297) to work on /opt/airflow/dags/scraping_autopia_dag.py
[2025-06-18T01:21:07.808+0000] {processor.py:830} INFO - Processing file /opt/airflow/dags/scraping_autopia_dag.py for tasks to queue
[2025-06-18T01:21:07.810+0000] {logging_mixin.py:188} INFO - [2025-06-18T01:21:07.809+0000] {dagbag.py:538} INFO - Filling up the DagBag from /opt/airflow/dags/scraping_autopia_dag.py
[2025-06-18T01:21:08.337+0000] {processor.py:840} INFO - DAG(s) 'scraping_autopia_dag' retrieved from /opt/airflow/dags/scraping_autopia_dag.py
[2025-06-18T01:21:08.368+0000] {logging_mixin.py:188} INFO - [2025-06-18T01:21:08.367+0000] {dag.py:3036} INFO - Sync 1 DAGs
[2025-06-18T01:21:08.384+0000] {logging_mixin.py:188} INFO - [2025-06-18T01:21:08.383+0000] {dag.py:3823} INFO - Setting next_dagrun for scraping_autopia_dag to None, run_after=None
[2025-06-18T01:21:08.414+0000] {processor.py:183} INFO - Processing /opt/airflow/dags/scraping_autopia_dag.py took 0.616 seconds
[2025-06-18T01:21:38.968+0000] {processor.py:161} INFO - Started process (PID=333) to work on /opt/airflow/dags/scraping_autopia_dag.py
[2025-06-18T01:21:38.970+0000] {processor.py:830} INFO - Processing file /opt/airflow/dags/scraping_autopia_dag.py for tasks to queue
[2025-06-18T01:21:38.972+0000] {logging_mixin.py:188} INFO - [2025-06-18T01:21:38.971+0000] {dagbag.py:538} INFO - Filling up the DagBag from /opt/airflow/dags/scraping_autopia_dag.py
[2025-06-18T01:21:39.750+0000] {processor.py:840} INFO - DAG(s) 'scraping_autopia_dag' retrieved from /opt/airflow/dags/scraping_autopia_dag.py
[2025-06-18T01:21:39.787+0000] {logging_mixin.py:188} INFO - [2025-06-18T01:21:39.786+0000] {dag.py:3036} INFO - Sync 1 DAGs
[2025-06-18T01:21:39.806+0000] {logging_mixin.py:188} INFO - [2025-06-18T01:21:39.805+0000] {dag.py:3823} INFO - Setting next_dagrun for scraping_autopia_dag to None, run_after=None
[2025-06-18T01:21:39.880+0000] {processor.py:183} INFO - Processing /opt/airflow/dags/scraping_autopia_dag.py took 0.920 seconds
[2025-06-18T01:22:10.224+0000] {processor.py:161} INFO - Started process (PID=354) to work on /opt/airflow/dags/scraping_autopia_dag.py
[2025-06-18T01:22:10.229+0000] {processor.py:830} INFO - Processing file /opt/airflow/dags/scraping_autopia_dag.py for tasks to queue
[2025-06-18T01:22:10.230+0000] {logging_mixin.py:188} INFO - [2025-06-18T01:22:10.229+0000] {dagbag.py:538} INFO - Filling up the DagBag from /opt/airflow/dags/scraping_autopia_dag.py
[2025-06-18T01:22:10.813+0000] {processor.py:840} INFO - DAG(s) 'scraping_autopia_dag' retrieved from /opt/airflow/dags/scraping_autopia_dag.py
[2025-06-18T01:22:10.845+0000] {logging_mixin.py:188} INFO - [2025-06-18T01:22:10.844+0000] {dag.py:3036} INFO - Sync 1 DAGs
[2025-06-18T01:22:10.860+0000] {logging_mixin.py:188} INFO - [2025-06-18T01:22:10.860+0000] {dag.py:3823} INFO - Setting next_dagrun for scraping_autopia_dag to None, run_after=None
[2025-06-18T01:22:10.888+0000] {processor.py:183} INFO - Processing /opt/airflow/dags/scraping_autopia_dag.py took 0.669 seconds
[2025-06-18T01:22:40.950+0000] {processor.py:161} INFO - Started process (PID=390) to work on /opt/airflow/dags/scraping_autopia_dag.py
[2025-06-18T01:22:40.951+0000] {processor.py:830} INFO - Processing file /opt/airflow/dags/scraping_autopia_dag.py for tasks to queue
[2025-06-18T01:22:40.952+0000] {logging_mixin.py:188} INFO - [2025-06-18T01:22:40.952+0000] {dagbag.py:538} INFO - Filling up the DagBag from /opt/airflow/dags/scraping_autopia_dag.py
[2025-06-18T01:22:41.685+0000] {processor.py:840} INFO - DAG(s) 'scraping_autopia_dag' retrieved from /opt/airflow/dags/scraping_autopia_dag.py
[2025-06-18T01:22:41.726+0000] {logging_mixin.py:188} INFO - [2025-06-18T01:22:41.725+0000] {dag.py:3036} INFO - Sync 1 DAGs
[2025-06-18T01:22:41.742+0000] {logging_mixin.py:188} INFO - [2025-06-18T01:22:41.742+0000] {dag.py:3823} INFO - Setting next_dagrun for scraping_autopia_dag to None, run_after=None
[2025-06-18T01:22:41.775+0000] {processor.py:183} INFO - Processing /opt/airflow/dags/scraping_autopia_dag.py took 0.831 seconds
[2025-06-18T01:23:12.206+0000] {processor.py:161} INFO - Started process (PID=411) to work on /opt/airflow/dags/scraping_autopia_dag.py
[2025-06-18T01:23:12.211+0000] {processor.py:830} INFO - Processing file /opt/airflow/dags/scraping_autopia_dag.py for tasks to queue
[2025-06-18T01:23:12.212+0000] {logging_mixin.py:188} INFO - [2025-06-18T01:23:12.211+0000] {dagbag.py:538} INFO - Filling up the DagBag from /opt/airflow/dags/scraping_autopia_dag.py
[2025-06-18T01:23:12.668+0000] {processor.py:840} INFO - DAG(s) 'scraping_autopia_dag' retrieved from /opt/airflow/dags/scraping_autopia_dag.py
[2025-06-18T01:23:12.693+0000] {logging_mixin.py:188} INFO - [2025-06-18T01:23:12.692+0000] {dag.py:3036} INFO - Sync 1 DAGs
[2025-06-18T01:23:12.703+0000] {logging_mixin.py:188} INFO - [2025-06-18T01:23:12.703+0000] {dag.py:3823} INFO - Setting next_dagrun for scraping_autopia_dag to None, run_after=None
[2025-06-18T01:23:12.726+0000] {processor.py:183} INFO - Processing /opt/airflow/dags/scraping_autopia_dag.py took 0.524 seconds
[2025-06-18T01:23:43.435+0000] {processor.py:161} INFO - Started process (PID=447) to work on /opt/airflow/dags/scraping_autopia_dag.py
[2025-06-18T01:23:43.440+0000] {processor.py:830} INFO - Processing file /opt/airflow/dags/scraping_autopia_dag.py for tasks to queue
[2025-06-18T01:23:43.442+0000] {logging_mixin.py:188} INFO - [2025-06-18T01:23:43.441+0000] {dagbag.py:538} INFO - Filling up the DagBag from /opt/airflow/dags/scraping_autopia_dag.py
[2025-06-18T01:23:44.210+0000] {processor.py:840} INFO - DAG(s) 'scraping_autopia_dag' retrieved from /opt/airflow/dags/scraping_autopia_dag.py
[2025-06-18T01:23:44.240+0000] {logging_mixin.py:188} INFO - [2025-06-18T01:23:44.240+0000] {dag.py:3036} INFO - Sync 1 DAGs
[2025-06-18T01:23:44.251+0000] {logging_mixin.py:188} INFO - [2025-06-18T01:23:44.251+0000] {dag.py:3823} INFO - Setting next_dagrun for scraping_autopia_dag to None, run_after=None
[2025-06-18T01:23:44.277+0000] {processor.py:183} INFO - Processing /opt/airflow/dags/scraping_autopia_dag.py took 0.848 seconds
[2025-06-18T01:24:14.875+0000] {processor.py:161} INFO - Started process (PID=483) to work on /opt/airflow/dags/scraping_autopia_dag.py
[2025-06-18T01:24:14.876+0000] {processor.py:830} INFO - Processing file /opt/airflow/dags/scraping_autopia_dag.py for tasks to queue
[2025-06-18T01:24:14.878+0000] {logging_mixin.py:188} INFO - [2025-06-18T01:24:14.877+0000] {dagbag.py:538} INFO - Filling up the DagBag from /opt/airflow/dags/scraping_autopia_dag.py
[2025-06-18T01:24:15.682+0000] {processor.py:840} INFO - DAG(s) 'scraping_autopia_dag' retrieved from /opt/airflow/dags/scraping_autopia_dag.py
[2025-06-18T01:24:15.709+0000] {logging_mixin.py:188} INFO - [2025-06-18T01:24:15.708+0000] {dag.py:3036} INFO - Sync 1 DAGs
[2025-06-18T01:24:15.723+0000] {logging_mixin.py:188} INFO - [2025-06-18T01:24:15.723+0000] {dag.py:3823} INFO - Setting next_dagrun for scraping_autopia_dag to None, run_after=None
[2025-06-18T01:24:15.748+0000] {processor.py:183} INFO - Processing /opt/airflow/dags/scraping_autopia_dag.py took 0.879 seconds
[2025-06-18T01:24:45.850+0000] {processor.py:161} INFO - Started process (PID=504) to work on /opt/airflow/dags/scraping_autopia_dag.py
[2025-06-18T01:24:45.852+0000] {processor.py:830} INFO - Processing file /opt/airflow/dags/scraping_autopia_dag.py for tasks to queue
[2025-06-18T01:24:45.853+0000] {logging_mixin.py:188} INFO - [2025-06-18T01:24:45.852+0000] {dagbag.py:538} INFO - Filling up the DagBag from /opt/airflow/dags/scraping_autopia_dag.py
[2025-06-18T01:24:46.400+0000] {processor.py:840} INFO - DAG(s) 'scraping_autopia_dag' retrieved from /opt/airflow/dags/scraping_autopia_dag.py
[2025-06-18T01:24:46.431+0000] {logging_mixin.py:188} INFO - [2025-06-18T01:24:46.431+0000] {dag.py:3036} INFO - Sync 1 DAGs
[2025-06-18T01:24:46.444+0000] {logging_mixin.py:188} INFO - [2025-06-18T01:24:46.444+0000] {dag.py:3823} INFO - Setting next_dagrun for scraping_autopia_dag to None, run_after=None
[2025-06-18T01:24:46.466+0000] {processor.py:183} INFO - Processing /opt/airflow/dags/scraping_autopia_dag.py took 0.620 seconds
[2025-06-18T01:25:17.263+0000] {processor.py:161} INFO - Started process (PID=540) to work on /opt/airflow/dags/scraping_autopia_dag.py
[2025-06-18T01:25:17.274+0000] {processor.py:830} INFO - Processing file /opt/airflow/dags/scraping_autopia_dag.py for tasks to queue
[2025-06-18T01:25:17.275+0000] {logging_mixin.py:188} INFO - [2025-06-18T01:25:17.275+0000] {dagbag.py:538} INFO - Filling up the DagBag from /opt/airflow/dags/scraping_autopia_dag.py
[2025-06-18T01:25:17.834+0000] {processor.py:840} INFO - DAG(s) 'scraping_autopia_dag' retrieved from /opt/airflow/dags/scraping_autopia_dag.py
[2025-06-18T01:25:17.884+0000] {logging_mixin.py:188} INFO - [2025-06-18T01:25:17.883+0000] {dag.py:3036} INFO - Sync 1 DAGs
[2025-06-18T01:25:17.913+0000] {logging_mixin.py:188} INFO - [2025-06-18T01:25:17.913+0000] {dag.py:3823} INFO - Setting next_dagrun for scraping_autopia_dag to None, run_after=None
[2025-06-18T01:25:17.952+0000] {processor.py:183} INFO - Processing /opt/airflow/dags/scraping_autopia_dag.py took 0.693 seconds
[2025-06-18T01:25:48.314+0000] {processor.py:161} INFO - Started process (PID=561) to work on /opt/airflow/dags/scraping_autopia_dag.py
[2025-06-18T01:25:48.315+0000] {processor.py:830} INFO - Processing file /opt/airflow/dags/scraping_autopia_dag.py for tasks to queue
[2025-06-18T01:25:48.317+0000] {logging_mixin.py:188} INFO - [2025-06-18T01:25:48.317+0000] {dagbag.py:538} INFO - Filling up the DagBag from /opt/airflow/dags/scraping_autopia_dag.py
[2025-06-18T01:25:49.669+0000] {processor.py:840} INFO - DAG(s) 'scraping_autopia_dag' retrieved from /opt/airflow/dags/scraping_autopia_dag.py
[2025-06-18T01:25:49.723+0000] {logging_mixin.py:188} INFO - [2025-06-18T01:25:49.722+0000] {dag.py:3036} INFO - Sync 1 DAGs
[2025-06-18T01:25:49.749+0000] {logging_mixin.py:188} INFO - [2025-06-18T01:25:49.748+0000] {dag.py:3823} INFO - Setting next_dagrun for scraping_autopia_dag to None, run_after=None
[2025-06-18T01:25:49.786+0000] {processor.py:183} INFO - Processing /opt/airflow/dags/scraping_autopia_dag.py took 1.481 seconds
[2025-06-18T01:26:41.788+0000] {processor.py:161} INFO - Started process (PID=182) to work on /opt/airflow/dags/scraping_autopia_dag.py
[2025-06-18T01:26:41.790+0000] {processor.py:830} INFO - Processing file /opt/airflow/dags/scraping_autopia_dag.py for tasks to queue
[2025-06-18T01:26:41.791+0000] {logging_mixin.py:188} INFO - [2025-06-18T01:26:41.791+0000] {dagbag.py:538} INFO - Filling up the DagBag from /opt/airflow/dags/scraping_autopia_dag.py
[2025-06-18T01:26:43.986+0000] {processor.py:840} INFO - DAG(s) 'scraping_autopia_dag' retrieved from /opt/airflow/dags/scraping_autopia_dag.py
[2025-06-18T01:26:44.256+0000] {logging_mixin.py:188} INFO - [2025-06-18T01:26:44.256+0000] {dag.py:3036} INFO - Sync 1 DAGs
[2025-06-18T01:26:44.273+0000] {logging_mixin.py:188} INFO - [2025-06-18T01:26:44.272+0000] {dag.py:3823} INFO - Setting next_dagrun for scraping_autopia_dag to None, run_after=None
[2025-06-18T01:26:44.311+0000] {processor.py:183} INFO - Processing /opt/airflow/dags/scraping_autopia_dag.py took 2.528 seconds
[2025-06-18T01:27:15.247+0000] {processor.py:161} INFO - Started process (PID=295) to work on /opt/airflow/dags/scraping_autopia_dag.py
[2025-06-18T01:27:15.251+0000] {processor.py:830} INFO - Processing file /opt/airflow/dags/scraping_autopia_dag.py for tasks to queue
[2025-06-18T01:27:15.252+0000] {logging_mixin.py:188} INFO - [2025-06-18T01:27:15.251+0000] {dagbag.py:538} INFO - Filling up the DagBag from /opt/airflow/dags/scraping_autopia_dag.py
[2025-06-18T01:27:15.707+0000] {processor.py:840} INFO - DAG(s) 'scraping_autopia_dag' retrieved from /opt/airflow/dags/scraping_autopia_dag.py
[2025-06-18T01:27:15.731+0000] {logging_mixin.py:188} INFO - [2025-06-18T01:27:15.731+0000] {dag.py:3036} INFO - Sync 1 DAGs
[2025-06-18T01:27:15.743+0000] {logging_mixin.py:188} INFO - [2025-06-18T01:27:15.743+0000] {dag.py:3823} INFO - Setting next_dagrun for scraping_autopia_dag to None, run_after=None
[2025-06-18T01:27:15.765+0000] {processor.py:183} INFO - Processing /opt/airflow/dags/scraping_autopia_dag.py took 0.521 seconds
[2025-06-18T01:27:46.503+0000] {processor.py:161} INFO - Started process (PID=331) to work on /opt/airflow/dags/scraping_autopia_dag.py
[2025-06-18T01:27:46.504+0000] {processor.py:830} INFO - Processing file /opt/airflow/dags/scraping_autopia_dag.py for tasks to queue
[2025-06-18T01:27:46.505+0000] {logging_mixin.py:188} INFO - [2025-06-18T01:27:46.505+0000] {dagbag.py:538} INFO - Filling up the DagBag from /opt/airflow/dags/scraping_autopia_dag.py
[2025-06-18T01:27:47.138+0000] {processor.py:840} INFO - DAG(s) 'scraping_autopia_dag' retrieved from /opt/airflow/dags/scraping_autopia_dag.py
[2025-06-18T01:27:47.176+0000] {logging_mixin.py:188} INFO - [2025-06-18T01:27:47.176+0000] {dag.py:3036} INFO - Sync 1 DAGs
[2025-06-18T01:27:47.194+0000] {logging_mixin.py:188} INFO - [2025-06-18T01:27:47.194+0000] {dag.py:3823} INFO - Setting next_dagrun for scraping_autopia_dag to None, run_after=None
[2025-06-18T01:27:47.227+0000] {processor.py:183} INFO - Processing /opt/airflow/dags/scraping_autopia_dag.py took 0.729 seconds
[2025-06-18T01:28:17.757+0000] {processor.py:161} INFO - Started process (PID=352) to work on /opt/airflow/dags/scraping_autopia_dag.py
[2025-06-18T01:28:17.763+0000] {processor.py:830} INFO - Processing file /opt/airflow/dags/scraping_autopia_dag.py for tasks to queue
[2025-06-18T01:28:17.764+0000] {logging_mixin.py:188} INFO - [2025-06-18T01:28:17.763+0000] {dagbag.py:538} INFO - Filling up the DagBag from /opt/airflow/dags/scraping_autopia_dag.py
[2025-06-18T01:28:18.218+0000] {processor.py:840} INFO - DAG(s) 'scraping_autopia_dag' retrieved from /opt/airflow/dags/scraping_autopia_dag.py
[2025-06-18T01:28:18.244+0000] {logging_mixin.py:188} INFO - [2025-06-18T01:28:18.243+0000] {dag.py:3036} INFO - Sync 1 DAGs
[2025-06-18T01:28:18.255+0000] {logging_mixin.py:188} INFO - [2025-06-18T01:28:18.255+0000] {dag.py:3823} INFO - Setting next_dagrun for scraping_autopia_dag to None, run_after=None
[2025-06-18T01:28:18.295+0000] {processor.py:183} INFO - Processing /opt/airflow/dags/scraping_autopia_dag.py took 0.544 seconds
