[2025-06-21T13:02:02.631+0000] {taskinstance.py:1956} INFO - Dependencies all met for dep_context=non-requeueable deps ti=<TaskInstance: entrenamiento_modelos_regresion.entrenar_y_promover manual__2025-06-21T13:01:59.201577+00:00 [queued]>
[2025-06-21T13:02:02.640+0000] {taskinstance.py:1956} INFO - Dependencies all met for dep_context=requeueable deps ti=<TaskInstance: entrenamiento_modelos_regresion.entrenar_y_promover manual__2025-06-21T13:01:59.201577+00:00 [queued]>
[2025-06-21T13:02:02.640+0000] {taskinstance.py:2170} INFO - Starting attempt 1 of 2
[2025-06-21T13:02:02.654+0000] {taskinstance.py:2191} INFO - Executing <Task(_PythonDecoratedOperator): entrenar_y_promover> on 2025-06-21 13:01:59.201577+00:00
[2025-06-21T13:02:02.659+0000] {standard_task_runner.py:60} INFO - Started process 1471 to run task
[2025-06-21T13:02:02.664+0000] {standard_task_runner.py:87} INFO - Running: ['***', 'tasks', 'run', 'entrenamiento_modelos_regresion', 'entrenar_y_promover', 'manual__2025-06-21T13:01:59.201577+00:00', '--job-id', '33', '--raw', '--subdir', 'DAGS_FOLDER/entrenamiento_modelos_regresion_dag.py', '--cfg-path', '/tmp/tmpdrdbvux4']
[2025-06-21T13:02:02.668+0000] {standard_task_runner.py:88} INFO - Job 33: Subtask entrenar_y_promover
[2025-06-21T13:02:02.747+0000] {task_command.py:423} INFO - Running <TaskInstance: entrenamiento_modelos_regresion.entrenar_y_promover manual__2025-06-21T13:01:59.201577+00:00 [running]> on host b043483ba5b8
[2025-06-21T13:02:02.858+0000] {taskinstance.py:2480} INFO - Exporting env vars: AIRFLOW_CTX_DAG_OWNER='fede' AIRFLOW_CTX_DAG_ID='entrenamiento_modelos_regresion' AIRFLOW_CTX_TASK_ID='entrenar_y_promover' AIRFLOW_CTX_EXECUTION_DATE='2025-06-21T13:01:59.201577+00:00' AIRFLOW_CTX_TRY_NUMBER='1' AIRFLOW_CTX_DAG_RUN_ID='manual__2025-06-21T13:01:59.201577+00:00'
[2025-06-21T13:02:05.981+0000] {logging_mixin.py:188} WARNING - /opt/***/dags/entrenamiento_modelos_regresion_dag.py:59 SettingWithCopyWarning:
A value is trying to be set on a copy of a slice from a DataFrame.
Try using .loc[row_indexer,col_indexer] = value instead

See the caveats in the documentation: https://pandas.pydata.org/pandas-docs/stable/user_guide/indexing.html#returning-a-view-versus-a-copy
[2025-06-21T13:02:05.996+0000] {logging_mixin.py:188} WARNING - /opt/***/dags/entrenamiento_modelos_regresion_dag.py:62 SettingWithCopyWarning:
A value is trying to be set on a copy of a slice from a DataFrame.
Try using .loc[row_indexer,col_indexer] = value instead

See the caveats in the documentation: https://pandas.pydata.org/pandas-docs/stable/user_guide/indexing.html#returning-a-view-versus-a-copy
[2025-06-21T13:02:05.999+0000] {logging_mixin.py:188} WARNING - /opt/***/dags/entrenamiento_modelos_regresion_dag.py:64 SettingWithCopyWarning:
A value is trying to be set on a copy of a slice from a DataFrame.
Try using .loc[row_indexer,col_indexer] = value instead

See the caveats in the documentation: https://pandas.pydata.org/pandas-docs/stable/user_guide/indexing.html#returning-a-view-versus-a-copy
[2025-06-21T13:02:06.001+0000] {logging_mixin.py:188} WARNING - /opt/***/dags/entrenamiento_modelos_regresion_dag.py:65 SettingWithCopyWarning:
A value is trying to be set on a copy of a slice from a DataFrame

See the caveats in the documentation: https://pandas.pydata.org/pandas-docs/stable/user_guide/indexing.html#returning-a-view-versus-a-copy
[2025-06-21T13:02:06.225+0000] {logging_mixin.py:188} WARNING - 2025/06/21 13:02:06 WARNING mlflow.utils.git_utils: Failed to import Git (the Git executable is probably not on your PATH), so Git SHA is not available. Error: Failed to initialize: Bad git executable.
The git executable must be specified in one of the following ways:
    - be included in your $PATH
    - be set via $GIT_PYTHON_GIT_EXECUTABLE
    - explicitly set via git.refresh(<full-path-to-git-executable>)

All git commands will error until this is rectified.

This initial message can be silenced or aggravated in the future by setting the
$GIT_PYTHON_REFRESH environment variable. Use one of the following values:
    - quiet|q|silence|s|silent|none|n|0: for no message or exception
    - warn|w|warning|log|l|1: for a warning message (logging level CRITICAL, displayed by default)
    - error|e|exception|raise|r|2: for a raised exception

Example:
    export GIT_PYTHON_REFRESH=quiet
[2025-06-21T13:02:10.057+0000] {logging_mixin.py:188} WARNING - 2025/06/21 13:02:10 WARNING mlflow.models.model: Model logged without a signature and input example. Please set `input_example` parameter when logging the model to auto infer the model signature.
[2025-06-21T13:02:10.116+0000] {logging_mixin.py:188} WARNING - 2025/06/21 13:02:10 INFO mlflow.tracking._tracking_service.client: 🏃 View run RandomForest at: http://mlflow:5000/#/experiments/1/runs/4f045e99fe2b4082a98be65118cb2c90.
[2025-06-21T13:02:10.117+0000] {logging_mixin.py:188} WARNING - 2025/06/21 13:02:10 INFO mlflow.tracking._tracking_service.client: 🧪 View experiment at: http://mlflow:5000/#/experiments/1.
[2025-06-21T13:02:12.228+0000] {logging_mixin.py:188} WARNING - 2025/06/21 13:02:12 WARNING mlflow.models.model: Model logged without a signature and input example. Please set `input_example` parameter when logging the model to auto infer the model signature.
[2025-06-21T13:02:12.279+0000] {logging_mixin.py:188} WARNING - 2025/06/21 13:02:12 INFO mlflow.tracking._tracking_service.client: 🏃 View run GradientBoosting at: http://mlflow:5000/#/experiments/1/runs/b8024de27cf242b095b347bd9e1ec4f1.
[2025-06-21T13:02:12.279+0000] {logging_mixin.py:188} WARNING - 2025/06/21 13:02:12 INFO mlflow.tracking._tracking_service.client: 🧪 View experiment at: http://mlflow:5000/#/experiments/1.
[2025-06-21T13:02:14.553+0000] {logging_mixin.py:188} WARNING - 2025/06/21 13:02:14 WARNING mlflow.models.model: Model logged without a signature and input example. Please set `input_example` parameter when logging the model to auto infer the model signature.
[2025-06-21T13:02:14.613+0000] {logging_mixin.py:188} WARNING - 2025/06/21 13:02:14 INFO mlflow.tracking._tracking_service.client: 🏃 View run SVR at: http://mlflow:5000/#/experiments/1/runs/5230816d40fc4d3fb7d34a312072beab.
[2025-06-21T13:02:14.613+0000] {logging_mixin.py:188} WARNING - 2025/06/21 13:02:14 INFO mlflow.tracking._tracking_service.client: 🧪 View experiment at: http://mlflow:5000/#/experiments/1.
[2025-06-21T13:02:14.671+0000] {logging_mixin.py:188} WARNING - Registered model 'mejor_modelo_orquestado' already exists. Creating a new version of this model...
[2025-06-21T13:02:14.720+0000] {logging_mixin.py:188} WARNING - 2025/06/21 13:02:14 INFO mlflow.store.model_registry.abstract_store: Waiting up to 300 seconds for model version to finish creation. Model name: mejor_modelo_orquestado, version 4
[2025-06-21T13:02:14.720+0000] {logging_mixin.py:188} WARNING - Created version '4' of model 'mejor_modelo_orquestado'.
[2025-06-21T13:02:14.722+0000] {logging_mixin.py:188} WARNING - /opt/***/dags/entrenamiento_modelos_regresion_dag.py:111 FutureWarning: ``mlflow.tracking.client.MlflowClient.get_latest_versions`` is deprecated since 2.9.0. Model registry stages will be removed in a future major release. To learn more about the deprecation of model registry stages, see our migration guide here: https://mlflow.org/docs/latest/model-registry.html#migrating-from-stages
[2025-06-21T13:02:14.733+0000] {logging_mixin.py:188} WARNING - /opt/***/dags/entrenamiento_modelos_regresion_dag.py:122 FutureWarning: ``mlflow.tracking.client.MlflowClient.transition_model_version_stage`` is deprecated since 2.9.0. Model registry stages will be removed in a future major release. To learn more about the deprecation of model registry stages, see our migration guide here: https://mlflow.org/docs/latest/model-registry.html#migrating-from-stages
[2025-06-21T13:02:14.793+0000] {logging_mixin.py:188} WARNING - /opt/***/dags/entrenamiento_modelos_regresion_dag.py:115 FutureWarning: ``mlflow.tracking.client.MlflowClient.transition_model_version_stage`` is deprecated since 2.9.0. Model registry stages will be removed in a future major release. To learn more about the deprecation of model registry stages, see our migration guide here: https://mlflow.org/docs/latest/model-registry.html#migrating-from-stages
[2025-06-21T13:02:14.815+0000] {python.py:201} INFO - Done. Returned value was: None
[2025-06-21T13:02:14.831+0000] {taskinstance.py:1138} INFO - Marking task as SUCCESS. dag_id=entrenamiento_modelos_regresion, task_id=entrenar_y_promover, execution_date=20250621T130159, start_date=20250621T130202, end_date=20250621T130214
[2025-06-21T13:02:14.887+0000] {local_task_job_runner.py:234} INFO - Task exited with return code 0
[2025-06-21T13:02:14.918+0000] {taskinstance.py:3280} INFO - 1 downstream tasks scheduled from follow-on schedule check
